[2.528s] Invoking command in '/workspace/src/visualization': PYTHONPATH=/workspace/build/visualization/prefix_override:/usr/lib/python3/dist-packages/colcon_core/task/python/colcon_distutils_commands:/workspace/install/visualization/lib/python3.10/site-packages:${PYTHONPATH} /usr/bin/python3 -W ignore:setup.py install is deprecated -W ignore:easy_install command is deprecated setup.py egg_info --egg-base ../../build/visualization build --build-base /workspace/build/visualization/build install --record /workspace/build/visualization/install.log --single-version-externally-managed install_data
[2.896s] /usr/local/lib/python3.10/dist-packages/setuptools/_distutils/dist.py:261: UserWarning: Unknown distribution option: 'tests_require'
[2.896s]   warnings.warn(msg)
[3.082s] running egg_info
[3.113s] writing ../../build/visualization/visualization.egg-info/PKG-INFO
[3.114s] writing dependency_links to ../../build/visualization/visualization.egg-info/dependency_links.txt
[3.114s] writing entry points to ../../build/visualization/visualization.egg-info/entry_points.txt
[3.114s] writing requirements to ../../build/visualization/visualization.egg-info/requires.txt
[3.114s] writing top-level names to ../../build/visualization/visualization.egg-info/top_level.txt
[3.173s] reading manifest file '../../build/visualization/visualization.egg-info/SOURCES.txt'
[3.175s] writing manifest file '../../build/visualization/visualization.egg-info/SOURCES.txt'
[3.176s] running build
[3.176s] running build_py
[3.176s] copying visualization/visual.py -> /workspace/build/visualization/build/lib/visualization
[3.177s] copying visualization/__init__.py -> /workspace/build/visualization/build/lib/visualization
[3.177s] copying visualization/sim_node.py -> /workspace/build/visualization/build/lib/visualization
[3.178s] running install
[3.186s] running install_lib
[3.218s] running install_data
[3.218s] copying resource/visualization -> /workspace/install/visualization/share/ament_index/resource_index/packages
[3.219s] copying package.xml -> /workspace/install/visualization/share/visualization
[3.219s] copying launch/main_launch.py -> /workspace/install/visualization/share/visualization/launch
[3.219s] running install_egg_info
[3.253s] removing '/workspace/install/visualization/lib/python3.10/site-packages/visualization-0.0.0-py3.10.egg-info' (and everything under it)
[3.253s] Copying ../../build/visualization/visualization.egg-info to /workspace/install/visualization/lib/python3.10/site-packages/visualization-0.0.0-py3.10.egg-info
[3.254s] running install_scripts
[3.492s] Installing sim_node script to /workspace/install/visualization/lib/visualization
[3.493s] Installing visual script to /workspace/install/visualization/lib/visualization
[3.494s] writing list of installed files to '/workspace/build/visualization/install.log'
[3.593s] Invoked command in '/workspace/src/visualization' returned '0': PYTHONPATH=/workspace/build/visualization/prefix_override:/usr/lib/python3/dist-packages/colcon_core/task/python/colcon_distutils_commands:/workspace/install/visualization/lib/python3.10/site-packages:${PYTHONPATH} /usr/bin/python3 -W ignore:setup.py install is deprecated -W ignore:easy_install command is deprecated setup.py egg_info --egg-base ../../build/visualization build --build-base /workspace/build/visualization/build install --record /workspace/build/visualization/install.log --single-version-externally-managed install_data
