[0.551s] Invoking command in '/home/jimmy/work/docker/my_robot_package': PYTHONPATH=/home/jimmy/work/build/my_robot_package/prefix_override:/usr/lib/python3/dist-packages/colcon_core/task/python/colcon_distutils_commands:/home/jimmy/work/install/my_robot_package/lib/python3.10/site-packages:${PYTHONPATH} /usr/bin/python3 -W ignore:setup.py install is deprecated setup.py egg_info --egg-base ../../build/my_robot_package build --build-base /home/jimmy/work/build/my_robot_package/build install --record /home/jimmy/work/build/my_robot_package/install.log --single-version-externally-managed install_data
[0.703s] running egg_info
[0.704s] writing ../../build/my_robot_package/my_robot_package.egg-info/PKG-INFO
[0.704s] writing dependency_links to ../../build/my_robot_package/my_robot_package.egg-info/dependency_links.txt
[0.704s] writing entry points to ../../build/my_robot_package/my_robot_package.egg-info/entry_points.txt
[0.704s] writing requirements to ../../build/my_robot_package/my_robot_package.egg-info/requires.txt
[0.704s] writing top-level names to ../../build/my_robot_package/my_robot_package.egg-info/top_level.txt
[0.705s] reading manifest file '../../build/my_robot_package/my_robot_package.egg-info/SOURCES.txt'
[0.705s] writing manifest file '../../build/my_robot_package/my_robot_package.egg-info/SOURCES.txt'
[0.706s] running build
[0.706s] running build_py
[0.706s] copying my_robot_package/control_motor.py -> /home/jimmy/work/build/my_robot_package/build/lib/my_robot_package
[0.706s] running install
[0.706s] running install_lib
[0.707s] copying /home/jimmy/work/build/my_robot_package/build/lib/my_robot_package/control_motor.py -> /home/jimmy/work/install/my_robot_package/lib/python3.10/site-packages/my_robot_package
[0.707s] byte-compiling /home/jimmy/work/install/my_robot_package/lib/python3.10/site-packages/my_robot_package/control_motor.py to control_motor.cpython-310.pyc
[0.707s] running install_data
[0.707s] running install_egg_info
[0.709s] removing '/home/jimmy/work/install/my_robot_package/lib/python3.10/site-packages/my_robot_package-0.0.0-py3.10.egg-info' (and everything under it)
[0.709s] Copying ../../build/my_robot_package/my_robot_package.egg-info to /home/jimmy/work/install/my_robot_package/lib/python3.10/site-packages/my_robot_package-0.0.0-py3.10.egg-info
[0.709s] running install_scripts
[0.723s] Installing control_motor script to /home/jimmy/work/install/my_robot_package/lib/my_robot_package
[0.723s] Installing ros2_publisher script to /home/jimmy/work/install/my_robot_package/lib/my_robot_package
[0.723s] Installing ros2_subsciber script to /home/jimmy/work/install/my_robot_package/lib/my_robot_package
[0.723s] writing list of installed files to '/home/jimmy/work/build/my_robot_package/install.log'
[0.746s] Invoked command in '/home/jimmy/work/docker/my_robot_package' returned '0': PYTHONPATH=/home/jimmy/work/build/my_robot_package/prefix_override:/usr/lib/python3/dist-packages/colcon_core/task/python/colcon_distutils_commands:/home/jimmy/work/install/my_robot_package/lib/python3.10/site-packages:${PYTHONPATH} /usr/bin/python3 -W ignore:setup.py install is deprecated setup.py egg_info --egg-base ../../build/my_robot_package build --build-base /home/jimmy/work/build/my_robot_package/build install --record /home/jimmy/work/build/my_robot_package/install.log --single-version-externally-managed install_data
