[2.752s] Invoking command in '/workspace/src/obstacle_detect_last': PYTHONPATH=/workspace/build/obstacle_detect_last/prefix_override:/usr/lib/python3/dist-packages/colcon_core/task/python/colcon_distutils_commands:/workspace/install/obstacle_detect_last/lib/python3.10/site-packages:${PYTHONPATH} /usr/bin/python3 -W ignore:setup.py install is deprecated -W ignore:easy_install command is deprecated setup.py egg_info --egg-base ../../build/obstacle_detect_last build --build-base /workspace/build/obstacle_detect_last/build install --record /workspace/build/obstacle_detect_last/install.log --single-version-externally-managed install_data
[3.130s] running egg_info
[3.130s] writing ../../build/obstacle_detect_last/obstacle_detect_last.egg-info/PKG-INFO
[3.130s] writing dependency_links to ../../build/obstacle_detect_last/obstacle_detect_last.egg-info/dependency_links.txt
[3.130s] writing entry points to ../../build/obstacle_detect_last/obstacle_detect_last.egg-info/entry_points.txt
[3.130s] writing requirements to ../../build/obstacle_detect_last/obstacle_detect_last.egg-info/requires.txt
[3.130s] writing top-level names to ../../build/obstacle_detect_last/obstacle_detect_last.egg-info/top_level.txt
[3.133s] reading manifest file '../../build/obstacle_detect_last/obstacle_detect_last.egg-info/SOURCES.txt'
[3.134s] writing manifest file '../../build/obstacle_detect_last/obstacle_detect_last.egg-info/SOURCES.txt'
[3.134s] running build
[3.134s] running build_py
[3.135s] running install
[3.135s] running install_lib
[3.137s] running install_data
[3.138s] running install_egg_info
[3.141s] removing '/workspace/install/obstacle_detect_last/lib/python3.10/site-packages/obstacle_detect_last-0.0.0-py3.10.egg-info' (and everything under it)
[3.141s] Copying ../../build/obstacle_detect_last/obstacle_detect_last.egg-info to /workspace/install/obstacle_detect_last/lib/python3.10/site-packages/obstacle_detect_last-0.0.0-py3.10.egg-info
[3.143s] running install_scripts
[3.180s] Installing obs_detect script to /workspace/install/obstacle_detect_last/lib/obstacle_detect_last
[3.181s] Installing obs_draw script to /workspace/install/obstacle_detect_last/lib/obstacle_detect_last
[3.181s] Installing open_rs script to /workspace/install/obstacle_detect_last/lib/obstacle_detect_last
[3.181s] writing list of installed files to '/workspace/build/obstacle_detect_last/install.log'
[3.263s] Invoked command in '/workspace/src/obstacle_detect_last' returned '0': PYTHONPATH=/workspace/build/obstacle_detect_last/prefix_override:/usr/lib/python3/dist-packages/colcon_core/task/python/colcon_distutils_commands:/workspace/install/obstacle_detect_last/lib/python3.10/site-packages:${PYTHONPATH} /usr/bin/python3 -W ignore:setup.py install is deprecated -W ignore:easy_install command is deprecated setup.py egg_info --egg-base ../../build/obstacle_detect_last build --build-base /workspace/build/obstacle_detect_last/build install --record /workspace/build/obstacle_detect_last/install.log --single-version-externally-managed install_data
