running egg_info
writing ../../../build/rc_receiver/rc_receiver.egg-info/PKG-INFO
writing dependency_links to ../../../build/rc_receiver/rc_receiver.egg-info/dependency_links.txt
writing entry points to ../../../build/rc_receiver/rc_receiver.egg-info/entry_points.txt
writing requirements to ../../../build/rc_receiver/rc_receiver.egg-info/requires.txt
writing top-level names to ../../../build/rc_receiver/rc_receiver.egg-info/top_level.txt
reading manifest file '../../../build/rc_receiver/rc_receiver.egg-info/SOURCES.txt'
adding license file 'LICENSE'
writing manifest file '../../../build/rc_receiver/rc_receiver.egg-info/SOURCES.txt'
running build
running build_py
running install
running install_lib
running install_data
running install_egg_info
removing '/workspace/install/rc_receiver/lib/python3.10/site-packages/rc_receiver-0.0.0-py3.10.egg-info' (and everything under it)
Copying ../../../build/rc_receiver/rc_receiver.egg-info to /workspace/install/rc_receiver/lib/python3.10/site-packages/rc_receiver-0.0.0-py3.10.egg-info
running install_scripts
Installing rc_receiver script to /workspace/install/rc_receiver/lib/rc_receiver
writing list of installed files to '/workspace/build/rc_receiver/install.log'
