[4.173s] Invoking command in '/workspace/src/motor_control/motor': PYTHONPATH=/workspace/build/motor/prefix_override:/usr/lib/python3/dist-packages/colcon_core/task/python/colcon_distutils_commands:/workspace/install/motor/lib/python3.10/site-packages:${PYTHONPATH} /usr/bin/python3 -W ignore:setup.py install is deprecated setup.py egg_info --egg-base ../../../build/motor build --build-base /workspace/build/motor/build install --record /workspace/build/motor/install.log --single-version-externally-managed install_data
[4.526s] /usr/local/lib/python3.10/dist-packages/setuptools/_distutils/dist.py:261: UserWarning: Unknown distribution option: 'tests_require'
[4.526s]   warnings.warn(msg)
[4.729s] running egg_info
[4.758s] writing ../../../build/motor/motor.egg-info/PKG-INFO
[4.759s] writing dependency_links to ../../../build/motor/motor.egg-info/dependency_links.txt
[4.760s] writing entry points to ../../../build/motor/motor.egg-info/entry_points.txt
[4.760s] writing requirements to ../../../build/motor/motor.egg-info/requires.txt
[4.761s] writing top-level names to ../../../build/motor/motor.egg-info/top_level.txt
[4.830s] reading manifest file '../../../build/motor/motor.egg-info/SOURCES.txt'
[4.833s] writing manifest file '../../../build/motor/motor.egg-info/SOURCES.txt'
[4.833s] running build
[4.833s] running build_py
[4.834s] copying motor/motor.py -> /workspace/build/motor/build/lib/motor
[4.841s] copying motor/find_motor.py -> /workspace/build/motor/build/lib/motor
[4.841s] copying motor/__init__.py -> /workspace/build/motor/build/lib/motor
[4.841s] running install
[4.847s] running install_lib
[4.881s] running install_data
[4.881s] copying resource/motor -> /workspace/install/motor/share/ament_index/resource_index/packages
[4.882s] copying package.xml -> /workspace/install/motor/share/motor
[4.882s] running install_egg_info
[4.916s] removing '/workspace/install/motor/lib/python3.10/site-packages/motor-0.0.0-py3.10.egg-info' (and everything under it)
[4.917s] Copying ../../../build/motor/motor.egg-info to /workspace/install/motor/lib/python3.10/site-packages/motor-0.0.0-py3.10.egg-info
[4.918s] running install_scripts
[5.186s] Installing find_motor script to /workspace/install/motor/lib/motor
[5.187s] Installing motor_drive_node script to /workspace/install/motor/lib/motor
[5.188s] writing list of installed files to '/workspace/build/motor/install.log'
[5.403s] Invoked command in '/workspace/src/motor_control/motor' returned '0': PYTHONPATH=/workspace/build/motor/prefix_override:/usr/lib/python3/dist-packages/colcon_core/task/python/colcon_distutils_commands:/workspace/install/motor/lib/python3.10/site-packages:${PYTHONPATH} /usr/bin/python3 -W ignore:setup.py install is deprecated setup.py egg_info --egg-base ../../../build/motor build --build-base /workspace/build/motor/build install --record /workspace/build/motor/install.log --single-version-externally-managed install_data
