[0.962s] Invoking command in '/workspace/build/obs_filiter': CMAKE_PREFIX_PATH=/opt/ros/humble /usr/local/bin/cmake /workspace/src/obs_filiter -DCMAKE_INSTALL_PREFIX=/workspace/install/obs_filiter
[1.499s] -- The C compiler identification is GNU 11.4.0
[1.500s] -- The CXX compiler identification is GNU 11.4.0
[1.500s] -- Detecting C compiler ABI info
[1.500s] -- Detecting C compiler ABI info - done
[1.520s] -- Check for working C compiler: /usr/bin/cc - skipped
[1.520s] -- Detecting C compile features
[1.520s] -- Detecting C compile features - done
[1.526s] -- Detecting CXX compiler ABI info
[1.705s] -- Detecting CXX compiler ABI info - done
[1.740s] -- Check for working CXX compiler: /usr/bin/c++ - skipped
[1.740s] -- Detecting CXX compile features
[1.740s] -- Detecting CXX compile features - done
[1.748s] -- Found ament_cmake: 1.3.12 (/opt/ros/humble/share/ament_cmake/cmake)
[2.064s] -- Found Python3: /usr/local/bin/python3 (found version "3.10.12") found components: Interpreter
[2.249s] -- Found rclcpp: 16.0.14 (/opt/ros/humble/share/rclcpp/cmake)
[2.372s] -- Found rosidl_generator_c: 3.1.7 (/opt/ros/humble/share/rosidl_generator_c/cmake)
[2.380s] -- Found rosidl_adapter: 3.1.7 (/opt/ros/humble/share/rosidl_adapter/cmake)
[2.403s] -- Found rosidl_generator_cpp: 3.1.7 (/opt/ros/humble/share/rosidl_generator_cpp/cmake)
[2.440s] -- Using all available rosidl_typesupport_c: rosidl_typesupport_fastrtps_c;rosidl_typesupport_introspection_c
[2.478s] -- Using all available rosidl_typesupport_cpp: rosidl_typesupport_fastrtps_cpp;rosidl_typesupport_introspection_cpp
[2.716s] -- Found rmw_implementation_cmake: 6.1.2 (/opt/ros/humble/share/rmw_implementation_cmake/cmake)
[2.741s] -- Found rmw_fastrtps_cpp: 6.2.8 (/opt/ros/humble/share/rmw_fastrtps_cpp/cmake)
[3.237s] -- Found OpenSSL: /usr/lib/aarch64-linux-gnu/libcrypto.so (found version "3.0.2")
[3.359s] -- Found FastRTPS: /opt/ros/humble/include
[3.553s] -- Using RMW implementation 'rmw_fastrtps_cpp' as default
[3.634s] -- Performing Test CMAKE_HAVE_LIBC_PTHREAD
[3.971s] -- Performing Test CMAKE_HAVE_LIBC_PTHREAD - Success
[3.976s] -- Found Threads: TRUE
[4.419s] -- Found sensor_msgs: 4.9.0 (/opt/ros/humble/share/sensor_msgs/cmake)
[4.733s] -- Found cv_bridge: 3.2.1 (/opt/ros/humble/share/cv_bridge/cmake)
[4.813s] -- Found OpenCV: /usr (found version "4.5.4") found components: core imgproc highgui
[4.856s] [33mCMake Warning (dev) at /usr/lib/aarch64-linux-gnu/cmake/pcl/PCLConfig.cmake:146 (find_package):
[4.857s]   Policy CMP0144 is not set: find_package uses upper-case <PACKAGENAME>_ROOT
[4.857s]   variables.  Run "cmake --help-policy CMP0144" for policy details.  Use the
[4.857s]   cmake_policy command to set the policy and suppress this warning.
[4.857s] 
[4.857s]   CMake variable EIGEN_ROOT is set to:
[4.857s] 
[4.857s]     /usr/include/eigen3
[4.857s] 
[4.857s]   For compatibility, find_package is ignoring the variable, but code in a
[4.858s]   .cmake module might still use it.
[4.858s] Call Stack (most recent call first):
[4.858s]   /usr/lib/aarch64-linux-gnu/cmake/pcl/PCLConfig.cmake:299 (find_eigen)
[4.858s]   /usr/lib/aarch64-linux-gnu/cmake/pcl/PCLConfig.cmake:543 (find_external_library)
[4.858s]   CMakeLists.txt:16 (find_package)
[4.858s] This warning is for project developers.  Use -Wno-dev to suppress it.
[4.858s] [0m
[4.888s] -- Checking for module 'eigen3'
[4.973s] --   Found eigen3, version 3.4.0
[5.170s] -- Found Eigen: /usr/include/eigen3 (Required is at least version "3.1")
[5.170s] -- Eigen found (include: /usr/include/eigen3, version: 3.4.0)
[5.171s] [33mCMake Warning (dev) at /usr/lib/aarch64-linux-gnu/cmake/pcl/PCLConfig.cmake:128 (find_package):
[5.171s]   Policy CMP0167 is not set: The FindBoost module is removed.  Run "cmake
[5.171s]   --help-policy CMP0167" for policy details.  Use the cmake_policy command to
[5.171s]   set the policy and suppress this warning.
[5.171s] 
[5.171s] Call Stack (most recent call first):
[5.171s]   /usr/lib/aarch64-linux-gnu/cmake/pcl/PCLConfig.cmake:297 (find_boost)
[5.171s]   /usr/lib/aarch64-linux-gnu/cmake/pcl/PCLConfig.cmake:543 (find_external_library)
[5.172s]   CMakeLists.txt:16 (find_package)
[5.172s] This warning is for project developers.  Use -Wno-dev to suppress it.
[5.172s] [0m
[5.288s] -- Found Boost: /usr/lib/aarch64-linux-gnu/cmake/Boost-1.74.0/BoostConfig.cmake (found suitable version "1.74.0", minimum required is "1.65.0") found components: system filesystem date_time iostreams serialization
[5.580s] -- Checking for module 'libusb-1.0'
[5.648s] --   Found libusb-1.0, version 1.0.25
[5.774s] -- Found libusb: /usr/lib/aarch64-linux-gnu/libusb-1.0.so
[5.779s] -- Found OpenNI: /usr/lib/libOpenNI.so;libusb::libusb (found version "1.5.4.0")
[5.780s] -- OpenNI found (version: 1.5.4.0, include: /usr/include/ni, lib: /usr/lib/libOpenNI.so;libusb::libusb)
[5.944s] -- Found OpenNI2: /usr/lib/aarch64-linux-gnu/libOpenNI2.so;libusb::libusb (found version "2.2.0.33")
[5.946s] [0m** WARNING ** io features related to pcap will be disabled[0m
[5.946s] -- OpenNI2 found (version: 2.2.0.33, include: /usr/include/openni2, lib: /usr/lib/aarch64-linux-gnu/libOpenNI2.so;libusb::libusb)
[5.946s] [0m** WARNING ** io features related to png will be disabled[0m
[6.082s] -- Found GLEW: /usr/lib/aarch64-linux-gnu/libGLEW.so
[6.101s] -- Found OpenGL: /usr/lib/aarch64-linux-gnu/libOpenGL.so  found components: OpenGL GLX
[6.498s] -- Found MPI_C: /usr/lib/aarch64-linux-gnu/libmpi.so (found version "3.1")
[6.499s] -- Found MPI: TRUE (found version "3.1") found components: C
[6.506s] -- Found JsonCpp: /usr/lib/aarch64-linux-gnu/libjsoncpp.so (found suitable version "1.9.5", minimum required is "0.7.0")
[6.529s] -- Found ZLIB: /usr/lib/aarch64-linux-gnu/libz.so (found version "1.2.11")
[6.588s] -- Found PNG: /usr/lib/aarch64-linux-gnu/libpng.so (found version "1.6.37")
[6.715s] -- Found Eigen3: /usr/include/eigen3 (found version "3.4.0")
[7.011s] -- Found X11: /usr/include
[7.012s] -- Looking for XOpenDisplay in /usr/lib/aarch64-linux-gnu/libX11.so;/usr/lib/aarch64-linux-gnu/libXext.so
[7.209s] -- Looking for XOpenDisplay in /usr/lib/aarch64-linux-gnu/libX11.so;/usr/lib/aarch64-linux-gnu/libXext.so - found
[7.218s] -- Looking for gethostbyname
[7.413s] -- Looking for gethostbyname - found
[7.414s] -- Looking for connect
[7.850s] -- Looking for connect - found
[7.850s] -- Looking for remove
[8.338s] -- Looking for remove - found
[8.339s] -- Looking for shmat
[8.710s] -- Looking for shmat - found
[8.711s] -- Looking for IceConnectionNumber in ICE
[9.206s] -- Looking for IceConnectionNumber in ICE - found
[10.032s] -- Found EXPAT: /usr/lib/aarch64-linux-gnu/libexpat.so (found version "2.4.7")
[10.040s] -- Found double-conversion: /usr/lib/aarch64-linux-gnu/libdouble-conversion.so
[10.060s] -- Found LZ4: /usr/lib/aarch64-linux-gnu/liblz4.so (found version "1.9.3")
[10.081s] -- Found LZMA: /usr/lib/aarch64-linux-gnu/liblzma.so (found version "5.2.5")
[10.375s] -- Found JPEG: /usr/lib/aarch64-linux-gnu/libjpeg.so (found version "80")
[10.537s] -- Found TIFF: /usr/lib/aarch64-linux-gnu/libtiff.so (found version "4.3.0")
[10.572s] -- Found Freetype: /usr/lib/aarch64-linux-gnu/libfreetype.so (found version "2.11.1")
[10.620s] -- Found utf8cpp: /usr/include/utf8cpp
[10.782s] [33mCMake Warning (dev) at /usr/lib/aarch64-linux-gnu/cmake/pcl/PCLConfig.cmake:128 (find_package):
[10.783s]   Policy CMP0167 is not set: The FindBoost module is removed.  Run "cmake
[10.783s]   --help-policy CMP0167" for policy details.  Use the cmake_policy command to
[10.783s]   set the policy and suppress this warning.
[10.783s] 
[10.783s] Call Stack (most recent call first):
[10.784s]   /usr/lib/aarch64-linux-gnu/cmake/pcl/PCLConfig.cmake:297 (find_boost)
[10.784s]   /usr/lib/aarch64-linux-gnu/cmake/pcl/PCLConfig.cmake:543 (find_external_library)
[10.784s]   CMakeLists.txt:16 (find_package)
[10.784s] This warning is for project developers.  Use -Wno-dev to suppress it.
[10.784s] [0m
[10.886s] -- Eigen found (include: /usr/include/eigen3, version: 3.4.0)
[10.888s] [33mCMake Warning (dev) at /usr/lib/aarch64-linux-gnu/cmake/pcl/Modules/FindFLANN.cmake:44 (find_package):
[10.888s]   Policy CMP0144 is not set: find_package uses upper-case <PACKAGENAME>_ROOT
[10.888s]   variables.  Run "cmake --help-policy CMP0144" for policy details.  Use the
[10.888s]   cmake_policy command to set the policy and suppress this warning.
[10.888s] 
[10.888s]   CMake variable FLANN_ROOT is set to:
[10.903s] 
[10.904s]     /usr
[10.904s] 
[10.904s]   For compatibility, find_package is ignoring the variable, but code in a
[10.904s]   .cmake module might still use it.
[10.905s] Call Stack (most recent call first):
[10.905s]   /usr/lib/aarch64-linux-gnu/cmake/pcl/PCLConfig.cmake:256 (find_package)
[10.905s]   /usr/lib/aarch64-linux-gnu/cmake/pcl/PCLConfig.cmake:301 (find_flann)
[10.905s]   /usr/lib/aarch64-linux-gnu/cmake/pcl/PCLConfig.cmake:543 (find_external_library)
[10.905s]   CMakeLists.txt:16 (find_package)
[10.905s] This warning is for project developers.  Use -Wno-dev to suppress it.
[10.905s] [0m
[10.978s] -- Checking for module 'flann'
[11.181s] --   Found flann, version 1.9.1
[11.503s] -- Found FLANN: /usr/lib/aarch64-linux-gnu/libflann_cpp.so
[11.515s] -- FLANN found (include: /usr/include, lib: /usr/lib/aarch64-linux-gnu/libflann_cpp.so)
[12.528s] -- looking for PCL_COMMON
[12.528s] -- Found PCL_COMMON: /usr/lib/aarch64-linux-gnu/libpcl_common.so
[12.528s] -- looking for PCL_OCTREE
[12.528s] -- Found PCL_OCTREE: /usr/lib/aarch64-linux-gnu/libpcl_octree.so
[12.528s] -- looking for PCL_IO
[12.528s] -- Found PCL_IO: /usr/lib/aarch64-linux-gnu/libpcl_io.so
[12.529s] -- looking for PCL_KDTREE
[12.529s] -- Found PCL_KDTREE: /usr/lib/aarch64-linux-gnu/libpcl_kdtree.so
[12.529s] -- looking for PCL_SEARCH
[12.530s] -- Found PCL_SEARCH: /usr/lib/aarch64-linux-gnu/libpcl_search.so
[12.530s] -- looking for PCL_SAMPLE_CONSENSUS
[12.532s] -- Found PCL_SAMPLE_CONSENSUS: /usr/lib/aarch64-linux-gnu/libpcl_sample_consensus.so
[12.532s] -- looking for PCL_FILTERS
[12.535s] -- Found PCL_FILTERS: /usr/lib/aarch64-linux-gnu/libpcl_filters.so
[12.535s] -- looking for PCL_GEOMETRY
[12.536s] -- Found PCL_GEOMETRY: /usr/include/pcl-1.12
[12.537s] -- looking for PCL_2D
[12.537s] -- Found PCL_2D: /usr/include/pcl-1.12
[12.538s] -- looking for PCL_FEATURES
[12.539s] -- Found PCL_FEATURES: /usr/lib/aarch64-linux-gnu/libpcl_features.so
[12.540s] -- looking for PCL_ML
[12.542s] -- Found PCL_ML: /usr/lib/aarch64-linux-gnu/libpcl_ml.so
[12.542s] -- looking for PCL_SEGMENTATION
[12.543s] -- Found PCL_SEGMENTATION: /usr/lib/aarch64-linux-gnu/libpcl_segmentation.so
[12.545s] -- Found PCL: pcl_common;pcl_octree;pcl_io;pcl_kdtree;pcl_search;pcl_sample_consensus;pcl_filters;pcl_features;pcl_ml;pcl_segmentation;Boost::system;Boost::filesystem;Boost::date_time;Boost::iostreams;Boost::serialization;/usr/lib/libOpenNI.so;libusb::libusb;/usr/lib/aarch64-linux-gnu/libOpenNI2.so;libusb::libusb;VTK::ChartsCore;VTK::CommonColor;VTK::CommonComputationalGeometry;VTK::CommonCore;VTK::CommonDataModel;VTK::CommonExecutionModel;VTK::CommonMath;VTK::CommonMisc;VTK::CommonTransforms;VTK::FiltersCore;VTK::FiltersExtraction;VTK::FiltersGeneral;VTK::FiltersGeometry;VTK::FiltersModeling;VTK::FiltersSources;VTK::ImagingCore;VTK::ImagingSources;VTK::InteractionImage;VTK::InteractionStyle;VTK::InteractionWidgets;VTK::IOCore;VTK::IOGeometry;VTK::IOImage;VTK::IOLegacy;VTK::IOPLY;VTK::RenderingAnnotation;VTK::RenderingCore;VTK::RenderingContext2D;VTK::RenderingLOD;VTK::RenderingFreeType;VTK::ViewsCore;VTK::ViewsContext2D;VTK::RenderingOpenGL2;VTK::GUISupportQt;FLANN::FLANN
[12.548s] -- Found pcl_conversions: 2.4.5 (/opt/ros/humble/share/pcl_conversions/cmake)
[12.620s] -- Found image_transport: 3.1.12 (/opt/ros/humble/share/image_transport/cmake)
[13.268s] -- Found OpenMP_C: -fopenmp (found version "4.5")
[13.432s] -- Found OpenMP_CXX: -fopenmp (found version "4.5")
[13.433s] -- Found OpenMP: TRUE (found version "4.5")
[13.636s] -- Configuring done (12.5s)
[13.881s] -- Generating done (0.2s)
[13.902s] -- Build files have been written to: /workspace/build/obs_filiter
[14.009s] Invoked command in '/workspace/build/obs_filiter' returned '0': CMAKE_PREFIX_PATH=/opt/ros/humble /usr/local/bin/cmake /workspace/src/obs_filiter -DCMAKE_INSTALL_PREFIX=/workspace/install/obs_filiter
[14.011s] Invoking command in '/workspace/build/obs_filiter': CMAKE_PREFIX_PATH=/opt/ros/humble /usr/local/bin/cmake --build /workspace/build/obs_filiter -- -j8 -l8
[14.240s] [ 12%] [32mBuilding CXX object CMakeFiles/realsense_read_node.dir/src/realsense_read.cpp.o[0m
[30.893s] [ 25%] [32m[1mLinking CXX executable realsense_read_node[0m
[32.910s] [ 25%] Built target realsense_read_node
[32.936s] [ 37%] [32mBuilding CXX object CMakeFiles/xz_visualizer_node.dir/src/xz_visualizer_node.cpp.o[0m
[32.944s] [ 50%] [32mBuilding CXX object CMakeFiles/obstacle_node.dir/src/obstacle_detector.cpp.o[0m
[73.193s] [ 62%] [32m[1mLinking CXX executable xz_visualizer_node[0m
[74.756s] [ 62%] Built target xz_visualizer_node
[84.328s] [ 75%] [32m[1mLinking CXX executable obstacle_node[0m
[85.600s] [ 75%] Built target obstacle_node
[85.620s] [ 87%] [32mBuilding CXX object CMakeFiles/plane_node.dir/src/plane.cpp.o[0m
[119.305s] [100%] [32m[1mLinking CXX executable plane_node[0m
[121.848s] [100%] Built target plane_node
[121.892s] Invoked command in '/workspace/build/obs_filiter' returned '0': CMAKE_PREFIX_PATH=/opt/ros/humble /usr/local/bin/cmake --build /workspace/build/obs_filiter -- -j8 -l8
[121.895s] Invoking command in '/workspace/build/obs_filiter': CMAKE_PREFIX_PATH=/opt/ros/humble /usr/local/bin/cmake --install /workspace/build/obs_filiter
[122.021s] -- Install configuration: ""
[122.022s] -- Installing: /workspace/install/obs_filiter/lib/obs_filiter/realsense_read_node
[122.023s] -- Set non-toolchain portion of runtime path of "/workspace/install/obs_filiter/lib/obs_filiter/realsense_read_node" to ""
[122.023s] -- Installing: /workspace/install/obs_filiter/lib/obs_filiter/plane_node
[122.025s] -- Set non-toolchain portion of runtime path of "/workspace/install/obs_filiter/lib/obs_filiter/plane_node" to ""
[122.025s] -- Installing: /workspace/install/obs_filiter/lib/obs_filiter/obstacle_node
[122.028s] -- Set non-toolchain portion of runtime path of "/workspace/install/obs_filiter/lib/obs_filiter/obstacle_node" to ""
[122.029s] -- Installing: /workspace/install/obs_filiter/lib/obs_filiter/xz_visualizer_node
[122.031s] -- Set non-toolchain portion of runtime path of "/workspace/install/obs_filiter/lib/obs_filiter/xz_visualizer_node" to ""
[122.031s] -- Installing: /workspace/install/obs_filiter/include/obs_filiter
[122.031s] -- Installing: /workspace/install/obs_filiter/include/obs_filiter/obs_filiter
[122.039s] -- Installing: /workspace/install/obs_filiter/include/obs_filiter/obs_filiter/plane_estimator.hpp
[122.040s] -- Installing: /workspace/install/obs_filiter/include/obs_filiter/obs_filiter/visualization.hpp
[122.040s] -- Installing: /workspace/install/obs_filiter/include/obs_filiter/obs_filiter/obstacle_detector.hpp
[122.040s] -- Installing: /workspace/install/obs_filiter/share/obs_filiter//launch
[122.041s] -- Installing: /workspace/install/obs_filiter/share/obs_filiter//launch/obs_filiter_launch.py
[122.042s] -- Installing: /workspace/install/obs_filiter/share/ament_index/resource_index/package_run_dependencies/obs_filiter
[122.042s] -- Installing: /workspace/install/obs_filiter/share/ament_index/resource_index/parent_prefix_path/obs_filiter
[122.042s] -- Installing: /workspace/install/obs_filiter/share/obs_filiter/environment/ament_prefix_path.sh
[122.043s] -- Installing: /workspace/install/obs_filiter/share/obs_filiter/environment/ament_prefix_path.dsv
[122.043s] -- Installing: /workspace/install/obs_filiter/share/obs_filiter/environment/path.sh
[122.043s] -- Installing: /workspace/install/obs_filiter/share/obs_filiter/environment/path.dsv
[122.044s] -- Installing: /workspace/install/obs_filiter/share/obs_filiter/local_setup.bash
[122.044s] -- Installing: /workspace/install/obs_filiter/share/obs_filiter/local_setup.sh
[122.044s] -- Installing: /workspace/install/obs_filiter/share/obs_filiter/local_setup.zsh
[122.045s] -- Installing: /workspace/install/obs_filiter/share/obs_filiter/local_setup.dsv
[122.045s] -- Installing: /workspace/install/obs_filiter/share/obs_filiter/package.dsv
[122.046s] -- Installing: /workspace/install/obs_filiter/share/ament_index/resource_index/packages/obs_filiter
[122.046s] -- Installing: /workspace/install/obs_filiter/share/obs_filiter/cmake/obs_filiterConfig.cmake
[122.046s] -- Installing: /workspace/install/obs_filiter/share/obs_filiter/cmake/obs_filiterConfig-version.cmake
[122.047s] -- Installing: /workspace/install/obs_filiter/share/obs_filiter/package.xml
[122.084s] Invoked command in '/workspace/build/obs_filiter' returned '0': CMAKE_PREFIX_PATH=/opt/ros/humble /usr/local/bin/cmake --install /workspace/build/obs_filiter
