[0.703s] Invoking command in '/workspace/src/uwb': PYTHONPATH=/workspace/build/uwb/prefix_override:/usr/lib/python3/dist-packages/colcon_core/task/python/colcon_distutils_commands:/workspace/install/uwb/lib/python3.10/site-packages:${PYTHONPATH} /usr/bin/python3 -W ignore:setup.py install is deprecated -W ignore:easy_install command is deprecated setup.py egg_info --egg-base ../../build/uwb build --build-base /workspace/build/uwb/build install --record /workspace/build/uwb/install.log --single-version-externally-managed install_data
[0.797s] running egg_info
[0.797s] writing ../../build/uwb/uwb.egg-info/PKG-INFO
[0.797s] writing dependency_links to ../../build/uwb/uwb.egg-info/dependency_links.txt
[0.797s] writing entry points to ../../build/uwb/uwb.egg-info/entry_points.txt
[0.797s] writing requirements to ../../build/uwb/uwb.egg-info/requires.txt
[0.798s] writing top-level names to ../../build/uwb/uwb.egg-info/top_level.txt
[0.798s] reading manifest file '../../build/uwb/uwb.egg-info/SOURCES.txt'
[0.799s] writing manifest file '../../build/uwb/uwb.egg-info/SOURCES.txt'
[0.799s] running build
[0.799s] running build_py
[0.799s] running install
[0.799s] running install_lib
[0.799s] running install_data
[0.800s] running install_egg_info
[0.800s] removing '/workspace/install/uwb/lib/python3.10/site-packages/uwb-0.0.0-py3.10.egg-info' (and everything under it)
[0.800s] Copying ../../build/uwb/uwb.egg-info to /workspace/install/uwb/lib/python3.10/site-packages/uwb-0.0.0-py3.10.egg-info
[0.801s] running install_scripts
[0.811s] Installing filter script to /workspace/install/uwb/lib/uwb
[0.811s] Installing last_filter script to /workspace/install/uwb/lib/uwb
[0.811s] Installing localization script to /workspace/install/uwb/lib/uwb
[0.811s] Installing receiver script to /workspace/install/uwb/lib/uwb
[0.811s] Installing visualization script to /workspace/install/uwb/lib/uwb
[0.811s] writing list of installed files to '/workspace/build/uwb/install.log'
[0.828s] Invoked command in '/workspace/src/uwb' returned '0': PYTHONPATH=/workspace/build/uwb/prefix_override:/usr/lib/python3/dist-packages/colcon_core/task/python/colcon_distutils_commands:/workspace/install/uwb/lib/python3.10/site-packages:${PYTHONPATH} /usr/bin/python3 -W ignore:setup.py install is deprecated -W ignore:easy_install command is deprecated setup.py egg_info --egg-base ../../build/uwb build --build-base /workspace/build/uwb/build install --record /workspace/build/uwb/install.log --single-version-externally-managed install_data
