[0.171s] Invoking command in '/workspace/build/rc_receiver_if': CMAKE_PREFIX_PATH=${CMAKE_PREFIX_PATH}:/workspace/install/visualization:/workspace/install/uwb_nls:/workspace/install/ultrasonic:/workspace/install/track:/workspace/install/record:/workspace/install/rc_receiver:/workspace/install/pixhawk_control:/workspace/install/motor:/workspace/install/camera /usr/local/bin/cmake --build /workspace/build/rc_receiver_if -- -j8 -l8
[2.052s] [  9%] Built target rc_receiver_if__rosidl_generator_c
[2.054s] [ 12%] Built target rc_receiver_if__cpp
[2.055s] [ 12%] Built target ament_cmake_python_copy_rc_receiver_if
[2.055s] [ 22%] Built target rc_receiver_if__rosidl_typesupport_introspection_c
[2.056s] [ 32%] Built target rc_receiver_if__rosidl_typesupport_c
[2.057s] [ 41%] Built target rc_receiver_if__rosidl_typesupport_fastrtps_c
[2.057s] [ 51%] Built target rc_receiver_if__rosidl_typesupport_cpp
[2.057s] [ 61%] Built target rc_receiver_if__rosidl_typesupport_introspection_cpp
[2.057s] [ 70%] Built target rc_receiver_if__rosidl_typesupport_fastrtps_cpp
[2.057s] [ 70%] Built target rc_receiver_if
[2.057s] [ 74%] Built target rc_receiver_if__py
[2.058s] [ 80%] Built target rc_receiver_if__rosidl_generator_py
[2.058s] [ 87%] Built target rc_receiver_if__rosidl_typesupport_fastrtps_c__pyext
[2.058s] [ 93%] Built target rc_receiver_if__rosidl_typesupport_introspection_c__pyext
[2.058s] [100%] Built target rc_receiver_if__rosidl_typesupport_c__pyext
[2.058s] running egg_info
[2.058s] writing rc_receiver_if.egg-info/PKG-INFO
[2.058s] writing dependency_links to rc_receiver_if.egg-info/dependency_links.txt
[2.058s] writing top-level names to rc_receiver_if.egg-info/top_level.txt
[2.058s] reading manifest file 'rc_receiver_if.egg-info/SOURCES.txt'
[2.058s] writing manifest file 'rc_receiver_if.egg-info/SOURCES.txt'
[2.059s] [100%] Built target ament_cmake_python_build_rc_receiver_if_egg
[2.497s] Invoked command in '/workspace/build/rc_receiver_if' returned '0': CMAKE_PREFIX_PATH=${CMAKE_PREFIX_PATH}:/workspace/install/visualization:/workspace/install/uwb_nls:/workspace/install/ultrasonic:/workspace/install/track:/workspace/install/record:/workspace/install/rc_receiver:/workspace/install/pixhawk_control:/workspace/install/motor:/workspace/install/camera /usr/local/bin/cmake --build /workspace/build/rc_receiver_if -- -j8 -l8
[3.043s] Invoking command in '/workspace/build/rc_receiver_if': CMAKE_PREFIX_PATH=${CMAKE_PREFIX_PATH}:/workspace/install/visualization:/workspace/install/uwb_nls:/workspace/install/ultrasonic:/workspace/install/track:/workspace/install/record:/workspace/install/rc_receiver:/workspace/install/pixhawk_control:/workspace/install/motor:/workspace/install/camera /usr/local/bin/cmake --install /workspace/build/rc_receiver_if
[3.227s] -- Install configuration: ""
[3.228s] -- Up-to-date: /workspace/install/rc_receiver_if/share/ament_index/resource_index/rosidl_interfaces/rc_receiver_if
[3.228s] -- Up-to-date: /workspace/install/rc_receiver_if/include/rc_receiver_if/rc_receiver_if
[3.228s] -- Up-to-date: /workspace/install/rc_receiver_if/include/rc_receiver_if/rc_receiver_if/msg
[3.228s] -- Up-to-date: /workspace/install/rc_receiver_if/include/rc_receiver_if/rc_receiver_if/msg/rosidl_generator_c__visibility_control.h
[3.229s] -- Up-to-date: /workspace/install/rc_receiver_if/include/rc_receiver_if/rc_receiver_if/msg/detail
[3.229s] -- Up-to-date: /workspace/install/rc_receiver_if/include/rc_receiver_if/rc_receiver_if/msg/detail/receiver_data__functions.c
[3.229s] -- Up-to-date: /workspace/install/rc_receiver_if/include/rc_receiver_if/rc_receiver_if/msg/detail/receiver_data__type_support.h
[3.229s] -- Up-to-date: /workspace/install/rc_receiver_if/include/rc_receiver_if/rc_receiver_if/msg/detail/receiver_data__struct.h
[3.229s] -- Up-to-date: /workspace/install/rc_receiver_if/include/rc_receiver_if/rc_receiver_if/msg/detail/receiver_data__functions.h
[3.229s] -- Up-to-date: /workspace/install/rc_receiver_if/include/rc_receiver_if/rc_receiver_if/msg/receiver_data.h
[3.229s] -- Up-to-date: /workspace/install/rc_receiver_if/share/rc_receiver_if/environment/library_path.sh
[3.230s] -- Up-to-date: /workspace/install/rc_receiver_if/share/rc_receiver_if/environment/library_path.dsv
[3.230s] -- Up-to-date: /workspace/install/rc_receiver_if/lib/librc_receiver_if__rosidl_generator_c.so
[3.230s] -- Up-to-date: /workspace/install/rc_receiver_if/include/rc_receiver_if/rc_receiver_if
[3.230s] -- Up-to-date: /workspace/install/rc_receiver_if/include/rc_receiver_if/rc_receiver_if/msg
[3.230s] -- Up-to-date: /workspace/install/rc_receiver_if/include/rc_receiver_if/rc_receiver_if/msg/detail
[3.230s] -- Up-to-date: /workspace/install/rc_receiver_if/include/rc_receiver_if/rc_receiver_if/msg/detail/receiver_data__rosidl_typesupport_fastrtps_c.h
[3.231s] -- Up-to-date: /workspace/install/rc_receiver_if/include/rc_receiver_if/rc_receiver_if/msg/rosidl_typesupport_fastrtps_c__visibility_control.h
[3.231s] -- Up-to-date: /workspace/install/rc_receiver_if/lib/librc_receiver_if__rosidl_typesupport_fastrtps_c.so
[3.231s] -- Up-to-date: /workspace/install/rc_receiver_if/include/rc_receiver_if/rc_receiver_if
[3.231s] -- Up-to-date: /workspace/install/rc_receiver_if/include/rc_receiver_if/rc_receiver_if/msg
[3.231s] -- Up-to-date: /workspace/install/rc_receiver_if/include/rc_receiver_if/rc_receiver_if/msg/detail
[3.232s] -- Up-to-date: /workspace/install/rc_receiver_if/include/rc_receiver_if/rc_receiver_if/msg/detail/receiver_data__rosidl_typesupport_introspection_c.h
[3.232s] -- Up-to-date: /workspace/install/rc_receiver_if/include/rc_receiver_if/rc_receiver_if/msg/detail/receiver_data__type_support.c
[3.232s] -- Up-to-date: /workspace/install/rc_receiver_if/include/rc_receiver_if/rc_receiver_if/msg/rosidl_typesupport_introspection_c__visibility_control.h
[3.232s] -- Up-to-date: /workspace/install/rc_receiver_if/lib/librc_receiver_if__rosidl_typesupport_introspection_c.so
[3.232s] -- Up-to-date: /workspace/install/rc_receiver_if/lib/librc_receiver_if__rosidl_typesupport_c.so
[3.232s] -- Up-to-date: /workspace/install/rc_receiver_if/include/rc_receiver_if/rc_receiver_if
[3.232s] -- Up-to-date: /workspace/install/rc_receiver_if/include/rc_receiver_if/rc_receiver_if/msg
[3.233s] -- Up-to-date: /workspace/install/rc_receiver_if/include/rc_receiver_if/rc_receiver_if/msg/detail
[3.233s] -- Up-to-date: /workspace/install/rc_receiver_if/include/rc_receiver_if/rc_receiver_if/msg/detail/receiver_data__struct.hpp
[3.233s] -- Up-to-date: /workspace/install/rc_receiver_if/include/rc_receiver_if/rc_receiver_if/msg/detail/receiver_data__type_support.hpp
[3.233s] -- Up-to-date: /workspace/install/rc_receiver_if/include/rc_receiver_if/rc_receiver_if/msg/detail/receiver_data__traits.hpp
[3.233s] -- Up-to-date: /workspace/install/rc_receiver_if/include/rc_receiver_if/rc_receiver_if/msg/detail/receiver_data__builder.hpp
[3.233s] -- Up-to-date: /workspace/install/rc_receiver_if/include/rc_receiver_if/rc_receiver_if/msg/receiver_data.hpp
[3.234s] -- Up-to-date: /workspace/install/rc_receiver_if/include/rc_receiver_if/rc_receiver_if/msg/rosidl_generator_cpp__visibility_control.hpp
[3.234s] -- Up-to-date: /workspace/install/rc_receiver_if/include/rc_receiver_if/rc_receiver_if
[3.234s] -- Up-to-date: /workspace/install/rc_receiver_if/include/rc_receiver_if/rc_receiver_if/msg
[3.234s] -- Up-to-date: /workspace/install/rc_receiver_if/include/rc_receiver_if/rc_receiver_if/msg/rosidl_typesupport_fastrtps_cpp__visibility_control.h
[3.235s] -- Up-to-date: /workspace/install/rc_receiver_if/include/rc_receiver_if/rc_receiver_if/msg/detail
[3.235s] -- Up-to-date: /workspace/install/rc_receiver_if/include/rc_receiver_if/rc_receiver_if/msg/detail/receiver_data__rosidl_typesupport_fastrtps_cpp.hpp
[3.235s] -- Up-to-date: /workspace/install/rc_receiver_if/include/rc_receiver_if/rc_receiver_if/msg/detail/dds_fastrtps
[3.235s] -- Up-to-date: /workspace/install/rc_receiver_if/lib/librc_receiver_if__rosidl_typesupport_fastrtps_cpp.so
[3.235s] -- Up-to-date: /workspace/install/rc_receiver_if/include/rc_receiver_if/rc_receiver_if
[3.235s] -- Up-to-date: /workspace/install/rc_receiver_if/include/rc_receiver_if/rc_receiver_if/msg
[3.235s] -- Up-to-date: /workspace/install/rc_receiver_if/include/rc_receiver_if/rc_receiver_if/msg/detail
[3.235s] -- Up-to-date: /workspace/install/rc_receiver_if/include/rc_receiver_if/rc_receiver_if/msg/detail/receiver_data__type_support.cpp
[3.235s] -- Up-to-date: /workspace/install/rc_receiver_if/include/rc_receiver_if/rc_receiver_if/msg/detail/receiver_data__rosidl_typesupport_introspection_cpp.hpp
[3.236s] -- Up-to-date: /workspace/install/rc_receiver_if/lib/librc_receiver_if__rosidl_typesupport_introspection_cpp.so
[3.236s] -- Up-to-date: /workspace/install/rc_receiver_if/lib/librc_receiver_if__rosidl_typesupport_cpp.so
[3.236s] -- Up-to-date: /workspace/install/rc_receiver_if/share/rc_receiver_if/environment/pythonpath.sh
[3.236s] -- Up-to-date: /workspace/install/rc_receiver_if/share/rc_receiver_if/environment/pythonpath.dsv
[3.236s] -- Up-to-date: /workspace/install/rc_receiver_if/local/lib/python3.10/dist-packages/rc_receiver_if-0.0.0-py3.10.egg-info
[3.236s] -- Installing: /workspace/install/rc_receiver_if/local/lib/python3.10/dist-packages/rc_receiver_if-0.0.0-py3.10.egg-info/SOURCES.txt
[3.237s] -- Installing: /workspace/install/rc_receiver_if/local/lib/python3.10/dist-packages/rc_receiver_if-0.0.0-py3.10.egg-info/top_level.txt
[3.238s] -- Installing: /workspace/install/rc_receiver_if/local/lib/python3.10/dist-packages/rc_receiver_if-0.0.0-py3.10.egg-info/dependency_links.txt
[3.238s] -- Installing: /workspace/install/rc_receiver_if/local/lib/python3.10/dist-packages/rc_receiver_if-0.0.0-py3.10.egg-info/PKG-INFO
[3.238s] -- Up-to-date: /workspace/install/rc_receiver_if/local/lib/python3.10/dist-packages/rc_receiver_if
[3.238s] -- Up-to-date: /workspace/install/rc_receiver_if/local/lib/python3.10/dist-packages/rc_receiver_if/_rc_receiver_if_s.ep.rosidl_typesupport_fastrtps_c.c
[3.238s] -- Up-to-date: /workspace/install/rc_receiver_if/local/lib/python3.10/dist-packages/rc_receiver_if/rc_receiver_if_s__rosidl_typesupport_c.cpython-310-aarch64-linux-gnu.so
[3.238s] -- Up-to-date: /workspace/install/rc_receiver_if/local/lib/python3.10/dist-packages/rc_receiver_if/librc_receiver_if__rosidl_generator_py.so
[3.238s] -- Up-to-date: /workspace/install/rc_receiver_if/local/lib/python3.10/dist-packages/rc_receiver_if/msg
[3.238s] -- Up-to-date: /workspace/install/rc_receiver_if/local/lib/python3.10/dist-packages/rc_receiver_if/msg/_receiver_data.py
[3.239s] -- Up-to-date: /workspace/install/rc_receiver_if/local/lib/python3.10/dist-packages/rc_receiver_if/msg/_receiver_data_s.c
[3.239s] -- Up-to-date: /workspace/install/rc_receiver_if/local/lib/python3.10/dist-packages/rc_receiver_if/msg/__init__.py
[3.239s] -- Up-to-date: /workspace/install/rc_receiver_if/local/lib/python3.10/dist-packages/rc_receiver_if/rc_receiver_if_s__rosidl_typesupport_fastrtps_c.cpython-310-aarch64-linux-gnu.so
[3.239s] -- Up-to-date: /workspace/install/rc_receiver_if/local/lib/python3.10/dist-packages/rc_receiver_if/_rc_receiver_if_s.ep.rosidl_typesupport_c.c
[3.239s] -- Up-to-date: /workspace/install/rc_receiver_if/local/lib/python3.10/dist-packages/rc_receiver_if/__init__.py
[3.239s] -- Up-to-date: /workspace/install/rc_receiver_if/local/lib/python3.10/dist-packages/rc_receiver_if/_rc_receiver_if_s.ep.rosidl_typesupport_introspection_c.c
[3.239s] -- Up-to-date: /workspace/install/rc_receiver_if/local/lib/python3.10/dist-packages/rc_receiver_if/rc_receiver_if_s__rosidl_typesupport_introspection_c.cpython-310-aarch64-linux-gnu.so
[3.449s] Listing '/workspace/install/rc_receiver_if/local/lib/python3.10/dist-packages/rc_receiver_if'...
[3.449s] Listing '/workspace/install/rc_receiver_if/local/lib/python3.10/dist-packages/rc_receiver_if/msg'...
[3.466s] -- Up-to-date: /workspace/install/rc_receiver_if/local/lib/python3.10/dist-packages/rc_receiver_if/rc_receiver_if_s__rosidl_typesupport_fastrtps_c.cpython-310-aarch64-linux-gnu.so
[3.476s] -- Up-to-date: /workspace/install/rc_receiver_if/local/lib/python3.10/dist-packages/rc_receiver_if/rc_receiver_if_s__rosidl_typesupport_introspection_c.cpython-310-aarch64-linux-gnu.so
[3.476s] -- Up-to-date: /workspace/install/rc_receiver_if/local/lib/python3.10/dist-packages/rc_receiver_if/rc_receiver_if_s__rosidl_typesupport_c.cpython-310-aarch64-linux-gnu.so
[3.476s] -- Up-to-date: /workspace/install/rc_receiver_if/lib/librc_receiver_if__rosidl_generator_py.so
[3.476s] -- Up-to-date: /workspace/install/rc_receiver_if/share/rc_receiver_if/msg/ReceiverData.idl
[3.476s] -- Up-to-date: /workspace/install/rc_receiver_if/share/rc_receiver_if/msg/ReceiverData.msg
[3.476s] -- Up-to-date: /workspace/install/rc_receiver_if/share/ament_index/resource_index/package_run_dependencies/rc_receiver_if
[3.477s] -- Up-to-date: /workspace/install/rc_receiver_if/share/ament_index/resource_index/parent_prefix_path/rc_receiver_if
[3.477s] -- Up-to-date: /workspace/install/rc_receiver_if/share/rc_receiver_if/environment/ament_prefix_path.sh
[3.477s] -- Up-to-date: /workspace/install/rc_receiver_if/share/rc_receiver_if/environment/ament_prefix_path.dsv
[3.477s] -- Up-to-date: /workspace/install/rc_receiver_if/share/rc_receiver_if/environment/path.sh
[3.477s] -- Up-to-date: /workspace/install/rc_receiver_if/share/rc_receiver_if/environment/path.dsv
[3.477s] -- Up-to-date: /workspace/install/rc_receiver_if/share/rc_receiver_if/local_setup.bash
[3.477s] -- Up-to-date: /workspace/install/rc_receiver_if/share/rc_receiver_if/local_setup.sh
[3.477s] -- Up-to-date: /workspace/install/rc_receiver_if/share/rc_receiver_if/local_setup.zsh
[3.477s] -- Up-to-date: /workspace/install/rc_receiver_if/share/rc_receiver_if/local_setup.dsv
[3.477s] -- Installing: /workspace/install/rc_receiver_if/share/rc_receiver_if/package.dsv
[3.478s] -- Up-to-date: /workspace/install/rc_receiver_if/share/ament_index/resource_index/packages/rc_receiver_if
[3.478s] -- Up-to-date: /workspace/install/rc_receiver_if/share/rc_receiver_if/cmake/export_rc_receiver_if__rosidl_generator_cExport.cmake
[3.478s] -- Up-to-date: /workspace/install/rc_receiver_if/share/rc_receiver_if/cmake/export_rc_receiver_if__rosidl_generator_cExport-noconfig.cmake
[3.478s] -- Up-to-date: /workspace/install/rc_receiver_if/share/rc_receiver_if/cmake/export_rc_receiver_if__rosidl_typesupport_fastrtps_cExport.cmake
[3.478s] -- Up-to-date: /workspace/install/rc_receiver_if/share/rc_receiver_if/cmake/export_rc_receiver_if__rosidl_typesupport_fastrtps_cExport-noconfig.cmake
[3.479s] -- Up-to-date: /workspace/install/rc_receiver_if/share/rc_receiver_if/cmake/rc_receiver_if__rosidl_typesupport_introspection_cExport.cmake
[3.479s] -- Up-to-date: /workspace/install/rc_receiver_if/share/rc_receiver_if/cmake/rc_receiver_if__rosidl_typesupport_introspection_cExport-noconfig.cmake
[3.479s] -- Up-to-date: /workspace/install/rc_receiver_if/share/rc_receiver_if/cmake/rc_receiver_if__rosidl_typesupport_cExport.cmake
[3.479s] -- Up-to-date: /workspace/install/rc_receiver_if/share/rc_receiver_if/cmake/rc_receiver_if__rosidl_typesupport_cExport-noconfig.cmake
[3.479s] -- Up-to-date: /workspace/install/rc_receiver_if/share/rc_receiver_if/cmake/export_rc_receiver_if__rosidl_generator_cppExport.cmake
[3.479s] -- Up-to-date: /workspace/install/rc_receiver_if/share/rc_receiver_if/cmake/export_rc_receiver_if__rosidl_typesupport_fastrtps_cppExport.cmake
[3.487s] -- Up-to-date: /workspace/install/rc_receiver_if/share/rc_receiver_if/cmake/export_rc_receiver_if__rosidl_typesupport_fastrtps_cppExport-noconfig.cmake
[3.487s] -- Up-to-date: /workspace/install/rc_receiver_if/share/rc_receiver_if/cmake/rc_receiver_if__rosidl_typesupport_introspection_cppExport.cmake
[3.487s] -- Up-to-date: /workspace/install/rc_receiver_if/share/rc_receiver_if/cmake/rc_receiver_if__rosidl_typesupport_introspection_cppExport-noconfig.cmake
[3.487s] -- Up-to-date: /workspace/install/rc_receiver_if/share/rc_receiver_if/cmake/rc_receiver_if__rosidl_typesupport_cppExport.cmake
[3.488s] -- Up-to-date: /workspace/install/rc_receiver_if/share/rc_receiver_if/cmake/rc_receiver_if__rosidl_typesupport_cppExport-noconfig.cmake
[3.488s] -- Up-to-date: /workspace/install/rc_receiver_if/share/rc_receiver_if/cmake/export_rc_receiver_if__rosidl_generator_pyExport.cmake
[3.488s] -- Up-to-date: /workspace/install/rc_receiver_if/share/rc_receiver_if/cmake/export_rc_receiver_if__rosidl_generator_pyExport-noconfig.cmake
[3.488s] -- Up-to-date: /workspace/install/rc_receiver_if/share/rc_receiver_if/cmake/rosidl_cmake-extras.cmake
[3.488s] -- Up-to-date: /workspace/install/rc_receiver_if/share/rc_receiver_if/cmake/ament_cmake_export_include_directories-extras.cmake
[3.488s] -- Up-to-date: /workspace/install/rc_receiver_if/share/rc_receiver_if/cmake/ament_cmake_export_libraries-extras.cmake
[3.488s] -- Up-to-date: /workspace/install/rc_receiver_if/share/rc_receiver_if/cmake/ament_cmake_export_targets-extras.cmake
[3.488s] -- Up-to-date: /workspace/install/rc_receiver_if/share/rc_receiver_if/cmake/rosidl_cmake_export_typesupport_targets-extras.cmake
[3.488s] -- Up-to-date: /workspace/install/rc_receiver_if/share/rc_receiver_if/cmake/ament_cmake_export_dependencies-extras.cmake
[3.488s] -- Up-to-date: /workspace/install/rc_receiver_if/share/rc_receiver_if/cmake/rosidl_cmake_export_typesupport_libraries-extras.cmake
[3.489s] -- Up-to-date: /workspace/install/rc_receiver_if/share/rc_receiver_if/cmake/rc_receiver_ifConfig.cmake
[3.489s] -- Up-to-date: /workspace/install/rc_receiver_if/share/rc_receiver_if/cmake/rc_receiver_ifConfig-version.cmake
[3.489s] -- Up-to-date: /workspace/install/rc_receiver_if/share/rc_receiver_if/package.xml
[3.551s] Invoked command in '/workspace/build/rc_receiver_if' returned '0': CMAKE_PREFIX_PATH=${CMAKE_PREFIX_PATH}:/workspace/install/visualization:/workspace/install/uwb_nls:/workspace/install/ultrasonic:/workspace/install/track:/workspace/install/record:/workspace/install/rc_receiver:/workspace/install/pixhawk_control:/workspace/install/motor:/workspace/install/camera /usr/local/bin/cmake --install /workspace/build/rc_receiver_if
