[2.762s] Invoking command in '/workspace/src/uwb_nls': PYTHONPATH=/workspace/build/uwb_nls/prefix_override:/usr/lib/python3/dist-packages/colcon_core/task/python/colcon_distutils_commands:/workspace/install/uwb_nls/lib/python3.10/site-packages:${PYTHONPATH} /usr/bin/python3 -W ignore:setup.py install is deprecated setup.py egg_info --egg-base ../../build/uwb_nls build --build-base /workspace/build/uwb_nls/build install --record /workspace/build/uwb_nls/install.log --single-version-externally-managed install_data
[2.815s] /usr/local/lib/python3.10/dist-packages/_distutils_hack/__init__.py:53: UserWarning: Reliance on distutils from stdlib is deprecated. Users must rely on setuptools to provide the distutils module. Avoid importing distutils or import setuptools first, and avoid setting SETUPTOOLS_USE_DISTUTILS=stdlib. Register concerns at https://github.com/pypa/setuptools/issues/new?template=distutils-deprecation.yml
[2.816s]   warnings.warn(
[3.076s] /usr/lib/python3.10/distutils/dist.py:274: UserWarning: Unknown distribution option: 'tests_require'
[3.076s]   warnings.warn(msg)
[3.276s] running egg_info
[3.309s] writing ../../build/uwb_nls/uwb_nls.egg-info/PKG-INFO
[3.310s] writing dependency_links to ../../build/uwb_nls/uwb_nls.egg-info/dependency_links.txt
[3.310s] writing entry points to ../../build/uwb_nls/uwb_nls.egg-info/entry_points.txt
[3.310s] writing requirements to ../../build/uwb_nls/uwb_nls.egg-info/requires.txt
[3.310s] writing top-level names to ../../build/uwb_nls/uwb_nls.egg-info/top_level.txt
[3.374s] reading manifest file '../../build/uwb_nls/uwb_nls.egg-info/SOURCES.txt'
[3.378s] writing manifest file '../../build/uwb_nls/uwb_nls.egg-info/SOURCES.txt'
[3.380s] running build
[3.380s] running build_py
[3.382s] running install
[3.383s] running install_lib
[3.414s] running install_data
[3.415s] running install_egg_info
[3.446s] removing '/workspace/install/uwb_nls/lib/python3.10/site-packages/uwb_nls-0.0.0-py3.10.egg-info' (and everything under it)
[3.446s] Copying ../../build/uwb_nls/uwb_nls.egg-info to /workspace/install/uwb_nls/lib/python3.10/site-packages/uwb_nls-0.0.0-py3.10.egg-info
[3.447s] running install_scripts
[3.514s] Installing distance_filter script to /workspace/install/uwb_nls/lib/uwb_nls
[3.515s] Installing last_filter_nls script to /workspace/install/uwb_nls/lib/uwb_nls
[3.515s] Installing ndistance_filter script to /workspace/install/uwb_nls/lib/uwb_nls
[3.515s] Installing nposition script to /workspace/install/uwb_nls/lib/uwb_nls
[3.516s] Installing nposition_filter script to /workspace/install/uwb_nls/lib/uwb_nls
[3.516s] Installing nreceiver script to /workspace/install/uwb_nls/lib/uwb_nls
[3.516s] Installing nvisual script to /workspace/install/uwb_nls/lib/uwb_nls
[3.516s] Installing position_nls script to /workspace/install/uwb_nls/lib/uwb_nls
[3.516s] Installing receiver script to /workspace/install/uwb_nls/lib/uwb_nls
[3.516s] Installing visualization_all script to /workspace/install/uwb_nls/lib/uwb_nls
[3.517s] writing list of installed files to '/workspace/build/uwb_nls/install.log'
[3.616s] Invoked command in '/workspace/src/uwb_nls' returned '0': PYTHONPATH=/workspace/build/uwb_nls/prefix_override:/usr/lib/python3/dist-packages/colcon_core/task/python/colcon_distutils_commands:/workspace/install/uwb_nls/lib/python3.10/site-packages:${PYTHONPATH} /usr/bin/python3 -W ignore:setup.py install is deprecated setup.py egg_info --egg-base ../../build/uwb_nls build --build-base /workspace/build/uwb_nls/build install --record /workspace/build/uwb_nls/install.log --single-version-externally-managed install_data
