[0.796s] Invoking command in '/workspace/src/visualization': PYTHONPATH=/workspace/build/visualization/prefix_override:/usr/lib/python3/dist-packages/colcon_core/task/python/colcon_distutils_commands:/workspace/install/visualization/lib/python3.10/site-packages:${PYTHONPATH} /usr/bin/python3 -W ignore:setup.py install is deprecated -W ignore:easy_install command is deprecated setup.py egg_info --egg-base ../../build/visualization build --build-base /workspace/build/visualization/build install --record /workspace/build/visualization/install.log --single-version-externally-managed install_data
[0.891s] running egg_info
[0.891s] writing ../../build/visualization/visualization.egg-info/PKG-INFO
[0.892s] writing dependency_links to ../../build/visualization/visualization.egg-info/dependency_links.txt
[0.892s] writing entry points to ../../build/visualization/visualization.egg-info/entry_points.txt
[0.892s] writing requirements to ../../build/visualization/visualization.egg-info/requires.txt
[0.892s] writing top-level names to ../../build/visualization/visualization.egg-info/top_level.txt
[0.892s] reading manifest file '../../build/visualization/visualization.egg-info/SOURCES.txt'
[0.892s] writing manifest file '../../build/visualization/visualization.egg-info/SOURCES.txt'
[0.892s] running build
[0.892s] running build_py
[0.892s] running install
[0.893s] running install_lib
[0.893s] running install_data
[0.893s] running install_egg_info
[0.894s] removing '/workspace/install/visualization/lib/python3.10/site-packages/visualization-0.0.0-py3.10.egg-info' (and everything under it)
[0.894s] Copying ../../build/visualization/visualization.egg-info to /workspace/install/visualization/lib/python3.10/site-packages/visualization-0.0.0-py3.10.egg-info
[0.894s] running install_scripts
[0.905s] Installing visual script to /workspace/install/visualization/lib/visualization
[0.905s] writing list of installed files to '/workspace/build/visualization/install.log'
[0.928s] Invoked command in '/workspace/src/visualization' returned '0': PYTHONPATH=/workspace/build/visualization/prefix_override:/usr/lib/python3/dist-packages/colcon_core/task/python/colcon_distutils_commands:/workspace/install/visualization/lib/python3.10/site-packages:${PYTHONPATH} /usr/bin/python3 -W ignore:setup.py install is deprecated -W ignore:easy_install command is deprecated setup.py egg_info --egg-base ../../build/visualization build --build-base /workspace/build/visualization/build install --record /workspace/build/visualization/install.log --single-version-externally-managed install_data
