[4.512s] Invoking command in '/workspace/src/track': PYTHONPATH=/workspace/build/track/prefix_override:/usr/lib/python3/dist-packages/colcon_core/task/python/colcon_distutils_commands:/workspace/install/track/lib/python3.10/site-packages:${PYTHONPATH} /usr/bin/python3 -W ignore:setup.py install is deprecated setup.py egg_info --egg-base ../../build/track build --build-base /workspace/build/track/build install --record /workspace/build/track/install.log --single-version-externally-managed install_data
[4.623s] /usr/local/lib/python3.10/dist-packages/_distutils_hack/__init__.py:53: UserWarning: Reliance on distutils from stdlib is deprecated. Users must rely on setuptools to provide the distutils module. Avoid importing distutils or import setuptools first, and avoid setting SETUPTOOLS_USE_DISTUTILS=stdlib. Register concerns at https://github.com/pypa/setuptools/issues/new?template=distutils-deprecation.yml
[4.624s]   warnings.warn(
[4.855s] /usr/lib/python3.10/distutils/dist.py:274: UserWarning: Unknown distribution option: 'tests_require'
[4.855s]   warnings.warn(msg)
[5.077s] running egg_info
[5.111s] writing ../../build/track/track.egg-info/PKG-INFO
[5.111s] writing dependency_links to ../../build/track/track.egg-info/dependency_links.txt
[5.111s] writing entry points to ../../build/track/track.egg-info/entry_points.txt
[5.112s] writing requirements to ../../build/track/track.egg-info/requires.txt
[5.112s] writing top-level names to ../../build/track/track.egg-info/top_level.txt
[5.182s] reading manifest file '../../build/track/track.egg-info/SOURCES.txt'
[5.185s] writing manifest file '../../build/track/track.egg-info/SOURCES.txt'
[5.185s] running build
[5.185s] running build_py
[5.187s] running install
[5.188s] running install_lib
[5.237s] running install_data
[5.238s] running install_egg_info
[5.270s] removing '/workspace/install/track/lib/python3.10/site-packages/track-0.0.0-py3.10.egg-info' (and everything under it)
[5.270s] Copying ../../build/track/track.egg-info to /workspace/install/track/lib/python3.10/site-packages/track-0.0.0-py3.10.egg-info
[5.272s] running install_scripts
[5.342s] Installing ByteTrack script to /workspace/install/track/lib/track
[5.342s] Installing YOLO script to /workspace/install/track/lib/track
[5.343s] Installing bytetrack script to /workspace/install/track/lib/track
[5.344s] Installing depth script to /workspace/install/track/lib/track
[5.344s] Installing testa script to /workspace/install/track/lib/track
[5.345s] writing list of installed files to '/workspace/build/track/install.log'
[5.845s] Invoked command in '/workspace/src/track' returned '0': PYTHONPATH=/workspace/build/track/prefix_override:/usr/lib/python3/dist-packages/colcon_core/task/python/colcon_distutils_commands:/workspace/install/track/lib/python3.10/site-packages:${PYTHONPATH} /usr/bin/python3 -W ignore:setup.py install is deprecated setup.py egg_info --egg-base ../../build/track build --build-base /workspace/build/track/build install --record /workspace/build/track/install.log --single-version-externally-managed install_data
