running egg_info
writing ../../build/ultrasonic/ultrasonic.egg-info/PKG-INFO
writing dependency_links to ../../build/ultrasonic/ultrasonic.egg-info/dependency_links.txt
writing entry points to ../../build/ultrasonic/ultrasonic.egg-info/entry_points.txt
writing requirements to ../../build/ultrasonic/ultrasonic.egg-info/requires.txt
writing top-level names to ../../build/ultrasonic/ultrasonic.egg-info/top_level.txt
reading manifest file '../../build/ultrasonic/ultrasonic.egg-info/SOURCES.txt'
writing manifest file '../../build/ultrasonic/ultrasonic.egg-info/SOURCES.txt'
running build
running build_py
running install
running install_lib
running install_data
running install_egg_info
removing '/workspace/install/ultrasonic/lib/python3.10/site-packages/ultrasonic-0.0.0-py3.10.egg-info' (and everything under it)
Copying ../../build/ultrasonic/ultrasonic.egg-info to /workspace/install/ultrasonic/lib/python3.10/site-packages/ultrasonic-0.0.0-py3.10.egg-info
running install_scripts
Installing checker script to /workspace/install/ultrasonic/lib/ultrasonic
Installing obstacle script to /workspace/install/ultrasonic/lib/ultrasonic
Installing receiver script to /workspace/install/ultrasonic/lib/ultrasonic
Installing visualizer script to /workspace/install/ultrasonic/lib/ultrasonic
writing list of installed files to '/workspace/build/ultrasonic/install.log'
