[2.510s] Invoking command in '/workspace/src/track': PYTHONPATH=/workspace/build/track/prefix_override:/usr/lib/python3/dist-packages/colcon_core/task/python/colcon_distutils_commands:/workspace/install/track/lib/python3.10/site-packages:${PYTHONPATH} /usr/bin/python3 -W ignore:setup.py install is deprecated -W ignore:easy_install command is deprecated setup.py egg_info --egg-base ../../build/track build --build-base /workspace/build/track/build install --record /workspace/build/track/install.log --single-version-externally-managed install_data
[2.859s] running egg_info
[2.861s] writing ../../build/track/track.egg-info/PKG-INFO
[2.861s] writing dependency_links to ../../build/track/track.egg-info/dependency_links.txt
[2.862s] writing entry points to ../../build/track/track.egg-info/entry_points.txt
[2.862s] writing requirements to ../../build/track/track.egg-info/requires.txt
[2.862s] writing top-level names to ../../build/track/track.egg-info/top_level.txt
[2.864s] reading manifest file '../../build/track/track.egg-info/SOURCES.txt'
[2.865s] writing manifest file '../../build/track/track.egg-info/SOURCES.txt'
[2.865s] running build
[2.866s] running build_py
[2.867s] running install
[2.867s] running install_lib
[2.870s] running install_data
[2.871s] running install_egg_info
[2.873s] removing '/workspace/install/track/lib/python3.10/site-packages/track-0.0.0-py3.10.egg-info' (and everything under it)
[2.874s] Copying ../../build/track/track.egg-info to /workspace/install/track/lib/python3.10/site-packages/track-0.0.0-py3.10.egg-info
[2.875s] running install_scripts
[2.908s] Installing byte_old script to /workspace/install/track/lib/track
[2.909s] Installing bytetrack script to /workspace/install/track/lib/track
[2.910s] Installing open_rs script to /workspace/install/track/lib/track
[2.910s] Installing test script to /workspace/install/track/lib/track
[2.911s] Installing track_point_sub script to /workspace/install/track/lib/track
[2.912s] writing list of installed files to '/workspace/build/track/install.log'
[2.949s] Invoked command in '/workspace/src/track' returned '0': PYTHONPATH=/workspace/build/track/prefix_override:/usr/lib/python3/dist-packages/colcon_core/task/python/colcon_distutils_commands:/workspace/install/track/lib/python3.10/site-packages:${PYTHONPATH} /usr/bin/python3 -W ignore:setup.py install is deprecated -W ignore:easy_install command is deprecated setup.py egg_info --egg-base ../../build/track build --build-base /workspace/build/track/build install --record /workspace/build/track/install.log --single-version-externally-managed install_data
