[1.537s] Invoking command in '/workspace/src/track': PYTHONPATH=/workspace/build/track/prefix_override:/usr/lib/python3/dist-packages/colcon_core/task/python/colcon_distutils_commands:/workspace/install/track/lib/python3.10/site-packages:${PYTHONPATH} /usr/bin/python3 -W ignore:setup.py install is deprecated -W ignore:easy_install command is deprecated setup.py egg_info --egg-base ../../build/track build --build-base /workspace/build/track/build install --record /workspace/build/track/install.log --single-version-externally-managed install_data
[1.865s] /usr/local/lib/python3.10/dist-packages/setuptools/_distutils/dist.py:261: UserWarning: Unknown distribution option: 'tests_require'
[1.866s]   warnings.warn(msg)
[2.049s] running egg_info
[2.078s] writing ../../build/track/track.egg-info/PKG-INFO
[2.079s] writing dependency_links to ../../build/track/track.egg-info/dependency_links.txt
[2.080s] writing entry points to ../../build/track/track.egg-info/entry_points.txt
[2.080s] writing requirements to ../../build/track/track.egg-info/requires.txt
[2.081s] writing top-level names to ../../build/track/track.egg-info/top_level.txt
[2.143s] reading manifest file '../../build/track/track.egg-info/SOURCES.txt'
[2.146s] writing manifest file '../../build/track/track.egg-info/SOURCES.txt'
[2.146s] running build
[2.146s] running build_py
[2.146s] copying track/ByteTrack.py -> /workspace/build/track/build/lib/track
[2.147s] copying track/bytetrack.py -> /workspace/build/track/build/lib/track
[2.148s] copying track/matching.py -> /workspace/build/track/build/lib/track
[2.148s] copying track/basetrack.py -> /workspace/build/track/build/lib/track
[2.148s] copying track/depth.py -> /workspace/build/track/build/lib/track
[2.149s] copying track/kalman_filter.py -> /workspace/build/track/build/lib/track
[2.149s] copying track/YOLO.py -> /workspace/build/track/build/lib/track
[2.149s] copying track/testa.py -> /workspace/build/track/build/lib/track
[2.150s] copying track/test.py -> /workspace/build/track/build/lib/track
[2.150s] copying track/testb.py -> /workspace/build/track/build/lib/track
[2.150s] copying track/__init__.py -> /workspace/build/track/build/lib/track
[2.150s] copying track/byte_tracker.py -> /workspace/build/track/build/lib/track
[2.151s] running install
[2.160s] running install_lib
[2.192s] running install_data
[2.192s] copying resource/track -> /workspace/install/track/share/ament_index/resource_index/packages
[2.197s] copying package.xml -> /workspace/install/track/share/track
[2.197s] running install_egg_info
[2.227s] removing '/workspace/install/track/lib/python3.10/site-packages/track-0.0.0-py3.10.egg-info' (and everything under it)
[2.227s] Copying ../../build/track/track.egg-info to /workspace/install/track/lib/python3.10/site-packages/track-0.0.0-py3.10.egg-info
[2.229s] running install_scripts
[2.464s] Installing ByteTrack script to /workspace/install/track/lib/track
[2.465s] Installing YOLO script to /workspace/install/track/lib/track
[2.465s] Installing bytetrack script to /workspace/install/track/lib/track
[2.465s] Installing depth script to /workspace/install/track/lib/track
[2.465s] Installing testa script to /workspace/install/track/lib/track
[2.466s] writing list of installed files to '/workspace/build/track/install.log'
[2.549s] Invoked command in '/workspace/src/track' returned '0': PYTHONPATH=/workspace/build/track/prefix_override:/usr/lib/python3/dist-packages/colcon_core/task/python/colcon_distutils_commands:/workspace/install/track/lib/python3.10/site-packages:${PYTHONPATH} /usr/bin/python3 -W ignore:setup.py install is deprecated -W ignore:easy_install command is deprecated setup.py egg_info --egg-base ../../build/track build --build-base /workspace/build/track/build install --record /workspace/build/track/install.log --single-version-externally-managed install_data
