[2.185s] Invoking command in '/workspace/src/camera': PYTHONPATH=/workspace/build/camera/prefix_override:/usr/lib/python3/dist-packages/colcon_core/task/python/colcon_distutils_commands:/workspace/install/camera/lib/python3.10/site-packages:${PYTHONPATH} /usr/bin/python3 -W ignore:setup.py install is deprecated -W ignore:easy_install command is deprecated setup.py egg_info --egg-base ../../build/camera build --build-base /workspace/build/camera/build install --record /workspace/build/camera/install.log --single-version-externally-managed install_data
[2.444s] running egg_info
[2.445s] writing ../../build/camera/camera.egg-info/PKG-INFO
[2.445s] writing dependency_links to ../../build/camera/camera.egg-info/dependency_links.txt
[2.445s] writing entry points to ../../build/camera/camera.egg-info/entry_points.txt
[2.446s] writing requirements to ../../build/camera/camera.egg-info/requires.txt
[2.446s] writing top-level names to ../../build/camera/camera.egg-info/top_level.txt
[2.448s] reading manifest file '../../build/camera/camera.egg-info/SOURCES.txt'
[2.449s] writing manifest file '../../build/camera/camera.egg-info/SOURCES.txt'
[2.449s] running build
[2.449s] running build_py
[2.449s] running install
[2.449s] running install_lib
[2.451s] running install_data
[2.451s] running install_egg_info
[2.453s] removing '/workspace/install/camera/lib/python3.10/site-packages/camera-0.0.0-py3.10.egg-info' (and everything under it)
[2.453s] Copying ../../build/camera/camera.egg-info to /workspace/install/camera/lib/python3.10/site-packages/camera-0.0.0-py3.10.egg-info
[2.454s] running install_scripts
[2.480s] Installing realsense script to /workspace/install/camera/lib/camera
[2.481s] writing list of installed files to '/workspace/build/camera/install.log'
[2.537s] Invoked command in '/workspace/src/camera' returned '0': PYTHONPATH=/workspace/build/camera/prefix_override:/usr/lib/python3/dist-packages/colcon_core/task/python/colcon_distutils_commands:/workspace/install/camera/lib/python3.10/site-packages:${PYTHONPATH} /usr/bin/python3 -W ignore:setup.py install is deprecated -W ignore:easy_install command is deprecated setup.py egg_info --egg-base ../../build/camera build --build-base /workspace/build/camera/build install --record /workspace/build/camera/install.log --single-version-externally-managed install_data
