[4.395s] Invoking command in '/workspace/src/camera': PYTHONPATH=/workspace/build/camera/prefix_override:/usr/lib/python3/dist-packages/colcon_core/task/python/colcon_distutils_commands:/workspace/install/camera/lib/python3.10/site-packages:${PYTHONPATH} /usr/bin/python3 -W ignore:setup.py install is deprecated setup.py egg_info --egg-base ../../build/camera build --build-base /workspace/build/camera/build install --record /workspace/build/camera/install.log --single-version-externally-managed install_data
[4.472s] /usr/local/lib/python3.10/dist-packages/_distutils_hack/__init__.py:53: UserWarning: Reliance on distutils from stdlib is deprecated. Users must rely on setuptools to provide the distutils module. Avoid importing distutils or import setuptools first, and avoid setting SETUPTOOLS_USE_DISTUTILS=stdlib. Register concerns at https://github.com/pypa/setuptools/issues/new?template=distutils-deprecation.yml
[4.473s]   warnings.warn(
[4.802s] /usr/lib/python3.10/distutils/dist.py:274: UserWarning: Unknown distribution option: 'tests_require'
[4.802s]   warnings.warn(msg)
[5.037s] running egg_info
[5.071s] writing ../../build/camera/camera.egg-info/PKG-INFO
[5.073s] writing dependency_links to ../../build/camera/camera.egg-info/dependency_links.txt
[5.074s] writing entry points to ../../build/camera/camera.egg-info/entry_points.txt
[5.075s] writing requirements to ../../build/camera/camera.egg-info/requires.txt
[5.076s] writing top-level names to ../../build/camera/camera.egg-info/top_level.txt
[5.170s] reading manifest file '../../build/camera/camera.egg-info/SOURCES.txt'
[5.173s] writing manifest file '../../build/camera/camera.egg-info/SOURCES.txt'
[5.173s] running build
[5.174s] running build_py
[5.175s] running install
[5.176s] running install_lib
[5.221s] running install_data
[5.222s] running install_egg_info
[5.262s] removing '/workspace/install/camera/lib/python3.10/site-packages/camera-0.0.0-py3.10.egg-info' (and everything under it)
[5.263s] Copying ../../build/camera/camera.egg-info to /workspace/install/camera/lib/python3.10/site-packages/camera-0.0.0-py3.10.egg-info
[5.265s] running install_scripts
[5.345s] Installing realsense script to /workspace/install/camera/lib/camera
[5.346s] writing list of installed files to '/workspace/build/camera/install.log'
[5.530s] Invoked command in '/workspace/src/camera' returned '0': PYTHONPATH=/workspace/build/camera/prefix_override:/usr/lib/python3/dist-packages/colcon_core/task/python/colcon_distutils_commands:/workspace/install/camera/lib/python3.10/site-packages:${PYTHONPATH} /usr/bin/python3 -W ignore:setup.py install is deprecated setup.py egg_info --egg-base ../../build/camera build --build-base /workspace/build/camera/build install --record /workspace/build/camera/install.log --single-version-externally-managed install_data
