[4.475s] Invoking command in '/workspace/src/track': PYTHONPATH=/workspace/build/track/prefix_override:/usr/lib/python3/dist-packages/colcon_core/task/python/colcon_distutils_commands:/workspace/install/track/lib/python3.10/site-packages:${PYTHONPATH} /usr/bin/python3 -W ignore:setup.py install is deprecated setup.py egg_info --egg-base ../../build/track build --build-base /workspace/build/track/build install --record /workspace/build/track/install.log --single-version-externally-managed install_data
[4.544s] /usr/local/lib/python3.10/dist-packages/_distutils_hack/__init__.py:53: UserWarning: Reliance on distutils from stdlib is deprecated. Users must rely on setuptools to provide the distutils module. Avoid importing distutils or import setuptools first, and avoid setting SETUPTOOLS_USE_DISTUTILS=stdlib. Register concerns at https://github.com/pypa/setuptools/issues/new?template=distutils-deprecation.yml
[4.544s]   warnings.warn(
[4.828s] /usr/lib/python3.10/distutils/dist.py:274: UserWarning: Unknown distribution option: 'tests_require'
[4.829s]   warnings.warn(msg)
[5.060s] running egg_info
[5.096s] writing ../../build/track/track.egg-info/PKG-INFO
[5.097s] writing dependency_links to ../../build/track/track.egg-info/dependency_links.txt
[5.098s] writing entry points to ../../build/track/track.egg-info/entry_points.txt
[5.100s] writing requirements to ../../build/track/track.egg-info/requires.txt
[5.100s] writing top-level names to ../../build/track/track.egg-info/top_level.txt
[5.194s] reading manifest file '../../build/track/track.egg-info/SOURCES.txt'
[5.194s] writing manifest file '../../build/track/track.egg-info/SOURCES.txt'
[5.195s] running build
[5.195s] running build_py
[5.199s] running install
[5.201s] running install_lib
[5.250s] running install_data
[5.250s] running install_egg_info
[5.299s] removing '/workspace/install/track/lib/python3.10/site-packages/track-0.0.0-py3.10.egg-info' (and everything under it)
[5.300s] Copying ../../build/track/track.egg-info to /workspace/install/track/lib/python3.10/site-packages/track-0.0.0-py3.10.egg-info
[5.302s] running install_scripts
[5.397s] Installing ByteTrack script to /workspace/install/track/lib/track
[5.397s] Installing YOLO script to /workspace/install/track/lib/track
[5.398s] Installing bytetrack script to /workspace/install/track/lib/track
[5.400s] Installing depth script to /workspace/install/track/lib/track
[5.400s] Installing testa script to /workspace/install/track/lib/track
[5.401s] writing list of installed files to '/workspace/build/track/install.log'
[5.783s] Invoked command in '/workspace/src/track' returned '0': PYTHONPATH=/workspace/build/track/prefix_override:/usr/lib/python3/dist-packages/colcon_core/task/python/colcon_distutils_commands:/workspace/install/track/lib/python3.10/site-packages:${PYTHONPATH} /usr/bin/python3 -W ignore:setup.py install is deprecated setup.py egg_info --egg-base ../../build/track build --build-base /workspace/build/track/build install --record /workspace/build/track/install.log --single-version-externally-managed install_data
