/usr/local/lib/python3.10/dist-packages/_distutils_hack/__init__.py:53: UserWarning: Reliance on distutils from stdlib is deprecated. Users must rely on setuptools to provide the distutils module. Avoid importing distutils or import setuptools first, and avoid setting SETUPTOOLS_USE_DISTUTILS=stdlib. Register concerns at https://github.com/pypa/setuptools/issues/new?template=distutils-deprecation.yml
  warnings.warn(
/usr/lib/python3.10/distutils/dist.py:274: UserWarning: Unknown distribution option: 'tests_require'
  warnings.warn(msg)
running egg_info
writing ../../build/pixhawk_control/pixhawk_control.egg-info/PKG-INFO
writing dependency_links to ../../build/pixhawk_control/pixhawk_control.egg-info/dependency_links.txt
writing entry points to ../../build/pixhawk_control/pixhawk_control.egg-info/entry_points.txt
writing requirements to ../../build/pixhawk_control/pixhawk_control.egg-info/requires.txt
writing top-level names to ../../build/pixhawk_control/pixhawk_control.egg-info/top_level.txt
reading manifest file '../../build/pixhawk_control/pixhawk_control.egg-info/SOURCES.txt'
writing manifest file '../../build/pixhawk_control/pixhawk_control.egg-info/SOURCES.txt'
running build
running build_py
copying pixhawk_control/rc_receive.py -> /workspace/build/pixhawk_control/build/lib/pixhawk_control
copying pixhawk_control/velocity_to_pwm.py -> /workspace/build/pixhawk_control/build/lib/pixhawk_control
running install
running install_lib
copying /workspace/build/pixhawk_control/build/lib/pixhawk_control/rc_receive.py -> /workspace/install/pixhawk_control/lib/python3.10/site-packages/pixhawk_control
copying /workspace/build/pixhawk_control/build/lib/pixhawk_control/velocity_to_pwm.py -> /workspace/install/pixhawk_control/lib/python3.10/site-packages/pixhawk_control
byte-compiling /workspace/install/pixhawk_control/lib/python3.10/site-packages/pixhawk_control/rc_receive.py to rc_receive.cpython-310.pyc
byte-compiling /workspace/install/pixhawk_control/lib/python3.10/site-packages/pixhawk_control/velocity_to_pwm.py to velocity_to_pwm.cpython-310.pyc
running install_data
running install_egg_info
removing '/workspace/install/pixhawk_control/lib/python3.10/site-packages/pixhawk_control-0.0.0-py3.10.egg-info' (and everything under it)
Copying ../../build/pixhawk_control/pixhawk_control.egg-info to /workspace/install/pixhawk_control/lib/python3.10/site-packages/pixhawk_control-0.0.0-py3.10.egg-info
running install_scripts
Installing rc_receive script to /workspace/install/pixhawk_control/lib/pixhawk_control
Installing velocity_to_pwm script to /workspace/install/pixhawk_control/lib/pixhawk_control
writing list of installed files to '/workspace/build/pixhawk_control/install.log'
