/usr/local/lib/python3.10/dist-packages/_distutils_hack/__init__.py:53: UserWarning: Reliance on distutils from stdlib is deprecated. Users must rely on setuptools to provide the distutils module. Avoid importing distutils or import setuptools first, and avoid setting SETUPTOOLS_USE_DISTUTILS=stdlib. Register concerns at https://github.com/pypa/setuptools/issues/new?template=distutils-deprecation.yml
  warnings.warn(
/usr/lib/python3.10/distutils/dist.py:274: UserWarning: Unknown distribution option: 'tests_require'
  warnings.warn(msg)
running egg_info
writing ../../build/record/record.egg-info/PKG-INFO
writing dependency_links to ../../build/record/record.egg-info/dependency_links.txt
writing entry points to ../../build/record/record.egg-info/entry_points.txt
writing requirements to ../../build/record/record.egg-info/requires.txt
writing top-level names to ../../build/record/record.egg-info/top_level.txt
reading manifest file '../../build/record/record.egg-info/SOURCES.txt'
writing manifest file '../../build/record/record.egg-info/SOURCES.txt'
running build
running build_py
running install
running install_lib
running install_data
running install_egg_info
removing '/workspace/install/record/lib/python3.10/site-packages/record-0.0.0-py3.10.egg-info' (and everything under it)
Copying ../../build/record/record.egg-info to /workspace/install/record/lib/python3.10/site-packages/record-0.0.0-py3.10.egg-info
running install_scripts
Installing record_node script to /workspace/install/record/lib/record
writing list of installed files to '/workspace/build/record/install.log'
