[6.079s] Invoking command in '/workspace/src/record': PYTHONPATH=/workspace/build/record/prefix_override:/usr/lib/python3/dist-packages/colcon_core/task/python/colcon_distutils_commands:/workspace/install/record/lib/python3.10/site-packages:${PYTHONPATH} /usr/bin/python3 -W ignore:setup.py install is deprecated setup.py egg_info --egg-base ../../build/record build --build-base /workspace/build/record/build install --record /workspace/build/record/install.log --single-version-externally-managed install_data
[6.149s] /usr/local/lib/python3.10/dist-packages/_distutils_hack/__init__.py:53: UserWarning: Reliance on distutils from stdlib is deprecated. Users must rely on setuptools to provide the distutils module. Avoid importing distutils or import setuptools first, and avoid setting SETUPTOOLS_USE_DISTUTILS=stdlib. Register concerns at https://github.com/pypa/setuptools/issues/new?template=distutils-deprecation.yml
[6.151s]   warnings.warn(
[6.513s] /usr/lib/python3.10/distutils/dist.py:274: UserWarning: Unknown distribution option: 'tests_require'
[6.514s]   warnings.warn(msg)
[6.797s] running egg_info
[6.836s] writing ../../build/record/record.egg-info/PKG-INFO
[6.860s] writing dependency_links to ../../build/record/record.egg-info/dependency_links.txt
[6.863s] writing entry points to ../../build/record/record.egg-info/entry_points.txt
[6.865s] writing requirements to ../../build/record/record.egg-info/requires.txt
[6.867s] writing top-level names to ../../build/record/record.egg-info/top_level.txt
[6.997s] reading manifest file '../../build/record/record.egg-info/SOURCES.txt'
[7.002s] writing manifest file '../../build/record/record.egg-info/SOURCES.txt'
[7.004s] running build
[7.005s] running build_py
[7.008s] running install
[7.010s] running install_lib
[7.067s] running install_data
[7.068s] running install_egg_info
[7.132s] removing '/workspace/install/record/lib/python3.10/site-packages/record-0.0.0-py3.10.egg-info' (and everything under it)
[7.134s] Copying ../../build/record/record.egg-info to /workspace/install/record/lib/python3.10/site-packages/record-0.0.0-py3.10.egg-info
[7.140s] running install_scripts
[7.304s] Installing record_node script to /workspace/install/record/lib/record
[7.307s] writing list of installed files to '/workspace/build/record/install.log'
[7.487s] Invoked command in '/workspace/src/record' returned '0': PYTHONPATH=/workspace/build/record/prefix_override:/usr/lib/python3/dist-packages/colcon_core/task/python/colcon_distutils_commands:/workspace/install/record/lib/python3.10/site-packages:${PYTHONPATH} /usr/bin/python3 -W ignore:setup.py install is deprecated setup.py egg_info --egg-base ../../build/record build --build-base /workspace/build/record/build install --record /workspace/build/record/install.log --single-version-externally-managed install_data
