running egg_info
writing ../../build/uwb/uwb.egg-info/PKG-INFO
writing dependency_links to ../../build/uwb/uwb.egg-info/dependency_links.txt
writing entry points to ../../build/uwb/uwb.egg-info/entry_points.txt
writing requirements to ../../build/uwb/uwb.egg-info/requires.txt
writing top-level names to ../../build/uwb/uwb.egg-info/top_level.txt
reading manifest file '../../build/uwb/uwb.egg-info/SOURCES.txt'
writing manifest file '../../build/uwb/uwb.egg-info/SOURCES.txt'
running build
running build_py
copying uwb/position_nls.py -> /workspace/build/uwb/build/lib/uwb
running install
running install_lib
copying /workspace/build/uwb/build/lib/uwb/position_nls.py -> /workspace/install/uwb/lib/python3.10/site-packages/uwb
byte-compiling /workspace/install/uwb/lib/python3.10/site-packages/uwb/position_nls.py to position_nls.cpython-310.pyc
running install_data
running install_egg_info
removing '/workspace/install/uwb/lib/python3.10/site-packages/uwb-0.0.0-py3.10.egg-info' (and everything under it)
Copying ../../build/uwb/uwb.egg-info to /workspace/install/uwb/lib/python3.10/site-packages/uwb-0.0.0-py3.10.egg-info
running install_scripts
Installing filter script to /workspace/install/uwb/lib/uwb
Installing last_filter script to /workspace/install/uwb/lib/uwb
Installing localization script to /workspace/install/uwb/lib/uwb
Installing position_nls script to /workspace/install/uwb/lib/uwb
Installing receiver script to /workspace/install/uwb/lib/uwb
Installing visualization script to /workspace/install/uwb/lib/uwb
writing list of installed files to '/workspace/build/uwb/install.log'
