[2.482s] Invoking command in '/workspace/src/us_pkg8': PYTHONPATH=/workspace/build/us_pkg8/prefix_override:/usr/lib/python3/dist-packages/colcon_core/task/python/colcon_distutils_commands:/workspace/install/us_pkg8/lib/python3.10/site-packages:${PYTHONPATH} /usr/bin/python3 -W ignore:setup.py install is deprecated -W ignore:easy_install command is deprecated setup.py egg_info --egg-base ../../build/us_pkg8 build --build-base /workspace/build/us_pkg8/build install --record /workspace/build/us_pkg8/install.log --single-version-externally-managed install_data
[2.803s] running egg_info
[2.804s] writing ../../build/us_pkg8/us_pkg8.egg-info/PKG-INFO
[2.804s] writing dependency_links to ../../build/us_pkg8/us_pkg8.egg-info/dependency_links.txt
[2.805s] writing entry points to ../../build/us_pkg8/us_pkg8.egg-info/entry_points.txt
[2.805s] writing requirements to ../../build/us_pkg8/us_pkg8.egg-info/requires.txt
[2.805s] writing top-level names to ../../build/us_pkg8/us_pkg8.egg-info/top_level.txt
[2.807s] reading manifest file '../../build/us_pkg8/us_pkg8.egg-info/SOURCES.txt'
[2.808s] writing manifest file '../../build/us_pkg8/us_pkg8.egg-info/SOURCES.txt'
[2.809s] running build
[2.809s] running build_py
[2.809s] running install
[2.810s] running install_lib
[2.812s] running install_data
[2.812s] running install_egg_info
[2.814s] removing '/workspace/install/us_pkg8/lib/python3.10/site-packages/us_pkg8-0.0.0-py3.10.egg-info' (and everything under it)
[2.817s] Copying ../../build/us_pkg8/us_pkg8.egg-info to /workspace/install/us_pkg8/lib/python3.10/site-packages/us_pkg8-0.0.0-py3.10.egg-info
[2.818s] running install_scripts
[2.848s] Installing us_modbus_receiver_node script to /workspace/install/us_pkg8/lib/us_pkg8
[2.849s] Installing us_modbus_receiver_node2 script to /workspace/install/us_pkg8/lib/us_pkg8
[2.849s] Installing us_show_node script to /workspace/install/us_pkg8/lib/us_pkg8
[2.849s] Installing us_uart_receiver_node script to /workspace/install/us_pkg8/lib/us_pkg8
[2.850s] writing list of installed files to '/workspace/build/us_pkg8/install.log'
[2.890s] Invoked command in '/workspace/src/us_pkg8' returned '0': PYTHONPATH=/workspace/build/us_pkg8/prefix_override:/usr/lib/python3/dist-packages/colcon_core/task/python/colcon_distutils_commands:/workspace/install/us_pkg8/lib/python3.10/site-packages:${PYTHONPATH} /usr/bin/python3 -W ignore:setup.py install is deprecated -W ignore:easy_install command is deprecated setup.py egg_info --egg-base ../../build/us_pkg8 build --build-base /workspace/build/us_pkg8/build install --record /workspace/build/us_pkg8/install.log --single-version-externally-managed install_data
