[2.256s] Invoking command in '/workspace/src/track': PYTHONPATH=/workspace/build/track/prefix_override:/usr/lib/python3/dist-packages/colcon_core/task/python/colcon_distutils_commands:/workspace/install/track/lib/python3.10/site-packages:${PYTHONPATH} /usr/bin/python3 -W ignore:setup.py install is deprecated -W ignore:easy_install command is deprecated setup.py egg_info --egg-base ../../build/track build --build-base /workspace/build/track/build install --record /workspace/build/track/install.log --single-version-externally-managed install_data
[2.579s] running egg_info
[2.580s] writing ../../build/track/track.egg-info/PKG-INFO
[2.581s] writing dependency_links to ../../build/track/track.egg-info/dependency_links.txt
[2.581s] writing entry points to ../../build/track/track.egg-info/entry_points.txt
[2.581s] writing requirements to ../../build/track/track.egg-info/requires.txt
[2.581s] writing top-level names to ../../build/track/track.egg-info/top_level.txt
[2.583s] reading manifest file '../../build/track/track.egg-info/SOURCES.txt'
[2.585s] writing manifest file '../../build/track/track.egg-info/SOURCES.txt'
[2.585s] running build
[2.585s] running build_py
[2.586s] running install
[2.587s] running install_lib
[2.589s] running install_data
[2.589s] running install_egg_info
[2.592s] removing '/workspace/install/track/lib/python3.10/site-packages/track-0.0.0-py3.10.egg-info' (and everything under it)
[2.592s] Copying ../../build/track/track.egg-info to /workspace/install/track/lib/python3.10/site-packages/track-0.0.0-py3.10.egg-info
[2.594s] running install_scripts
[2.625s] Installing byte_old script to /workspace/install/track/lib/track
[2.625s] Installing bytetrack script to /workspace/install/track/lib/track
[2.625s] Installing open_rs script to /workspace/install/track/lib/track
[2.625s] Installing test script to /workspace/install/track/lib/track
[2.625s] Installing track_point_sub script to /workspace/install/track/lib/track
[2.626s] writing list of installed files to '/workspace/build/track/install.log'
[2.685s] Invoked command in '/workspace/src/track' returned '0': PYTHONPATH=/workspace/build/track/prefix_override:/usr/lib/python3/dist-packages/colcon_core/task/python/colcon_distutils_commands:/workspace/install/track/lib/python3.10/site-packages:${PYTHONPATH} /usr/bin/python3 -W ignore:setup.py install is deprecated -W ignore:easy_install command is deprecated setup.py egg_info --egg-base ../../build/track build --build-base /workspace/build/track/build install --record /workspace/build/track/install.log --single-version-externally-managed install_data
