[0.374s] Invoking command in '/workspace/src/uwb_nls': PYTHONPATH=/workspace/src/uwb_nls/build/uwb_nls/prefix_override:/usr/lib/python3/dist-packages/colcon_core/task/python/colcon_distutils_commands:/workspace/src/uwb_nls/install/uwb_nls/lib/python3.10/site-packages:${PYTHONPATH} /usr/bin/python3 -W ignore:setup.py install is deprecated -W ignore:easy_install command is deprecated setup.py egg_info --egg-base build/uwb_nls build --build-base /workspace/src/uwb_nls/build/uwb_nls/build install --record /workspace/src/uwb_nls/build/uwb_nls/install.log --single-version-externally-managed install_data
[0.573s] running egg_info
[0.574s] writing build/uwb_nls/uwb_nls.egg-info/PKG-INFO
[0.575s] writing dependency_links to build/uwb_nls/uwb_nls.egg-info/dependency_links.txt
[0.575s] writing entry points to build/uwb_nls/uwb_nls.egg-info/entry_points.txt
[0.575s] writing requirements to build/uwb_nls/uwb_nls.egg-info/requires.txt
[0.575s] writing top-level names to build/uwb_nls/uwb_nls.egg-info/top_level.txt
[0.577s] reading manifest file 'build/uwb_nls/uwb_nls.egg-info/SOURCES.txt'
[0.578s] writing manifest file 'build/uwb_nls/uwb_nls.egg-info/SOURCES.txt'
[0.579s] running build
[0.579s] running build_py
[0.579s] copying uwb_nls/nposition_filter.py -> /workspace/src/uwb_nls/build/uwb_nls/build/lib/uwb_nls
[0.579s] copying uwb_nls/nposition_nls.py -> /workspace/src/uwb_nls/build/uwb_nls/build/lib/uwb_nls
[0.579s] copying uwb_nls/uwb_visualization.py -> /workspace/src/uwb_nls/build/uwb_nls/build/lib/uwb_nls
[0.580s] copying uwb_nls/nvisual.py -> /workspace/src/uwb_nls/build/uwb_nls/build/lib/uwb_nls
[0.580s] copying uwb_nls/uwb_last_filter_nls.py -> /workspace/src/uwb_nls/build/uwb_nls/build/lib/uwb_nls
[0.580s] copying uwb_nls/nreceiver.py -> /workspace/src/uwb_nls/build/uwb_nls/build/lib/uwb_nls
[0.580s] running install
[0.581s] running install_lib
[0.582s] copying /workspace/src/uwb_nls/build/uwb_nls/build/lib/uwb_nls/nposition_filter.py -> /workspace/src/uwb_nls/install/uwb_nls/lib/python3.10/site-packages/uwb_nls
[0.582s] copying /workspace/src/uwb_nls/build/uwb_nls/build/lib/uwb_nls/nposition_nls.py -> /workspace/src/uwb_nls/install/uwb_nls/lib/python3.10/site-packages/uwb_nls
[0.582s] copying /workspace/src/uwb_nls/build/uwb_nls/build/lib/uwb_nls/uwb_visualization.py -> /workspace/src/uwb_nls/install/uwb_nls/lib/python3.10/site-packages/uwb_nls
[0.582s] copying /workspace/src/uwb_nls/build/uwb_nls/build/lib/uwb_nls/nvisual.py -> /workspace/src/uwb_nls/install/uwb_nls/lib/python3.10/site-packages/uwb_nls
[0.582s] copying /workspace/src/uwb_nls/build/uwb_nls/build/lib/uwb_nls/uwb_last_filter_nls.py -> /workspace/src/uwb_nls/install/uwb_nls/lib/python3.10/site-packages/uwb_nls
[0.582s] copying /workspace/src/uwb_nls/build/uwb_nls/build/lib/uwb_nls/nreceiver.py -> /workspace/src/uwb_nls/install/uwb_nls/lib/python3.10/site-packages/uwb_nls
[0.583s] byte-compiling /workspace/src/uwb_nls/install/uwb_nls/lib/python3.10/site-packages/uwb_nls/nposition_filter.py to nposition_filter.cpython-310.pyc
[0.584s] byte-compiling /workspace/src/uwb_nls/install/uwb_nls/lib/python3.10/site-packages/uwb_nls/nposition_nls.py to nposition_nls.cpython-310.pyc
[0.586s] byte-compiling /workspace/src/uwb_nls/install/uwb_nls/lib/python3.10/site-packages/uwb_nls/uwb_visualization.py to uwb_visualization.cpython-310.pyc
[0.588s] byte-compiling /workspace/src/uwb_nls/install/uwb_nls/lib/python3.10/site-packages/uwb_nls/nvisual.py to nvisual.cpython-310.pyc
[0.588s] byte-compiling /workspace/src/uwb_nls/install/uwb_nls/lib/python3.10/site-packages/uwb_nls/uwb_last_filter_nls.py to uwb_last_filter_nls.cpython-310.pyc
[0.589s] byte-compiling /workspace/src/uwb_nls/install/uwb_nls/lib/python3.10/site-packages/uwb_nls/nreceiver.py to nreceiver.cpython-310.pyc
[0.591s] running install_data
[0.591s] running install_egg_info
[0.594s] removing '/workspace/src/uwb_nls/install/uwb_nls/lib/python3.10/site-packages/uwb_nls-0.0.0-py3.10.egg-info' (and everything under it)
[0.594s] Copying build/uwb_nls/uwb_nls.egg-info to /workspace/src/uwb_nls/install/uwb_nls/lib/python3.10/site-packages/uwb_nls-0.0.0-py3.10.egg-info
[0.595s] running install_scripts
[0.614s] Installing first_filter script to /workspace/src/uwb_nls/install/uwb_nls/lib/uwb_nls
[0.614s] Installing last_filter_nls script to /workspace/src/uwb_nls/install/uwb_nls/lib/uwb_nls
[0.614s] Installing nposition script to /workspace/src/uwb_nls/install/uwb_nls/lib/uwb_nls
[0.614s] Installing nposition_filter script to /workspace/src/uwb_nls/install/uwb_nls/lib/uwb_nls
[0.614s] Installing nreceiver script to /workspace/src/uwb_nls/install/uwb_nls/lib/uwb_nls
[0.614s] Installing nvisual script to /workspace/src/uwb_nls/install/uwb_nls/lib/uwb_nls
[0.614s] Installing position_nls script to /workspace/src/uwb_nls/install/uwb_nls/lib/uwb_nls
[0.614s] Installing receiver script to /workspace/src/uwb_nls/install/uwb_nls/lib/uwb_nls
[0.614s] Installing visualization_all script to /workspace/src/uwb_nls/install/uwb_nls/lib/uwb_nls
[0.615s] writing list of installed files to '/workspace/src/uwb_nls/build/uwb_nls/install.log'
[0.633s] Invoked command in '/workspace/src/uwb_nls' returned '0': PYTHONPATH=/workspace/src/uwb_nls/build/uwb_nls/prefix_override:/usr/lib/python3/dist-packages/colcon_core/task/python/colcon_distutils_commands:/workspace/src/uwb_nls/install/uwb_nls/lib/python3.10/site-packages:${PYTHONPATH} /usr/bin/python3 -W ignore:setup.py install is deprecated -W ignore:easy_install command is deprecated setup.py egg_info --egg-base build/uwb_nls build --build-base /workspace/src/uwb_nls/build/uwb_nls/build install --record /workspace/src/uwb_nls/build/uwb_nls/install.log --single-version-externally-managed install_data
