[2.673s] Invoking command in '/workspace/src/uwb_nls': PYTHONPATH=/workspace/build/uwb_nls/prefix_override:/usr/lib/python3/dist-packages/colcon_core/task/python/colcon_distutils_commands:/workspace/install/uwb_nls/lib/python3.10/site-packages:${PYTHONPATH} /usr/bin/python3 -W ignore:setup.py install is deprecated -W ignore:easy_install command is deprecated setup.py egg_info --egg-base ../../build/uwb_nls build --build-base /workspace/build/uwb_nls/build install --record /workspace/build/uwb_nls/install.log --single-version-externally-managed install_data
[3.046s] running egg_info
[3.048s] writing ../../build/uwb_nls/uwb_nls.egg-info/PKG-INFO
[3.049s] writing dependency_links to ../../build/uwb_nls/uwb_nls.egg-info/dependency_links.txt
[3.049s] writing entry points to ../../build/uwb_nls/uwb_nls.egg-info/entry_points.txt
[3.049s] writing requirements to ../../build/uwb_nls/uwb_nls.egg-info/requires.txt
[3.050s] writing top-level names to ../../build/uwb_nls/uwb_nls.egg-info/top_level.txt
[3.051s] reading manifest file '../../build/uwb_nls/uwb_nls.egg-info/SOURCES.txt'
[3.053s] writing manifest file '../../build/uwb_nls/uwb_nls.egg-info/SOURCES.txt'
[3.054s] running build
[3.055s] running build_py
[3.056s] copying uwb_nls/uwb_visualization.py -> /workspace/build/uwb_nls/build/lib/uwb_nls
[3.057s] running install
[3.059s] running install_lib
[3.061s] copying /workspace/build/uwb_nls/build/lib/uwb_nls/uwb_visualization.py -> /workspace/install/uwb_nls/lib/python3.10/site-packages/uwb_nls
[3.061s] byte-compiling /workspace/install/uwb_nls/lib/python3.10/site-packages/uwb_nls/uwb_visualization.py to uwb_visualization.cpython-310.pyc
[3.061s] running install_data
[3.061s] running install_egg_info
[3.063s] removing '/workspace/install/uwb_nls/lib/python3.10/site-packages/uwb_nls-0.0.0-py3.10.egg-info' (and everything under it)
[3.064s] Copying ../../build/uwb_nls/uwb_nls.egg-info to /workspace/install/uwb_nls/lib/python3.10/site-packages/uwb_nls-0.0.0-py3.10.egg-info
[3.065s] running install_scripts
[3.103s] Installing filter_node_nls script to /workspace/install/uwb_nls/lib/uwb_nls
[3.104s] Installing position_nls script to /workspace/install/uwb_nls/lib/uwb_nls
[3.104s] Installing visualization_all script to /workspace/install/uwb_nls/lib/uwb_nls
[3.104s] writing list of installed files to '/workspace/build/uwb_nls/install.log'
[3.153s] Invoked command in '/workspace/src/uwb_nls' returned '0': PYTHONPATH=/workspace/build/uwb_nls/prefix_override:/usr/lib/python3/dist-packages/colcon_core/task/python/colcon_distutils_commands:/workspace/install/uwb_nls/lib/python3.10/site-packages:${PYTHONPATH} /usr/bin/python3 -W ignore:setup.py install is deprecated -W ignore:easy_install command is deprecated setup.py egg_info --egg-base ../../build/uwb_nls build --build-base /workspace/build/uwb_nls/build install --record /workspace/build/uwb_nls/install.log --single-version-externally-managed install_data
