[1.280s] Invoking command in '/workspace/build/motor_if': CMAKE_PREFIX_PATH=${CMAKE_PREFIX_PATH}:/workspace/install/visualization:/workspace/install/uwb_nls:/workspace/install/ultrasonic:/workspace/install/track:/workspace/install/record:/workspace/install/rc_receiver:/workspace/install/pixhawk_control:/workspace/install/motor:/workspace/install/camera:/opt/ros/humble /usr/local/bin/cmake --build /workspace/build/motor_if -- -j8 -l8
[2.435s] /usr/local/lib/python3.10/dist-packages/_distutils_hack/__init__.py:53: UserWarning: Reliance on distutils from stdlib is deprecated. Users must rely on setuptools to provide the distutils module. Avoid importing distutils or import setuptools first, and avoid setting SETUPTOOLS_USE_DISTUTILS=stdlib. Register concerns at https://github.com/pypa/setuptools/issues/new?template=distutils-deprecation.yml
[2.435s]   warnings.warn(
[2.435s] [  3%] Built target motor_if__cpp
[2.435s] [ 12%] Built target motor_if__rosidl_generator_c
[2.436s] [ 12%] Built target ament_cmake_python_copy_motor_if
[2.436s] [ 22%] Built target motor_if__rosidl_typesupport_fastrtps_cpp
[2.436s] [ 32%] Built target motor_if__rosidl_typesupport_cpp
[2.436s] [ 51%] Built target motor_if__rosidl_typesupport_introspection_cpp
[2.436s] [ 51%] Built target motor_if__rosidl_typesupport_introspection_c
[2.436s] [ 61%] Built target motor_if__rosidl_typesupport_c
[2.436s] [ 70%] Built target motor_if__rosidl_typesupport_fastrtps_c
[2.436s] [ 70%] Built target motor_if
[2.437s] [ 74%] Built target motor_if__py
[2.437s] [ 80%] Built target motor_if__rosidl_generator_py
[2.437s] [ 87%] Built target motor_if__rosidl_typesupport_fastrtps_c__pyext
[2.437s] [ 93%] Built target motor_if__rosidl_typesupport_c__pyext
[2.437s] [100%] Built target motor_if__rosidl_typesupport_introspection_c__pyext
[2.437s] running egg_info
[2.437s] writing motor_if.egg-info/PKG-INFO
[2.437s] writing dependency_links to motor_if.egg-info/dependency_links.txt
[2.438s] writing top-level names to motor_if.egg-info/top_level.txt
[2.438s] reading manifest file 'motor_if.egg-info/SOURCES.txt'
[2.438s] writing manifest file 'motor_if.egg-info/SOURCES.txt'
[2.438s] [100%] Built target ament_cmake_python_build_motor_if_egg
[3.008s] Invoked command in '/workspace/build/motor_if' returned '0': CMAKE_PREFIX_PATH=${CMAKE_PREFIX_PATH}:/workspace/install/visualization:/workspace/install/uwb_nls:/workspace/install/ultrasonic:/workspace/install/track:/workspace/install/record:/workspace/install/rc_receiver:/workspace/install/pixhawk_control:/workspace/install/motor:/workspace/install/camera:/opt/ros/humble /usr/local/bin/cmake --build /workspace/build/motor_if -- -j8 -l8
[3.634s] Invoking command in '/workspace/build/motor_if': CMAKE_PREFIX_PATH=${CMAKE_PREFIX_PATH}:/workspace/install/visualization:/workspace/install/uwb_nls:/workspace/install/ultrasonic:/workspace/install/track:/workspace/install/record:/workspace/install/rc_receiver:/workspace/install/pixhawk_control:/workspace/install/motor:/workspace/install/camera:/opt/ros/humble /usr/local/bin/cmake --install /workspace/build/motor_if
[3.915s] -- Install configuration: ""
[3.915s] -- Up-to-date: /workspace/install/motor_if/share/ament_index/resource_index/rosidl_interfaces/motor_if
[3.925s] -- Up-to-date: /workspace/install/motor_if/include/motor_if/motor_if
[3.925s] -- Up-to-date: /workspace/install/motor_if/include/motor_if/motor_if/srv
[3.925s] -- Up-to-date: /workspace/install/motor_if/include/motor_if/motor_if/srv/motor_pos.h
[3.925s] -- Up-to-date: /workspace/install/motor_if/include/motor_if/motor_if/srv/detail
[3.928s] -- Up-to-date: /workspace/install/motor_if/include/motor_if/motor_if/srv/detail/motor_pos__functions.c
[3.929s] -- Up-to-date: /workspace/install/motor_if/include/motor_if/motor_if/srv/detail/motor_pos__struct.h
[3.929s] -- Up-to-date: /workspace/install/motor_if/include/motor_if/motor_if/srv/detail/motor_pos__type_support.h
[3.930s] -- Up-to-date: /workspace/install/motor_if/include/motor_if/motor_if/srv/detail/motor_pos__functions.h
[3.931s] -- Up-to-date: /workspace/install/motor_if/include/motor_if/motor_if/msg
[3.931s] -- Up-to-date: /workspace/install/motor_if/include/motor_if/motor_if/msg/rosidl_generator_c__visibility_control.h
[3.932s] -- Up-to-date: /workspace/install/motor_if/share/motor_if/environment/library_path.sh
[3.933s] -- Up-to-date: /workspace/install/motor_if/share/motor_if/environment/library_path.dsv
[3.934s] -- Up-to-date: /workspace/install/motor_if/lib/libmotor_if__rosidl_generator_c.so
[3.935s] -- Up-to-date: /workspace/install/motor_if/include/motor_if/motor_if
[3.936s] -- Up-to-date: /workspace/install/motor_if/include/motor_if/motor_if/srv
[3.937s] -- Up-to-date: /workspace/install/motor_if/include/motor_if/motor_if/srv/detail
[3.937s] -- Up-to-date: /workspace/install/motor_if/include/motor_if/motor_if/srv/detail/motor_pos__rosidl_typesupport_fastrtps_c.h
[3.938s] -- Up-to-date: /workspace/install/motor_if/include/motor_if/motor_if/msg
[3.939s] -- Up-to-date: /workspace/install/motor_if/include/motor_if/motor_if/msg/rosidl_typesupport_fastrtps_c__visibility_control.h
[3.940s] -- Up-to-date: /workspace/install/motor_if/lib/libmotor_if__rosidl_typesupport_fastrtps_c.so
[3.941s] -- Up-to-date: /workspace/install/motor_if/include/motor_if/motor_if
[3.942s] -- Up-to-date: /workspace/install/motor_if/include/motor_if/motor_if/srv
[3.942s] -- Up-to-date: /workspace/install/motor_if/include/motor_if/motor_if/srv/detail
[3.943s] -- Up-to-date: /workspace/install/motor_if/include/motor_if/motor_if/srv/detail/motor_pos__rosidl_typesupport_introspection_c.h
[3.944s] -- Up-to-date: /workspace/install/motor_if/include/motor_if/motor_if/srv/detail/motor_pos__type_support.c
[3.944s] -- Up-to-date: /workspace/install/motor_if/include/motor_if/motor_if/msg
[3.945s] -- Up-to-date: /workspace/install/motor_if/include/motor_if/motor_if/msg/rosidl_typesupport_introspection_c__visibility_control.h
[3.946s] -- Up-to-date: /workspace/install/motor_if/lib/libmotor_if__rosidl_typesupport_introspection_c.so
[3.947s] -- Up-to-date: /workspace/install/motor_if/lib/libmotor_if__rosidl_typesupport_c.so
[3.948s] -- Up-to-date: /workspace/install/motor_if/include/motor_if/motor_if
[3.949s] -- Up-to-date: /workspace/install/motor_if/include/motor_if/motor_if/srv
[3.950s] -- Up-to-date: /workspace/install/motor_if/include/motor_if/motor_if/srv/detail
[3.951s] -- Up-to-date: /workspace/install/motor_if/include/motor_if/motor_if/srv/detail/motor_pos__traits.hpp
[3.951s] -- Up-to-date: /workspace/install/motor_if/include/motor_if/motor_if/srv/detail/motor_pos__type_support.hpp
[3.951s] -- Up-to-date: /workspace/install/motor_if/include/motor_if/motor_if/srv/detail/motor_pos__struct.hpp
[3.952s] -- Up-to-date: /workspace/install/motor_if/include/motor_if/motor_if/srv/detail/motor_pos__builder.hpp
[3.952s] -- Up-to-date: /workspace/install/motor_if/include/motor_if/motor_if/srv/motor_pos.hpp
[3.953s] -- Up-to-date: /workspace/install/motor_if/include/motor_if/motor_if/msg
[3.953s] -- Up-to-date: /workspace/install/motor_if/include/motor_if/motor_if/msg/rosidl_generator_cpp__visibility_control.hpp
[3.954s] -- Up-to-date: /workspace/install/motor_if/include/motor_if/motor_if
[3.954s] -- Up-to-date: /workspace/install/motor_if/include/motor_if/motor_if/srv
[3.955s] -- Up-to-date: /workspace/install/motor_if/include/motor_if/motor_if/srv/detail
[3.955s] -- Up-to-date: /workspace/install/motor_if/include/motor_if/motor_if/srv/detail/dds_fastrtps
[3.957s] -- Up-to-date: /workspace/install/motor_if/include/motor_if/motor_if/srv/detail/motor_pos__rosidl_typesupport_fastrtps_cpp.hpp
[3.957s] -- Up-to-date: /workspace/install/motor_if/include/motor_if/motor_if/msg
[3.957s] -- Up-to-date: /workspace/install/motor_if/include/motor_if/motor_if/msg/rosidl_typesupport_fastrtps_cpp__visibility_control.h
[3.958s] -- Up-to-date: /workspace/install/motor_if/lib/libmotor_if__rosidl_typesupport_fastrtps_cpp.so
[3.959s] -- Up-to-date: /workspace/install/motor_if/include/motor_if/motor_if
[3.960s] -- Up-to-date: /workspace/install/motor_if/include/motor_if/motor_if/srv
[3.960s] -- Up-to-date: /workspace/install/motor_if/include/motor_if/motor_if/srv/detail
[3.961s] -- Up-to-date: /workspace/install/motor_if/include/motor_if/motor_if/srv/detail/motor_pos__type_support.cpp
[3.961s] -- Up-to-date: /workspace/install/motor_if/include/motor_if/motor_if/srv/detail/motor_pos__rosidl_typesupport_introspection_cpp.hpp
[3.962s] -- Up-to-date: /workspace/install/motor_if/lib/libmotor_if__rosidl_typesupport_introspection_cpp.so
[3.963s] -- Up-to-date: /workspace/install/motor_if/lib/libmotor_if__rosidl_typesupport_cpp.so
[3.963s] -- Up-to-date: /workspace/install/motor_if/share/motor_if/environment/pythonpath.sh
[3.964s] -- Up-to-date: /workspace/install/motor_if/share/motor_if/environment/pythonpath.dsv
[3.964s] -- Up-to-date: /workspace/install/motor_if/local/lib/python3.10/dist-packages/motor_if-0.0.0-py3.10.egg-info
[3.965s] -- Installing: /workspace/install/motor_if/local/lib/python3.10/dist-packages/motor_if-0.0.0-py3.10.egg-info/SOURCES.txt
[3.966s] -- Installing: /workspace/install/motor_if/local/lib/python3.10/dist-packages/motor_if-0.0.0-py3.10.egg-info/top_level.txt
[3.968s] -- Installing: /workspace/install/motor_if/local/lib/python3.10/dist-packages/motor_if-0.0.0-py3.10.egg-info/dependency_links.txt
[3.968s] -- Installing: /workspace/install/motor_if/local/lib/python3.10/dist-packages/motor_if-0.0.0-py3.10.egg-info/PKG-INFO
[3.969s] -- Up-to-date: /workspace/install/motor_if/local/lib/python3.10/dist-packages/motor_if
[3.970s] -- Up-to-date: /workspace/install/motor_if/local/lib/python3.10/dist-packages/motor_if/srv
[3.970s] -- Up-to-date: /workspace/install/motor_if/local/lib/python3.10/dist-packages/motor_if/srv/_motor_pos_s.c
[3.970s] -- Up-to-date: /workspace/install/motor_if/local/lib/python3.10/dist-packages/motor_if/srv/_motor_pos.py
[3.971s] -- Up-to-date: /workspace/install/motor_if/local/lib/python3.10/dist-packages/motor_if/srv/__init__.py
[3.971s] -- Up-to-date: /workspace/install/motor_if/local/lib/python3.10/dist-packages/motor_if/_motor_if_s.ep.rosidl_typesupport_fastrtps_c.c
[3.971s] -- Up-to-date: /workspace/install/motor_if/local/lib/python3.10/dist-packages/motor_if/motor_if_s__rosidl_typesupport_introspection_c.cpython-310-aarch64-linux-gnu.so
[3.972s] -- Up-to-date: /workspace/install/motor_if/local/lib/python3.10/dist-packages/motor_if/motor_if_s__rosidl_typesupport_fastrtps_c.cpython-310-aarch64-linux-gnu.so
[3.972s] -- Up-to-date: /workspace/install/motor_if/local/lib/python3.10/dist-packages/motor_if/motor_if_s__rosidl_typesupport_c.cpython-310-aarch64-linux-gnu.so
[3.972s] -- Up-to-date: /workspace/install/motor_if/local/lib/python3.10/dist-packages/motor_if/libmotor_if__rosidl_generator_py.so
[3.973s] -- Up-to-date: /workspace/install/motor_if/local/lib/python3.10/dist-packages/motor_if/_motor_if_s.ep.rosidl_typesupport_introspection_c.c
[3.973s] -- Up-to-date: /workspace/install/motor_if/local/lib/python3.10/dist-packages/motor_if/__init__.py
[3.973s] -- Up-to-date: /workspace/install/motor_if/local/lib/python3.10/dist-packages/motor_if/_motor_if_s.ep.rosidl_typesupport_c.c
[4.144s] Listing '/workspace/install/motor_if/local/lib/python3.10/dist-packages/motor_if'...
[4.144s] Listing '/workspace/install/motor_if/local/lib/python3.10/dist-packages/motor_if/srv'...
[4.159s] -- Up-to-date: /workspace/install/motor_if/local/lib/python3.10/dist-packages/motor_if/motor_if_s__rosidl_typesupport_fastrtps_c.cpython-310-aarch64-linux-gnu.so
[4.160s] -- Up-to-date: /workspace/install/motor_if/local/lib/python3.10/dist-packages/motor_if/motor_if_s__rosidl_typesupport_introspection_c.cpython-310-aarch64-linux-gnu.so
[4.161s] -- Up-to-date: /workspace/install/motor_if/local/lib/python3.10/dist-packages/motor_if/motor_if_s__rosidl_typesupport_c.cpython-310-aarch64-linux-gnu.so
[4.161s] -- Up-to-date: /workspace/install/motor_if/lib/libmotor_if__rosidl_generator_py.so
[4.162s] -- Up-to-date: /workspace/install/motor_if/share/motor_if/srv/MotorPos.idl
[4.163s] -- Up-to-date: /workspace/install/motor_if/share/motor_if/srv/MotorPos.srv
[4.163s] -- Up-to-date: /workspace/install/motor_if/share/motor_if/srv/MotorPos_Request.msg
[4.163s] -- Up-to-date: /workspace/install/motor_if/share/motor_if/srv/MotorPos_Response.msg
[4.164s] -- Up-to-date: /workspace/install/motor_if/share/ament_index/resource_index/package_run_dependencies/motor_if
[4.164s] -- Up-to-date: /workspace/install/motor_if/share/ament_index/resource_index/parent_prefix_path/motor_if
[4.164s] -- Up-to-date: /workspace/install/motor_if/share/motor_if/environment/ament_prefix_path.sh
[4.164s] -- Up-to-date: /workspace/install/motor_if/share/motor_if/environment/ament_prefix_path.dsv
[4.165s] -- Up-to-date: /workspace/install/motor_if/share/motor_if/environment/path.sh
[4.165s] -- Up-to-date: /workspace/install/motor_if/share/motor_if/environment/path.dsv
[4.165s] -- Up-to-date: /workspace/install/motor_if/share/motor_if/local_setup.bash
[4.165s] -- Up-to-date: /workspace/install/motor_if/share/motor_if/local_setup.sh
[4.165s] -- Up-to-date: /workspace/install/motor_if/share/motor_if/local_setup.zsh
[4.166s] -- Up-to-date: /workspace/install/motor_if/share/motor_if/local_setup.dsv
[4.166s] -- Installing: /workspace/install/motor_if/share/motor_if/package.dsv
[4.169s] -- Up-to-date: /workspace/install/motor_if/share/ament_index/resource_index/packages/motor_if
[4.169s] -- Up-to-date: /workspace/install/motor_if/share/motor_if/cmake/export_motor_if__rosidl_generator_cExport.cmake
[4.170s] -- Up-to-date: /workspace/install/motor_if/share/motor_if/cmake/export_motor_if__rosidl_generator_cExport-noconfig.cmake
[4.170s] -- Up-to-date: /workspace/install/motor_if/share/motor_if/cmake/export_motor_if__rosidl_typesupport_fastrtps_cExport.cmake
[4.170s] -- Up-to-date: /workspace/install/motor_if/share/motor_if/cmake/export_motor_if__rosidl_typesupport_fastrtps_cExport-noconfig.cmake
[4.171s] -- Up-to-date: /workspace/install/motor_if/share/motor_if/cmake/motor_if__rosidl_typesupport_introspection_cExport.cmake
[4.171s] -- Up-to-date: /workspace/install/motor_if/share/motor_if/cmake/motor_if__rosidl_typesupport_introspection_cExport-noconfig.cmake
[4.171s] -- Up-to-date: /workspace/install/motor_if/share/motor_if/cmake/motor_if__rosidl_typesupport_cExport.cmake
[4.172s] -- Up-to-date: /workspace/install/motor_if/share/motor_if/cmake/motor_if__rosidl_typesupport_cExport-noconfig.cmake
[4.172s] -- Up-to-date: /workspace/install/motor_if/share/motor_if/cmake/export_motor_if__rosidl_generator_cppExport.cmake
[4.172s] -- Up-to-date: /workspace/install/motor_if/share/motor_if/cmake/export_motor_if__rosidl_typesupport_fastrtps_cppExport.cmake
[4.173s] -- Up-to-date: /workspace/install/motor_if/share/motor_if/cmake/export_motor_if__rosidl_typesupport_fastrtps_cppExport-noconfig.cmake
[4.173s] -- Up-to-date: /workspace/install/motor_if/share/motor_if/cmake/motor_if__rosidl_typesupport_introspection_cppExport.cmake
[4.173s] -- Up-to-date: /workspace/install/motor_if/share/motor_if/cmake/motor_if__rosidl_typesupport_introspection_cppExport-noconfig.cmake
[4.174s] -- Up-to-date: /workspace/install/motor_if/share/motor_if/cmake/motor_if__rosidl_typesupport_cppExport.cmake
[4.174s] -- Up-to-date: /workspace/install/motor_if/share/motor_if/cmake/motor_if__rosidl_typesupport_cppExport-noconfig.cmake
[4.174s] -- Up-to-date: /workspace/install/motor_if/share/motor_if/cmake/export_motor_if__rosidl_generator_pyExport.cmake
[4.174s] -- Up-to-date: /workspace/install/motor_if/share/motor_if/cmake/export_motor_if__rosidl_generator_pyExport-noconfig.cmake
[4.175s] -- Up-to-date: /workspace/install/motor_if/share/motor_if/cmake/rosidl_cmake-extras.cmake
[4.175s] -- Up-to-date: /workspace/install/motor_if/share/motor_if/cmake/ament_cmake_export_include_directories-extras.cmake
[4.175s] -- Up-to-date: /workspace/install/motor_if/share/motor_if/cmake/ament_cmake_export_libraries-extras.cmake
[4.175s] -- Up-to-date: /workspace/install/motor_if/share/motor_if/cmake/ament_cmake_export_targets-extras.cmake
[4.176s] -- Up-to-date: /workspace/install/motor_if/share/motor_if/cmake/rosidl_cmake_export_typesupport_targets-extras.cmake
[4.176s] -- Up-to-date: /workspace/install/motor_if/share/motor_if/cmake/ament_cmake_export_dependencies-extras.cmake
[4.176s] -- Up-to-date: /workspace/install/motor_if/share/motor_if/cmake/rosidl_cmake_export_typesupport_libraries-extras.cmake
[4.176s] -- Up-to-date: /workspace/install/motor_if/share/motor_if/cmake/motor_ifConfig.cmake
[4.177s] -- Up-to-date: /workspace/install/motor_if/share/motor_if/cmake/motor_ifConfig-version.cmake
[4.177s] -- Up-to-date: /workspace/install/motor_if/share/motor_if/package.xml
[4.272s] Invoked command in '/workspace/build/motor_if' returned '0': CMAKE_PREFIX_PATH=${CMAKE_PREFIX_PATH}:/workspace/install/visualization:/workspace/install/uwb_nls:/workspace/install/ultrasonic:/workspace/install/track:/workspace/install/record:/workspace/install/rc_receiver:/workspace/install/pixhawk_control:/workspace/install/motor:/workspace/install/camera:/opt/ros/humble /usr/local/bin/cmake --install /workspace/build/motor_if
