[3.699s] Invoking command in '/workspace/src/uwb_nls': PYTHONPATH=/workspace/build/uwb_nls/prefix_override:/usr/lib/python3/dist-packages/colcon_core/task/python/colcon_distutils_commands:/workspace/install/uwb_nls/lib/python3.10/site-packages:${PYTHONPATH} /usr/bin/python3 -W ignore:setup.py install is deprecated -W ignore:easy_install command is deprecated setup.py egg_info --egg-base ../../build/uwb_nls build --build-base /workspace/build/uwb_nls/build install --record /workspace/build/uwb_nls/install.log --single-version-externally-managed install_data
[4.377s] /usr/local/lib/python3.10/dist-packages/setuptools/_distutils/dist.py:261: UserWarning: Unknown distribution option: 'tests_require'
[4.377s]   warnings.warn(msg)
[5.057s] running egg_info
[5.066s] creating ../../build/uwb_nls/uwb_nls.egg-info
[5.128s] writing ../../build/uwb_nls/uwb_nls.egg-info/PKG-INFO
[5.132s] writing dependency_links to ../../build/uwb_nls/uwb_nls.egg-info/dependency_links.txt
[5.135s] writing entry points to ../../build/uwb_nls/uwb_nls.egg-info/entry_points.txt
[5.142s] writing requirements to ../../build/uwb_nls/uwb_nls.egg-info/requires.txt
[5.143s] writing top-level names to ../../build/uwb_nls/uwb_nls.egg-info/top_level.txt
[5.143s] writing manifest file '../../build/uwb_nls/uwb_nls.egg-info/SOURCES.txt'
[5.335s] reading manifest file '../../build/uwb_nls/uwb_nls.egg-info/SOURCES.txt'
[5.342s] writing manifest file '../../build/uwb_nls/uwb_nls.egg-info/SOURCES.txt'
[5.346s] running build
[5.347s] running build_py
[5.347s] creating /workspace/build/uwb_nls/build/lib/uwb_nls
[5.348s] copying uwb_nls/nposition_filter.py -> /workspace/build/uwb_nls/build/lib/uwb_nls
[5.366s] copying uwb_nls/nvisual.py -> /workspace/build/uwb_nls/build/lib/uwb_nls
[5.366s] copying uwb_nls/nreceiver.py -> /workspace/build/uwb_nls/build/lib/uwb_nls
[5.368s] copying uwb_nls/uwb_ransac_filter.py -> /workspace/build/uwb_nls/build/lib/uwb_nls
[5.369s] copying uwb_nls/ndistance_filter.py -> /workspace/build/uwb_nls/build/lib/uwb_nls
[5.370s] copying uwb_nls/uwb_receiver.py -> /workspace/build/uwb_nls/build/lib/uwb_nls
[5.371s] copying uwb_nls/new_receiver.py -> /workspace/build/uwb_nls/build/lib/uwb_nls
[5.372s] copying uwb_nls/uwb_visualization.py -> /workspace/build/uwb_nls/build/lib/uwb_nls
[5.374s] copying uwb_nls/nposition_nls.py -> /workspace/build/uwb_nls/build/lib/uwb_nls
[5.375s] copying uwb_nls/position_nls.py -> /workspace/build/uwb_nls/build/lib/uwb_nls
[5.376s] copying uwb_nls/uwb_last_filter_nls.py -> /workspace/build/uwb_nls/build/lib/uwb_nls
[5.376s] copying uwb_nls/__init__.py -> /workspace/build/uwb_nls/build/lib/uwb_nls
[5.377s] copying uwb_nls/distance_filter.py -> /workspace/build/uwb_nls/build/lib/uwb_nls
[5.379s] running install
[5.388s] running install_lib
[5.492s] creating /workspace/install/uwb_nls/lib/python3.10/site-packages/uwb_nls
[5.508s] copying /workspace/build/uwb_nls/build/lib/uwb_nls/nposition_filter.py -> /workspace/install/uwb_nls/lib/python3.10/site-packages/uwb_nls
[5.513s] copying /workspace/build/uwb_nls/build/lib/uwb_nls/nvisual.py -> /workspace/install/uwb_nls/lib/python3.10/site-packages/uwb_nls
[5.515s] copying /workspace/build/uwb_nls/build/lib/uwb_nls/nreceiver.py -> /workspace/install/uwb_nls/lib/python3.10/site-packages/uwb_nls
[5.516s] copying /workspace/build/uwb_nls/build/lib/uwb_nls/uwb_ransac_filter.py -> /workspace/install/uwb_nls/lib/python3.10/site-packages/uwb_nls
[5.519s] copying /workspace/build/uwb_nls/build/lib/uwb_nls/ndistance_filter.py -> /workspace/install/uwb_nls/lib/python3.10/site-packages/uwb_nls
[5.520s] copying /workspace/build/uwb_nls/build/lib/uwb_nls/uwb_receiver.py -> /workspace/install/uwb_nls/lib/python3.10/site-packages/uwb_nls
[5.520s] copying /workspace/build/uwb_nls/build/lib/uwb_nls/new_receiver.py -> /workspace/install/uwb_nls/lib/python3.10/site-packages/uwb_nls
[5.521s] copying /workspace/build/uwb_nls/build/lib/uwb_nls/uwb_visualization.py -> /workspace/install/uwb_nls/lib/python3.10/site-packages/uwb_nls
[5.522s] copying /workspace/build/uwb_nls/build/lib/uwb_nls/nposition_nls.py -> /workspace/install/uwb_nls/lib/python3.10/site-packages/uwb_nls
[5.523s] copying /workspace/build/uwb_nls/build/lib/uwb_nls/position_nls.py -> /workspace/install/uwb_nls/lib/python3.10/site-packages/uwb_nls
[5.523s] copying /workspace/build/uwb_nls/build/lib/uwb_nls/uwb_last_filter_nls.py -> /workspace/install/uwb_nls/lib/python3.10/site-packages/uwb_nls
[5.524s] copying /workspace/build/uwb_nls/build/lib/uwb_nls/__init__.py -> /workspace/install/uwb_nls/lib/python3.10/site-packages/uwb_nls
[5.525s] copying /workspace/build/uwb_nls/build/lib/uwb_nls/distance_filter.py -> /workspace/install/uwb_nls/lib/python3.10/site-packages/uwb_nls
[5.527s] byte-compiling /workspace/install/uwb_nls/lib/python3.10/site-packages/uwb_nls/nposition_filter.py to nposition_filter.cpython-310.pyc
[5.528s] byte-compiling /workspace/install/uwb_nls/lib/python3.10/site-packages/uwb_nls/nvisual.py to nvisual.cpython-310.pyc
[5.532s] byte-compiling /workspace/install/uwb_nls/lib/python3.10/site-packages/uwb_nls/nreceiver.py to nreceiver.cpython-310.pyc
[5.534s] byte-compiling /workspace/install/uwb_nls/lib/python3.10/site-packages/uwb_nls/uwb_ransac_filter.py to uwb_ransac_filter.cpython-310.pyc
[5.539s] byte-compiling /workspace/install/uwb_nls/lib/python3.10/site-packages/uwb_nls/ndistance_filter.py to ndistance_filter.cpython-310.pyc
[5.541s] byte-compiling /workspace/install/uwb_nls/lib/python3.10/site-packages/uwb_nls/uwb_receiver.py to uwb_receiver.cpython-310.pyc
[5.544s] byte-compiling /workspace/install/uwb_nls/lib/python3.10/site-packages/uwb_nls/new_receiver.py to new_receiver.cpython-310.pyc
[5.548s] byte-compiling /workspace/install/uwb_nls/lib/python3.10/site-packages/uwb_nls/uwb_visualization.py to uwb_visualization.cpython-310.pyc
[5.551s] byte-compiling /workspace/install/uwb_nls/lib/python3.10/site-packages/uwb_nls/nposition_nls.py to nposition_nls.cpython-310.pyc
[5.554s] byte-compiling /workspace/install/uwb_nls/lib/python3.10/site-packages/uwb_nls/position_nls.py to position_nls.cpython-310.pyc
[5.557s] byte-compiling /workspace/install/uwb_nls/lib/python3.10/site-packages/uwb_nls/uwb_last_filter_nls.py to uwb_last_filter_nls.cpython-310.pyc
[5.561s] byte-compiling /workspace/install/uwb_nls/lib/python3.10/site-packages/uwb_nls/__init__.py to __init__.cpython-310.pyc
[5.562s] byte-compiling /workspace/install/uwb_nls/lib/python3.10/site-packages/uwb_nls/distance_filter.py to distance_filter.cpython-310.pyc
[5.564s] running install_data
[5.567s] creating /workspace/install/uwb_nls/share/ament_index/resource_index/packages
[5.571s] copying resource/uwb_nls -> /workspace/install/uwb_nls/share/ament_index/resource_index/packages
[5.572s] copying package.xml -> /workspace/install/uwb_nls/share/uwb_nls
[5.575s] running install_egg_info
[5.627s] Copying ../../build/uwb_nls/uwb_nls.egg-info to /workspace/install/uwb_nls/lib/python3.10/site-packages/uwb_nls-0.0.0-py3.10.egg-info
[5.630s] running install_scripts
[6.037s] Installing distance_filter script to /workspace/install/uwb_nls/lib/uwb_nls
[6.037s] Installing last_filter_nls script to /workspace/install/uwb_nls/lib/uwb_nls
[6.038s] Installing ndistance_filter script to /workspace/install/uwb_nls/lib/uwb_nls
[6.038s] Installing nposition script to /workspace/install/uwb_nls/lib/uwb_nls
[6.039s] Installing nposition_filter script to /workspace/install/uwb_nls/lib/uwb_nls
[6.039s] Installing nreceiver script to /workspace/install/uwb_nls/lib/uwb_nls
[6.039s] Installing nvisual script to /workspace/install/uwb_nls/lib/uwb_nls
[6.041s] Installing position_nls script to /workspace/install/uwb_nls/lib/uwb_nls
[6.042s] Installing receiver script to /workspace/install/uwb_nls/lib/uwb_nls
[6.042s] Installing visualization_all script to /workspace/install/uwb_nls/lib/uwb_nls
[6.042s] writing list of installed files to '/workspace/build/uwb_nls/install.log'
[6.217s] Invoked command in '/workspace/src/uwb_nls' returned '0': PYTHONPATH=/workspace/build/uwb_nls/prefix_override:/usr/lib/python3/dist-packages/colcon_core/task/python/colcon_distutils_commands:/workspace/install/uwb_nls/lib/python3.10/site-packages:${PYTHONPATH} /usr/bin/python3 -W ignore:setup.py install is deprecated -W ignore:easy_install command is deprecated setup.py egg_info --egg-base ../../build/uwb_nls build --build-base /workspace/build/uwb_nls/build install --record /workspace/build/uwb_nls/install.log --single-version-externally-managed install_data
