-- Found ament_cmake: 1.3.10 (/opt/ros/humble/install/share/ament_cmake/cmake)
-- Found rclcpp: 16.0.10 (/opt/ros/humble/install/share/rclcpp/cmake)
-- Found rosidl_generator_c: 3.1.5 (/opt/ros/humble/install/share/rosidl_generator_c/cmake)
-- Found rosidl_adapter: 3.1.5 (/opt/ros/humble/install/share/rosidl_adapter/cmake)
-- Found rosidl_generator_cpp: 3.1.5 (/opt/ros/humble/install/share/rosidl_generator_cpp/cmake)
-- Using all available rosidl_typesupport_c: rosidl_typesupport_fastrtps_c;rosidl_typesupport_introspection_c
-- Using all available rosidl_typesupport_cpp: rosidl_typesupport_fastrtps_cpp;rosidl_typesupport_introspection_cpp
-- Found rmw_implementation_cmake: 6.1.2 (/opt/ros/humble/install/share/rmw_implementation_cmake/cmake)
-- Found rmw_fastrtps_cpp: 6.2.7 (/opt/ros/humble/install/share/rmw_fastrtps_cpp/cmake)
-- Using RMW implementation 'rmw_fastrtps_cpp' as default
-- Found sensor_msgs: 4.2.4 (/opt/ros/humble/install/share/sensor_msgs/cmake)
-- Found cv_bridge: 3.2.1 (/opt/ros/humble/install/share/cv_bridge/cmake)
[33mCMake Warning (dev) at /usr/lib/cmake/opencv4/OpenCVConfig.cmake:86 (find_package):
  Policy CMP0146 is not set: The FindCUDA module is removed.  Run "cmake
  --help-policy CMP0146" for policy details.  Use the cmake_policy command to
  set the policy and suppress this warning.

Call Stack (most recent call first):
  /usr/lib/cmake/opencv4/OpenCVConfig.cmake:108 (find_host_package)
  /opt/ros/humble/install/share/cv_bridge/cmake/ament_cmake_export_dependencies-extras.cmake:21 (find_package)
  /opt/ros/humble/install/share/cv_bridge/cmake/cv_bridgeConfig.cmake:41 (include)
  CMakeLists.txt:14 (find_package)
This warning is for project developers.  Use -Wno-dev to suppress it.
[0m
[33mCMake Warning (dev) at /usr/lib/aarch64-linux-gnu/cmake/pcl/PCLConfig.cmake:146 (find_package):
  Policy CMP0144 is not set: find_package uses upper-case <PACKAGENAME>_ROOT
  variables.  Run "cmake --help-policy CMP0144" for policy details.  Use the
  cmake_policy command to set the policy and suppress this warning.

  CMake variable EIGEN_ROOT is set to:

    /usr/include/eigen3

  For compatibility, find_package is ignoring the variable, but code in a
  .cmake module might still use it.
Call Stack (most recent call first):
  /usr/lib/aarch64-linux-gnu/cmake/pcl/PCLConfig.cmake:299 (find_eigen)
  /usr/lib/aarch64-linux-gnu/cmake/pcl/PCLConfig.cmake:543 (find_external_library)
  CMakeLists.txt:16 (find_package)
This warning is for project developers.  Use -Wno-dev to suppress it.
[0m
-- Eigen found (include: /usr/include/eigen3, version: 3.4.0)
[33mCMake Warning (dev) at /usr/lib/aarch64-linux-gnu/cmake/pcl/PCLConfig.cmake:128 (find_package):
  Policy CMP0167 is not set: The FindBoost module is removed.  Run "cmake
  --help-policy CMP0167" for policy details.  Use the cmake_policy command to
  set the policy and suppress this warning.

Call Stack (most recent call first):
  /usr/lib/aarch64-linux-gnu/cmake/pcl/PCLConfig.cmake:297 (find_boost)
  /usr/lib/aarch64-linux-gnu/cmake/pcl/PCLConfig.cmake:543 (find_external_library)
  CMakeLists.txt:16 (find_package)
This warning is for project developers.  Use -Wno-dev to suppress it.
[0m
-- OpenNI found (version: 1.5.4.0, include: /usr/include/ni, lib: /usr/lib/libOpenNI.so;libusb::libusb)
-- OpenNI2 found (version: 2.2.0.33, include: /usr/include/openni2, lib: /usr/lib/aarch64-linux-gnu/libOpenNI2.so;libusb::libusb)
[0m** WARNING ** io features related to pcap will be disabled[0m
[0m** WARNING ** io features related to png will be disabled[0m
[33mCMake Warning (dev) at /usr/lib/aarch64-linux-gnu/cmake/pcl/PCLConfig.cmake:128 (find_package):
  Policy CMP0167 is not set: The FindBoost module is removed.  Run "cmake
  --help-policy CMP0167" for policy details.  Use the cmake_policy command to
  set the policy and suppress this warning.

Call Stack (most recent call first):
  /usr/lib/aarch64-linux-gnu/cmake/pcl/PCLConfig.cmake:297 (find_boost)
  /usr/lib/aarch64-linux-gnu/cmake/pcl/PCLConfig.cmake:543 (find_external_library)
  CMakeLists.txt:16 (find_package)
This warning is for project developers.  Use -Wno-dev to suppress it.
[0m
-- Eigen found (include: /usr/include/eigen3, version: 3.4.0)
[33mCMake Warning (dev) at /usr/lib/aarch64-linux-gnu/cmake/pcl/Modules/FindFLANN.cmake:44 (find_package):
  Policy CMP0144 is not set: find_package uses upper-case <PACKAGENAME>_ROOT
  variables.  Run "cmake --help-policy CMP0144" for policy details.  Use the
  cmake_policy command to set the policy and suppress this warning.

  CMake variable FLANN_ROOT is set to:

    /usr

  For compatibility, find_package is ignoring the variable, but code in a
  .cmake module might still use it.
Call Stack (most recent call first):
  /usr/lib/aarch64-linux-gnu/cmake/pcl/PCLConfig.cmake:256 (find_package)
  /usr/lib/aarch64-linux-gnu/cmake/pcl/PCLConfig.cmake:301 (find_flann)
  /usr/lib/aarch64-linux-gnu/cmake/pcl/PCLConfig.cmake:543 (find_external_library)
  CMakeLists.txt:16 (find_package)
This warning is for project developers.  Use -Wno-dev to suppress it.
[0m
-- FLANN found (include: /usr/include, lib: /usr/lib/aarch64-linux-gnu/libflann_cpp.so)
-- looking for PCL_COMMON
-- looking for PCL_OCTREE
-- looking for PCL_IO
-- looking for PCL_KDTREE
-- looking for PCL_SEARCH
-- looking for PCL_SAMPLE_CONSENSUS
-- looking for PCL_FILTERS
-- looking for PCL_GEOMETRY
-- looking for PCL_2D
-- looking for PCL_FEATURES
-- looking for PCL_ML
-- looking for PCL_SEGMENTATION
-- Found pcl_conversions: 2.4.5 (/opt/ros/humble/install/share/pcl_conversions/cmake)
-- Found image_transport: 3.1.9 (/opt/ros/humble/install/share/image_transport/cmake)
-- Configuring done (7.2s)
-- Generating done (0.4s)
-- Build files have been written to: /workspace/build/obs_filiter
[ 12%] [32mBuilding CXX object CMakeFiles/realsense_read_node.dir/src/realsense_read.cpp.o[0m
[ 25%] [32m[1mLinking CXX executable realsense_read_node[0m
[ 25%] Built target realsense_read_node
[ 50%] Built target xz_visualizer_node
[ 75%] Built target obstacle_node
[100%] Built target plane_node
-- Install configuration: ""
-- Installing: /workspace/install/obs_filiter/lib/obs_filiter/realsense_read_node
-- Set non-toolchain portion of runtime path of "/workspace/install/obs_filiter/lib/obs_filiter/realsense_read_node" to ""
-- Up-to-date: /workspace/install/obs_filiter/lib/obs_filiter/plane_node
-- Up-to-date: /workspace/install/obs_filiter/lib/obs_filiter/obstacle_node
-- Up-to-date: /workspace/install/obs_filiter/lib/obs_filiter/xz_visualizer_node
-- Up-to-date: /workspace/install/obs_filiter/include/obs_filiter
-- Up-to-date: /workspace/install/obs_filiter/include/obs_filiter/obs_filiter
-- Up-to-date: /workspace/install/obs_filiter/include/obs_filiter/obs_filiter/plane_estimator.hpp
-- Up-to-date: /workspace/install/obs_filiter/include/obs_filiter/obs_filiter/visualization.hpp
-- Up-to-date: /workspace/install/obs_filiter/include/obs_filiter/obs_filiter/obstacle_detector.hpp
-- Up-to-date: /workspace/install/obs_filiter/share/obs_filiter//launch
-- Up-to-date: /workspace/install/obs_filiter/share/obs_filiter//launch/obs_filiter_launch.py
-- Up-to-date: /workspace/install/obs_filiter/share/ament_index/resource_index/package_run_dependencies/obs_filiter
-- Up-to-date: /workspace/install/obs_filiter/share/ament_index/resource_index/parent_prefix_path/obs_filiter
-- Up-to-date: /workspace/install/obs_filiter/share/obs_filiter/environment/ament_prefix_path.sh
-- Installing: /workspace/install/obs_filiter/share/obs_filiter/environment/ament_prefix_path.dsv
-- Up-to-date: /workspace/install/obs_filiter/share/obs_filiter/environment/path.sh
-- Installing: /workspace/install/obs_filiter/share/obs_filiter/environment/path.dsv
-- Up-to-date: /workspace/install/obs_filiter/share/obs_filiter/local_setup.bash
-- Up-to-date: /workspace/install/obs_filiter/share/obs_filiter/local_setup.sh
-- Up-to-date: /workspace/install/obs_filiter/share/obs_filiter/local_setup.zsh
-- Installing: /workspace/install/obs_filiter/share/obs_filiter/local_setup.dsv
-- Installing: /workspace/install/obs_filiter/share/obs_filiter/package.dsv
-- Up-to-date: /workspace/install/obs_filiter/share/ament_index/resource_index/packages/obs_filiter
-- Up-to-date: /workspace/install/obs_filiter/share/obs_filiter/cmake/obs_filiterConfig.cmake
-- Up-to-date: /workspace/install/obs_filiter/share/obs_filiter/cmake/obs_filiterConfig-version.cmake
-- Up-to-date: /workspace/install/obs_filiter/share/obs_filiter/package.xml
