[3.522s] Invoking command in '/workspace/src/uwb_nls': PYTHONPATH=/workspace/build/uwb_nls/prefix_override:/usr/lib/python3/dist-packages/colcon_core/task/python/colcon_distutils_commands:/workspace/install/uwb_nls/lib/python3.10/site-packages:${PYTHONPATH} /usr/bin/python3 -W ignore:setup.py install is deprecated setup.py egg_info --egg-base ../../build/uwb_nls build --build-base /workspace/build/uwb_nls/build install --record /workspace/build/uwb_nls/install.log --single-version-externally-managed install_data
[3.601s] /usr/local/lib/python3.10/dist-packages/_distutils_hack/__init__.py:53: UserWarning: Reliance on distutils from stdlib is deprecated. Users must rely on setuptools to provide the distutils module. Avoid importing distutils or import setuptools first, and avoid setting SETUPTOOLS_USE_DISTUTILS=stdlib. Register concerns at https://github.com/pypa/setuptools/issues/new?template=distutils-deprecation.yml
[3.602s]   warnings.warn(
[3.932s] /usr/lib/python3.10/distutils/dist.py:274: UserWarning: Unknown distribution option: 'tests_require'
[3.933s]   warnings.warn(msg)
[4.194s] running egg_info
[4.235s] writing ../../build/uwb_nls/uwb_nls.egg-info/PKG-INFO
[4.236s] writing dependency_links to ../../build/uwb_nls/uwb_nls.egg-info/dependency_links.txt
[4.237s] writing entry points to ../../build/uwb_nls/uwb_nls.egg-info/entry_points.txt
[4.238s] writing requirements to ../../build/uwb_nls/uwb_nls.egg-info/requires.txt
[4.239s] writing top-level names to ../../build/uwb_nls/uwb_nls.egg-info/top_level.txt
[4.319s] reading manifest file '../../build/uwb_nls/uwb_nls.egg-info/SOURCES.txt'
[4.323s] writing manifest file '../../build/uwb_nls/uwb_nls.egg-info/SOURCES.txt'
[4.324s] running build
[4.325s] running build_py
[4.327s] running install
[4.329s] running install_lib
[4.372s] running install_data
[4.373s] running install_egg_info
[4.415s] removing '/workspace/install/uwb_nls/lib/python3.10/site-packages/uwb_nls-0.0.0-py3.10.egg-info' (and everything under it)
[4.416s] Copying ../../build/uwb_nls/uwb_nls.egg-info to /workspace/install/uwb_nls/lib/python3.10/site-packages/uwb_nls-0.0.0-py3.10.egg-info
[4.418s] running install_scripts
[4.505s] Installing distance_filter script to /workspace/install/uwb_nls/lib/uwb_nls
[4.506s] Installing last_filter_nls script to /workspace/install/uwb_nls/lib/uwb_nls
[4.506s] Installing ndistance_filter script to /workspace/install/uwb_nls/lib/uwb_nls
[4.507s] Installing nposition script to /workspace/install/uwb_nls/lib/uwb_nls
[4.507s] Installing nposition_filter script to /workspace/install/uwb_nls/lib/uwb_nls
[4.507s] Installing nreceiver script to /workspace/install/uwb_nls/lib/uwb_nls
[4.507s] Installing nvisual script to /workspace/install/uwb_nls/lib/uwb_nls
[4.508s] Installing position_nls script to /workspace/install/uwb_nls/lib/uwb_nls
[4.508s] Installing receiver script to /workspace/install/uwb_nls/lib/uwb_nls
[4.508s] Installing visualization_all script to /workspace/install/uwb_nls/lib/uwb_nls
[4.509s] writing list of installed files to '/workspace/build/uwb_nls/install.log'
[4.589s] Invoked command in '/workspace/src/uwb_nls' returned '0': PYTHONPATH=/workspace/build/uwb_nls/prefix_override:/usr/lib/python3/dist-packages/colcon_core/task/python/colcon_distutils_commands:/workspace/install/uwb_nls/lib/python3.10/site-packages:${PYTHONPATH} /usr/bin/python3 -W ignore:setup.py install is deprecated setup.py egg_info --egg-base ../../build/uwb_nls build --build-base /workspace/build/uwb_nls/build install --record /workspace/build/uwb_nls/install.log --single-version-externally-managed install_data
