[2.185s] Invoking command in '/workspace/src/uwb': PYTHONPATH=/workspace/build/uwb/prefix_override:/usr/lib/python3/dist-packages/colcon_core/task/python/colcon_distutils_commands:/workspace/install/uwb/lib/python3.10/site-packages:${PYTHONPATH} /usr/bin/python3 -W ignore:setup.py install is deprecated -W ignore:easy_install command is deprecated setup.py egg_info --egg-base ../../build/uwb build --build-base /workspace/build/uwb/build install --record /workspace/build/uwb/install.log --single-version-externally-managed install_data
[2.480s] running egg_info
[2.481s] writing ../../build/uwb/uwb.egg-info/PKG-INFO
[2.481s] writing dependency_links to ../../build/uwb/uwb.egg-info/dependency_links.txt
[2.482s] writing entry points to ../../build/uwb/uwb.egg-info/entry_points.txt
[2.482s] writing requirements to ../../build/uwb/uwb.egg-info/requires.txt
[2.482s] writing top-level names to ../../build/uwb/uwb.egg-info/top_level.txt
[2.485s] reading manifest file '../../build/uwb/uwb.egg-info/SOURCES.txt'
[2.486s] writing manifest file '../../build/uwb/uwb.egg-info/SOURCES.txt'
[2.486s] running build
[2.486s] running build_py
[2.487s] copying uwb/position_nls.py -> /workspace/build/uwb/build/lib/uwb
[2.488s] running install
[2.488s] running install_lib
[2.489s] copying /workspace/build/uwb/build/lib/uwb/position_nls.py -> /workspace/install/uwb/lib/python3.10/site-packages/uwb
[2.490s] byte-compiling /workspace/install/uwb/lib/python3.10/site-packages/uwb/position_nls.py to position_nls.cpython-310.pyc
[2.492s] running install_data
[2.493s] running install_egg_info
[2.495s] removing '/workspace/install/uwb/lib/python3.10/site-packages/uwb-0.0.0-py3.10.egg-info' (and everything under it)
[2.496s] Copying ../../build/uwb/uwb.egg-info to /workspace/install/uwb/lib/python3.10/site-packages/uwb-0.0.0-py3.10.egg-info
[2.497s] running install_scripts
[2.529s] Installing filter script to /workspace/install/uwb/lib/uwb
[2.529s] Installing last_filter script to /workspace/install/uwb/lib/uwb
[2.530s] Installing localization script to /workspace/install/uwb/lib/uwb
[2.530s] Installing position_nls script to /workspace/install/uwb/lib/uwb
[2.530s] Installing receiver script to /workspace/install/uwb/lib/uwb
[2.530s] Installing visualization script to /workspace/install/uwb/lib/uwb
[2.531s] writing list of installed files to '/workspace/build/uwb/install.log'
[2.594s] Invoked command in '/workspace/src/uwb' returned '0': PYTHONPATH=/workspace/build/uwb/prefix_override:/usr/lib/python3/dist-packages/colcon_core/task/python/colcon_distutils_commands:/workspace/install/uwb/lib/python3.10/site-packages:${PYTHONPATH} /usr/bin/python3 -W ignore:setup.py install is deprecated -W ignore:easy_install command is deprecated setup.py egg_info --egg-base ../../build/uwb build --build-base /workspace/build/uwb/build install --record /workspace/build/uwb/install.log --single-version-externally-managed install_data
