[0.017s] Invoking command in '/home/jimmy/work/build/dynamixel_sdk': CMAKE_PREFIX_PATH=/opt/ros/humble /usr/bin/cmake --build /home/jimmy/work/build/dynamixel_sdk -- -j20 -l20
[0.206s] [100%] Built target dynamixel_sdk
[0.364s] Invoked command in '/home/jimmy/work/build/dynamixel_sdk' returned '0': CMAKE_PREFIX_PATH=/opt/ros/humble /usr/bin/cmake --build /home/jimmy/work/build/dynamixel_sdk -- -j20 -l20
[0.400s] Invoking command in '/home/jimmy/work/build/dynamixel_sdk': CMAKE_PREFIX_PATH=/opt/ros/humble /usr/bin/cmake --install /home/jimmy/work/build/dynamixel_sdk
[0.405s] -- Install configuration: ""
[0.406s] -- Up-to-date: /home/jimmy/work/install/dynamixel_sdk/include/
[0.406s] -- Up-to-date: /home/jimmy/work/install/dynamixel_sdk/include//dynamixel_sdk
[0.406s] -- Up-to-date: /home/jimmy/work/install/dynamixel_sdk/include//dynamixel_sdk/protocol1_packet_handler.h
[0.406s] -- Up-to-date: /home/jimmy/work/install/dynamixel_sdk/include//dynamixel_sdk/port_handler_windows.h
[0.407s] -- Up-to-date: /home/jimmy/work/install/dynamixel_sdk/include//dynamixel_sdk/port_handler_arduino.h
[0.407s] -- Up-to-date: /home/jimmy/work/install/dynamixel_sdk/include//dynamixel_sdk/port_handler_linux.h
[0.407s] -- Up-to-date: /home/jimmy/work/install/dynamixel_sdk/include//dynamixel_sdk/group_bulk_read.h
[0.408s] -- Up-to-date: /home/jimmy/work/install/dynamixel_sdk/include//dynamixel_sdk/protocol2_packet_handler.h
[0.408s] -- Up-to-date: /home/jimmy/work/install/dynamixel_sdk/include//dynamixel_sdk/group_sync_write.h
[0.408s] -- Up-to-date: /home/jimmy/work/install/dynamixel_sdk/include//dynamixel_sdk/group_bulk_write.h
[0.408s] -- Up-to-date: /home/jimmy/work/install/dynamixel_sdk/include//dynamixel_sdk/dynamixel_sdk.h
[0.408s] -- Up-to-date: /home/jimmy/work/install/dynamixel_sdk/include//dynamixel_sdk/group_sync_read.h
[0.408s] -- Up-to-date: /home/jimmy/work/install/dynamixel_sdk/include//dynamixel_sdk/port_handler.h
[0.409s] -- Up-to-date: /home/jimmy/work/install/dynamixel_sdk/include//dynamixel_sdk/packet_handler.h
[0.409s] -- Up-to-date: /home/jimmy/work/install/dynamixel_sdk/include//dynamixel_sdk/port_handler_mac.h
[0.409s] -- Up-to-date: /home/jimmy/work/install/dynamixel_sdk/lib/libdynamixel_sdk.so
[0.409s] -- Up-to-date: /home/jimmy/work/install/dynamixel_sdk/share/dynamixel_sdk/environment/library_path.sh
[0.409s] -- Up-to-date: /home/jimmy/work/install/dynamixel_sdk/share/dynamixel_sdk/environment/library_path.dsv
[0.409s] -- Up-to-date: /home/jimmy/work/install/dynamixel_sdk/share/ament_index/resource_index/package_run_dependencies/dynamixel_sdk
[0.410s] -- Up-to-date: /home/jimmy/work/install/dynamixel_sdk/share/ament_index/resource_index/parent_prefix_path/dynamixel_sdk
[0.410s] -- Up-to-date: /home/jimmy/work/install/dynamixel_sdk/share/dynamixel_sdk/environment/ament_prefix_path.sh
[0.410s] -- Up-to-date: /home/jimmy/work/install/dynamixel_sdk/share/dynamixel_sdk/environment/ament_prefix_path.dsv
[0.410s] -- Up-to-date: /home/jimmy/work/install/dynamixel_sdk/share/dynamixel_sdk/environment/path.sh
[0.410s] -- Up-to-date: /home/jimmy/work/install/dynamixel_sdk/share/dynamixel_sdk/environment/path.dsv
[0.411s] -- Up-to-date: /home/jimmy/work/install/dynamixel_sdk/share/dynamixel_sdk/local_setup.bash
[0.411s] -- Up-to-date: /home/jimmy/work/install/dynamixel_sdk/share/dynamixel_sdk/local_setup.sh
[0.411s] -- Up-to-date: /home/jimmy/work/install/dynamixel_sdk/share/dynamixel_sdk/local_setup.zsh
[0.411s] -- Up-to-date: /home/jimmy/work/install/dynamixel_sdk/share/dynamixel_sdk/local_setup.dsv
[0.411s] -- Installing: /home/jimmy/work/install/dynamixel_sdk/share/dynamixel_sdk/package.dsv
[0.411s] -- Up-to-date: /home/jimmy/work/install/dynamixel_sdk/share/ament_index/resource_index/packages/dynamixel_sdk
[0.411s] -- Up-to-date: /home/jimmy/work/install/dynamixel_sdk/share/dynamixel_sdk/cmake/ament_cmake_export_include_directories-extras.cmake
[0.412s] -- Up-to-date: /home/jimmy/work/install/dynamixel_sdk/share/dynamixel_sdk/cmake/ament_cmake_export_libraries-extras.cmake
[0.412s] -- Up-to-date: /home/jimmy/work/install/dynamixel_sdk/share/dynamixel_sdk/cmake/dynamixel_sdkConfig.cmake
[0.412s] -- Up-to-date: /home/jimmy/work/install/dynamixel_sdk/share/dynamixel_sdk/cmake/dynamixel_sdkConfig-version.cmake
[0.412s] -- Up-to-date: /home/jimmy/work/install/dynamixel_sdk/share/dynamixel_sdk/package.xml
[0.412s] Invoked command in '/home/jimmy/work/build/dynamixel_sdk' returned '0': CMAKE_PREFIX_PATH=/opt/ros/humble /usr/bin/cmake --install /home/jimmy/work/build/dynamixel_sdk
