[4.349s] Invoking command in '/workspace/src/pixhawk_control': PYTHONPATH=/workspace/build/pixhawk_control/prefix_override:/usr/lib/python3/dist-packages/colcon_core/task/python/colcon_distutils_commands:/workspace/install/pixhawk_control/lib/python3.10/site-packages:${PYTHONPATH} /usr/bin/python3 -W ignore:setup.py install is deprecated setup.py egg_info --egg-base ../../build/pixhawk_control build --build-base /workspace/build/pixhawk_control/build install --record /workspace/build/pixhawk_control/install.log --single-version-externally-managed install_data
[4.401s] /usr/local/lib/python3.10/dist-packages/_distutils_hack/__init__.py:53: UserWarning: Reliance on distutils from stdlib is deprecated. Users must rely on setuptools to provide the distutils module. Avoid importing distutils or import setuptools first, and avoid setting SETUPTOOLS_USE_DISTUTILS=stdlib. Register concerns at https://github.com/pypa/setuptools/issues/new?template=distutils-deprecation.yml
[4.403s]   warnings.warn(
[4.677s] /usr/lib/python3.10/distutils/dist.py:274: UserWarning: Unknown distribution option: 'tests_require'
[4.678s]   warnings.warn(msg)
[4.887s] running egg_info
[4.918s] writing ../../build/pixhawk_control/pixhawk_control.egg-info/PKG-INFO
[4.920s] writing dependency_links to ../../build/pixhawk_control/pixhawk_control.egg-info/dependency_links.txt
[4.921s] writing entry points to ../../build/pixhawk_control/pixhawk_control.egg-info/entry_points.txt
[4.922s] writing requirements to ../../build/pixhawk_control/pixhawk_control.egg-info/requires.txt
[4.923s] writing top-level names to ../../build/pixhawk_control/pixhawk_control.egg-info/top_level.txt
[4.998s] reading manifest file '../../build/pixhawk_control/pixhawk_control.egg-info/SOURCES.txt'
[5.000s] writing manifest file '../../build/pixhawk_control/pixhawk_control.egg-info/SOURCES.txt'
[5.001s] running build
[5.001s] running build_py
[5.003s] running install
[5.005s] running install_lib
[5.058s] running install_data
[5.058s] running install_egg_info
[5.093s] removing '/workspace/install/pixhawk_control/lib/python3.10/site-packages/pixhawk_control-0.0.0-py3.10.egg-info' (and everything under it)
[5.097s] Copying ../../build/pixhawk_control/pixhawk_control.egg-info to /workspace/install/pixhawk_control/lib/python3.10/site-packages/pixhawk_control-0.0.0-py3.10.egg-info
[5.110s] running install_scripts
[5.196s] Installing rc_receive script to /workspace/install/pixhawk_control/lib/pixhawk_control
[5.198s] Installing velocity_to_pwm script to /workspace/install/pixhawk_control/lib/pixhawk_control
[5.200s] writing list of installed files to '/workspace/build/pixhawk_control/install.log'
[5.620s] Invoked command in '/workspace/src/pixhawk_control' returned '0': PYTHONPATH=/workspace/build/pixhawk_control/prefix_override:/usr/lib/python3/dist-packages/colcon_core/task/python/colcon_distutils_commands:/workspace/install/pixhawk_control/lib/python3.10/site-packages:${PYTHONPATH} /usr/bin/python3 -W ignore:setup.py install is deprecated setup.py egg_info --egg-base ../../build/pixhawk_control build --build-base /workspace/build/pixhawk_control/build install --record /workspace/build/pixhawk_control/install.log --single-version-externally-managed install_data
