[1.017s] Invoking command in '/workspace/build/motor_if': CMAKE_PREFIX_PATH=${CMAKE_PREFIX_PATH}:/workspace/install/visualization:/workspace/install/uwb_nls:/workspace/install/ultrasonic:/workspace/install/track:/workspace/install/record:/workspace/install/rc_receiver:/workspace/install/pixhawk_control:/workspace/install/motor:/workspace/install/camera:/opt/ros/humble /usr/local/bin/cmake --build /workspace/build/motor_if -- -j8 -l8
[2.017s] [  3%] Built target motor_if__cpp
[2.017s] [ 12%] Built target motor_if__rosidl_generator_c
[2.017s] [ 12%] Built target ament_cmake_python_copy_motor_if
[2.017s] [ 22%] Built target motor_if__rosidl_typesupport_cpp
[2.017s] [ 32%] Built target motor_if__rosidl_typesupport_introspection_cpp
[2.018s] [ 41%] Built target motor_if__rosidl_typesupport_fastrtps_cpp
[2.018s] [ 51%] Built target motor_if__rosidl_typesupport_introspection_c
[2.018s] [ 64%] Built target motor_if__rosidl_typesupport_fastrtps_c
[2.018s] [ 70%] Built target motor_if__rosidl_typesupport_c
[2.018s] [ 70%] Built target motor_if
[2.018s] [ 74%] Built target motor_if__py
[2.018s] [ 80%] Built target motor_if__rosidl_generator_py
[2.018s] [ 87%] Built target motor_if__rosidl_typesupport_fastrtps_c__pyext
[2.018s] [ 96%] Built target motor_if__rosidl_typesupport_c__pyext
[2.018s] [100%] Built target motor_if__rosidl_typesupport_introspection_c__pyext
[2.018s] running egg_info
[2.019s] writing motor_if.egg-info/PKG-INFO
[2.019s] writing dependency_links to motor_if.egg-info/dependency_links.txt
[2.019s] writing top-level names to motor_if.egg-info/top_level.txt
[2.019s] reading manifest file 'motor_if.egg-info/SOURCES.txt'
[2.019s] writing manifest file 'motor_if.egg-info/SOURCES.txt'
[2.019s] [100%] Built target ament_cmake_python_build_motor_if_egg
[2.714s] Invoked command in '/workspace/build/motor_if' returned '0': CMAKE_PREFIX_PATH=${CMAKE_PREFIX_PATH}:/workspace/install/visualization:/workspace/install/uwb_nls:/workspace/install/ultrasonic:/workspace/install/track:/workspace/install/record:/workspace/install/rc_receiver:/workspace/install/pixhawk_control:/workspace/install/motor:/workspace/install/camera:/opt/ros/humble /usr/local/bin/cmake --build /workspace/build/motor_if -- -j8 -l8
[2.715s] Invoking command in '/workspace/build/motor_if': CMAKE_PREFIX_PATH=${CMAKE_PREFIX_PATH}:/workspace/install/visualization:/workspace/install/uwb_nls:/workspace/install/ultrasonic:/workspace/install/track:/workspace/install/record:/workspace/install/rc_receiver:/workspace/install/pixhawk_control:/workspace/install/motor:/workspace/install/camera:/opt/ros/humble /usr/local/bin/cmake --install /workspace/build/motor_if
[2.934s] -- Install configuration: ""
[2.934s] -- Up-to-date: /workspace/install/motor_if/share/ament_index/resource_index/rosidl_interfaces/motor_if
[2.935s] -- Up-to-date: /workspace/install/motor_if/include/motor_if/motor_if
[2.935s] -- Up-to-date: /workspace/install/motor_if/include/motor_if/motor_if/srv
[2.935s] -- Up-to-date: /workspace/install/motor_if/include/motor_if/motor_if/srv/motor_pos.h
[2.935s] -- Up-to-date: /workspace/install/motor_if/include/motor_if/motor_if/srv/detail
[2.935s] -- Up-to-date: /workspace/install/motor_if/include/motor_if/motor_if/srv/detail/motor_pos__functions.c
[2.935s] -- Up-to-date: /workspace/install/motor_if/include/motor_if/motor_if/srv/detail/motor_pos__struct.h
[2.935s] -- Up-to-date: /workspace/install/motor_if/include/motor_if/motor_if/srv/detail/motor_pos__type_support.h
[2.935s] -- Up-to-date: /workspace/install/motor_if/include/motor_if/motor_if/srv/detail/motor_pos__functions.h
[2.935s] -- Up-to-date: /workspace/install/motor_if/include/motor_if/motor_if/msg
[2.936s] -- Up-to-date: /workspace/install/motor_if/include/motor_if/motor_if/msg/rosidl_generator_c__visibility_control.h
[2.936s] -- Up-to-date: /workspace/install/motor_if/share/motor_if/environment/library_path.sh
[2.936s] -- Up-to-date: /workspace/install/motor_if/share/motor_if/environment/library_path.dsv
[2.937s] -- Up-to-date: /workspace/install/motor_if/lib/libmotor_if__rosidl_generator_c.so
[2.938s] -- Up-to-date: /workspace/install/motor_if/include/motor_if/motor_if
[2.943s] -- Up-to-date: /workspace/install/motor_if/include/motor_if/motor_if/srv
[2.943s] -- Up-to-date: /workspace/install/motor_if/include/motor_if/motor_if/srv/detail
[2.943s] -- Up-to-date: /workspace/install/motor_if/include/motor_if/motor_if/srv/detail/motor_pos__rosidl_typesupport_fastrtps_c.h
[2.943s] -- Up-to-date: /workspace/install/motor_if/include/motor_if/motor_if/msg
[2.944s] -- Up-to-date: /workspace/install/motor_if/include/motor_if/motor_if/msg/rosidl_typesupport_fastrtps_c__visibility_control.h
[2.944s] -- Up-to-date: /workspace/install/motor_if/lib/libmotor_if__rosidl_typesupport_fastrtps_c.so
[2.944s] -- Up-to-date: /workspace/install/motor_if/include/motor_if/motor_if
[2.944s] -- Up-to-date: /workspace/install/motor_if/include/motor_if/motor_if/srv
[2.944s] -- Up-to-date: /workspace/install/motor_if/include/motor_if/motor_if/srv/detail
[2.944s] -- Up-to-date: /workspace/install/motor_if/include/motor_if/motor_if/srv/detail/motor_pos__rosidl_typesupport_introspection_c.h
[2.944s] -- Up-to-date: /workspace/install/motor_if/include/motor_if/motor_if/srv/detail/motor_pos__type_support.c
[2.944s] -- Up-to-date: /workspace/install/motor_if/include/motor_if/motor_if/msg
[2.944s] -- Up-to-date: /workspace/install/motor_if/include/motor_if/motor_if/msg/rosidl_typesupport_introspection_c__visibility_control.h
[2.944s] -- Up-to-date: /workspace/install/motor_if/lib/libmotor_if__rosidl_typesupport_introspection_c.so
[2.944s] -- Up-to-date: /workspace/install/motor_if/lib/libmotor_if__rosidl_typesupport_c.so
[2.945s] -- Up-to-date: /workspace/install/motor_if/include/motor_if/motor_if
[2.945s] -- Up-to-date: /workspace/install/motor_if/include/motor_if/motor_if/srv
[2.945s] -- Up-to-date: /workspace/install/motor_if/include/motor_if/motor_if/srv/detail
[2.945s] -- Up-to-date: /workspace/install/motor_if/include/motor_if/motor_if/srv/detail/motor_pos__traits.hpp
[2.945s] -- Up-to-date: /workspace/install/motor_if/include/motor_if/motor_if/srv/detail/motor_pos__type_support.hpp
[2.945s] -- Up-to-date: /workspace/install/motor_if/include/motor_if/motor_if/srv/detail/motor_pos__struct.hpp
[2.945s] -- Up-to-date: /workspace/install/motor_if/include/motor_if/motor_if/srv/detail/motor_pos__builder.hpp
[2.945s] -- Up-to-date: /workspace/install/motor_if/include/motor_if/motor_if/srv/motor_pos.hpp
[2.946s] -- Up-to-date: /workspace/install/motor_if/include/motor_if/motor_if/msg
[2.946s] -- Up-to-date: /workspace/install/motor_if/include/motor_if/motor_if/msg/rosidl_generator_cpp__visibility_control.hpp
[2.946s] -- Up-to-date: /workspace/install/motor_if/include/motor_if/motor_if
[2.946s] -- Up-to-date: /workspace/install/motor_if/include/motor_if/motor_if/srv
[2.946s] -- Up-to-date: /workspace/install/motor_if/include/motor_if/motor_if/srv/detail
[2.946s] -- Up-to-date: /workspace/install/motor_if/include/motor_if/motor_if/srv/detail/dds_fastrtps
[2.946s] -- Up-to-date: /workspace/install/motor_if/include/motor_if/motor_if/srv/detail/motor_pos__rosidl_typesupport_fastrtps_cpp.hpp
[2.947s] -- Up-to-date: /workspace/install/motor_if/include/motor_if/motor_if/msg
[2.947s] -- Up-to-date: /workspace/install/motor_if/include/motor_if/motor_if/msg/rosidl_typesupport_fastrtps_cpp__visibility_control.h
[2.947s] -- Up-to-date: /workspace/install/motor_if/lib/libmotor_if__rosidl_typesupport_fastrtps_cpp.so
[2.947s] -- Up-to-date: /workspace/install/motor_if/include/motor_if/motor_if
[2.947s] -- Up-to-date: /workspace/install/motor_if/include/motor_if/motor_if/srv
[2.947s] -- Up-to-date: /workspace/install/motor_if/include/motor_if/motor_if/srv/detail
[2.947s] -- Up-to-date: /workspace/install/motor_if/include/motor_if/motor_if/srv/detail/motor_pos__type_support.cpp
[2.947s] -- Up-to-date: /workspace/install/motor_if/include/motor_if/motor_if/srv/detail/motor_pos__rosidl_typesupport_introspection_cpp.hpp
[2.947s] -- Up-to-date: /workspace/install/motor_if/lib/libmotor_if__rosidl_typesupport_introspection_cpp.so
[2.948s] -- Up-to-date: /workspace/install/motor_if/lib/libmotor_if__rosidl_typesupport_cpp.so
[2.948s] -- Up-to-date: /workspace/install/motor_if/share/motor_if/environment/pythonpath.sh
[2.948s] -- Up-to-date: /workspace/install/motor_if/share/motor_if/environment/pythonpath.dsv
[2.948s] -- Up-to-date: /workspace/install/motor_if/local/lib/python3.10/dist-packages/motor_if-0.0.0-py3.10.egg-info
[2.948s] -- Installing: /workspace/install/motor_if/local/lib/python3.10/dist-packages/motor_if-0.0.0-py3.10.egg-info/SOURCES.txt
[2.948s] -- Installing: /workspace/install/motor_if/local/lib/python3.10/dist-packages/motor_if-0.0.0-py3.10.egg-info/top_level.txt
[2.948s] -- Installing: /workspace/install/motor_if/local/lib/python3.10/dist-packages/motor_if-0.0.0-py3.10.egg-info/dependency_links.txt
[2.948s] -- Installing: /workspace/install/motor_if/local/lib/python3.10/dist-packages/motor_if-0.0.0-py3.10.egg-info/PKG-INFO
[2.948s] -- Up-to-date: /workspace/install/motor_if/local/lib/python3.10/dist-packages/motor_if
[2.948s] -- Up-to-date: /workspace/install/motor_if/local/lib/python3.10/dist-packages/motor_if/srv
[2.949s] -- Up-to-date: /workspace/install/motor_if/local/lib/python3.10/dist-packages/motor_if/srv/_motor_pos_s.c
[2.949s] -- Up-to-date: /workspace/install/motor_if/local/lib/python3.10/dist-packages/motor_if/srv/_motor_pos.py
[2.949s] -- Up-to-date: /workspace/install/motor_if/local/lib/python3.10/dist-packages/motor_if/srv/__init__.py
[2.949s] -- Up-to-date: /workspace/install/motor_if/local/lib/python3.10/dist-packages/motor_if/_motor_if_s.ep.rosidl_typesupport_fastrtps_c.c
[2.950s] -- Up-to-date: /workspace/install/motor_if/local/lib/python3.10/dist-packages/motor_if/motor_if_s__rosidl_typesupport_introspection_c.cpython-310-aarch64-linux-gnu.so
[2.950s] -- Up-to-date: /workspace/install/motor_if/local/lib/python3.10/dist-packages/motor_if/motor_if_s__rosidl_typesupport_fastrtps_c.cpython-310-aarch64-linux-gnu.so
[2.950s] -- Up-to-date: /workspace/install/motor_if/local/lib/python3.10/dist-packages/motor_if/motor_if_s__rosidl_typesupport_c.cpython-310-aarch64-linux-gnu.so
[2.950s] -- Up-to-date: /workspace/install/motor_if/local/lib/python3.10/dist-packages/motor_if/libmotor_if__rosidl_generator_py.so
[2.950s] -- Up-to-date: /workspace/install/motor_if/local/lib/python3.10/dist-packages/motor_if/_motor_if_s.ep.rosidl_typesupport_introspection_c.c
[2.951s] -- Up-to-date: /workspace/install/motor_if/local/lib/python3.10/dist-packages/motor_if/__init__.py
[2.951s] -- Up-to-date: /workspace/install/motor_if/local/lib/python3.10/dist-packages/motor_if/_motor_if_s.ep.rosidl_typesupport_c.c
[3.086s] Listing '/workspace/install/motor_if/local/lib/python3.10/dist-packages/motor_if'...
[3.086s] Listing '/workspace/install/motor_if/local/lib/python3.10/dist-packages/motor_if/srv'...
[3.098s] -- Up-to-date: /workspace/install/motor_if/local/lib/python3.10/dist-packages/motor_if/motor_if_s__rosidl_typesupport_fastrtps_c.cpython-310-aarch64-linux-gnu.so
[3.098s] -- Up-to-date: /workspace/install/motor_if/local/lib/python3.10/dist-packages/motor_if/motor_if_s__rosidl_typesupport_introspection_c.cpython-310-aarch64-linux-gnu.so
[3.098s] -- Up-to-date: /workspace/install/motor_if/local/lib/python3.10/dist-packages/motor_if/motor_if_s__rosidl_typesupport_c.cpython-310-aarch64-linux-gnu.so
[3.099s] -- Up-to-date: /workspace/install/motor_if/lib/libmotor_if__rosidl_generator_py.so
[3.099s] -- Up-to-date: /workspace/install/motor_if/share/motor_if/srv/MotorPos.idl
[3.099s] -- Up-to-date: /workspace/install/motor_if/share/motor_if/srv/MotorPos.srv
[3.100s] -- Up-to-date: /workspace/install/motor_if/share/motor_if/srv/MotorPos_Request.msg
[3.100s] -- Up-to-date: /workspace/install/motor_if/share/motor_if/srv/MotorPos_Response.msg
[3.100s] -- Up-to-date: /workspace/install/motor_if/share/ament_index/resource_index/package_run_dependencies/motor_if
[3.100s] -- Up-to-date: /workspace/install/motor_if/share/ament_index/resource_index/parent_prefix_path/motor_if
[3.100s] -- Up-to-date: /workspace/install/motor_if/share/motor_if/environment/ament_prefix_path.sh
[3.100s] -- Up-to-date: /workspace/install/motor_if/share/motor_if/environment/ament_prefix_path.dsv
[3.100s] -- Up-to-date: /workspace/install/motor_if/share/motor_if/environment/path.sh
[3.101s] -- Up-to-date: /workspace/install/motor_if/share/motor_if/environment/path.dsv
[3.101s] -- Up-to-date: /workspace/install/motor_if/share/motor_if/local_setup.bash
[3.101s] -- Up-to-date: /workspace/install/motor_if/share/motor_if/local_setup.sh
[3.101s] -- Up-to-date: /workspace/install/motor_if/share/motor_if/local_setup.zsh
[3.101s] -- Up-to-date: /workspace/install/motor_if/share/motor_if/local_setup.dsv
[3.102s] -- Installing: /workspace/install/motor_if/share/motor_if/package.dsv
[3.102s] -- Up-to-date: /workspace/install/motor_if/share/ament_index/resource_index/packages/motor_if
[3.102s] -- Up-to-date: /workspace/install/motor_if/share/motor_if/cmake/export_motor_if__rosidl_generator_cExport.cmake
[3.102s] -- Up-to-date: /workspace/install/motor_if/share/motor_if/cmake/export_motor_if__rosidl_generator_cExport-noconfig.cmake
[3.102s] -- Up-to-date: /workspace/install/motor_if/share/motor_if/cmake/export_motor_if__rosidl_typesupport_fastrtps_cExport.cmake
[3.102s] -- Up-to-date: /workspace/install/motor_if/share/motor_if/cmake/export_motor_if__rosidl_typesupport_fastrtps_cExport-noconfig.cmake
[3.103s] -- Up-to-date: /workspace/install/motor_if/share/motor_if/cmake/motor_if__rosidl_typesupport_introspection_cExport.cmake
[3.103s] -- Up-to-date: /workspace/install/motor_if/share/motor_if/cmake/motor_if__rosidl_typesupport_introspection_cExport-noconfig.cmake
[3.103s] -- Up-to-date: /workspace/install/motor_if/share/motor_if/cmake/motor_if__rosidl_typesupport_cExport.cmake
[3.103s] -- Up-to-date: /workspace/install/motor_if/share/motor_if/cmake/motor_if__rosidl_typesupport_cExport-noconfig.cmake
[3.103s] -- Up-to-date: /workspace/install/motor_if/share/motor_if/cmake/export_motor_if__rosidl_generator_cppExport.cmake
[3.103s] -- Up-to-date: /workspace/install/motor_if/share/motor_if/cmake/export_motor_if__rosidl_typesupport_fastrtps_cppExport.cmake
[3.104s] -- Up-to-date: /workspace/install/motor_if/share/motor_if/cmake/export_motor_if__rosidl_typesupport_fastrtps_cppExport-noconfig.cmake
[3.104s] -- Up-to-date: /workspace/install/motor_if/share/motor_if/cmake/motor_if__rosidl_typesupport_introspection_cppExport.cmake
[3.104s] -- Up-to-date: /workspace/install/motor_if/share/motor_if/cmake/motor_if__rosidl_typesupport_introspection_cppExport-noconfig.cmake
[3.104s] -- Up-to-date: /workspace/install/motor_if/share/motor_if/cmake/motor_if__rosidl_typesupport_cppExport.cmake
[3.104s] -- Up-to-date: /workspace/install/motor_if/share/motor_if/cmake/motor_if__rosidl_typesupport_cppExport-noconfig.cmake
[3.104s] -- Up-to-date: /workspace/install/motor_if/share/motor_if/cmake/export_motor_if__rosidl_generator_pyExport.cmake
[3.104s] -- Up-to-date: /workspace/install/motor_if/share/motor_if/cmake/export_motor_if__rosidl_generator_pyExport-noconfig.cmake
[3.104s] -- Up-to-date: /workspace/install/motor_if/share/motor_if/cmake/rosidl_cmake-extras.cmake
[3.104s] -- Up-to-date: /workspace/install/motor_if/share/motor_if/cmake/ament_cmake_export_include_directories-extras.cmake
[3.105s] -- Up-to-date: /workspace/install/motor_if/share/motor_if/cmake/ament_cmake_export_libraries-extras.cmake
[3.105s] -- Up-to-date: /workspace/install/motor_if/share/motor_if/cmake/ament_cmake_export_targets-extras.cmake
[3.105s] -- Up-to-date: /workspace/install/motor_if/share/motor_if/cmake/rosidl_cmake_export_typesupport_targets-extras.cmake
[3.105s] -- Up-to-date: /workspace/install/motor_if/share/motor_if/cmake/ament_cmake_export_dependencies-extras.cmake
[3.105s] -- Up-to-date: /workspace/install/motor_if/share/motor_if/cmake/rosidl_cmake_export_typesupport_libraries-extras.cmake
[3.105s] -- Up-to-date: /workspace/install/motor_if/share/motor_if/cmake/motor_ifConfig.cmake
[3.105s] -- Up-to-date: /workspace/install/motor_if/share/motor_if/cmake/motor_ifConfig-version.cmake
[3.105s] -- Up-to-date: /workspace/install/motor_if/share/motor_if/package.xml
[3.645s] Invoked command in '/workspace/build/motor_if' returned '0': CMAKE_PREFIX_PATH=${CMAKE_PREFIX_PATH}:/workspace/install/visualization:/workspace/install/uwb_nls:/workspace/install/ultrasonic:/workspace/install/track:/workspace/install/record:/workspace/install/rc_receiver:/workspace/install/pixhawk_control:/workspace/install/motor:/workspace/install/camera:/opt/ros/humble /usr/local/bin/cmake --install /workspace/build/motor_if
