[5.510s] Invoking command in '/workspace/src/record': PYTHONPATH=/workspace/build/record/prefix_override:/usr/lib/python3/dist-packages/colcon_core/task/python/colcon_distutils_commands:/workspace/install/record/lib/python3.10/site-packages:${PYTHONPATH} /usr/bin/python3 -W ignore:setup.py install is deprecated setup.py egg_info --egg-base ../../build/record build --build-base /workspace/build/record/build install --record /workspace/build/record/install.log --single-version-externally-managed install_data
[5.608s] /usr/local/lib/python3.10/dist-packages/_distutils_hack/__init__.py:53: UserWarning: Reliance on distutils from stdlib is deprecated. Users must rely on setuptools to provide the distutils module. Avoid importing distutils or import setuptools first, and avoid setting SETUPTOOLS_USE_DISTUTILS=stdlib. Register concerns at https://github.com/pypa/setuptools/issues/new?template=distutils-deprecation.yml
[5.609s]   warnings.warn(
[6.058s] /usr/lib/python3.10/distutils/dist.py:274: UserWarning: Unknown distribution option: 'tests_require'
[6.058s]   warnings.warn(msg)
[6.390s] running egg_info
[6.416s] writing ../../build/record/record.egg-info/PKG-INFO
[6.417s] writing dependency_links to ../../build/record/record.egg-info/dependency_links.txt
[6.421s] writing entry points to ../../build/record/record.egg-info/entry_points.txt
[6.422s] writing requirements to ../../build/record/record.egg-info/requires.txt
[6.423s] writing top-level names to ../../build/record/record.egg-info/top_level.txt
[6.517s] reading manifest file '../../build/record/record.egg-info/SOURCES.txt'
[6.520s] writing manifest file '../../build/record/record.egg-info/SOURCES.txt'
[6.521s] running build
[6.522s] running build_py
[6.523s] running install
[6.525s] running install_lib
[6.574s] running install_data
[6.576s] running install_egg_info
[6.628s] removing '/workspace/install/record/lib/python3.10/site-packages/record-0.0.0-py3.10.egg-info' (and everything under it)
[6.629s] Copying ../../build/record/record.egg-info to /workspace/install/record/lib/python3.10/site-packages/record-0.0.0-py3.10.egg-info
[6.636s] running install_scripts
[6.782s] Installing record_node script to /workspace/install/record/lib/record
[6.785s] writing list of installed files to '/workspace/build/record/install.log'
[7.121s] Invoked command in '/workspace/src/record' returned '0': PYTHONPATH=/workspace/build/record/prefix_override:/usr/lib/python3/dist-packages/colcon_core/task/python/colcon_distutils_commands:/workspace/install/record/lib/python3.10/site-packages:${PYTHONPATH} /usr/bin/python3 -W ignore:setup.py install is deprecated setup.py egg_info --egg-base ../../build/record build --build-base /workspace/build/record/build install --record /workspace/build/record/install.log --single-version-externally-managed install_data
