[0.823s] Invoking command in '/workspace/src/track': PYTHONPATH=/workspace/build/track/prefix_override:/usr/lib/python3/dist-packages/colcon_core/task/python/colcon_distutils_commands:/workspace/install/track/lib/python3.10/site-packages:${PYTHONPATH} /usr/bin/python3 -W ignore:setup.py install is deprecated -W ignore:easy_install command is deprecated setup.py egg_info --egg-base ../../build/track build --build-base /workspace/build/track/build install --record /workspace/build/track/install.log --single-version-externally-managed install_data
[0.918s] running egg_info
[0.918s] writing ../../build/track/track.egg-info/PKG-INFO
[0.918s] writing dependency_links to ../../build/track/track.egg-info/dependency_links.txt
[0.918s] writing entry points to ../../build/track/track.egg-info/entry_points.txt
[0.918s] writing requirements to ../../build/track/track.egg-info/requires.txt
[0.918s] writing top-level names to ../../build/track/track.egg-info/top_level.txt
[0.919s] reading manifest file '../../build/track/track.egg-info/SOURCES.txt'
[0.919s] writing manifest file '../../build/track/track.egg-info/SOURCES.txt'
[0.919s] running build
[0.919s] running build_py
[0.920s] running install
[0.920s] running install_lib
[0.921s] running install_data
[0.921s] running install_egg_info
[0.922s] removing '/workspace/install/track/lib/python3.10/site-packages/track-0.0.0-py3.10.egg-info' (and everything under it)
[0.922s] Copying ../../build/track/track.egg-info to /workspace/install/track/lib/python3.10/site-packages/track-0.0.0-py3.10.egg-info
[0.922s] running install_scripts
[0.933s] Installing byte_old script to /workspace/install/track/lib/track
[0.934s] Installing bytetrack script to /workspace/install/track/lib/track
[0.934s] Installing open_rs script to /workspace/install/track/lib/track
[0.934s] Installing test script to /workspace/install/track/lib/track
[0.934s] Installing track_point_sub script to /workspace/install/track/lib/track
[0.934s] writing list of installed files to '/workspace/build/track/install.log'
[0.945s] Invoked command in '/workspace/src/track' returned '0': PYTHONPATH=/workspace/build/track/prefix_override:/usr/lib/python3/dist-packages/colcon_core/task/python/colcon_distutils_commands:/workspace/install/track/lib/python3.10/site-packages:${PYTHONPATH} /usr/bin/python3 -W ignore:setup.py install is deprecated -W ignore:easy_install command is deprecated setup.py egg_info --egg-base ../../build/track build --build-base /workspace/build/track/build install --record /workspace/build/track/install.log --single-version-externally-managed install_data
