[0.006s] Invoking command in '/home/jimmy/work/build/dynamixel_sdk_examples': AMENT_PREFIX_PATH=/home/jimmy/work/install/dynamixel_sdk_custom_interfaces:/home/jimmy/work/install/dynamixel_sdk:${AMENT_PREFIX_PATH} CMAKE_PREFIX_PATH=/home/jimmy/work/install/dynamixel_sdk_custom_interfaces:/home/jimmy/work/install/dynamixel_sdk:/opt/ros/humble LD_LIBRARY_PATH=/home/jimmy/work/install/dynamixel_sdk_custom_interfaces/lib:/home/jimmy/work/install/dynamixel_sdk/lib:${LD_LIBRARY_PATH} PYTHONPATH=/home/jimmy/work/install/dynamixel_sdk_custom_interfaces/local/lib/python3.10/dist-packages:${PYTHONPATH} /usr/bin/cmake /home/jimmy/work/docker/DynamixelSDK/dynamixel_sdk_examples -DCMAKE_INSTALL_PREFIX=/home/jimmy/work/install/dynamixel_sdk_examples
[0.037s] -- The C compiler identification is GNU 11.4.0
[0.068s] -- The CXX compiler identification is GNU 11.4.0
[0.072s] -- Detecting C compiler ABI info
[0.109s] -- Detecting C compiler ABI info - done
[0.113s] -- Check for working C compiler: /usr/bin/cc - skipped
[0.113s] -- Detecting C compile features
[0.113s] -- Detecting C compile features - done
[0.116s] -- Detecting CXX compiler ABI info
[0.159s] -- Detecting CXX compiler ABI info - done
[0.163s] -- Check for working CXX compiler: /usr/bin/c++ - skipped
[0.163s] -- Detecting CXX compile features
[0.163s] -- Detecting CXX compile features - done
[0.165s] -- Found ament_cmake: 1.3.10 (/opt/ros/humble/share/ament_cmake/cmake)
[0.254s] -- Found Python3: /usr/bin/python3 (found version "3.10.12") found components: Interpreter 
[0.306s] -- Found dynamixel_sdk: 3.7.60 (/home/jimmy/work/install/dynamixel_sdk/share/dynamixel_sdk/cmake)
[0.307s] -- Found dynamixel_sdk_custom_interfaces: 3.7.60 (/home/jimmy/work/install/dynamixel_sdk_custom_interfaces/share/dynamixel_sdk_custom_interfaces/cmake)
[0.327s] -- Found rosidl_generator_c: 3.1.5 (/opt/ros/humble/share/rosidl_generator_c/cmake)
[0.330s] -- Found rosidl_adapter: 3.1.5 (/opt/ros/humble/share/rosidl_adapter/cmake)
[0.335s] -- Found rosidl_generator_cpp: 3.1.5 (/opt/ros/humble/share/rosidl_generator_cpp/cmake)
[0.342s] -- Using all available rosidl_typesupport_c: rosidl_typesupport_fastrtps_c;rosidl_typesupport_introspection_c
[0.352s] -- Using all available rosidl_typesupport_cpp: rosidl_typesupport_fastrtps_cpp;rosidl_typesupport_introspection_cpp
[0.376s] -- Found rclcpp: 16.0.10 (/opt/ros/humble/share/rclcpp/cmake)
[0.410s] -- Found rmw_implementation_cmake: 6.1.2 (/opt/ros/humble/share/rmw_implementation_cmake/cmake)
[0.412s] -- Found rmw_cyclonedds_cpp: 1.3.4 (/opt/ros/humble/share/rmw_cyclonedds_cpp/cmake)
[0.431s] -- Using RMW implementation 'rmw_cyclonedds_cpp' as default
[0.440s] -- Looking for pthread.h
[0.481s] -- Looking for pthread.h - found
[0.481s] -- Performing Test CMAKE_HAVE_LIBC_PTHREAD
[0.524s] -- Performing Test CMAKE_HAVE_LIBC_PTHREAD - Success
[0.525s] -- Found Threads: TRUE  
[0.569s] -- Found ament_lint_auto: 0.12.11 (/opt/ros/humble/share/ament_lint_auto/cmake)
[0.628s] -- Added test 'copyright' to check source files copyright and LICENSE
[0.629s] -- Added test 'cppcheck' to perform static code analysis on C / C++ code
[0.629s] -- Configured cppcheck include dirs: /home/jimmy/work/docker/DynamixelSDK/dynamixel_sdk_examples/include
[0.629s] -- Configured cppcheck exclude dirs and/or files: 
[0.630s] -- Added test 'cpplint' to check C / C++ code against the Google style
[0.630s] -- Configured cpplint exclude dirs and/or files: 
[0.630s] -- Added test 'lint_cmake' to check CMake code style
[0.631s] -- Added test 'uncrustify' to check C / C++ code style
[0.631s] -- Configured uncrustify additional arguments: 
[0.631s] -- Added test 'xmllint' to check XML markup files
[0.632s] -- Configuring done
[0.638s] -- Generating done
[0.639s] -- Build files have been written to: /home/jimmy/work/build/dynamixel_sdk_examples
[0.644s] Invoked command in '/home/jimmy/work/build/dynamixel_sdk_examples' returned '0': AMENT_PREFIX_PATH=/home/jimmy/work/install/dynamixel_sdk_custom_interfaces:/home/jimmy/work/install/dynamixel_sdk:${AMENT_PREFIX_PATH} CMAKE_PREFIX_PATH=/home/jimmy/work/install/dynamixel_sdk_custom_interfaces:/home/jimmy/work/install/dynamixel_sdk:/opt/ros/humble LD_LIBRARY_PATH=/home/jimmy/work/install/dynamixel_sdk_custom_interfaces/lib:/home/jimmy/work/install/dynamixel_sdk/lib:${LD_LIBRARY_PATH} PYTHONPATH=/home/jimmy/work/install/dynamixel_sdk_custom_interfaces/local/lib/python3.10/dist-packages:${PYTHONPATH} /usr/bin/cmake /home/jimmy/work/docker/DynamixelSDK/dynamixel_sdk_examples -DCMAKE_INSTALL_PREFIX=/home/jimmy/work/install/dynamixel_sdk_examples
[0.645s] Invoking command in '/home/jimmy/work/build/dynamixel_sdk_examples': AMENT_PREFIX_PATH=/home/jimmy/work/install/dynamixel_sdk_custom_interfaces:/home/jimmy/work/install/dynamixel_sdk:${AMENT_PREFIX_PATH} CMAKE_PREFIX_PATH=/home/jimmy/work/install/dynamixel_sdk_custom_interfaces:/home/jimmy/work/install/dynamixel_sdk:/opt/ros/humble LD_LIBRARY_PATH=/home/jimmy/work/install/dynamixel_sdk_custom_interfaces/lib:/home/jimmy/work/install/dynamixel_sdk/lib:${LD_LIBRARY_PATH} PYTHONPATH=/home/jimmy/work/install/dynamixel_sdk_custom_interfaces/local/lib/python3.10/dist-packages:${PYTHONPATH} /usr/bin/cmake --build /home/jimmy/work/build/dynamixel_sdk_examples -- -j20 -l20
[0.673s] [ 50%] [32mBuilding CXX object CMakeFiles/read_write_node.dir/src/read_write_node.cpp.o[0m
[5.296s] [100%] [32m[1mLinking CXX executable read_write_node[0m
[5.518s] [100%] Built target read_write_node
[5.529s] Invoked command in '/home/jimmy/work/build/dynamixel_sdk_examples' returned '0': AMENT_PREFIX_PATH=/home/jimmy/work/install/dynamixel_sdk_custom_interfaces:/home/jimmy/work/install/dynamixel_sdk:${AMENT_PREFIX_PATH} CMAKE_PREFIX_PATH=/home/jimmy/work/install/dynamixel_sdk_custom_interfaces:/home/jimmy/work/install/dynamixel_sdk:/opt/ros/humble LD_LIBRARY_PATH=/home/jimmy/work/install/dynamixel_sdk_custom_interfaces/lib:/home/jimmy/work/install/dynamixel_sdk/lib:${LD_LIBRARY_PATH} PYTHONPATH=/home/jimmy/work/install/dynamixel_sdk_custom_interfaces/local/lib/python3.10/dist-packages:${PYTHONPATH} /usr/bin/cmake --build /home/jimmy/work/build/dynamixel_sdk_examples -- -j20 -l20
[5.541s] Invoking command in '/home/jimmy/work/build/dynamixel_sdk_examples': AMENT_PREFIX_PATH=/home/jimmy/work/install/dynamixel_sdk_custom_interfaces:/home/jimmy/work/install/dynamixel_sdk:${AMENT_PREFIX_PATH} CMAKE_PREFIX_PATH=/home/jimmy/work/install/dynamixel_sdk_custom_interfaces:/home/jimmy/work/install/dynamixel_sdk:/opt/ros/humble LD_LIBRARY_PATH=/home/jimmy/work/install/dynamixel_sdk_custom_interfaces/lib:/home/jimmy/work/install/dynamixel_sdk/lib:${LD_LIBRARY_PATH} PYTHONPATH=/home/jimmy/work/install/dynamixel_sdk_custom_interfaces/local/lib/python3.10/dist-packages:${PYTHONPATH} /usr/bin/cmake --install /home/jimmy/work/build/dynamixel_sdk_examples
[5.546s] -- Install configuration: ""
[5.546s] -- Installing: /home/jimmy/work/install/dynamixel_sdk_examples/lib/dynamixel_sdk_examples/read_write_node
[5.548s] -- Set runtime path of "/home/jimmy/work/install/dynamixel_sdk_examples/lib/dynamixel_sdk_examples/read_write_node" to ""
[5.548s] -- Installing: /home/jimmy/work/install/dynamixel_sdk_examples/share/ament_index/resource_index/package_run_dependencies/dynamixel_sdk_examples
[5.548s] -- Installing: /home/jimmy/work/install/dynamixel_sdk_examples/share/ament_index/resource_index/parent_prefix_path/dynamixel_sdk_examples
[5.548s] -- Installing: /home/jimmy/work/install/dynamixel_sdk_examples/share/dynamixel_sdk_examples/environment/ament_prefix_path.sh
[5.548s] -- Installing: /home/jimmy/work/install/dynamixel_sdk_examples/share/dynamixel_sdk_examples/environment/ament_prefix_path.dsv
[5.548s] -- Installing: /home/jimmy/work/install/dynamixel_sdk_examples/share/dynamixel_sdk_examples/environment/path.sh
[5.548s] -- Installing: /home/jimmy/work/install/dynamixel_sdk_examples/share/dynamixel_sdk_examples/environment/path.dsv
[5.548s] -- Installing: /home/jimmy/work/install/dynamixel_sdk_examples/share/dynamixel_sdk_examples/local_setup.bash
[5.549s] -- Installing: /home/jimmy/work/install/dynamixel_sdk_examples/share/dynamixel_sdk_examples/local_setup.sh
[5.549s] -- Installing: /home/jimmy/work/install/dynamixel_sdk_examples/share/dynamixel_sdk_examples/local_setup.zsh
[5.549s] -- Installing: /home/jimmy/work/install/dynamixel_sdk_examples/share/dynamixel_sdk_examples/local_setup.dsv
[5.549s] -- Installing: /home/jimmy/work/install/dynamixel_sdk_examples/share/dynamixel_sdk_examples/package.dsv
[5.549s] -- Installing: /home/jimmy/work/install/dynamixel_sdk_examples/share/ament_index/resource_index/packages/dynamixel_sdk_examples
[5.549s] -- Installing: /home/jimmy/work/install/dynamixel_sdk_examples/share/dynamixel_sdk_examples/cmake/dynamixel_sdk_examplesConfig.cmake
[5.549s] -- Installing: /home/jimmy/work/install/dynamixel_sdk_examples/share/dynamixel_sdk_examples/cmake/dynamixel_sdk_examplesConfig-version.cmake
[5.549s] -- Installing: /home/jimmy/work/install/dynamixel_sdk_examples/share/dynamixel_sdk_examples/package.xml
[5.550s] Invoked command in '/home/jimmy/work/build/dynamixel_sdk_examples' returned '0': AMENT_PREFIX_PATH=/home/jimmy/work/install/dynamixel_sdk_custom_interfaces:/home/jimmy/work/install/dynamixel_sdk:${AMENT_PREFIX_PATH} CMAKE_PREFIX_PATH=/home/jimmy/work/install/dynamixel_sdk_custom_interfaces:/home/jimmy/work/install/dynamixel_sdk:/opt/ros/humble LD_LIBRARY_PATH=/home/jimmy/work/install/dynamixel_sdk_custom_interfaces/lib:/home/jimmy/work/install/dynamixel_sdk/lib:${LD_LIBRARY_PATH} PYTHONPATH=/home/jimmy/work/install/dynamixel_sdk_custom_interfaces/local/lib/python3.10/dist-packages:${PYTHONPATH} /usr/bin/cmake --install /home/jimmy/work/build/dynamixel_sdk_examples
