running egg_info
writing ../../build/uwb_nls/uwb_nls.egg-info/PKG-INFO
writing dependency_links to ../../build/uwb_nls/uwb_nls.egg-info/dependency_links.txt
writing entry points to ../../build/uwb_nls/uwb_nls.egg-info/entry_points.txt
writing requirements to ../../build/uwb_nls/uwb_nls.egg-info/requires.txt
writing top-level names to ../../build/uwb_nls/uwb_nls.egg-info/top_level.txt
reading manifest file '../../build/uwb_nls/uwb_nls.egg-info/SOURCES.txt'
writing manifest file '../../build/uwb_nls/uwb_nls.egg-info/SOURCES.txt'
running build
running build_py
running install
running install_lib
running install_data
running install_egg_info
removing '/workspace/install/uwb_nls/lib/python3.10/site-packages/uwb_nls-0.0.0-py3.10.egg-info' (and everything under it)
Copying ../../build/uwb_nls/uwb_nls.egg-info to /workspace/install/uwb_nls/lib/python3.10/site-packages/uwb_nls-0.0.0-py3.10.egg-info
running install_scripts
Installing distance_filter script to /workspace/install/uwb_nls/lib/uwb_nls
Installing last_filter_nls script to /workspace/install/uwb_nls/lib/uwb_nls
Installing ndistance_filter script to /workspace/install/uwb_nls/lib/uwb_nls
Installing nposition script to /workspace/install/uwb_nls/lib/uwb_nls
Installing nposition_filter script to /workspace/install/uwb_nls/lib/uwb_nls
Installing nreceiver script to /workspace/install/uwb_nls/lib/uwb_nls
Installing nvisual script to /workspace/install/uwb_nls/lib/uwb_nls
Installing position_nls script to /workspace/install/uwb_nls/lib/uwb_nls
Installing receiver script to /workspace/install/uwb_nls/lib/uwb_nls
Installing visualization_all script to /workspace/install/uwb_nls/lib/uwb_nls
writing list of installed files to '/workspace/build/uwb_nls/install.log'
