[4.392s] Invoking command in '/workspace/src/motor_control/motor': PYTHONPATH=/workspace/build/motor/prefix_override:/usr/lib/python3/dist-packages/colcon_core/task/python/colcon_distutils_commands:/workspace/install/motor/lib/python3.10/site-packages:${PYTHONPATH} /usr/bin/python3 -W ignore:setup.py install is deprecated setup.py egg_info --egg-base ../../../build/motor build --build-base /workspace/build/motor/build install --record /workspace/build/motor/install.log --single-version-externally-managed install_data
[4.477s] /usr/local/lib/python3.10/dist-packages/_distutils_hack/__init__.py:53: UserWarning: Reliance on distutils from stdlib is deprecated. Users must rely on setuptools to provide the distutils module. Avoid importing distutils or import setuptools first, and avoid setting SETUPTOOLS_USE_DISTUTILS=stdlib. Register concerns at https://github.com/pypa/setuptools/issues/new?template=distutils-deprecation.yml
[4.478s]   warnings.warn(
[4.746s] /usr/lib/python3.10/distutils/dist.py:274: UserWarning: Unknown distribution option: 'tests_require'
[4.747s]   warnings.warn(msg)
[4.968s] running egg_info
[5.004s] writing ../../../build/motor/motor.egg-info/PKG-INFO
[5.005s] writing dependency_links to ../../../build/motor/motor.egg-info/dependency_links.txt
[5.005s] writing entry points to ../../../build/motor/motor.egg-info/entry_points.txt
[5.005s] writing requirements to ../../../build/motor/motor.egg-info/requires.txt
[5.005s] writing top-level names to ../../../build/motor/motor.egg-info/top_level.txt
[5.069s] reading manifest file '../../../build/motor/motor.egg-info/SOURCES.txt'
[5.073s] writing manifest file '../../../build/motor/motor.egg-info/SOURCES.txt'
[5.073s] running build
[5.073s] running build_py
[5.074s] running install
[5.074s] running install_lib
[5.107s] running install_data
[5.108s] running install_egg_info
[5.142s] removing '/workspace/install/motor/lib/python3.10/site-packages/motor-0.0.0-py3.10.egg-info' (and everything under it)
[5.143s] Copying ../../../build/motor/motor.egg-info to /workspace/install/motor/lib/python3.10/site-packages/motor-0.0.0-py3.10.egg-info
[5.144s] running install_scripts
[5.218s] Installing find_motor script to /workspace/install/motor/lib/motor
[5.218s] Installing motor_drive_node script to /workspace/install/motor/lib/motor
[5.219s] writing list of installed files to '/workspace/build/motor/install.log'
[5.630s] Invoked command in '/workspace/src/motor_control/motor' returned '0': PYTHONPATH=/workspace/build/motor/prefix_override:/usr/lib/python3/dist-packages/colcon_core/task/python/colcon_distutils_commands:/workspace/install/motor/lib/python3.10/site-packages:${PYTHONPATH} /usr/bin/python3 -W ignore:setup.py install is deprecated setup.py egg_info --egg-base ../../../build/motor build --build-base /workspace/build/motor/build install --record /workspace/build/motor/install.log --single-version-externally-managed install_data
