[4.246s] Invoking command in '/workspace/src/motor_control/motor': PYTHONPATH=/workspace/build/motor/prefix_override:/usr/lib/python3/dist-packages/colcon_core/task/python/colcon_distutils_commands:/workspace/install/motor/lib/python3.10/site-packages:${PYTHONPATH} /usr/bin/python3 -W ignore:setup.py install is deprecated setup.py egg_info --egg-base ../../../build/motor build --build-base /workspace/build/motor/build install --record /workspace/build/motor/install.log --single-version-externally-managed install_data
[4.359s] /usr/local/lib/python3.10/dist-packages/_distutils_hack/__init__.py:53: UserWarning: Reliance on distutils from stdlib is deprecated. Users must rely on setuptools to provide the distutils module. Avoid importing distutils or import setuptools first, and avoid setting SETUPTOOLS_USE_DISTUTILS=stdlib. Register concerns at https://github.com/pypa/setuptools/issues/new?template=distutils-deprecation.yml
[4.360s]   warnings.warn(
[4.590s] /usr/lib/python3.10/distutils/dist.py:274: UserWarning: Unknown distribution option: 'tests_require'
[4.591s]   warnings.warn(msg)
[4.797s] running egg_info
[4.829s] writing ../../../build/motor/motor.egg-info/PKG-INFO
[4.830s] writing dependency_links to ../../../build/motor/motor.egg-info/dependency_links.txt
[4.831s] writing entry points to ../../../build/motor/motor.egg-info/entry_points.txt
[4.831s] writing requirements to ../../../build/motor/motor.egg-info/requires.txt
[4.832s] writing top-level names to ../../../build/motor/motor.egg-info/top_level.txt
[4.907s] reading manifest file '../../../build/motor/motor.egg-info/SOURCES.txt'
[4.907s] writing manifest file '../../../build/motor/motor.egg-info/SOURCES.txt'
[4.907s] running build
[4.907s] running build_py
[4.908s] running install
[4.908s] running install_lib
[4.947s] running install_data
[4.947s] running install_egg_info
[4.987s] removing '/workspace/install/motor/lib/python3.10/site-packages/motor-0.0.0-py3.10.egg-info' (and everything under it)
[4.991s] Copying ../../../build/motor/motor.egg-info to /workspace/install/motor/lib/python3.10/site-packages/motor-0.0.0-py3.10.egg-info
[5.003s] running install_scripts
[5.078s] Installing find_motor script to /workspace/install/motor/lib/motor
[5.080s] Installing motor_drive_node script to /workspace/install/motor/lib/motor
[5.081s] writing list of installed files to '/workspace/build/motor/install.log'
[5.457s] Invoked command in '/workspace/src/motor_control/motor' returned '0': PYTHONPATH=/workspace/build/motor/prefix_override:/usr/lib/python3/dist-packages/colcon_core/task/python/colcon_distutils_commands:/workspace/install/motor/lib/python3.10/site-packages:${PYTHONPATH} /usr/bin/python3 -W ignore:setup.py install is deprecated setup.py egg_info --egg-base ../../../build/motor build --build-base /workspace/build/motor/build install --record /workspace/build/motor/install.log --single-version-externally-managed install_data
