[0.376s] Invoking command in '/home/jimmy/work/docker/DynamixelSDK/control_motor': PYTHONPATH=/home/jimmy/work/docker/build/control_motor/prefix_override:/usr/lib/python3/dist-packages/colcon_core/task/python/colcon_distutils_commands:/home/jimmy/work/docker/install/control_motor/lib/python3.10/site-packages:${PYTHONPATH} /usr/bin/python3 -W ignore:setup.py install is deprecated setup.py egg_info --egg-base ../../build/control_motor build --build-base /home/jimmy/work/docker/build/control_motor/build install --record /home/jimmy/work/docker/build/control_motor/install.log --single-version-externally-managed install_data
[0.517s] running egg_info
[0.517s] writing ../../build/control_motor/control_motor.egg-info/PKG-INFO
[0.517s] writing dependency_links to ../../build/control_motor/control_motor.egg-info/dependency_links.txt
[0.518s] writing entry points to ../../build/control_motor/control_motor.egg-info/entry_points.txt
[0.518s] writing requirements to ../../build/control_motor/control_motor.egg-info/requires.txt
[0.518s] writing top-level names to ../../build/control_motor/control_motor.egg-info/top_level.txt
[0.519s] reading manifest file '../../build/control_motor/control_motor.egg-info/SOURCES.txt'
[0.519s] writing manifest file '../../build/control_motor/control_motor.egg-info/SOURCES.txt'
[0.519s] running build
[0.519s] running build_py
[0.519s] running install
[0.519s] running install_lib
[0.520s] running install_data
[0.520s] running install_egg_info
[0.521s] removing '/home/jimmy/work/docker/install/control_motor/lib/python3.10/site-packages/control_motor-0.0.0-py3.10.egg-info' (and everything under it)
[0.521s] Copying ../../build/control_motor/control_motor.egg-info to /home/jimmy/work/docker/install/control_motor/lib/python3.10/site-packages/control_motor-0.0.0-py3.10.egg-info
[0.522s] running install_scripts
[0.533s] Installing Twist2Speed script to /home/jimmy/work/docker/install/control_motor/lib/control_motor
[0.533s] Installing control_dual script to /home/jimmy/work/docker/install/control_motor/lib/control_motor
[0.533s] writing list of installed files to '/home/jimmy/work/docker/build/control_motor/install.log'
[0.548s] Invoked command in '/home/jimmy/work/docker/DynamixelSDK/control_motor' returned '0': PYTHONPATH=/home/jimmy/work/docker/build/control_motor/prefix_override:/usr/lib/python3/dist-packages/colcon_core/task/python/colcon_distutils_commands:/home/jimmy/work/docker/install/control_motor/lib/python3.10/site-packages:${PYTHONPATH} /usr/bin/python3 -W ignore:setup.py install is deprecated setup.py egg_info --egg-base ../../build/control_motor build --build-base /home/jimmy/work/docker/build/control_motor/build install --record /home/jimmy/work/docker/build/control_motor/install.log --single-version-externally-managed install_data
