[4.345s] Invoking command in '/workspace/src/motor_control/motor': PYTHONPATH=/workspace/build/motor/prefix_override:/usr/lib/python3/dist-packages/colcon_core/task/python/colcon_distutils_commands:/workspace/install/motor/lib/python3.10/site-packages:${PYTHONPATH} /usr/bin/python3 -W ignore:setup.py install is deprecated setup.py egg_info --egg-base ../../../build/motor build --build-base /workspace/build/motor/build install --record /workspace/build/motor/install.log --single-version-externally-managed install_data
[4.430s] /usr/local/lib/python3.10/dist-packages/_distutils_hack/__init__.py:53: UserWarning: Reliance on distutils from stdlib is deprecated. Users must rely on setuptools to provide the distutils module. Avoid importing distutils or import setuptools first, and avoid setting SETUPTOOLS_USE_DISTUTILS=stdlib. Register concerns at https://github.com/pypa/setuptools/issues/new?template=distutils-deprecation.yml
[4.430s]   warnings.warn(
[4.710s] /usr/lib/python3.10/distutils/dist.py:274: UserWarning: Unknown distribution option: 'tests_require'
[4.710s]   warnings.warn(msg)
[4.943s] running egg_info
[4.981s] writing ../../../build/motor/motor.egg-info/PKG-INFO
[4.981s] writing dependency_links to ../../../build/motor/motor.egg-info/dependency_links.txt
[4.981s] writing entry points to ../../../build/motor/motor.egg-info/entry_points.txt
[4.981s] writing requirements to ../../../build/motor/motor.egg-info/requires.txt
[4.981s] writing top-level names to ../../../build/motor/motor.egg-info/top_level.txt
[5.048s] reading manifest file '../../../build/motor/motor.egg-info/SOURCES.txt'
[5.051s] writing manifest file '../../../build/motor/motor.egg-info/SOURCES.txt'
[5.051s] running build
[5.051s] running build_py
[5.052s] running install
[5.053s] running install_lib
[5.089s] running install_data
[5.089s] running install_egg_info
[5.127s] removing '/workspace/install/motor/lib/python3.10/site-packages/motor-0.0.0-py3.10.egg-info' (and everything under it)
[5.128s] Copying ../../../build/motor/motor.egg-info to /workspace/install/motor/lib/python3.10/site-packages/motor-0.0.0-py3.10.egg-info
[5.130s] running install_scripts
[5.203s] Installing find_motor script to /workspace/install/motor/lib/motor
[5.204s] Installing motor_drive_node script to /workspace/install/motor/lib/motor
[5.205s] writing list of installed files to '/workspace/build/motor/install.log'
[5.592s] Invoked command in '/workspace/src/motor_control/motor' returned '0': PYTHONPATH=/workspace/build/motor/prefix_override:/usr/lib/python3/dist-packages/colcon_core/task/python/colcon_distutils_commands:/workspace/install/motor/lib/python3.10/site-packages:${PYTHONPATH} /usr/bin/python3 -W ignore:setup.py install is deprecated setup.py egg_info --egg-base ../../../build/motor build --build-base /workspace/build/motor/build install --record /workspace/build/motor/install.log --single-version-externally-managed install_data
