running egg_info
creating ../../build/track/track.egg-info
writing ../../build/track/track.egg-info/PKG-INFO
writing dependency_links to ../../build/track/track.egg-info/dependency_links.txt
writing entry points to ../../build/track/track.egg-info/entry_points.txt
writing requirements to ../../build/track/track.egg-info/requires.txt
writing top-level names to ../../build/track/track.egg-info/top_level.txt
writing manifest file '../../build/track/track.egg-info/SOURCES.txt'
reading manifest file '../../build/track/track.egg-info/SOURCES.txt'
writing manifest file '../../build/track/track.egg-info/SOURCES.txt'
running build
running build_py
creating /workspace/build/track/build
creating /workspace/build/track/build/lib
creating /workspace/build/track/build/lib/track
copying track/test.py -> /workspace/build/track/build/lib/track
copying track/open_rs.py -> /workspace/build/track/build/lib/track
copying track/track.py -> /workspace/build/track/build/lib/track
copying track/recognize.py -> /workspace/build/track/build/lib/track
copying track/matching.py -> /workspace/build/track/build/lib/track
copying track/byte_old.py -> /workspace/build/track/build/lib/track
copying track/__init__.py -> /workspace/build/track/build/lib/track
copying track/basetrack.py -> /workspace/build/track/build/lib/track
copying track/kalman_filter.py -> /workspace/build/track/build/lib/track
copying track/byte_tracker.py -> /workspace/build/track/build/lib/track
copying track/depth.py -> /workspace/build/track/build/lib/track
copying track/detect.py -> /workspace/build/track/build/lib/track
copying track/track_point_sub.py -> /workspace/build/track/build/lib/track
copying track/bytetrack.py -> /workspace/build/track/build/lib/track
running install
running install_lib
creating /workspace/install/track/lib/python3.10/site-packages/track
copying /workspace/build/track/build/lib/track/test.py -> /workspace/install/track/lib/python3.10/site-packages/track
copying /workspace/build/track/build/lib/track/open_rs.py -> /workspace/install/track/lib/python3.10/site-packages/track
copying /workspace/build/track/build/lib/track/track.py -> /workspace/install/track/lib/python3.10/site-packages/track
copying /workspace/build/track/build/lib/track/recognize.py -> /workspace/install/track/lib/python3.10/site-packages/track
copying /workspace/build/track/build/lib/track/matching.py -> /workspace/install/track/lib/python3.10/site-packages/track
copying /workspace/build/track/build/lib/track/byte_old.py -> /workspace/install/track/lib/python3.10/site-packages/track
copying /workspace/build/track/build/lib/track/__init__.py -> /workspace/install/track/lib/python3.10/site-packages/track
copying /workspace/build/track/build/lib/track/basetrack.py -> /workspace/install/track/lib/python3.10/site-packages/track
copying /workspace/build/track/build/lib/track/kalman_filter.py -> /workspace/install/track/lib/python3.10/site-packages/track
copying /workspace/build/track/build/lib/track/byte_tracker.py -> /workspace/install/track/lib/python3.10/site-packages/track
copying /workspace/build/track/build/lib/track/depth.py -> /workspace/install/track/lib/python3.10/site-packages/track
copying /workspace/build/track/build/lib/track/detect.py -> /workspace/install/track/lib/python3.10/site-packages/track
copying /workspace/build/track/build/lib/track/track_point_sub.py -> /workspace/install/track/lib/python3.10/site-packages/track
copying /workspace/build/track/build/lib/track/bytetrack.py -> /workspace/install/track/lib/python3.10/site-packages/track
byte-compiling /workspace/install/track/lib/python3.10/site-packages/track/test.py to test.cpython-310.pyc
byte-compiling /workspace/install/track/lib/python3.10/site-packages/track/open_rs.py to open_rs.cpython-310.pyc
byte-compiling /workspace/install/track/lib/python3.10/site-packages/track/track.py to track.cpython-310.pyc
byte-compiling /workspace/install/track/lib/python3.10/site-packages/track/recognize.py to recognize.cpython-310.pyc
byte-compiling /workspace/install/track/lib/python3.10/site-packages/track/matching.py to matching.cpython-310.pyc
byte-compiling /workspace/install/track/lib/python3.10/site-packages/track/byte_old.py to byte_old.cpython-310.pyc
byte-compiling /workspace/install/track/lib/python3.10/site-packages/track/__init__.py to __init__.cpython-310.pyc
byte-compiling /workspace/install/track/lib/python3.10/site-packages/track/basetrack.py to basetrack.cpython-310.pyc
byte-compiling /workspace/install/track/lib/python3.10/site-packages/track/kalman_filter.py to kalman_filter.cpython-310.pyc
byte-compiling /workspace/install/track/lib/python3.10/site-packages/track/byte_tracker.py to byte_tracker.cpython-310.pyc
byte-compiling /workspace/install/track/lib/python3.10/site-packages/track/depth.py to depth.cpython-310.pyc
byte-compiling /workspace/install/track/lib/python3.10/site-packages/track/detect.py to detect.cpython-310.pyc
byte-compiling /workspace/install/track/lib/python3.10/site-packages/track/track_point_sub.py to track_point_sub.cpython-310.pyc
byte-compiling /workspace/install/track/lib/python3.10/site-packages/track/bytetrack.py to bytetrack.cpython-310.pyc
running install_data
creating /workspace/install/track/share/ament_index
creating /workspace/install/track/share/ament_index/resource_index
creating /workspace/install/track/share/ament_index/resource_index/packages
copying resource/track -> /workspace/install/track/share/ament_index/resource_index/packages
copying package.xml -> /workspace/install/track/share/track
running install_egg_info
Copying ../../build/track/track.egg-info to /workspace/install/track/lib/python3.10/site-packages/track-0.0.0-py3.10.egg-info
running install_scripts
Installing byte_old script to /workspace/install/track/lib/track
Installing bytetrack script to /workspace/install/track/lib/track
Installing open_rs script to /workspace/install/track/lib/track
Installing test script to /workspace/install/track/lib/track
Installing track_point_sub script to /workspace/install/track/lib/track
writing list of installed files to '/workspace/build/track/install.log'
