[0.625s] Invoking command in '/home/jimmy/work/docker/my_robot_package': PYTHONPATH=/home/jimmy/work/build/my_robot_package/prefix_override:/usr/lib/python3/dist-packages/colcon_core/task/python/colcon_distutils_commands:/home/jimmy/work/install/my_robot_package/lib/python3.10/site-packages:${PYTHONPATH} /usr/bin/python3 -W ignore:setup.py install is deprecated setup.py egg_info --egg-base ../../build/my_robot_package build --build-base /home/jimmy/work/build/my_robot_package/build install --record /home/jimmy/work/build/my_robot_package/install.log --single-version-externally-managed install_data
[0.776s] running egg_info
[0.776s] writing ../../build/my_robot_package/my_robot_package.egg-info/PKG-INFO
[0.776s] writing dependency_links to ../../build/my_robot_package/my_robot_package.egg-info/dependency_links.txt
[0.777s] writing entry points to ../../build/my_robot_package/my_robot_package.egg-info/entry_points.txt
[0.777s] writing requirements to ../../build/my_robot_package/my_robot_package.egg-info/requires.txt
[0.777s] writing top-level names to ../../build/my_robot_package/my_robot_package.egg-info/top_level.txt
[0.778s] reading manifest file '../../build/my_robot_package/my_robot_package.egg-info/SOURCES.txt'
[0.778s] writing manifest file '../../build/my_robot_package/my_robot_package.egg-info/SOURCES.txt'
[0.778s] running build
[0.778s] running build_py
[0.778s] running install
[0.779s] running install_lib
[0.779s] running install_data
[0.780s] running install_egg_info
[0.781s] removing '/home/jimmy/work/install/my_robot_package/lib/python3.10/site-packages/my_robot_package-0.0.0-py3.10.egg-info' (and everything under it)
[0.781s] Copying ../../build/my_robot_package/my_robot_package.egg-info to /home/jimmy/work/install/my_robot_package/lib/python3.10/site-packages/my_robot_package-0.0.0-py3.10.egg-info
[0.782s] running install_scripts
[0.796s] Installing control_speed script to /home/jimmy/work/install/my_robot_package/lib/my_robot_package
[0.796s] Installing ros2_publisher script to /home/jimmy/work/install/my_robot_package/lib/my_robot_package
[0.796s] Installing ros2_subsciber script to /home/jimmy/work/install/my_robot_package/lib/my_robot_package
[0.796s] writing list of installed files to '/home/jimmy/work/build/my_robot_package/install.log'
[0.812s] Invoked command in '/home/jimmy/work/docker/my_robot_package' returned '0': PYTHONPATH=/home/jimmy/work/build/my_robot_package/prefix_override:/usr/lib/python3/dist-packages/colcon_core/task/python/colcon_distutils_commands:/home/jimmy/work/install/my_robot_package/lib/python3.10/site-packages:${PYTHONPATH} /usr/bin/python3 -W ignore:setup.py install is deprecated setup.py egg_info --egg-base ../../build/my_robot_package build --build-base /home/jimmy/work/build/my_robot_package/build install --record /home/jimmy/work/build/my_robot_package/install.log --single-version-externally-managed install_data
