[2.695s] Invoking command in '/workspace/src/uwb': PYTHONPATH=/workspace/build/uwb/prefix_override:/usr/lib/python3/dist-packages/colcon_core/task/python/colcon_distutils_commands:/workspace/install/uwb/lib/python3.10/site-packages:${PYTHONPATH} /usr/bin/python3 -W ignore:setup.py install is deprecated -W ignore:easy_install command is deprecated setup.py egg_info --egg-base ../../build/uwb build --build-base /workspace/build/uwb/build install --record /workspace/build/uwb/install.log --single-version-externally-managed install_data
[3.083s] running egg_info
[3.084s] writing ../../build/uwb/uwb.egg-info/PKG-INFO
[3.084s] writing dependency_links to ../../build/uwb/uwb.egg-info/dependency_links.txt
[3.084s] writing entry points to ../../build/uwb/uwb.egg-info/entry_points.txt
[3.085s] writing requirements to ../../build/uwb/uwb.egg-info/requires.txt
[3.085s] writing top-level names to ../../build/uwb/uwb.egg-info/top_level.txt
[3.086s] reading manifest file '../../build/uwb/uwb.egg-info/SOURCES.txt'
[3.087s] writing manifest file '../../build/uwb/uwb.egg-info/SOURCES.txt'
[3.087s] running build
[3.087s] running build_py
[3.090s] running install
[3.090s] running install_lib
[3.091s] running install_data
[3.091s] running install_egg_info
[3.092s] removing '/workspace/install/uwb/lib/python3.10/site-packages/uwb-0.0.0-py3.10.egg-info' (and everything under it)
[3.093s] Copying ../../build/uwb/uwb.egg-info to /workspace/install/uwb/lib/python3.10/site-packages/uwb-0.0.0-py3.10.egg-info
[3.095s] running install_scripts
[3.133s] Installing filter script to /workspace/install/uwb/lib/uwb
[3.133s] Installing last_filter script to /workspace/install/uwb/lib/uwb
[3.134s] Installing localization script to /workspace/install/uwb/lib/uwb
[3.134s] Installing receiver script to /workspace/install/uwb/lib/uwb
[3.134s] Installing visualization script to /workspace/install/uwb/lib/uwb
[3.134s] writing list of installed files to '/workspace/build/uwb/install.log'
[3.214s] Invoked command in '/workspace/src/uwb' returned '0': PYTHONPATH=/workspace/build/uwb/prefix_override:/usr/lib/python3/dist-packages/colcon_core/task/python/colcon_distutils_commands:/workspace/install/uwb/lib/python3.10/site-packages:${PYTHONPATH} /usr/bin/python3 -W ignore:setup.py install is deprecated -W ignore:easy_install command is deprecated setup.py egg_info --egg-base ../../build/uwb build --build-base /workspace/build/uwb/build install --record /workspace/build/uwb/install.log --single-version-externally-managed install_data
