[4.040s] Invoking command in '/workspace/src/record': PYTHONPATH=/workspace/build/record/prefix_override:/usr/lib/python3/dist-packages/colcon_core/task/python/colcon_distutils_commands:/workspace/install/record/lib/python3.10/site-packages:${PYTHONPATH} /usr/bin/python3 -W ignore:setup.py install is deprecated -W ignore:easy_install command is deprecated setup.py egg_info --egg-base ../../build/record build --build-base /workspace/build/record/build install --record /workspace/build/record/install.log --single-version-externally-managed install_data
[4.451s] /usr/local/lib/python3.10/dist-packages/setuptools/_distutils/dist.py:261: UserWarning: Unknown distribution option: 'tests_require'
[4.451s]   warnings.warn(msg)
[4.663s] running egg_info
[4.665s] creating ../../build/record/record.egg-info
[4.694s] writing ../../build/record/record.egg-info/PKG-INFO
[4.707s] writing dependency_links to ../../build/record/record.egg-info/dependency_links.txt
[4.707s] writing entry points to ../../build/record/record.egg-info/entry_points.txt
[4.708s] writing requirements to ../../build/record/record.egg-info/requires.txt
[4.708s] writing top-level names to ../../build/record/record.egg-info/top_level.txt
[4.708s] writing manifest file '../../build/record/record.egg-info/SOURCES.txt'
[4.780s] reading manifest file '../../build/record/record.egg-info/SOURCES.txt'
[4.780s] writing manifest file '../../build/record/record.egg-info/SOURCES.txt'
[4.780s] running build
[4.780s] running build_py
[4.780s] creating /workspace/build/record/build/lib/record
[4.780s] copying record/record_node.py -> /workspace/build/record/build/lib/record
[4.788s] copying record/__init__.py -> /workspace/build/record/build/lib/record
[4.788s] running install
[4.798s] running install_lib
[4.837s] creating /workspace/install/record/lib/python3.10/site-packages/record
[4.838s] copying /workspace/build/record/build/lib/record/record_node.py -> /workspace/install/record/lib/python3.10/site-packages/record
[4.838s] copying /workspace/build/record/build/lib/record/__init__.py -> /workspace/install/record/lib/python3.10/site-packages/record
[4.839s] byte-compiling /workspace/install/record/lib/python3.10/site-packages/record/record_node.py to record_node.cpython-310.pyc
[4.845s] byte-compiling /workspace/install/record/lib/python3.10/site-packages/record/__init__.py to __init__.cpython-310.pyc
[4.845s] running install_data
[4.845s] creating /workspace/install/record/share/ament_index/resource_index/packages
[4.846s] copying resource/record -> /workspace/install/record/share/ament_index/resource_index/packages
[4.846s] copying package.xml -> /workspace/install/record/share/record
[4.847s] running install_egg_info
[4.900s] Copying ../../build/record/record.egg-info to /workspace/install/record/lib/python3.10/site-packages/record-0.0.0-py3.10.egg-info
[4.904s] running install_scripts
[5.280s] Installing record_node script to /workspace/install/record/lib/record
[5.280s] writing list of installed files to '/workspace/build/record/install.log'
[5.455s] Invoked command in '/workspace/src/record' returned '0': PYTHONPATH=/workspace/build/record/prefix_override:/usr/lib/python3/dist-packages/colcon_core/task/python/colcon_distutils_commands:/workspace/install/record/lib/python3.10/site-packages:${PYTHONPATH} /usr/bin/python3 -W ignore:setup.py install is deprecated -W ignore:easy_install command is deprecated setup.py egg_info --egg-base ../../build/record build --build-base /workspace/build/record/build install --record /workspace/build/record/install.log --single-version-externally-managed install_data
