[6.013s] Invoking command in '/workspace/src/camera': PYTHONPATH=/workspace/build/camera/prefix_override:/usr/lib/python3/dist-packages/colcon_core/task/python/colcon_distutils_commands:/workspace/install/camera/lib/python3.10/site-packages:${PYTHONPATH} /usr/bin/python3 -W ignore:setup.py install is deprecated setup.py egg_info --egg-base ../../build/camera build --build-base /workspace/build/camera/build install --record /workspace/build/camera/install.log --single-version-externally-managed install_data
[6.107s] /usr/local/lib/python3.10/dist-packages/_distutils_hack/__init__.py:53: UserWarning: Reliance on distutils from stdlib is deprecated. Users must rely on setuptools to provide the distutils module. Avoid importing distutils or import setuptools first, and avoid setting SETUPTOOLS_USE_DISTUTILS=stdlib. Register concerns at https://github.com/pypa/setuptools/issues/new?template=distutils-deprecation.yml
[6.108s]   warnings.warn(
[6.527s] /usr/lib/python3.10/distutils/dist.py:274: UserWarning: Unknown distribution option: 'tests_require'
[6.527s]   warnings.warn(msg)
[6.869s] running egg_info
[6.918s] writing ../../build/camera/camera.egg-info/PKG-INFO
[6.918s] writing dependency_links to ../../build/camera/camera.egg-info/dependency_links.txt
[6.918s] writing entry points to ../../build/camera/camera.egg-info/entry_points.txt
[6.918s] writing requirements to ../../build/camera/camera.egg-info/requires.txt
[6.918s] writing top-level names to ../../build/camera/camera.egg-info/top_level.txt
[7.084s] reading manifest file '../../build/camera/camera.egg-info/SOURCES.txt'
[7.087s] writing manifest file '../../build/camera/camera.egg-info/SOURCES.txt'
[7.088s] running build
[7.088s] running build_py
[7.094s] running install
[7.095s] running install_lib
[7.143s] running install_data
[7.143s] running install_egg_info
[7.206s] removing '/workspace/install/camera/lib/python3.10/site-packages/camera-0.0.0-py3.10.egg-info' (and everything under it)
[7.206s] Copying ../../build/camera/camera.egg-info to /workspace/install/camera/lib/python3.10/site-packages/camera-0.0.0-py3.10.egg-info
[7.206s] running install_scripts
[7.440s] Installing realsense script to /workspace/install/camera/lib/camera
[7.442s] writing list of installed files to '/workspace/build/camera/install.log'
[8.063s] Invoked command in '/workspace/src/camera' returned '0': PYTHONPATH=/workspace/build/camera/prefix_override:/usr/lib/python3/dist-packages/colcon_core/task/python/colcon_distutils_commands:/workspace/install/camera/lib/python3.10/site-packages:${PYTHONPATH} /usr/bin/python3 -W ignore:setup.py install is deprecated setup.py egg_info --egg-base ../../build/camera build --build-base /workspace/build/camera/build install --record /workspace/build/camera/install.log --single-version-externally-managed install_data
