[4.199s] Invoking command in '/workspace/src/pixhawk_control': PYTHONPATH=/workspace/build/pixhawk_control/prefix_override:/usr/lib/python3/dist-packages/colcon_core/task/python/colcon_distutils_commands:/workspace/install/pixhawk_control/lib/python3.10/site-packages:${PYTHONPATH} /usr/bin/python3 -W ignore:setup.py install is deprecated setup.py egg_info --egg-base ../../build/pixhawk_control build --build-base /workspace/build/pixhawk_control/build install --record /workspace/build/pixhawk_control/install.log --single-version-externally-managed install_data
[4.310s] /usr/local/lib/python3.10/dist-packages/_distutils_hack/__init__.py:53: UserWarning: Reliance on distutils from stdlib is deprecated. Users must rely on setuptools to provide the distutils module. Avoid importing distutils or import setuptools first, and avoid setting SETUPTOOLS_USE_DISTUTILS=stdlib. Register concerns at https://github.com/pypa/setuptools/issues/new?template=distutils-deprecation.yml
[4.312s]   warnings.warn(
[4.530s] /usr/lib/python3.10/distutils/dist.py:274: UserWarning: Unknown distribution option: 'tests_require'
[4.530s]   warnings.warn(msg)
[4.739s] running egg_info
[4.770s] writing ../../build/pixhawk_control/pixhawk_control.egg-info/PKG-INFO
[4.775s] writing dependency_links to ../../build/pixhawk_control/pixhawk_control.egg-info/dependency_links.txt
[4.776s] writing entry points to ../../build/pixhawk_control/pixhawk_control.egg-info/entry_points.txt
[4.776s] writing requirements to ../../build/pixhawk_control/pixhawk_control.egg-info/requires.txt
[4.776s] writing top-level names to ../../build/pixhawk_control/pixhawk_control.egg-info/top_level.txt
[4.856s] reading manifest file '../../build/pixhawk_control/pixhawk_control.egg-info/SOURCES.txt'
[4.858s] writing manifest file '../../build/pixhawk_control/pixhawk_control.egg-info/SOURCES.txt'
[4.859s] running build
[4.859s] running build_py
[4.860s] copying pixhawk_control/velocity_to_pwm.py -> /workspace/build/pixhawk_control/build/lib/pixhawk_control
[4.860s] running install
[4.861s] running install_lib
[4.910s] copying /workspace/build/pixhawk_control/build/lib/pixhawk_control/velocity_to_pwm.py -> /workspace/install/pixhawk_control/lib/python3.10/site-packages/pixhawk_control
[4.913s] byte-compiling /workspace/install/pixhawk_control/lib/python3.10/site-packages/pixhawk_control/velocity_to_pwm.py to velocity_to_pwm.cpython-310.pyc
[4.913s] running install_data
[4.913s] running install_egg_info
[4.955s] removing '/workspace/install/pixhawk_control/lib/python3.10/site-packages/pixhawk_control-0.0.0-py3.10.egg-info' (and everything under it)
[4.956s] Copying ../../build/pixhawk_control/pixhawk_control.egg-info to /workspace/install/pixhawk_control/lib/python3.10/site-packages/pixhawk_control-0.0.0-py3.10.egg-info
[4.957s] running install_scripts
[5.037s] Installing rc_receive script to /workspace/install/pixhawk_control/lib/pixhawk_control
[5.038s] Installing velocity_to_pwm script to /workspace/install/pixhawk_control/lib/pixhawk_control
[5.039s] writing list of installed files to '/workspace/build/pixhawk_control/install.log'
[5.412s] Invoked command in '/workspace/src/pixhawk_control' returned '0': PYTHONPATH=/workspace/build/pixhawk_control/prefix_override:/usr/lib/python3/dist-packages/colcon_core/task/python/colcon_distutils_commands:/workspace/install/pixhawk_control/lib/python3.10/site-packages:${PYTHONPATH} /usr/bin/python3 -W ignore:setup.py install is deprecated setup.py egg_info --egg-base ../../build/pixhawk_control build --build-base /workspace/build/pixhawk_control/build install --record /workspace/build/pixhawk_control/install.log --single-version-externally-managed install_data
