[2.692s] Invoking command in '/workspace/src/record': PYTHONPATH=/workspace/build/record/prefix_override:/usr/lib/python3/dist-packages/colcon_core/task/python/colcon_distutils_commands:/workspace/install/record/lib/python3.10/site-packages:${PYTHONPATH} /usr/bin/python3 -W ignore:setup.py install is deprecated -W ignore:easy_install command is deprecated setup.py egg_info --egg-base ../../build/record build --build-base /workspace/build/record/build install --record /workspace/build/record/install.log --single-version-externally-managed install_data
[3.033s] running egg_info
[3.034s] writing ../../build/record/record.egg-info/PKG-INFO
[3.034s] writing dependency_links to ../../build/record/record.egg-info/dependency_links.txt
[3.034s] writing entry points to ../../build/record/record.egg-info/entry_points.txt
[3.035s] writing requirements to ../../build/record/record.egg-info/requires.txt
[3.035s] writing top-level names to ../../build/record/record.egg-info/top_level.txt
[3.038s] reading manifest file '../../build/record/record.egg-info/SOURCES.txt'
[3.038s] writing manifest file '../../build/record/record.egg-info/SOURCES.txt'
[3.039s] running build
[3.040s] running build_py
[3.041s] running install
[3.041s] running install_lib
[3.042s] running install_data
[3.042s] running install_egg_info
[3.045s] removing '/workspace/install/record/lib/python3.10/site-packages/record-0.0.0-py3.10.egg-info' (and everything under it)
[3.045s] Copying ../../build/record/record.egg-info to /workspace/install/record/lib/python3.10/site-packages/record-0.0.0-py3.10.egg-info
[3.047s] running install_scripts
[3.083s] Installing record_node script to /workspace/install/record/lib/record
[3.083s] writing list of installed files to '/workspace/build/record/install.log'
[3.159s] Invoked command in '/workspace/src/record' returned '0': PYTHONPATH=/workspace/build/record/prefix_override:/usr/lib/python3/dist-packages/colcon_core/task/python/colcon_distutils_commands:/workspace/install/record/lib/python3.10/site-packages:${PYTHONPATH} /usr/bin/python3 -W ignore:setup.py install is deprecated -W ignore:easy_install command is deprecated setup.py egg_info --egg-base ../../build/record build --build-base /workspace/build/record/build install --record /workspace/build/record/install.log --single-version-externally-managed install_data
