running egg_info
writing ../../../build/control_motor/control_motor.egg-info/PKG-INFO
writing dependency_links to ../../../build/control_motor/control_motor.egg-info/dependency_links.txt
writing entry points to ../../../build/control_motor/control_motor.egg-info/entry_points.txt
writing requirements to ../../../build/control_motor/control_motor.egg-info/requires.txt
writing top-level names to ../../../build/control_motor/control_motor.egg-info/top_level.txt
reading manifest file '../../../build/control_motor/control_motor.egg-info/SOURCES.txt'
writing manifest file '../../../build/control_motor/control_motor.egg-info/SOURCES.txt'
running build
running build_py
copying control_motor/Twist2Speed.py -> /home/jimmy/work/build/control_motor/build/lib/control_motor
running install
running install_lib
copying /home/jimmy/work/build/control_motor/build/lib/control_motor/Twist2Speed.py -> /home/jimmy/work/install/control_motor/lib/python3.10/site-packages/control_motor
byte-compiling /home/jimmy/work/install/control_motor/lib/python3.10/site-packages/control_motor/Twist2Speed.py to Twist2Speed.cpython-310.pyc
byte-compiling /home/jimmy/work/install/control_motor/lib/python3.10/site-packages/control_motor/motor_control.py to motor_control.cpython-310.pyc
running install_data
running install_egg_info
removing '/home/jimmy/work/install/control_motor/lib/python3.10/site-packages/control_motor-0.0.0-py3.10.egg-info' (and everything under it)
Copying ../../../build/control_motor/control_motor.egg-info to /home/jimmy/work/install/control_motor/lib/python3.10/site-packages/control_motor-0.0.0-py3.10.egg-info
running install_scripts
Installing Twist2Speed script to /home/jimmy/work/install/control_motor/lib/control_motor
Installing control_dual script to /home/jimmy/work/install/control_motor/lib/control_motor
Installing motorspeed script to /home/jimmy/work/install/control_motor/lib/control_motor
writing list of installed files to '/home/jimmy/work/build/control_motor/install.log'
