[0.690s] Invoking command in '/workspace/src/uwb': PYTHONPATH=/workspace/build/uwb/prefix_override:/usr/lib/python3/dist-packages/colcon_core/task/python/colcon_distutils_commands:/workspace/install/uwb/lib/python3.10/site-packages:${PYTHONPATH} /usr/bin/python3 -W ignore:setup.py install is deprecated -W ignore:easy_install command is deprecated setup.py egg_info --egg-base ../../build/uwb build --build-base /workspace/build/uwb/build install --record /workspace/build/uwb/install.log --single-version-externally-managed install_data
[0.786s] running egg_info
[0.786s] creating ../../build/uwb/uwb.egg-info
[0.786s] writing ../../build/uwb/uwb.egg-info/PKG-INFO
[0.787s] writing dependency_links to ../../build/uwb/uwb.egg-info/dependency_links.txt
[0.787s] writing entry points to ../../build/uwb/uwb.egg-info/entry_points.txt
[0.787s] writing requirements to ../../build/uwb/uwb.egg-info/requires.txt
[0.787s] writing top-level names to ../../build/uwb/uwb.egg-info/top_level.txt
[0.787s] writing manifest file '../../build/uwb/uwb.egg-info/SOURCES.txt'
[0.788s] reading manifest file '../../build/uwb/uwb.egg-info/SOURCES.txt'
[0.788s] writing manifest file '../../build/uwb/uwb.egg-info/SOURCES.txt'
[0.788s] running build
[0.788s] running build_py
[0.788s] creating /workspace/build/uwb/build
[0.788s] creating /workspace/build/uwb/build/lib
[0.788s] creating /workspace/build/uwb/build/lib/uwb
[0.788s] copying uwb/uwb_last_filter.py -> /workspace/build/uwb/build/lib/uwb
[0.789s] copying uwb/uwb_position.py -> /workspace/build/uwb/build/lib/uwb
[0.789s] copying uwb/__init__.py -> /workspace/build/uwb/build/lib/uwb
[0.789s] copying uwb/uwb_filter.py -> /workspace/build/uwb/build/lib/uwb
[0.789s] copying uwb/uwb_receiver.py -> /workspace/build/uwb/build/lib/uwb
[0.789s] copying uwb/uwb_visualization.py -> /workspace/build/uwb/build/lib/uwb
[0.789s] copying uwb/uwb_localization.py -> /workspace/build/uwb/build/lib/uwb
[0.789s] running install
[0.789s] running install_lib
[0.789s] creating /workspace/install/uwb/lib/python3.10/site-packages/uwb
[0.789s] copying /workspace/build/uwb/build/lib/uwb/uwb_last_filter.py -> /workspace/install/uwb/lib/python3.10/site-packages/uwb
[0.789s] copying /workspace/build/uwb/build/lib/uwb/uwb_position.py -> /workspace/install/uwb/lib/python3.10/site-packages/uwb
[0.789s] copying /workspace/build/uwb/build/lib/uwb/__init__.py -> /workspace/install/uwb/lib/python3.10/site-packages/uwb
[0.789s] copying /workspace/build/uwb/build/lib/uwb/uwb_filter.py -> /workspace/install/uwb/lib/python3.10/site-packages/uwb
[0.789s] copying /workspace/build/uwb/build/lib/uwb/uwb_receiver.py -> /workspace/install/uwb/lib/python3.10/site-packages/uwb
[0.789s] copying /workspace/build/uwb/build/lib/uwb/uwb_visualization.py -> /workspace/install/uwb/lib/python3.10/site-packages/uwb
[0.789s] copying /workspace/build/uwb/build/lib/uwb/uwb_localization.py -> /workspace/install/uwb/lib/python3.10/site-packages/uwb
[0.789s] byte-compiling /workspace/install/uwb/lib/python3.10/site-packages/uwb/uwb_last_filter.py to uwb_last_filter.cpython-310.pyc
[0.790s] byte-compiling /workspace/install/uwb/lib/python3.10/site-packages/uwb/uwb_position.py to uwb_position.cpython-310.pyc
[0.790s] byte-compiling /workspace/install/uwb/lib/python3.10/site-packages/uwb/__init__.py to __init__.cpython-310.pyc
[0.790s] byte-compiling /workspace/install/uwb/lib/python3.10/site-packages/uwb/uwb_filter.py to uwb_filter.cpython-310.pyc
[0.791s] byte-compiling /workspace/install/uwb/lib/python3.10/site-packages/uwb/uwb_receiver.py to uwb_receiver.cpython-310.pyc
[0.791s] byte-compiling /workspace/install/uwb/lib/python3.10/site-packages/uwb/uwb_visualization.py to uwb_visualization.cpython-310.pyc
[0.791s] byte-compiling /workspace/install/uwb/lib/python3.10/site-packages/uwb/uwb_localization.py to uwb_localization.cpython-310.pyc
[0.792s] running install_data
[0.792s] creating /workspace/install/uwb/share/ament_index
[0.792s] creating /workspace/install/uwb/share/ament_index/resource_index
[0.792s] creating /workspace/install/uwb/share/ament_index/resource_index/packages
[0.792s] copying resource/uwb -> /workspace/install/uwb/share/ament_index/resource_index/packages
[0.792s] copying package.xml -> /workspace/install/uwb/share/uwb
[0.792s] running install_egg_info
[0.793s] Copying ../../build/uwb/uwb.egg-info to /workspace/install/uwb/lib/python3.10/site-packages/uwb-0.0.0-py3.10.egg-info
[0.793s] running install_scripts
[0.803s] Installing filter script to /workspace/install/uwb/lib/uwb
[0.803s] Installing last_filter script to /workspace/install/uwb/lib/uwb
[0.803s] Installing localization script to /workspace/install/uwb/lib/uwb
[0.804s] Installing receiver script to /workspace/install/uwb/lib/uwb
[0.804s] Installing visualization script to /workspace/install/uwb/lib/uwb
[0.804s] writing list of installed files to '/workspace/build/uwb/install.log'
[0.818s] Invoked command in '/workspace/src/uwb' returned '0': PYTHONPATH=/workspace/build/uwb/prefix_override:/usr/lib/python3/dist-packages/colcon_core/task/python/colcon_distutils_commands:/workspace/install/uwb/lib/python3.10/site-packages:${PYTHONPATH} /usr/bin/python3 -W ignore:setup.py install is deprecated -W ignore:easy_install command is deprecated setup.py egg_info --egg-base ../../build/uwb build --build-base /workspace/build/uwb/build install --record /workspace/build/uwb/install.log --single-version-externally-managed install_data
