[0.009s] Invoking command in '/home/jimmy/work/build/dynamixel_sdk_examples': AMENT_PREFIX_PATH=/home/jimmy/work/install/dynamixel_sdk_custom_interfaces:/home/jimmy/work/install/dynamixel_sdk:${AMENT_PREFIX_PATH} CMAKE_PREFIX_PATH=/home/jimmy/work/install/dynamixel_sdk_custom_interfaces:/home/jimmy/work/install/dynamixel_sdk:/opt/ros/humble LD_LIBRARY_PATH=/home/jimmy/work/install/dynamixel_sdk_custom_interfaces/lib:/home/jimmy/work/install/dynamixel_sdk/lib:${LD_LIBRARY_PATH} PYTHONPATH=/home/jimmy/work/install/dynamixel_sdk_custom_interfaces/local/lib/python3.10/dist-packages:${PYTHONPATH} /usr/bin/cmake --build /home/jimmy/work/build/dynamixel_sdk_examples -- -j20 -l20
[0.067s] [100%] Built target read_write_node
[0.074s] Invoked command in '/home/jimmy/work/build/dynamixel_sdk_examples' returned '0': AMENT_PREFIX_PATH=/home/jimmy/work/install/dynamixel_sdk_custom_interfaces:/home/jimmy/work/install/dynamixel_sdk:${AMENT_PREFIX_PATH} CMAKE_PREFIX_PATH=/home/jimmy/work/install/dynamixel_sdk_custom_interfaces:/home/jimmy/work/install/dynamixel_sdk:/opt/ros/humble LD_LIBRARY_PATH=/home/jimmy/work/install/dynamixel_sdk_custom_interfaces/lib:/home/jimmy/work/install/dynamixel_sdk/lib:${LD_LIBRARY_PATH} PYTHONPATH=/home/jimmy/work/install/dynamixel_sdk_custom_interfaces/local/lib/python3.10/dist-packages:${PYTHONPATH} /usr/bin/cmake --build /home/jimmy/work/build/dynamixel_sdk_examples -- -j20 -l20
[0.090s] Invoking command in '/home/jimmy/work/build/dynamixel_sdk_examples': AMENT_PREFIX_PATH=/home/jimmy/work/install/dynamixel_sdk_custom_interfaces:/home/jimmy/work/install/dynamixel_sdk:${AMENT_PREFIX_PATH} CMAKE_PREFIX_PATH=/home/jimmy/work/install/dynamixel_sdk_custom_interfaces:/home/jimmy/work/install/dynamixel_sdk:/opt/ros/humble LD_LIBRARY_PATH=/home/jimmy/work/install/dynamixel_sdk_custom_interfaces/lib:/home/jimmy/work/install/dynamixel_sdk/lib:${LD_LIBRARY_PATH} PYTHONPATH=/home/jimmy/work/install/dynamixel_sdk_custom_interfaces/local/lib/python3.10/dist-packages:${PYTHONPATH} /usr/bin/cmake --install /home/jimmy/work/build/dynamixel_sdk_examples
[0.094s] -- Install configuration: ""
[0.095s] -- Up-to-date: /home/jimmy/work/install/dynamixel_sdk_examples/lib/dynamixel_sdk_examples/read_write_node
[0.095s] -- Up-to-date: /home/jimmy/work/install/dynamixel_sdk_examples/share/ament_index/resource_index/package_run_dependencies/dynamixel_sdk_examples
[0.095s] -- Up-to-date: /home/jimmy/work/install/dynamixel_sdk_examples/share/ament_index/resource_index/parent_prefix_path/dynamixel_sdk_examples
[0.095s] -- Up-to-date: /home/jimmy/work/install/dynamixel_sdk_examples/share/dynamixel_sdk_examples/environment/ament_prefix_path.sh
[0.095s] -- Up-to-date: /home/jimmy/work/install/dynamixel_sdk_examples/share/dynamixel_sdk_examples/environment/ament_prefix_path.dsv
[0.095s] -- Up-to-date: /home/jimmy/work/install/dynamixel_sdk_examples/share/dynamixel_sdk_examples/environment/path.sh
[0.095s] -- Up-to-date: /home/jimmy/work/install/dynamixel_sdk_examples/share/dynamixel_sdk_examples/environment/path.dsv
[0.096s] -- Up-to-date: /home/jimmy/work/install/dynamixel_sdk_examples/share/dynamixel_sdk_examples/local_setup.bash
[0.096s] -- Up-to-date: /home/jimmy/work/install/dynamixel_sdk_examples/share/dynamixel_sdk_examples/local_setup.sh
[0.096s] -- Up-to-date: /home/jimmy/work/install/dynamixel_sdk_examples/share/dynamixel_sdk_examples/local_setup.zsh
[0.096s] -- Up-to-date: /home/jimmy/work/install/dynamixel_sdk_examples/share/dynamixel_sdk_examples/local_setup.dsv
[0.096s] -- Installing: /home/jimmy/work/install/dynamixel_sdk_examples/share/dynamixel_sdk_examples/package.dsv
[0.097s] -- Up-to-date: /home/jimmy/work/install/dynamixel_sdk_examples/share/ament_index/resource_index/packages/dynamixel_sdk_examples
[0.097s] -- Up-to-date: /home/jimmy/work/install/dynamixel_sdk_examples/share/dynamixel_sdk_examples/cmake/dynamixel_sdk_examplesConfig.cmake
[0.097s] -- Up-to-date: /home/jimmy/work/install/dynamixel_sdk_examples/share/dynamixel_sdk_examples/cmake/dynamixel_sdk_examplesConfig-version.cmake
[0.098s] -- Up-to-date: /home/jimmy/work/install/dynamixel_sdk_examples/share/dynamixel_sdk_examples/package.xml
[0.098s] Invoked command in '/home/jimmy/work/build/dynamixel_sdk_examples' returned '0': AMENT_PREFIX_PATH=/home/jimmy/work/install/dynamixel_sdk_custom_interfaces:/home/jimmy/work/install/dynamixel_sdk:${AMENT_PREFIX_PATH} CMAKE_PREFIX_PATH=/home/jimmy/work/install/dynamixel_sdk_custom_interfaces:/home/jimmy/work/install/dynamixel_sdk:/opt/ros/humble LD_LIBRARY_PATH=/home/jimmy/work/install/dynamixel_sdk_custom_interfaces/lib:/home/jimmy/work/install/dynamixel_sdk/lib:${LD_LIBRARY_PATH} PYTHONPATH=/home/jimmy/work/install/dynamixel_sdk_custom_interfaces/local/lib/python3.10/dist-packages:${PYTHONPATH} /usr/bin/cmake --install /home/jimmy/work/build/dynamixel_sdk_examples
