[0.011s] Invoking command in '/home/jimmy/work/build/dynamixel_sdk_examples': CMAKE_PREFIX_PATH=/home/jimmy/work/install/dynamixel_sdk_custom_interfaces:/home/jimmy/work/install/dynamixel_sdk:/home/jimmy/work/install/dynamixel_sdk_examples:/home/jimmy/work/install/my_robot_package:/home/jimmy/work/install/control_motor:/opt/ros/humble /usr/bin/cmake --build /home/jimmy/work/build/dynamixel_sdk_examples -- -j20 -l20
[0.054s] [100%] Built target read_write_node
[0.063s] Invoked command in '/home/jimmy/work/build/dynamixel_sdk_examples' returned '0': CMAKE_PREFIX_PATH=/home/jimmy/work/install/dynamixel_sdk_custom_interfaces:/home/jimmy/work/install/dynamixel_sdk:/home/jimmy/work/install/dynamixel_sdk_examples:/home/jimmy/work/install/my_robot_package:/home/jimmy/work/install/control_motor:/opt/ros/humble /usr/bin/cmake --build /home/jimmy/work/build/dynamixel_sdk_examples -- -j20 -l20
[0.082s] Invoking command in '/home/jimmy/work/build/dynamixel_sdk_examples': CMAKE_PREFIX_PATH=/home/jimmy/work/install/dynamixel_sdk_custom_interfaces:/home/jimmy/work/install/dynamixel_sdk:/home/jimmy/work/install/dynamixel_sdk_examples:/home/jimmy/work/install/my_robot_package:/home/jimmy/work/install/control_motor:/opt/ros/humble /usr/bin/cmake --install /home/jimmy/work/build/dynamixel_sdk_examples
[0.087s] -- Install configuration: ""
[0.087s] -- Up-to-date: /home/jimmy/work/install/dynamixel_sdk_examples/lib/dynamixel_sdk_examples/read_write_node
[0.087s] -- Up-to-date: /home/jimmy/work/install/dynamixel_sdk_examples/share/ament_index/resource_index/package_run_dependencies/dynamixel_sdk_examples
[0.088s] -- Up-to-date: /home/jimmy/work/install/dynamixel_sdk_examples/share/ament_index/resource_index/parent_prefix_path/dynamixel_sdk_examples
[0.088s] -- Up-to-date: /home/jimmy/work/install/dynamixel_sdk_examples/share/dynamixel_sdk_examples/environment/ament_prefix_path.sh
[0.088s] -- Up-to-date: /home/jimmy/work/install/dynamixel_sdk_examples/share/dynamixel_sdk_examples/environment/ament_prefix_path.dsv
[0.088s] -- Up-to-date: /home/jimmy/work/install/dynamixel_sdk_examples/share/dynamixel_sdk_examples/environment/path.sh
[0.088s] -- Up-to-date: /home/jimmy/work/install/dynamixel_sdk_examples/share/dynamixel_sdk_examples/environment/path.dsv
[0.088s] -- Up-to-date: /home/jimmy/work/install/dynamixel_sdk_examples/share/dynamixel_sdk_examples/local_setup.bash
[0.088s] -- Up-to-date: /home/jimmy/work/install/dynamixel_sdk_examples/share/dynamixel_sdk_examples/local_setup.sh
[0.089s] -- Up-to-date: /home/jimmy/work/install/dynamixel_sdk_examples/share/dynamixel_sdk_examples/local_setup.zsh
[0.089s] -- Up-to-date: /home/jimmy/work/install/dynamixel_sdk_examples/share/dynamixel_sdk_examples/local_setup.dsv
[0.089s] -- Installing: /home/jimmy/work/install/dynamixel_sdk_examples/share/dynamixel_sdk_examples/package.dsv
[0.089s] -- Up-to-date: /home/jimmy/work/install/dynamixel_sdk_examples/share/ament_index/resource_index/packages/dynamixel_sdk_examples
[0.090s] -- Up-to-date: /home/jimmy/work/install/dynamixel_sdk_examples/share/dynamixel_sdk_examples/cmake/dynamixel_sdk_examplesConfig.cmake
[0.090s] -- Up-to-date: /home/jimmy/work/install/dynamixel_sdk_examples/share/dynamixel_sdk_examples/cmake/dynamixel_sdk_examplesConfig-version.cmake
[0.090s] -- Up-to-date: /home/jimmy/work/install/dynamixel_sdk_examples/share/dynamixel_sdk_examples/package.xml
[0.090s] Invoked command in '/home/jimmy/work/build/dynamixel_sdk_examples' returned '0': CMAKE_PREFIX_PATH=/home/jimmy/work/install/dynamixel_sdk_custom_interfaces:/home/jimmy/work/install/dynamixel_sdk:/home/jimmy/work/install/dynamixel_sdk_examples:/home/jimmy/work/install/my_robot_package:/home/jimmy/work/install/control_motor:/opt/ros/humble /usr/bin/cmake --install /home/jimmy/work/build/dynamixel_sdk_examples
