[5.407s] Invoking command in '/workspace/src/track': PYTHONPATH=/workspace/build/track/prefix_override:/usr/lib/python3/dist-packages/colcon_core/task/python/colcon_distutils_commands:/workspace/install/track/lib/python3.10/site-packages:${PYTHONPATH} /usr/bin/python3 -W ignore:setup.py install is deprecated setup.py egg_info --egg-base ../../build/track build --build-base /workspace/build/track/build install --record /workspace/build/track/install.log --single-version-externally-managed install_data
[5.460s] /usr/local/lib/python3.10/dist-packages/_distutils_hack/__init__.py:53: UserWarning: Reliance on distutils from stdlib is deprecated. Users must rely on setuptools to provide the distutils module. Avoid importing distutils or import setuptools first, and avoid setting SETUPTOOLS_USE_DISTUTILS=stdlib. Register concerns at https://github.com/pypa/setuptools/issues/new?template=distutils-deprecation.yml
[5.460s]   warnings.warn(
[5.735s] /usr/lib/python3.10/distutils/dist.py:274: UserWarning: Unknown distribution option: 'tests_require'
[5.735s]   warnings.warn(msg)
[5.934s] running egg_info
[5.967s] writing ../../build/track/track.egg-info/PKG-INFO
[5.969s] writing dependency_links to ../../build/track/track.egg-info/dependency_links.txt
[5.969s] writing entry points to ../../build/track/track.egg-info/entry_points.txt
[5.970s] writing requirements to ../../build/track/track.egg-info/requires.txt
[5.970s] writing top-level names to ../../build/track/track.egg-info/top_level.txt
[6.039s] reading manifest file '../../build/track/track.egg-info/SOURCES.txt'
[6.041s] writing manifest file '../../build/track/track.egg-info/SOURCES.txt'
[6.042s] running build
[6.044s] running build_py
[6.046s] running install
[6.047s] running install_lib
[6.095s] running install_data
[6.095s] running install_egg_info
[6.138s] removing '/workspace/install/track/lib/python3.10/site-packages/track-0.0.0-py3.10.egg-info' (and everything under it)
[6.138s] Copying ../../build/track/track.egg-info to /workspace/install/track/lib/python3.10/site-packages/track-0.0.0-py3.10.egg-info
[6.139s] running install_scripts
[6.227s] Installing ByteTrack script to /workspace/install/track/lib/track
[6.227s] Installing YOLO script to /workspace/install/track/lib/track
[6.227s] Installing bytetrack script to /workspace/install/track/lib/track
[6.227s] Installing depth script to /workspace/install/track/lib/track
[6.227s] Installing testa script to /workspace/install/track/lib/track
[6.227s] writing list of installed files to '/workspace/build/track/install.log'
[6.325s] Invoked command in '/workspace/src/track' returned '0': PYTHONPATH=/workspace/build/track/prefix_override:/usr/lib/python3/dist-packages/colcon_core/task/python/colcon_distutils_commands:/workspace/install/track/lib/python3.10/site-packages:${PYTHONPATH} /usr/bin/python3 -W ignore:setup.py install is deprecated setup.py egg_info --egg-base ../../build/track build --build-base /workspace/build/track/build install --record /workspace/build/track/install.log --single-version-externally-managed install_data
