[0.000000] (-) TimerEvent: {}
[0.000714] (camera) JobQueued: {'identifier': 'camera', 'dependencies': OrderedDict()}
[0.000821] (obstacle_detect_last) JobQueued: {'identifier': 'obstacle_detect_last', 'dependencies': OrderedDict()}
[0.000856] (record) JobQueued: {'identifier': 'record', 'dependencies': OrderedDict()}
[0.000875] (track) JobQueued: {'identifier': 'track', 'dependencies': OrderedDict()}
[0.000890] (us_pkg8) JobQueued: {'identifier': 'us_pkg8', 'dependencies': OrderedDict()}
[0.000904] (uwb) JobQueued: {'identifier': 'uwb', 'dependencies': OrderedDict()}
[0.000917] (uwb_nls) JobQueued: {'identifier': 'uwb_nls', 'dependencies': OrderedDict()}
[0.000930] (visualization) JobQueued: {'identifier': 'visualization', 'dependencies': OrderedDict()}
[0.000943] (camera) JobStarted: {'identifier': 'camera'}
[0.007960] (obstacle_detect_last) JobStarted: {'identifier': 'obstacle_detect_last'}
[0.012034] (record) JobStarted: {'identifier': 'record'}
[0.017165] (track) JobStarted: {'identifier': 'track'}
[0.021549] (us_pkg8) JobStarted: {'identifier': 'us_pkg8'}
[0.026425] (uwb) JobStarted: {'identifier': 'uwb'}
[0.031155] (uwb_nls) JobStarted: {'identifier': 'uwb_nls'}
[0.036920] (visualization) JobStarted: {'identifier': 'visualization'}
[0.099983] (-) TimerEvent: {}
[0.200509] (-) TimerEvent: {}
[0.300901] (-) TimerEvent: {}
[0.401338] (-) TimerEvent: {}
[0.501767] (-) TimerEvent: {}
[0.602138] (-) TimerEvent: {}
[0.702553] (-) TimerEvent: {}
[0.802944] (-) TimerEvent: {}
[0.903340] (-) TimerEvent: {}
[1.003716] (-) TimerEvent: {}
[1.104105] (-) TimerEvent: {}
[1.204497] (-) TimerEvent: {}
[1.304881] (-) TimerEvent: {}
[1.405266] (-) TimerEvent: {}
[1.497234] (uwb_nls) StderrLine: {'line': b'Traceback (most recent call last):\n  File "/usr/lib/python3/dist-packages/colcon_core/executor/__init__.py", line 91, in __call__\n    rc = await self.task(*args, **kwargs)\n  File "/usr/lib/python3/dist-packages/colcon_core/task/__init__.py", line 93, in __call__\n    return await task_method(*args, **kwargs)\n  File "/usr/lib/python3/dist-packages/colcon_ros/task/ament_python/build.py", line 51, in build\n    setup_py_data = get_setup_data(self.context.pkg, env)\n  File "/usr/lib/python3/dist-packages/colcon_core/task/python/__init__.py", line 20, in get_setup_data\n    return dict(pkg.metadata[key](env))\n  File "/usr/lib/python3/dist-packages/colcon_ros/package_augmentation/ros_ament_python.py", line 57, in getter\n    return get_setup_information(\n  File "/usr/lib/python3/dist-packages/colcon_python_setup_py/package_identification/python_setup_py.py", line 249, in get_setup_information\n    _setup_information_cache[hashable_env] = _get_setup_information(\n  File "/usr/lib/python3/dist-packages/colcon_python_setup_py/package_identification/python_setup_py.py", line 296, in _get_setup_information\n    result = subprocess.run(\n  File "/usr/lib/python3.10/subprocess.py", line 526, in run\n    raise CalledProcessError(retcode, process.args,\nsubprocess.CalledProcessError: Command \'[\'/usr/bin/python3\', \'-c\', \'import sys;from contextlib import suppress;exec("with suppress(ImportError):    from setuptools.extern.packaging.specifiers    import SpecifierSet");exec("with suppress(ImportError):    from packaging.specifiers import SpecifierSet");from distutils.core import run_setup;dist = run_setup(    \\\'setup.py\\\', script_args=(\\\'--dry-run\\\',), stop_after=\\\'config\\\');skip_keys = (\\\'cmdclass\\\', \\\'distclass\\\', \\\'ext_modules\\\', \\\'metadata\\\');data = {    key: value for key, value in dist.__dict__.items()     if (        not key.startswith(\\\'_\\\') and         not callable(value) and         key not in skip_keys and         key not in dist.display_option_names    )};data[\\\'metadata\\\'] = {    k: v for k, v in dist.metadata.__dict__.items()     if k not in (\\\'license_files\\\', \\\'provides_extras\\\')};sys.stdout.buffer.write(repr(data).encode(\\\'utf-8\\\'))\']\' returned non-zero exit status 1.\n'}
[1.498213] (uwb_nls) JobEnded: {'identifier': 'uwb_nls', 'rc': 1}
[1.498683] (camera) JobEnded: {'identifier': 'camera', 'rc': 'SIGINT'}
[1.499085] (obstacle_detect_last) JobEnded: {'identifier': 'obstacle_detect_last', 'rc': 'SIGINT'}
[1.499466] (record) JobEnded: {'identifier': 'record', 'rc': 'SIGINT'}
[1.499799] (track) JobEnded: {'identifier': 'track', 'rc': 'SIGINT'}
[1.500140] (us_pkg8) JobEnded: {'identifier': 'us_pkg8', 'rc': 'SIGINT'}
[1.500438] (uwb) JobEnded: {'identifier': 'uwb', 'rc': 'SIGINT'}
[1.500643] (visualization) JobEnded: {'identifier': 'visualization', 'rc': 'SIGINT'}
[1.505337] (-) TimerEvent: {}
[1.508790] (-) EventReactorShutdown: {}
