[0.226s] Invoking command in '/workspace/build/rc_receiver_if': CMAKE_PREFIX_PATH=${CMAKE_PREFIX_PATH}:/workspace/install/visualization:/workspace/install/uwb_nls:/workspace/install/ultrasonic:/workspace/install/track:/workspace/install/record:/workspace/install/rc_receiver:/workspace/install/pixhawk_control:/workspace/install/motor:/workspace/install/camera:/opt/ros/humble /usr/local/bin/cmake --build /workspace/build/rc_receiver_if -- -j8 -l8
[2.585s] [  3%] Built target rc_receiver_if__cpp
[2.587s] [ 12%] Built target rc_receiver_if__rosidl_generator_c
[2.588s] [ 12%] Built target ament_cmake_python_copy_rc_receiver_if
[2.588s] [ 22%] Built target rc_receiver_if__rosidl_typesupport_cpp
[2.589s] [ 32%] Built target rc_receiver_if__rosidl_typesupport_introspection_c
[2.591s] [ 41%] Built target rc_receiver_if__rosidl_typesupport_fastrtps_c
[2.591s] [ 51%] Built target rc_receiver_if__rosidl_typesupport_c
[2.592s] [ 61%] Built target rc_receiver_if__rosidl_typesupport_introspection_cpp
[2.593s] [ 70%] Built target rc_receiver_if__rosidl_typesupport_fastrtps_cpp
[2.594s] [ 70%] Built target rc_receiver_if
[2.594s] [ 74%] Built target rc_receiver_if__py
[2.594s] [ 80%] Built target rc_receiver_if__rosidl_generator_py
[2.594s] [100%] Built target rc_receiver_if__rosidl_typesupport_introspection_c__pyext
[2.594s] [100%] Built target rc_receiver_if__rosidl_typesupport_c__pyext
[2.594s] [100%] Built target rc_receiver_if__rosidl_typesupport_fastrtps_c__pyext
[2.595s] running egg_info
[2.595s] writing rc_receiver_if.egg-info/PKG-INFO
[2.595s] writing dependency_links to rc_receiver_if.egg-info/dependency_links.txt
[2.595s] writing top-level names to rc_receiver_if.egg-info/top_level.txt
[2.595s] reading manifest file 'rc_receiver_if.egg-info/SOURCES.txt'
[2.595s] writing manifest file 'rc_receiver_if.egg-info/SOURCES.txt'
[2.595s] [100%] Built target ament_cmake_python_build_rc_receiver_if_egg
[2.596s] /usr/local/lib/python3.10/dist-packages/_distutils_hack/__init__.py:53: UserWarning: Reliance on distutils from stdlib is deprecated. Users must rely on setuptools to provide the distutils module. Avoid importing distutils or import setuptools first, and avoid setting SETUPTOOLS_USE_DISTUTILS=stdlib. Register concerns at https://github.com/pypa/setuptools/issues/new?template=distutils-deprecation.yml
[2.596s]   warnings.warn(
[3.150s] Invoked command in '/workspace/build/rc_receiver_if' returned '0': CMAKE_PREFIX_PATH=${CMAKE_PREFIX_PATH}:/workspace/install/visualization:/workspace/install/uwb_nls:/workspace/install/ultrasonic:/workspace/install/track:/workspace/install/record:/workspace/install/rc_receiver:/workspace/install/pixhawk_control:/workspace/install/motor:/workspace/install/camera:/opt/ros/humble /usr/local/bin/cmake --build /workspace/build/rc_receiver_if -- -j8 -l8
[3.814s] Invoking command in '/workspace/build/rc_receiver_if': CMAKE_PREFIX_PATH=${CMAKE_PREFIX_PATH}:/workspace/install/visualization:/workspace/install/uwb_nls:/workspace/install/ultrasonic:/workspace/install/track:/workspace/install/record:/workspace/install/rc_receiver:/workspace/install/pixhawk_control:/workspace/install/motor:/workspace/install/camera:/opt/ros/humble /usr/local/bin/cmake --install /workspace/build/rc_receiver_if
[4.207s] -- Install configuration: ""
[4.208s] -- Up-to-date: /workspace/install/rc_receiver_if/share/ament_index/resource_index/rosidl_interfaces/rc_receiver_if
[4.209s] -- Up-to-date: /workspace/install/rc_receiver_if/include/rc_receiver_if/rc_receiver_if
[4.210s] -- Up-to-date: /workspace/install/rc_receiver_if/include/rc_receiver_if/rc_receiver_if/msg
[4.211s] -- Up-to-date: /workspace/install/rc_receiver_if/include/rc_receiver_if/rc_receiver_if/msg/rosidl_generator_c__visibility_control.h
[4.212s] -- Up-to-date: /workspace/install/rc_receiver_if/include/rc_receiver_if/rc_receiver_if/msg/detail
[4.213s] -- Up-to-date: /workspace/install/rc_receiver_if/include/rc_receiver_if/rc_receiver_if/msg/detail/receiver_data__functions.c
[4.214s] -- Up-to-date: /workspace/install/rc_receiver_if/include/rc_receiver_if/rc_receiver_if/msg/detail/receiver_data__type_support.h
[4.214s] -- Up-to-date: /workspace/install/rc_receiver_if/include/rc_receiver_if/rc_receiver_if/msg/detail/receiver_data__struct.h
[4.215s] -- Up-to-date: /workspace/install/rc_receiver_if/include/rc_receiver_if/rc_receiver_if/msg/detail/receiver_data__functions.h
[4.216s] -- Up-to-date: /workspace/install/rc_receiver_if/include/rc_receiver_if/rc_receiver_if/msg/receiver_data.h
[4.217s] -- Up-to-date: /workspace/install/rc_receiver_if/share/rc_receiver_if/environment/library_path.sh
[4.226s] -- Up-to-date: /workspace/install/rc_receiver_if/share/rc_receiver_if/environment/library_path.dsv
[4.226s] -- Up-to-date: /workspace/install/rc_receiver_if/lib/librc_receiver_if__rosidl_generator_c.so
[4.226s] -- Up-to-date: /workspace/install/rc_receiver_if/include/rc_receiver_if/rc_receiver_if
[4.227s] -- Up-to-date: /workspace/install/rc_receiver_if/include/rc_receiver_if/rc_receiver_if/msg
[4.227s] -- Up-to-date: /workspace/install/rc_receiver_if/include/rc_receiver_if/rc_receiver_if/msg/detail
[4.227s] -- Up-to-date: /workspace/install/rc_receiver_if/include/rc_receiver_if/rc_receiver_if/msg/detail/receiver_data__rosidl_typesupport_fastrtps_c.h
[4.227s] -- Up-to-date: /workspace/install/rc_receiver_if/include/rc_receiver_if/rc_receiver_if/msg/rosidl_typesupport_fastrtps_c__visibility_control.h
[4.227s] -- Up-to-date: /workspace/install/rc_receiver_if/lib/librc_receiver_if__rosidl_typesupport_fastrtps_c.so
[4.227s] -- Up-to-date: /workspace/install/rc_receiver_if/include/rc_receiver_if/rc_receiver_if
[4.227s] -- Up-to-date: /workspace/install/rc_receiver_if/include/rc_receiver_if/rc_receiver_if/msg
[4.228s] -- Up-to-date: /workspace/install/rc_receiver_if/include/rc_receiver_if/rc_receiver_if/msg/detail
[4.228s] -- Up-to-date: /workspace/install/rc_receiver_if/include/rc_receiver_if/rc_receiver_if/msg/detail/receiver_data__rosidl_typesupport_introspection_c.h
[4.231s] -- Up-to-date: /workspace/install/rc_receiver_if/include/rc_receiver_if/rc_receiver_if/msg/detail/receiver_data__type_support.c
[4.231s] -- Up-to-date: /workspace/install/rc_receiver_if/include/rc_receiver_if/rc_receiver_if/msg/rosidl_typesupport_introspection_c__visibility_control.h
[4.231s] -- Up-to-date: /workspace/install/rc_receiver_if/lib/librc_receiver_if__rosidl_typesupport_introspection_c.so
[4.232s] -- Up-to-date: /workspace/install/rc_receiver_if/lib/librc_receiver_if__rosidl_typesupport_c.so
[4.232s] -- Up-to-date: /workspace/install/rc_receiver_if/include/rc_receiver_if/rc_receiver_if
[4.232s] -- Up-to-date: /workspace/install/rc_receiver_if/include/rc_receiver_if/rc_receiver_if/msg
[4.233s] -- Up-to-date: /workspace/install/rc_receiver_if/include/rc_receiver_if/rc_receiver_if/msg/detail
[4.233s] -- Up-to-date: /workspace/install/rc_receiver_if/include/rc_receiver_if/rc_receiver_if/msg/detail/receiver_data__struct.hpp
[4.234s] -- Up-to-date: /workspace/install/rc_receiver_if/include/rc_receiver_if/rc_receiver_if/msg/detail/receiver_data__type_support.hpp
[4.234s] -- Up-to-date: /workspace/install/rc_receiver_if/include/rc_receiver_if/rc_receiver_if/msg/detail/receiver_data__traits.hpp
[4.235s] -- Up-to-date: /workspace/install/rc_receiver_if/include/rc_receiver_if/rc_receiver_if/msg/detail/receiver_data__builder.hpp
[4.235s] -- Up-to-date: /workspace/install/rc_receiver_if/include/rc_receiver_if/rc_receiver_if/msg/receiver_data.hpp
[4.235s] -- Up-to-date: /workspace/install/rc_receiver_if/include/rc_receiver_if/rc_receiver_if/msg/rosidl_generator_cpp__visibility_control.hpp
[4.235s] -- Up-to-date: /workspace/install/rc_receiver_if/include/rc_receiver_if/rc_receiver_if
[4.235s] -- Up-to-date: /workspace/install/rc_receiver_if/include/rc_receiver_if/rc_receiver_if/msg
[4.235s] -- Up-to-date: /workspace/install/rc_receiver_if/include/rc_receiver_if/rc_receiver_if/msg/rosidl_typesupport_fastrtps_cpp__visibility_control.h
[4.235s] -- Up-to-date: /workspace/install/rc_receiver_if/include/rc_receiver_if/rc_receiver_if/msg/detail
[4.235s] -- Up-to-date: /workspace/install/rc_receiver_if/include/rc_receiver_if/rc_receiver_if/msg/detail/receiver_data__rosidl_typesupport_fastrtps_cpp.hpp
[4.236s] -- Up-to-date: /workspace/install/rc_receiver_if/include/rc_receiver_if/rc_receiver_if/msg/detail/dds_fastrtps
[4.246s] -- Up-to-date: /workspace/install/rc_receiver_if/lib/librc_receiver_if__rosidl_typesupport_fastrtps_cpp.so
[4.248s] -- Up-to-date: /workspace/install/rc_receiver_if/include/rc_receiver_if/rc_receiver_if
[4.249s] -- Up-to-date: /workspace/install/rc_receiver_if/include/rc_receiver_if/rc_receiver_if/msg
[4.254s] -- Up-to-date: /workspace/install/rc_receiver_if/include/rc_receiver_if/rc_receiver_if/msg/detail
[4.254s] -- Up-to-date: /workspace/install/rc_receiver_if/include/rc_receiver_if/rc_receiver_if/msg/detail/receiver_data__type_support.cpp
[4.254s] -- Up-to-date: /workspace/install/rc_receiver_if/include/rc_receiver_if/rc_receiver_if/msg/detail/receiver_data__rosidl_typesupport_introspection_cpp.hpp
[4.254s] -- Up-to-date: /workspace/install/rc_receiver_if/lib/librc_receiver_if__rosidl_typesupport_introspection_cpp.so
[4.255s] -- Up-to-date: /workspace/install/rc_receiver_if/lib/librc_receiver_if__rosidl_typesupport_cpp.so
[4.255s] -- Up-to-date: /workspace/install/rc_receiver_if/share/rc_receiver_if/environment/pythonpath.sh
[4.255s] -- Up-to-date: /workspace/install/rc_receiver_if/share/rc_receiver_if/environment/pythonpath.dsv
[4.255s] -- Up-to-date: /workspace/install/rc_receiver_if/local/lib/python3.10/dist-packages/rc_receiver_if-0.0.0-py3.10.egg-info
[4.257s] -- Installing: /workspace/install/rc_receiver_if/local/lib/python3.10/dist-packages/rc_receiver_if-0.0.0-py3.10.egg-info/SOURCES.txt
[4.260s] -- Installing: /workspace/install/rc_receiver_if/local/lib/python3.10/dist-packages/rc_receiver_if-0.0.0-py3.10.egg-info/top_level.txt
[4.266s] -- Installing: /workspace/install/rc_receiver_if/local/lib/python3.10/dist-packages/rc_receiver_if-0.0.0-py3.10.egg-info/dependency_links.txt
[4.266s] -- Installing: /workspace/install/rc_receiver_if/local/lib/python3.10/dist-packages/rc_receiver_if-0.0.0-py3.10.egg-info/PKG-INFO
[4.272s] -- Up-to-date: /workspace/install/rc_receiver_if/local/lib/python3.10/dist-packages/rc_receiver_if
[4.272s] -- Up-to-date: /workspace/install/rc_receiver_if/local/lib/python3.10/dist-packages/rc_receiver_if/_rc_receiver_if_s.ep.rosidl_typesupport_fastrtps_c.c
[4.273s] -- Up-to-date: /workspace/install/rc_receiver_if/local/lib/python3.10/dist-packages/rc_receiver_if/rc_receiver_if_s__rosidl_typesupport_c.cpython-310-aarch64-linux-gnu.so
[4.273s] -- Up-to-date: /workspace/install/rc_receiver_if/local/lib/python3.10/dist-packages/rc_receiver_if/librc_receiver_if__rosidl_generator_py.so
[4.273s] -- Up-to-date: /workspace/install/rc_receiver_if/local/lib/python3.10/dist-packages/rc_receiver_if/msg
[4.273s] -- Up-to-date: /workspace/install/rc_receiver_if/local/lib/python3.10/dist-packages/rc_receiver_if/msg/_receiver_data.py
[4.273s] -- Up-to-date: /workspace/install/rc_receiver_if/local/lib/python3.10/dist-packages/rc_receiver_if/msg/_receiver_data_s.c
[4.275s] -- Up-to-date: /workspace/install/rc_receiver_if/local/lib/python3.10/dist-packages/rc_receiver_if/msg/__init__.py
[4.275s] -- Up-to-date: /workspace/install/rc_receiver_if/local/lib/python3.10/dist-packages/rc_receiver_if/rc_receiver_if_s__rosidl_typesupport_fastrtps_c.cpython-310-aarch64-linux-gnu.so
[4.276s] -- Up-to-date: /workspace/install/rc_receiver_if/local/lib/python3.10/dist-packages/rc_receiver_if/_rc_receiver_if_s.ep.rosidl_typesupport_c.c
[4.277s] -- Up-to-date: /workspace/install/rc_receiver_if/local/lib/python3.10/dist-packages/rc_receiver_if/__init__.py
[4.277s] -- Up-to-date: /workspace/install/rc_receiver_if/local/lib/python3.10/dist-packages/rc_receiver_if/_rc_receiver_if_s.ep.rosidl_typesupport_introspection_c.c
[4.277s] -- Up-to-date: /workspace/install/rc_receiver_if/local/lib/python3.10/dist-packages/rc_receiver_if/rc_receiver_if_s__rosidl_typesupport_introspection_c.cpython-310-aarch64-linux-gnu.so
[4.373s] Listing '/workspace/install/rc_receiver_if/local/lib/python3.10/dist-packages/rc_receiver_if'...
[4.373s] Listing '/workspace/install/rc_receiver_if/local/lib/python3.10/dist-packages/rc_receiver_if/msg'...
[4.389s] -- Up-to-date: /workspace/install/rc_receiver_if/local/lib/python3.10/dist-packages/rc_receiver_if/rc_receiver_if_s__rosidl_typesupport_fastrtps_c.cpython-310-aarch64-linux-gnu.so
[4.390s] -- Up-to-date: /workspace/install/rc_receiver_if/local/lib/python3.10/dist-packages/rc_receiver_if/rc_receiver_if_s__rosidl_typesupport_introspection_c.cpython-310-aarch64-linux-gnu.so
[4.390s] -- Up-to-date: /workspace/install/rc_receiver_if/local/lib/python3.10/dist-packages/rc_receiver_if/rc_receiver_if_s__rosidl_typesupport_c.cpython-310-aarch64-linux-gnu.so
[4.390s] -- Up-to-date: /workspace/install/rc_receiver_if/lib/librc_receiver_if__rosidl_generator_py.so
[4.390s] -- Up-to-date: /workspace/install/rc_receiver_if/share/rc_receiver_if/msg/ReceiverData.idl
[4.404s] -- Up-to-date: /workspace/install/rc_receiver_if/share/rc_receiver_if/msg/ReceiverData.msg
[4.405s] -- Up-to-date: /workspace/install/rc_receiver_if/share/ament_index/resource_index/package_run_dependencies/rc_receiver_if
[4.405s] -- Up-to-date: /workspace/install/rc_receiver_if/share/ament_index/resource_index/parent_prefix_path/rc_receiver_if
[4.405s] -- Up-to-date: /workspace/install/rc_receiver_if/share/rc_receiver_if/environment/ament_prefix_path.sh
[4.405s] -- Up-to-date: /workspace/install/rc_receiver_if/share/rc_receiver_if/environment/ament_prefix_path.dsv
[4.405s] -- Up-to-date: /workspace/install/rc_receiver_if/share/rc_receiver_if/environment/path.sh
[4.406s] -- Up-to-date: /workspace/install/rc_receiver_if/share/rc_receiver_if/environment/path.dsv
[4.406s] -- Up-to-date: /workspace/install/rc_receiver_if/share/rc_receiver_if/local_setup.bash
[4.406s] -- Up-to-date: /workspace/install/rc_receiver_if/share/rc_receiver_if/local_setup.sh
[4.406s] -- Up-to-date: /workspace/install/rc_receiver_if/share/rc_receiver_if/local_setup.zsh
[4.406s] -- Up-to-date: /workspace/install/rc_receiver_if/share/rc_receiver_if/local_setup.dsv
[4.406s] -- Installing: /workspace/install/rc_receiver_if/share/rc_receiver_if/package.dsv
[4.406s] -- Up-to-date: /workspace/install/rc_receiver_if/share/ament_index/resource_index/packages/rc_receiver_if
[4.407s] -- Up-to-date: /workspace/install/rc_receiver_if/share/rc_receiver_if/cmake/export_rc_receiver_if__rosidl_generator_cExport.cmake
[4.407s] -- Up-to-date: /workspace/install/rc_receiver_if/share/rc_receiver_if/cmake/export_rc_receiver_if__rosidl_generator_cExport-noconfig.cmake
[4.407s] -- Up-to-date: /workspace/install/rc_receiver_if/share/rc_receiver_if/cmake/export_rc_receiver_if__rosidl_typesupport_fastrtps_cExport.cmake
[4.407s] -- Up-to-date: /workspace/install/rc_receiver_if/share/rc_receiver_if/cmake/export_rc_receiver_if__rosidl_typesupport_fastrtps_cExport-noconfig.cmake
[4.407s] -- Up-to-date: /workspace/install/rc_receiver_if/share/rc_receiver_if/cmake/rc_receiver_if__rosidl_typesupport_introspection_cExport.cmake
[4.407s] -- Up-to-date: /workspace/install/rc_receiver_if/share/rc_receiver_if/cmake/rc_receiver_if__rosidl_typesupport_introspection_cExport-noconfig.cmake
[4.407s] -- Up-to-date: /workspace/install/rc_receiver_if/share/rc_receiver_if/cmake/rc_receiver_if__rosidl_typesupport_cExport.cmake
[4.408s] -- Up-to-date: /workspace/install/rc_receiver_if/share/rc_receiver_if/cmake/rc_receiver_if__rosidl_typesupport_cExport-noconfig.cmake
[4.408s] -- Up-to-date: /workspace/install/rc_receiver_if/share/rc_receiver_if/cmake/export_rc_receiver_if__rosidl_generator_cppExport.cmake
[4.408s] -- Up-to-date: /workspace/install/rc_receiver_if/share/rc_receiver_if/cmake/export_rc_receiver_if__rosidl_typesupport_fastrtps_cppExport.cmake
[4.408s] -- Up-to-date: /workspace/install/rc_receiver_if/share/rc_receiver_if/cmake/export_rc_receiver_if__rosidl_typesupport_fastrtps_cppExport-noconfig.cmake
[4.408s] -- Up-to-date: /workspace/install/rc_receiver_if/share/rc_receiver_if/cmake/rc_receiver_if__rosidl_typesupport_introspection_cppExport.cmake
[4.418s] -- Up-to-date: /workspace/install/rc_receiver_if/share/rc_receiver_if/cmake/rc_receiver_if__rosidl_typesupport_introspection_cppExport-noconfig.cmake
[4.418s] -- Up-to-date: /workspace/install/rc_receiver_if/share/rc_receiver_if/cmake/rc_receiver_if__rosidl_typesupport_cppExport.cmake
[4.418s] -- Up-to-date: /workspace/install/rc_receiver_if/share/rc_receiver_if/cmake/rc_receiver_if__rosidl_typesupport_cppExport-noconfig.cmake
[4.419s] -- Up-to-date: /workspace/install/rc_receiver_if/share/rc_receiver_if/cmake/export_rc_receiver_if__rosidl_generator_pyExport.cmake
[4.419s] -- Up-to-date: /workspace/install/rc_receiver_if/share/rc_receiver_if/cmake/export_rc_receiver_if__rosidl_generator_pyExport-noconfig.cmake
[4.419s] -- Up-to-date: /workspace/install/rc_receiver_if/share/rc_receiver_if/cmake/rosidl_cmake-extras.cmake
[4.419s] -- Up-to-date: /workspace/install/rc_receiver_if/share/rc_receiver_if/cmake/ament_cmake_export_include_directories-extras.cmake
[4.419s] -- Up-to-date: /workspace/install/rc_receiver_if/share/rc_receiver_if/cmake/ament_cmake_export_libraries-extras.cmake
[4.419s] -- Up-to-date: /workspace/install/rc_receiver_if/share/rc_receiver_if/cmake/ament_cmake_export_targets-extras.cmake
[4.419s] -- Up-to-date: /workspace/install/rc_receiver_if/share/rc_receiver_if/cmake/rosidl_cmake_export_typesupport_targets-extras.cmake
[4.420s] -- Up-to-date: /workspace/install/rc_receiver_if/share/rc_receiver_if/cmake/ament_cmake_export_dependencies-extras.cmake
[4.420s] -- Up-to-date: /workspace/install/rc_receiver_if/share/rc_receiver_if/cmake/rosidl_cmake_export_typesupport_libraries-extras.cmake
[4.420s] -- Up-to-date: /workspace/install/rc_receiver_if/share/rc_receiver_if/cmake/rc_receiver_ifConfig.cmake
[4.420s] -- Up-to-date: /workspace/install/rc_receiver_if/share/rc_receiver_if/cmake/rc_receiver_ifConfig-version.cmake
[4.420s] -- Up-to-date: /workspace/install/rc_receiver_if/share/rc_receiver_if/package.xml
[4.478s] Invoked command in '/workspace/build/rc_receiver_if' returned '0': CMAKE_PREFIX_PATH=${CMAKE_PREFIX_PATH}:/workspace/install/visualization:/workspace/install/uwb_nls:/workspace/install/ultrasonic:/workspace/install/track:/workspace/install/record:/workspace/install/rc_receiver:/workspace/install/pixhawk_control:/workspace/install/motor:/workspace/install/camera:/opt/ros/humble /usr/local/bin/cmake --install /workspace/build/rc_receiver_if
