[2.254s] Invoking command in '/workspace/src/us_pkg8': PYTHONPATH=/workspace/build/us_pkg8/prefix_override:/usr/lib/python3/dist-packages/colcon_core/task/python/colcon_distutils_commands:/workspace/install/us_pkg8/lib/python3.10/site-packages:${PYTHONPATH} /usr/bin/python3 -W ignore:setup.py install is deprecated -W ignore:easy_install command is deprecated setup.py egg_info --egg-base ../../build/us_pkg8 build --build-base /workspace/build/us_pkg8/build install --record /workspace/build/us_pkg8/install.log --single-version-externally-managed install_data
[2.565s] running egg_info
[2.567s] writing ../../build/us_pkg8/us_pkg8.egg-info/PKG-INFO
[2.567s] writing dependency_links to ../../build/us_pkg8/us_pkg8.egg-info/dependency_links.txt
[2.567s] writing entry points to ../../build/us_pkg8/us_pkg8.egg-info/entry_points.txt
[2.567s] writing requirements to ../../build/us_pkg8/us_pkg8.egg-info/requires.txt
[2.568s] writing top-level names to ../../build/us_pkg8/us_pkg8.egg-info/top_level.txt
[2.570s] reading manifest file '../../build/us_pkg8/us_pkg8.egg-info/SOURCES.txt'
[2.571s] writing manifest file '../../build/us_pkg8/us_pkg8.egg-info/SOURCES.txt'
[2.572s] running build
[2.572s] running build_py
[2.572s] running install
[2.573s] running install_lib
[2.575s] running install_data
[2.576s] running install_egg_info
[2.578s] removing '/workspace/install/us_pkg8/lib/python3.10/site-packages/us_pkg8-0.0.0-py3.10.egg-info' (and everything under it)
[2.578s] Copying ../../build/us_pkg8/us_pkg8.egg-info to /workspace/install/us_pkg8/lib/python3.10/site-packages/us_pkg8-0.0.0-py3.10.egg-info
[2.579s] running install_scripts
[2.612s] Installing us_modbus_receiver_node script to /workspace/install/us_pkg8/lib/us_pkg8
[2.612s] Installing us_modbus_receiver_node2 script to /workspace/install/us_pkg8/lib/us_pkg8
[2.613s] Installing us_show_node script to /workspace/install/us_pkg8/lib/us_pkg8
[2.613s] Installing us_uart_receiver_node script to /workspace/install/us_pkg8/lib/us_pkg8
[2.613s] writing list of installed files to '/workspace/build/us_pkg8/install.log'
[2.687s] Invoked command in '/workspace/src/us_pkg8' returned '0': PYTHONPATH=/workspace/build/us_pkg8/prefix_override:/usr/lib/python3/dist-packages/colcon_core/task/python/colcon_distutils_commands:/workspace/install/us_pkg8/lib/python3.10/site-packages:${PYTHONPATH} /usr/bin/python3 -W ignore:setup.py install is deprecated -W ignore:easy_install command is deprecated setup.py egg_info --egg-base ../../build/us_pkg8 build --build-base /workspace/build/us_pkg8/build install --record /workspace/build/us_pkg8/install.log --single-version-externally-managed install_data
