[3.534s] Invoking command in '/workspace/src/visualization': PYTHONPATH=/workspace/build/visualization/prefix_override:/usr/lib/python3/dist-packages/colcon_core/task/python/colcon_distutils_commands:/workspace/install/visualization/lib/python3.10/site-packages:${PYTHONPATH} /usr/bin/python3 -W ignore:setup.py install is deprecated setup.py egg_info --egg-base ../../build/visualization build --build-base /workspace/build/visualization/build install --record /workspace/build/visualization/install.log --single-version-externally-managed install_data
[3.601s] /usr/local/lib/python3.10/dist-packages/_distutils_hack/__init__.py:53: UserWarning: Reliance on distutils from stdlib is deprecated. Users must rely on setuptools to provide the distutils module. Avoid importing distutils or import setuptools first, and avoid setting SETUPTOOLS_USE_DISTUTILS=stdlib. Register concerns at https://github.com/pypa/setuptools/issues/new?template=distutils-deprecation.yml
[3.602s]   warnings.warn(
[3.934s] /usr/lib/python3.10/distutils/dist.py:274: UserWarning: Unknown distribution option: 'tests_require'
[3.934s]   warnings.warn(msg)
[4.190s] running egg_info
[4.232s] writing ../../build/visualization/visualization.egg-info/PKG-INFO
[4.233s] writing dependency_links to ../../build/visualization/visualization.egg-info/dependency_links.txt
[4.234s] writing entry points to ../../build/visualization/visualization.egg-info/entry_points.txt
[4.234s] writing requirements to ../../build/visualization/visualization.egg-info/requires.txt
[4.235s] writing top-level names to ../../build/visualization/visualization.egg-info/top_level.txt
[4.320s] reading manifest file '../../build/visualization/visualization.egg-info/SOURCES.txt'
[4.324s] writing manifest file '../../build/visualization/visualization.egg-info/SOURCES.txt'
[4.324s] running build
[4.324s] running build_py
[4.327s] running install
[4.327s] running install_lib
[4.371s] running install_data
[4.372s] running install_egg_info
[4.417s] removing '/workspace/install/visualization/lib/python3.10/site-packages/visualization-0.0.0-py3.10.egg-info' (and everything under it)
[4.420s] Copying ../../build/visualization/visualization.egg-info to /workspace/install/visualization/lib/python3.10/site-packages/visualization-0.0.0-py3.10.egg-info
[4.421s] running install_scripts
[4.511s] Installing sim_node script to /workspace/install/visualization/lib/visualization
[4.512s] Installing visual script to /workspace/install/visualization/lib/visualization
[4.513s] writing list of installed files to '/workspace/build/visualization/install.log'
[4.602s] Invoked command in '/workspace/src/visualization' returned '0': PYTHONPATH=/workspace/build/visualization/prefix_override:/usr/lib/python3/dist-packages/colcon_core/task/python/colcon_distutils_commands:/workspace/install/visualization/lib/python3.10/site-packages:${PYTHONPATH} /usr/bin/python3 -W ignore:setup.py install is deprecated setup.py egg_info --egg-base ../../build/visualization build --build-base /workspace/build/visualization/build install --record /workspace/build/visualization/install.log --single-version-externally-managed install_data
