[4.518s] Invoking command in '/workspace/src/pixhawk_control': PYTHONPATH=/workspace/build/pixhawk_control/prefix_override:/usr/lib/python3/dist-packages/colcon_core/task/python/colcon_distutils_commands:/workspace/install/pixhawk_control/lib/python3.10/site-packages:${PYTHONPATH} /usr/bin/python3 -W ignore:setup.py install is deprecated setup.py egg_info --egg-base ../../build/pixhawk_control build --build-base /workspace/build/pixhawk_control/build install --record /workspace/build/pixhawk_control/install.log --single-version-externally-managed install_data
[4.591s] /usr/local/lib/python3.10/dist-packages/_distutils_hack/__init__.py:53: UserWarning: Reliance on distutils from stdlib is deprecated. Users must rely on setuptools to provide the distutils module. Avoid importing distutils or import setuptools first, and avoid setting SETUPTOOLS_USE_DISTUTILS=stdlib. Register concerns at https://github.com/pypa/setuptools/issues/new?template=distutils-deprecation.yml
[4.592s]   warnings.warn(
[4.962s] /usr/lib/python3.10/distutils/dist.py:274: UserWarning: Unknown distribution option: 'tests_require'
[4.962s]   warnings.warn(msg)
[5.250s] running egg_info
[5.285s] writing ../../build/pixhawk_control/pixhawk_control.egg-info/PKG-INFO
[5.285s] writing dependency_links to ../../build/pixhawk_control/pixhawk_control.egg-info/dependency_links.txt
[5.286s] writing entry points to ../../build/pixhawk_control/pixhawk_control.egg-info/entry_points.txt
[5.286s] writing requirements to ../../build/pixhawk_control/pixhawk_control.egg-info/requires.txt
[5.286s] writing top-level names to ../../build/pixhawk_control/pixhawk_control.egg-info/top_level.txt
[5.375s] reading manifest file '../../build/pixhawk_control/pixhawk_control.egg-info/SOURCES.txt'
[5.379s] writing manifest file '../../build/pixhawk_control/pixhawk_control.egg-info/SOURCES.txt'
[5.379s] running build
[5.379s] running build_py
[5.379s] copying pixhawk_control/velocity_to_pwm.py -> /workspace/build/pixhawk_control/build/lib/pixhawk_control
[5.385s] running install
[5.385s] running install_lib
[5.419s] copying /workspace/build/pixhawk_control/build/lib/pixhawk_control/velocity_to_pwm.py -> /workspace/install/pixhawk_control/lib/python3.10/site-packages/pixhawk_control
[5.421s] byte-compiling /workspace/install/pixhawk_control/lib/python3.10/site-packages/pixhawk_control/velocity_to_pwm.py to velocity_to_pwm.cpython-310.pyc
[5.425s] running install_data
[5.425s] running install_egg_info
[5.465s] removing '/workspace/install/pixhawk_control/lib/python3.10/site-packages/pixhawk_control-0.0.0-py3.10.egg-info' (and everything under it)
[5.466s] Copying ../../build/pixhawk_control/pixhawk_control.egg-info to /workspace/install/pixhawk_control/lib/python3.10/site-packages/pixhawk_control-0.0.0-py3.10.egg-info
[5.468s] running install_scripts
[5.543s] Installing rc_receive script to /workspace/install/pixhawk_control/lib/pixhawk_control
[5.544s] Installing velocity_to_pwm script to /workspace/install/pixhawk_control/lib/pixhawk_control
[5.545s] writing list of installed files to '/workspace/build/pixhawk_control/install.log'
[5.882s] Invoked command in '/workspace/src/pixhawk_control' returned '0': PYTHONPATH=/workspace/build/pixhawk_control/prefix_override:/usr/lib/python3/dist-packages/colcon_core/task/python/colcon_distutils_commands:/workspace/install/pixhawk_control/lib/python3.10/site-packages:${PYTHONPATH} /usr/bin/python3 -W ignore:setup.py install is deprecated setup.py egg_info --egg-base ../../build/pixhawk_control build --build-base /workspace/build/pixhawk_control/build install --record /workspace/build/pixhawk_control/install.log --single-version-externally-managed install_data
