[0.691s] Invoking command in '/workspace/src/track': PYTHONPATH=/workspace/build/track/prefix_override:/usr/lib/python3/dist-packages/colcon_core/task/python/colcon_distutils_commands:/workspace/install/track/lib/python3.10/site-packages:${PYTHONPATH} /usr/bin/python3 -W ignore:setup.py install is deprecated -W ignore:easy_install command is deprecated setup.py egg_info --egg-base ../../build/track build --build-base /workspace/build/track/build install --record /workspace/build/track/install.log --single-version-externally-managed install_data
[0.791s] running egg_info
[0.792s] creating ../../build/track/track.egg-info
[0.792s] writing ../../build/track/track.egg-info/PKG-INFO
[0.792s] writing dependency_links to ../../build/track/track.egg-info/dependency_links.txt
[0.792s] writing entry points to ../../build/track/track.egg-info/entry_points.txt
[0.792s] writing requirements to ../../build/track/track.egg-info/requires.txt
[0.792s] writing top-level names to ../../build/track/track.egg-info/top_level.txt
[0.792s] writing manifest file '../../build/track/track.egg-info/SOURCES.txt'
[0.793s] reading manifest file '../../build/track/track.egg-info/SOURCES.txt'
[0.793s] writing manifest file '../../build/track/track.egg-info/SOURCES.txt'
[0.793s] running build
[0.793s] running build_py
[0.793s] creating /workspace/build/track/build
[0.793s] creating /workspace/build/track/build/lib
[0.793s] creating /workspace/build/track/build/lib/track
[0.793s] copying track/open_rs.py -> /workspace/build/track/build/lib/track
[0.793s] copying track/byte_tracker.py -> /workspace/build/track/build/lib/track
[0.793s] copying track/detect.py -> /workspace/build/track/build/lib/track
[0.793s] copying track/basetrack.py -> /workspace/build/track/build/lib/track
[0.793s] copying track/test.py -> /workspace/build/track/build/lib/track
[0.793s] copying track/depth.py -> /workspace/build/track/build/lib/track
[0.793s] copying track/__init__.py -> /workspace/build/track/build/lib/track
[0.793s] copying track/bytetrack.py -> /workspace/build/track/build/lib/track
[0.793s] copying track/matching.py -> /workspace/build/track/build/lib/track
[0.794s] copying track/track.py -> /workspace/build/track/build/lib/track
[0.794s] copying track/kalman_filter.py -> /workspace/build/track/build/lib/track
[0.794s] copying track/byte_old.py -> /workspace/build/track/build/lib/track
[0.794s] copying track/recognize.py -> /workspace/build/track/build/lib/track
[0.794s] copying track/track_point_sub.py -> /workspace/build/track/build/lib/track
[0.794s] running install
[0.794s] running install_lib
[0.794s] creating /workspace/install/track/lib/python3.10/site-packages/track
[0.794s] copying /workspace/build/track/build/lib/track/open_rs.py -> /workspace/install/track/lib/python3.10/site-packages/track
[0.794s] copying /workspace/build/track/build/lib/track/byte_tracker.py -> /workspace/install/track/lib/python3.10/site-packages/track
[0.794s] copying /workspace/build/track/build/lib/track/detect.py -> /workspace/install/track/lib/python3.10/site-packages/track
[0.794s] copying /workspace/build/track/build/lib/track/basetrack.py -> /workspace/install/track/lib/python3.10/site-packages/track
[0.794s] copying /workspace/build/track/build/lib/track/test.py -> /workspace/install/track/lib/python3.10/site-packages/track
[0.794s] copying /workspace/build/track/build/lib/track/depth.py -> /workspace/install/track/lib/python3.10/site-packages/track
[0.794s] copying /workspace/build/track/build/lib/track/__init__.py -> /workspace/install/track/lib/python3.10/site-packages/track
[0.794s] copying /workspace/build/track/build/lib/track/bytetrack.py -> /workspace/install/track/lib/python3.10/site-packages/track
[0.794s] copying /workspace/build/track/build/lib/track/matching.py -> /workspace/install/track/lib/python3.10/site-packages/track
[0.794s] copying /workspace/build/track/build/lib/track/track.py -> /workspace/install/track/lib/python3.10/site-packages/track
[0.794s] copying /workspace/build/track/build/lib/track/kalman_filter.py -> /workspace/install/track/lib/python3.10/site-packages/track
[0.794s] copying /workspace/build/track/build/lib/track/byte_old.py -> /workspace/install/track/lib/python3.10/site-packages/track
[0.795s] copying /workspace/build/track/build/lib/track/recognize.py -> /workspace/install/track/lib/python3.10/site-packages/track
[0.795s] copying /workspace/build/track/build/lib/track/track_point_sub.py -> /workspace/install/track/lib/python3.10/site-packages/track
[0.795s] byte-compiling /workspace/install/track/lib/python3.10/site-packages/track/open_rs.py to open_rs.cpython-310.pyc
[0.795s] byte-compiling /workspace/install/track/lib/python3.10/site-packages/track/byte_tracker.py to byte_tracker.cpython-310.pyc
[0.796s] byte-compiling /workspace/install/track/lib/python3.10/site-packages/track/detect.py to detect.cpython-310.pyc
[0.796s] byte-compiling /workspace/install/track/lib/python3.10/site-packages/track/basetrack.py to basetrack.cpython-310.pyc
[0.797s] byte-compiling /workspace/install/track/lib/python3.10/site-packages/track/test.py to test.cpython-310.pyc
[0.797s] byte-compiling /workspace/install/track/lib/python3.10/site-packages/track/depth.py to depth.cpython-310.pyc
[0.797s] byte-compiling /workspace/install/track/lib/python3.10/site-packages/track/__init__.py to __init__.cpython-310.pyc
[0.797s] byte-compiling /workspace/install/track/lib/python3.10/site-packages/track/bytetrack.py to bytetrack.cpython-310.pyc
[0.798s] byte-compiling /workspace/install/track/lib/python3.10/site-packages/track/matching.py to matching.cpython-310.pyc
[0.798s] byte-compiling /workspace/install/track/lib/python3.10/site-packages/track/track.py to track.cpython-310.pyc
[0.799s] byte-compiling /workspace/install/track/lib/python3.10/site-packages/track/kalman_filter.py to kalman_filter.cpython-310.pyc
[0.800s] byte-compiling /workspace/install/track/lib/python3.10/site-packages/track/byte_old.py to byte_old.cpython-310.pyc
[0.801s] byte-compiling /workspace/install/track/lib/python3.10/site-packages/track/recognize.py to recognize.cpython-310.pyc
[0.801s] byte-compiling /workspace/install/track/lib/python3.10/site-packages/track/track_point_sub.py to track_point_sub.cpython-310.pyc
[0.801s] running install_data
[0.801s] creating /workspace/install/track/share/ament_index
[0.801s] creating /workspace/install/track/share/ament_index/resource_index
[0.801s] creating /workspace/install/track/share/ament_index/resource_index/packages
[0.801s] copying resource/track -> /workspace/install/track/share/ament_index/resource_index/packages
[0.801s] copying package.xml -> /workspace/install/track/share/track
[0.801s] running install_egg_info
[0.802s] Copying ../../build/track/track.egg-info to /workspace/install/track/lib/python3.10/site-packages/track-0.0.0-py3.10.egg-info
[0.802s] running install_scripts
[0.813s] Installing byte_old script to /workspace/install/track/lib/track
[0.813s] Installing bytetrack script to /workspace/install/track/lib/track
[0.813s] Installing open_rs script to /workspace/install/track/lib/track
[0.813s] Installing test script to /workspace/install/track/lib/track
[0.813s] Installing track_point_sub script to /workspace/install/track/lib/track
[0.814s] writing list of installed files to '/workspace/build/track/install.log'
[0.824s] Invoked command in '/workspace/src/track' returned '0': PYTHONPATH=/workspace/build/track/prefix_override:/usr/lib/python3/dist-packages/colcon_core/task/python/colcon_distutils_commands:/workspace/install/track/lib/python3.10/site-packages:${PYTHONPATH} /usr/bin/python3 -W ignore:setup.py install is deprecated -W ignore:easy_install command is deprecated setup.py egg_info --egg-base ../../build/track build --build-base /workspace/build/track/build install --record /workspace/build/track/install.log --single-version-externally-managed install_data
