running egg_info
creating ../../build/my_robot_package/my_robot_package.egg-info
writing ../../build/my_robot_package/my_robot_package.egg-info/PKG-INFO
writing dependency_links to ../../build/my_robot_package/my_robot_package.egg-info/dependency_links.txt
writing entry points to ../../build/my_robot_package/my_robot_package.egg-info/entry_points.txt
writing requirements to ../../build/my_robot_package/my_robot_package.egg-info/requires.txt
writing top-level names to ../../build/my_robot_package/my_robot_package.egg-info/top_level.txt
writing manifest file '../../build/my_robot_package/my_robot_package.egg-info/SOURCES.txt'
reading manifest file '../../build/my_robot_package/my_robot_package.egg-info/SOURCES.txt'
writing manifest file '../../build/my_robot_package/my_robot_package.egg-info/SOURCES.txt'
running build
running build_py
creating /home/jimmy/work/build/my_robot_package/build
creating /home/jimmy/work/build/my_robot_package/build/lib
creating /home/jimmy/work/build/my_robot_package/build/lib/my_robot_package
copying my_robot_package/__init__.py -> /home/jimmy/work/build/my_robot_package/build/lib/my_robot_package
copying my_robot_package/ros2_publisher.py -> /home/jimmy/work/build/my_robot_package/build/lib/my_robot_package
copying my_robot_package/ros2_subsriber.py -> /home/jimmy/work/build/my_robot_package/build/lib/my_robot_package
running install
running install_lib
creating /home/jimmy/work/install/my_robot_package/lib/python3.10/site-packages/my_robot_package
copying /home/jimmy/work/build/my_robot_package/build/lib/my_robot_package/__init__.py -> /home/jimmy/work/install/my_robot_package/lib/python3.10/site-packages/my_robot_package
copying /home/jimmy/work/build/my_robot_package/build/lib/my_robot_package/ros2_publisher.py -> /home/jimmy/work/install/my_robot_package/lib/python3.10/site-packages/my_robot_package
copying /home/jimmy/work/build/my_robot_package/build/lib/my_robot_package/ros2_subsriber.py -> /home/jimmy/work/install/my_robot_package/lib/python3.10/site-packages/my_robot_package
byte-compiling /home/jimmy/work/install/my_robot_package/lib/python3.10/site-packages/my_robot_package/__init__.py to __init__.cpython-310.pyc
byte-compiling /home/jimmy/work/install/my_robot_package/lib/python3.10/site-packages/my_robot_package/ros2_publisher.py to ros2_publisher.cpython-310.pyc
byte-compiling /home/jimmy/work/install/my_robot_package/lib/python3.10/site-packages/my_robot_package/ros2_subsriber.py to ros2_subsriber.cpython-310.pyc
running install_data
creating /home/jimmy/work/install/my_robot_package/share/ament_index
creating /home/jimmy/work/install/my_robot_package/share/ament_index/resource_index
creating /home/jimmy/work/install/my_robot_package/share/ament_index/resource_index/packages
copying resource/my_robot_package -> /home/jimmy/work/install/my_robot_package/share/ament_index/resource_index/packages
copying package.xml -> /home/jimmy/work/install/my_robot_package/share/my_robot_package
running install_egg_info
Copying ../../build/my_robot_package/my_robot_package.egg-info to /home/jimmy/work/install/my_robot_package/lib/python3.10/site-packages/my_robot_package-0.0.0-py3.10.egg-info
running install_scripts
Installing ros2_publisher script to /home/jimmy/work/install/my_robot_package/lib/my_robot_package
writing list of installed files to '/home/jimmy/work/build/my_robot_package/install.log'
