[0.536s] Invoking command in '/home/jimmy/work/docker/my_robot_package': PYTHONPATH=/home/jimmy/work/build/my_robot_package/prefix_override:/usr/lib/python3/dist-packages/colcon_core/task/python/colcon_distutils_commands:/home/jimmy/work/install/my_robot_package/lib/python3.10/site-packages:${PYTHONPATH} /usr/bin/python3 -W ignore:setup.py install is deprecated setup.py egg_info --egg-base ../../build/my_robot_package build --build-base /home/jimmy/work/build/my_robot_package/build install --record /home/jimmy/work/build/my_robot_package/install.log --single-version-externally-managed install_data
[0.688s] running egg_info
[0.688s] creating ../../build/my_robot_package/my_robot_package.egg-info
[0.688s] writing ../../build/my_robot_package/my_robot_package.egg-info/PKG-INFO
[0.688s] writing dependency_links to ../../build/my_robot_package/my_robot_package.egg-info/dependency_links.txt
[0.688s] writing entry points to ../../build/my_robot_package/my_robot_package.egg-info/entry_points.txt
[0.688s] writing requirements to ../../build/my_robot_package/my_robot_package.egg-info/requires.txt
[0.689s] writing top-level names to ../../build/my_robot_package/my_robot_package.egg-info/top_level.txt
[0.689s] writing manifest file '../../build/my_robot_package/my_robot_package.egg-info/SOURCES.txt'
[0.690s] reading manifest file '../../build/my_robot_package/my_robot_package.egg-info/SOURCES.txt'
[0.690s] writing manifest file '../../build/my_robot_package/my_robot_package.egg-info/SOURCES.txt'
[0.690s] running build
[0.690s] running build_py
[0.690s] creating /home/jimmy/work/build/my_robot_package/build
[0.691s] creating /home/jimmy/work/build/my_robot_package/build/lib
[0.691s] creating /home/jimmy/work/build/my_robot_package/build/lib/my_robot_package
[0.691s] copying my_robot_package/__init__.py -> /home/jimmy/work/build/my_robot_package/build/lib/my_robot_package
[0.691s] copying my_robot_package/ros2_publisher.py -> /home/jimmy/work/build/my_robot_package/build/lib/my_robot_package
[0.691s] copying my_robot_package/ros2_subsriber.py -> /home/jimmy/work/build/my_robot_package/build/lib/my_robot_package
[0.691s] running install
[0.691s] running install_lib
[0.692s] creating /home/jimmy/work/install/my_robot_package/lib/python3.10/site-packages/my_robot_package
[0.692s] copying /home/jimmy/work/build/my_robot_package/build/lib/my_robot_package/__init__.py -> /home/jimmy/work/install/my_robot_package/lib/python3.10/site-packages/my_robot_package
[0.692s] copying /home/jimmy/work/build/my_robot_package/build/lib/my_robot_package/ros2_publisher.py -> /home/jimmy/work/install/my_robot_package/lib/python3.10/site-packages/my_robot_package
[0.692s] copying /home/jimmy/work/build/my_robot_package/build/lib/my_robot_package/ros2_subsriber.py -> /home/jimmy/work/install/my_robot_package/lib/python3.10/site-packages/my_robot_package
[0.692s] byte-compiling /home/jimmy/work/install/my_robot_package/lib/python3.10/site-packages/my_robot_package/__init__.py to __init__.cpython-310.pyc
[0.692s] byte-compiling /home/jimmy/work/install/my_robot_package/lib/python3.10/site-packages/my_robot_package/ros2_publisher.py to ros2_publisher.cpython-310.pyc
[0.693s] byte-compiling /home/jimmy/work/install/my_robot_package/lib/python3.10/site-packages/my_robot_package/ros2_subsriber.py to ros2_subsriber.cpython-310.pyc
[0.694s] running install_data
[0.694s] creating /home/jimmy/work/install/my_robot_package/share/ament_index
[0.694s] creating /home/jimmy/work/install/my_robot_package/share/ament_index/resource_index
[0.694s] creating /home/jimmy/work/install/my_robot_package/share/ament_index/resource_index/packages
[0.694s] copying resource/my_robot_package -> /home/jimmy/work/install/my_robot_package/share/ament_index/resource_index/packages
[0.695s] copying package.xml -> /home/jimmy/work/install/my_robot_package/share/my_robot_package
[0.695s] running install_egg_info
[0.696s] Copying ../../build/my_robot_package/my_robot_package.egg-info to /home/jimmy/work/install/my_robot_package/lib/python3.10/site-packages/my_robot_package-0.0.0-py3.10.egg-info
[0.696s] running install_scripts
[0.709s] Installing ros2_publisher script to /home/jimmy/work/install/my_robot_package/lib/my_robot_package
[0.709s] writing list of installed files to '/home/jimmy/work/build/my_robot_package/install.log'
[0.734s] Invoked command in '/home/jimmy/work/docker/my_robot_package' returned '0': PYTHONPATH=/home/jimmy/work/build/my_robot_package/prefix_override:/usr/lib/python3/dist-packages/colcon_core/task/python/colcon_distutils_commands:/home/jimmy/work/install/my_robot_package/lib/python3.10/site-packages:${PYTHONPATH} /usr/bin/python3 -W ignore:setup.py install is deprecated setup.py egg_info --egg-base ../../build/my_robot_package build --build-base /home/jimmy/work/build/my_robot_package/build install --record /home/jimmy/work/build/my_robot_package/install.log --single-version-externally-managed install_data
