[3.681s] Invoking command in '/workspace/src/visualization': PYTHONPATH=/workspace/build/visualization/prefix_override:/usr/lib/python3/dist-packages/colcon_core/task/python/colcon_distutils_commands:/workspace/install/visualization/lib/python3.10/site-packages:${PYTHONPATH} /usr/bin/python3 -W ignore:setup.py install is deprecated setup.py egg_info --egg-base ../../build/visualization build --build-base /workspace/build/visualization/build install --record /workspace/build/visualization/install.log --single-version-externally-managed install_data
[3.764s] /usr/local/lib/python3.10/dist-packages/_distutils_hack/__init__.py:53: UserWarning: Reliance on distutils from stdlib is deprecated. Users must rely on setuptools to provide the distutils module. Avoid importing distutils or import setuptools first, and avoid setting SETUPTOOLS_USE_DISTUTILS=stdlib. Register concerns at https://github.com/pypa/setuptools/issues/new?template=distutils-deprecation.yml
[3.765s]   warnings.warn(
[4.100s] /usr/lib/python3.10/distutils/dist.py:274: UserWarning: Unknown distribution option: 'tests_require'
[4.101s]   warnings.warn(msg)
[4.358s] running egg_info
[4.400s] writing ../../build/visualization/visualization.egg-info/PKG-INFO
[4.401s] writing dependency_links to ../../build/visualization/visualization.egg-info/dependency_links.txt
[4.403s] writing entry points to ../../build/visualization/visualization.egg-info/entry_points.txt
[4.403s] writing requirements to ../../build/visualization/visualization.egg-info/requires.txt
[4.404s] writing top-level names to ../../build/visualization/visualization.egg-info/top_level.txt
[4.485s] reading manifest file '../../build/visualization/visualization.egg-info/SOURCES.txt'
[4.488s] writing manifest file '../../build/visualization/visualization.egg-info/SOURCES.txt'
[4.490s] running build
[4.491s] running build_py
[4.493s] running install
[4.495s] running install_lib
[4.538s] running install_data
[4.539s] running install_egg_info
[4.586s] removing '/workspace/install/visualization/lib/python3.10/site-packages/visualization-0.0.0-py3.10.egg-info' (and everything under it)
[4.587s] Copying ../../build/visualization/visualization.egg-info to /workspace/install/visualization/lib/python3.10/site-packages/visualization-0.0.0-py3.10.egg-info
[4.589s] running install_scripts
[4.696s] Installing sim_node script to /workspace/install/visualization/lib/visualization
[4.697s] Installing visual script to /workspace/install/visualization/lib/visualization
[4.704s] writing list of installed files to '/workspace/build/visualization/install.log'
[4.798s] Invoked command in '/workspace/src/visualization' returned '0': PYTHONPATH=/workspace/build/visualization/prefix_override:/usr/lib/python3/dist-packages/colcon_core/task/python/colcon_distutils_commands:/workspace/install/visualization/lib/python3.10/site-packages:${PYTHONPATH} /usr/bin/python3 -W ignore:setup.py install is deprecated setup.py egg_info --egg-base ../../build/visualization build --build-base /workspace/build/visualization/build install --record /workspace/build/visualization/install.log --single-version-externally-managed install_data
