-- The C compiler identification is GNU 11.4.0
-- The CXX compiler identification is GNU 11.4.0
-- Detecting C compiler ABI info
-- Detecting C compiler ABI info - done
-- Check for working C compiler: /usr/bin/cc - skipped
-- Detecting C compile features
-- Detecting C compile features - done
-- Detecting CXX compiler ABI info
-- Detecting CXX compiler ABI info - done
-- Check for working CXX compiler: /usr/bin/c++ - skipped
-- Detecting CXX compile features
-- Detecting CXX compile features - done
-- Found ament_cmake: 1.3.12 (/opt/ros/humble/share/ament_cmake/cmake)
-- Found Python3: /usr/local/bin/python3 (found version "3.10.12") found components: Interpreter
-- Found rosidl_default_generators: 1.2.0 (/opt/ros/humble/share/rosidl_default_generators/cmake)
-- Using all available rosidl_typesupport_c: rosidl_typesupport_fastrtps_c;rosidl_typesupport_introspection_c
-- Found rosidl_adapter: 3.1.7 (/opt/ros/humble/share/rosidl_adapter/cmake)
-- Using all available rosidl_typesupport_cpp: rosidl_typesupport_fastrtps_cpp;rosidl_typesupport_introspection_cpp
-- Found ament_cmake_ros: 0.10.0 (/opt/ros/humble/share/ament_cmake_ros/cmake)
-- Using all available rosidl_typesupport_c: rosidl_typesupport_fastrtps_c;rosidl_typesupport_introspection_c
-- Using all available rosidl_typesupport_cpp: rosidl_typesupport_fastrtps_cpp;rosidl_typesupport_introspection_cpp
[33mCMake Warning (dev) at /opt/ros/humble/share/rosidl_generator_py/cmake/rosidl_generator_py_generate_interfaces.cmake:20 (find_package):
  Policy CMP0148 is not set: The FindPythonInterp and FindPythonLibs modules
  are removed.  Run "cmake --help-policy CMP0148" for policy details.  Use
  the cmake_policy command to set the policy and suppress this warning.

Call Stack (most recent call first):
  /opt/ros/humble/share/ament_cmake_core/cmake/core/ament_execute_extensions.cmake:48 (include)
  /opt/ros/humble/share/rosidl_cmake/cmake/rosidl_generate_interfaces.cmake:286 (ament_execute_extensions)
  CMakeLists.txt:18 (rosidl_generate_interfaces)
This warning is for project developers.  Use -Wno-dev to suppress it.
[0m
-- Found PythonInterp: /usr/local/bin/python3 (found suitable version "3.10.12", minimum required is "3.6")
-- Found python_cmake_module: 0.10.0 (/opt/ros/humble/share/python_cmake_module/cmake)
[33mCMake Warning (dev) at /opt/ros/humble/share/python_cmake_module/cmake/Modules/FindPythonExtra.cmake:52 (find_package):
  Policy CMP0148 is not set: The FindPythonInterp and FindPythonLibs modules
  are removed.  Run "cmake --help-policy CMP0148" for policy details.  Use
  the cmake_policy command to set the policy and suppress this warning.

Call Stack (most recent call first):
  /opt/ros/humble/share/rosidl_generator_py/cmake/rosidl_generator_py_generate_interfaces.cmake:23 (find_package)
  /opt/ros/humble/share/ament_cmake_core/cmake/core/ament_execute_extensions.cmake:48 (include)
  /opt/ros/humble/share/rosidl_cmake/cmake/rosidl_generate_interfaces.cmake:286 (ament_execute_extensions)
  CMakeLists.txt:18 (rosidl_generate_interfaces)
This warning is for project developers.  Use -Wno-dev to suppress it.
[0m
[33mCMake Warning (dev) at /opt/ros/humble/share/python_cmake_module/cmake/Modules/FindPythonExtra.cmake:140 (find_package):
  Policy CMP0148 is not set: The FindPythonInterp and FindPythonLibs modules
  are removed.  Run "cmake --help-policy CMP0148" for policy details.  Use
  the cmake_policy command to set the policy and suppress this warning.

Call Stack (most recent call first):
  /opt/ros/humble/share/rosidl_generator_py/cmake/rosidl_generator_py_generate_interfaces.cmake:23 (find_package)
  /opt/ros/humble/share/ament_cmake_core/cmake/core/ament_execute_extensions.cmake:48 (include)
  /opt/ros/humble/share/rosidl_cmake/cmake/rosidl_generate_interfaces.cmake:286 (ament_execute_extensions)
  CMakeLists.txt:18 (rosidl_generate_interfaces)
This warning is for project developers.  Use -Wno-dev to suppress it.
[0m
-- Found PythonLibs: /usr/lib/aarch64-linux-gnu/libpython3.10.so (found suitable version "3.10.12", minimum required is "3.5")
-- Using PYTHON_EXECUTABLE: /usr/local/bin/python3
-- Using PYTHON_INCLUDE_DIRS: /usr/include/python3.10
-- Using PYTHON_LIBRARIES: /usr/lib/aarch64-linux-gnu/libpython3.10.so
-- Found PythonExtra: .so
-- Found ament_lint_auto: 0.12.14 (/opt/ros/humble/share/ament_lint_auto/cmake)
-- Added test 'lint_cmake' to check CMake code style
-- Added test 'xmllint' to check XML markup files
-- Configuring done (6.4s)
-- Generating done (0.1s)
-- Build files have been written to: /workspace/build/rc_receiver_if
[  3%] [34m[1mGenerating C code for ROS interfaces[0m
[  6%] [34m[1mGenerating C++ code for ROS interfaces[0m
[  6%] Built target ament_cmake_python_copy_rc_receiver_if
running egg_info
creating rc_receiver_if.egg-info
writing rc_receiver_if.egg-info/PKG-INFO
writing dependency_links to rc_receiver_if.egg-info/dependency_links.txt
writing top-level names to rc_receiver_if.egg-info/top_level.txt
writing manifest file 'rc_receiver_if.egg-info/SOURCES.txt'
reading manifest file 'rc_receiver_if.egg-info/SOURCES.txt'
writing manifest file 'rc_receiver_if.egg-info/SOURCES.txt'
[  6%] Built target rc_receiver_if__cpp
[  9%] [34m[1mGenerating C++ type support for eProsima Fast-RTPS[0m
[ 12%] [34m[1mGenerating C++ introspection for ROS interfaces[0m
[ 16%] [34m[1mGenerating C++ type support dispatch for ROS interfaces[0m
[ 19%] [32mBuilding C object CMakeFiles/rc_receiver_if__rosidl_generator_c.dir/rosidl_generator_c/rc_receiver_if/msg/detail/receiver_data__functions.c.o[0m
[ 19%] Built target ament_cmake_python_build_rc_receiver_if_egg
[ 22%] [32m[1mLinking C shared library librc_receiver_if__rosidl_generator_c.so[0m
[ 22%] Built target rc_receiver_if__rosidl_generator_c
[ 25%] [34m[1mGenerating C introspection for ROS interfaces[0m
[ 29%] [34m[1mGenerating C type support dispatch for ROS interfaces[0m
[ 32%] [34m[1mGenerating C type support for eProsima Fast-RTPS[0m
[ 35%] [32mBuilding CXX object CMakeFiles/rc_receiver_if__rosidl_typesupport_fastrtps_cpp.dir/rosidl_typesupport_fastrtps_cpp/rc_receiver_if/msg/detail/dds_fastrtps/receiver_data__type_support.cpp.o[0m
[ 38%] [32mBuilding CXX object CMakeFiles/rc_receiver_if__rosidl_typesupport_cpp.dir/rosidl_typesupport_cpp/rc_receiver_if/msg/receiver_data__type_support.cpp.o[0m
[ 41%] [32mBuilding CXX object CMakeFiles/rc_receiver_if__rosidl_typesupport_introspection_cpp.dir/rosidl_typesupport_introspection_cpp/rc_receiver_if/msg/detail/receiver_data__type_support.cpp.o[0m
[ 45%] [32mBuilding CXX object CMakeFiles/rc_receiver_if__rosidl_typesupport_fastrtps_c.dir/rosidl_typesupport_fastrtps_c/rc_receiver_if/msg/detail/receiver_data__type_support_c.cpp.o[0m
[ 48%] [32mBuilding CXX object CMakeFiles/rc_receiver_if__rosidl_typesupport_c.dir/rosidl_typesupport_c/rc_receiver_if/msg/receiver_data__type_support.cpp.o[0m
[ 51%] [32mBuilding C object CMakeFiles/rc_receiver_if__rosidl_typesupport_introspection_c.dir/rosidl_typesupport_introspection_c/rc_receiver_if/msg/detail/receiver_data__type_support.c.o[0m
[ 54%] [32m[1mLinking CXX shared library librc_receiver_if__rosidl_typesupport_c.so[0m
[ 58%] [32m[1mLinking C shared library librc_receiver_if__rosidl_typesupport_introspection_c.so[0m
[ 58%] Built target rc_receiver_if__rosidl_typesupport_c
[ 58%] Built target rc_receiver_if__rosidl_typesupport_introspection_c
[ 61%] [32m[1mLinking CXX shared library librc_receiver_if__rosidl_typesupport_cpp.so[0m
[ 61%] Built target rc_receiver_if__rosidl_typesupport_cpp
[ 64%] [32m[1mLinking CXX shared library librc_receiver_if__rosidl_typesupport_fastrtps_cpp.so[0m
[ 64%] Built target rc_receiver_if__rosidl_typesupport_fastrtps_cpp
[ 67%] [32m[1mLinking CXX shared library librc_receiver_if__rosidl_typesupport_fastrtps_c.so[0m
[ 70%] [32m[1mLinking CXX shared library librc_receiver_if__rosidl_typesupport_introspection_cpp.so[0m
[ 70%] Built target rc_receiver_if__rosidl_typesupport_fastrtps_c
[ 70%] Built target rc_receiver_if__rosidl_typesupport_introspection_cpp
[ 70%] Built target rc_receiver_if
[ 74%] [34m[1mGenerating Python code for ROS interfaces[0m
[ 74%] Built target rc_receiver_if__py
[ 77%] [32mBuilding C object CMakeFiles/rc_receiver_if__rosidl_generator_py.dir/rosidl_generator_py/rc_receiver_if/msg/_receiver_data_s.c.o[0m
[ 80%] [32m[1mLinking C shared library rosidl_generator_py/rc_receiver_if/librc_receiver_if__rosidl_generator_py.so[0m
[ 80%] Built target rc_receiver_if__rosidl_generator_py
[ 83%] [32mBuilding C object CMakeFiles/rc_receiver_if__rosidl_typesupport_fastrtps_c__pyext.dir/rosidl_generator_py/rc_receiver_if/_rc_receiver_if_s.ep.rosidl_typesupport_fastrtps_c.c.o[0m
[ 87%] [32m[1mLinking C shared library rosidl_generator_py/rc_receiver_if/rc_receiver_if_s__rosidl_typesupport_fastrtps_c.cpython-310-aarch64-linux-gnu.so[0m
[ 87%] Built target rc_receiver_if__rosidl_typesupport_fastrtps_c__pyext
[ 90%] [32mBuilding C object CMakeFiles/rc_receiver_if__rosidl_typesupport_c__pyext.dir/rosidl_generator_py/rc_receiver_if/_rc_receiver_if_s.ep.rosidl_typesupport_c.c.o[0m
[ 93%] [32m[1mLinking C shared library rosidl_generator_py/rc_receiver_if/rc_receiver_if_s__rosidl_typesupport_c.cpython-310-aarch64-linux-gnu.so[0m
[ 93%] Built target rc_receiver_if__rosidl_typesupport_c__pyext
[ 96%] [32mBuilding C object CMakeFiles/rc_receiver_if__rosidl_typesupport_introspection_c__pyext.dir/rosidl_generator_py/rc_receiver_if/_rc_receiver_if_s.ep.rosidl_typesupport_introspection_c.c.o[0m
[100%] [32m[1mLinking C shared library rosidl_generator_py/rc_receiver_if/rc_receiver_if_s__rosidl_typesupport_introspection_c.cpython-310-aarch64-linux-gnu.so[0m
[100%] Built target rc_receiver_if__rosidl_typesupport_introspection_c__pyext
-- Install configuration: ""
-- Installing: /workspace/install/rc_receiver_if/share/ament_index/resource_index/rosidl_interfaces/rc_receiver_if
-- Installing: /workspace/install/rc_receiver_if/include/rc_receiver_if/rc_receiver_if
-- Installing: /workspace/install/rc_receiver_if/include/rc_receiver_if/rc_receiver_if/msg
-- Installing: /workspace/install/rc_receiver_if/include/rc_receiver_if/rc_receiver_if/msg/rosidl_generator_c__visibility_control.h
-- Installing: /workspace/install/rc_receiver_if/include/rc_receiver_if/rc_receiver_if/msg/detail
-- Installing: /workspace/install/rc_receiver_if/include/rc_receiver_if/rc_receiver_if/msg/detail/receiver_data__functions.c
-- Installing: /workspace/install/rc_receiver_if/include/rc_receiver_if/rc_receiver_if/msg/detail/receiver_data__type_support.h
-- Installing: /workspace/install/rc_receiver_if/include/rc_receiver_if/rc_receiver_if/msg/detail/receiver_data__struct.h
-- Installing: /workspace/install/rc_receiver_if/include/rc_receiver_if/rc_receiver_if/msg/detail/receiver_data__functions.h
-- Installing: /workspace/install/rc_receiver_if/include/rc_receiver_if/rc_receiver_if/msg/receiver_data.h
-- Installing: /workspace/install/rc_receiver_if/share/rc_receiver_if/environment/library_path.sh
-- Installing: /workspace/install/rc_receiver_if/share/rc_receiver_if/environment/library_path.dsv
-- Installing: /workspace/install/rc_receiver_if/lib/librc_receiver_if__rosidl_generator_c.so
-- Set non-toolchain portion of runtime path of "/workspace/install/rc_receiver_if/lib/librc_receiver_if__rosidl_generator_c.so" to ""
-- Up-to-date: /workspace/install/rc_receiver_if/include/rc_receiver_if/rc_receiver_if
-- Up-to-date: /workspace/install/rc_receiver_if/include/rc_receiver_if/rc_receiver_if/msg
-- Up-to-date: /workspace/install/rc_receiver_if/include/rc_receiver_if/rc_receiver_if/msg/detail
-- Installing: /workspace/install/rc_receiver_if/include/rc_receiver_if/rc_receiver_if/msg/detail/receiver_data__rosidl_typesupport_fastrtps_c.h
-- Installing: /workspace/install/rc_receiver_if/include/rc_receiver_if/rc_receiver_if/msg/rosidl_typesupport_fastrtps_c__visibility_control.h
-- Installing: /workspace/install/rc_receiver_if/lib/librc_receiver_if__rosidl_typesupport_fastrtps_c.so
-- Set non-toolchain portion of runtime path of "/workspace/install/rc_receiver_if/lib/librc_receiver_if__rosidl_typesupport_fastrtps_c.so" to ""
-- Up-to-date: /workspace/install/rc_receiver_if/include/rc_receiver_if/rc_receiver_if
-- Up-to-date: /workspace/install/rc_receiver_if/include/rc_receiver_if/rc_receiver_if/msg
-- Up-to-date: /workspace/install/rc_receiver_if/include/rc_receiver_if/rc_receiver_if/msg/detail
-- Installing: /workspace/install/rc_receiver_if/include/rc_receiver_if/rc_receiver_if/msg/detail/receiver_data__rosidl_typesupport_introspection_c.h
-- Installing: /workspace/install/rc_receiver_if/include/rc_receiver_if/rc_receiver_if/msg/detail/receiver_data__type_support.c
-- Installing: /workspace/install/rc_receiver_if/include/rc_receiver_if/rc_receiver_if/msg/rosidl_typesupport_introspection_c__visibility_control.h
-- Installing: /workspace/install/rc_receiver_if/lib/librc_receiver_if__rosidl_typesupport_introspection_c.so
-- Set non-toolchain portion of runtime path of "/workspace/install/rc_receiver_if/lib/librc_receiver_if__rosidl_typesupport_introspection_c.so" to ""
-- Installing: /workspace/install/rc_receiver_if/lib/librc_receiver_if__rosidl_typesupport_c.so
-- Set non-toolchain portion of runtime path of "/workspace/install/rc_receiver_if/lib/librc_receiver_if__rosidl_typesupport_c.so" to ""
-- Up-to-date: /workspace/install/rc_receiver_if/include/rc_receiver_if/rc_receiver_if
-- Up-to-date: /workspace/install/rc_receiver_if/include/rc_receiver_if/rc_receiver_if/msg
-- Up-to-date: /workspace/install/rc_receiver_if/include/rc_receiver_if/rc_receiver_if/msg/detail
-- Installing: /workspace/install/rc_receiver_if/include/rc_receiver_if/rc_receiver_if/msg/detail/receiver_data__struct.hpp
-- Installing: /workspace/install/rc_receiver_if/include/rc_receiver_if/rc_receiver_if/msg/detail/receiver_data__type_support.hpp
-- Installing: /workspace/install/rc_receiver_if/include/rc_receiver_if/rc_receiver_if/msg/detail/receiver_data__traits.hpp
-- Installing: /workspace/install/rc_receiver_if/include/rc_receiver_if/rc_receiver_if/msg/detail/receiver_data__builder.hpp
-- Installing: /workspace/install/rc_receiver_if/include/rc_receiver_if/rc_receiver_if/msg/receiver_data.hpp
-- Installing: /workspace/install/rc_receiver_if/include/rc_receiver_if/rc_receiver_if/msg/rosidl_generator_cpp__visibility_control.hpp
-- Up-to-date: /workspace/install/rc_receiver_if/include/rc_receiver_if/rc_receiver_if
-- Up-to-date: /workspace/install/rc_receiver_if/include/rc_receiver_if/rc_receiver_if/msg
-- Installing: /workspace/install/rc_receiver_if/include/rc_receiver_if/rc_receiver_if/msg/rosidl_typesupport_fastrtps_cpp__visibility_control.h
-- Up-to-date: /workspace/install/rc_receiver_if/include/rc_receiver_if/rc_receiver_if/msg/detail
-- Installing: /workspace/install/rc_receiver_if/include/rc_receiver_if/rc_receiver_if/msg/detail/receiver_data__rosidl_typesupport_fastrtps_cpp.hpp
-- Installing: /workspace/install/rc_receiver_if/include/rc_receiver_if/rc_receiver_if/msg/detail/dds_fastrtps
-- Installing: /workspace/install/rc_receiver_if/lib/librc_receiver_if__rosidl_typesupport_fastrtps_cpp.so
-- Set non-toolchain portion of runtime path of "/workspace/install/rc_receiver_if/lib/librc_receiver_if__rosidl_typesupport_fastrtps_cpp.so" to ""
-- Up-to-date: /workspace/install/rc_receiver_if/include/rc_receiver_if/rc_receiver_if
-- Up-to-date: /workspace/install/rc_receiver_if/include/rc_receiver_if/rc_receiver_if/msg
-- Up-to-date: /workspace/install/rc_receiver_if/include/rc_receiver_if/rc_receiver_if/msg/detail
-- Installing: /workspace/install/rc_receiver_if/include/rc_receiver_if/rc_receiver_if/msg/detail/receiver_data__type_support.cpp
-- Installing: /workspace/install/rc_receiver_if/include/rc_receiver_if/rc_receiver_if/msg/detail/receiver_data__rosidl_typesupport_introspection_cpp.hpp
-- Installing: /workspace/install/rc_receiver_if/lib/librc_receiver_if__rosidl_typesupport_introspection_cpp.so
-- Set non-toolchain portion of runtime path of "/workspace/install/rc_receiver_if/lib/librc_receiver_if__rosidl_typesupport_introspection_cpp.so" to ""
-- Installing: /workspace/install/rc_receiver_if/lib/librc_receiver_if__rosidl_typesupport_cpp.so
-- Set non-toolchain portion of runtime path of "/workspace/install/rc_receiver_if/lib/librc_receiver_if__rosidl_typesupport_cpp.so" to ""
-- Installing: /workspace/install/rc_receiver_if/share/rc_receiver_if/environment/pythonpath.sh
-- Installing: /workspace/install/rc_receiver_if/share/rc_receiver_if/environment/pythonpath.dsv
-- Installing: /workspace/install/rc_receiver_if/local/lib/python3.10/dist-packages/rc_receiver_if-0.0.0-py3.10.egg-info
-- Installing: /workspace/install/rc_receiver_if/local/lib/python3.10/dist-packages/rc_receiver_if-0.0.0-py3.10.egg-info/SOURCES.txt
-- Installing: /workspace/install/rc_receiver_if/local/lib/python3.10/dist-packages/rc_receiver_if-0.0.0-py3.10.egg-info/top_level.txt
-- Installing: /workspace/install/rc_receiver_if/local/lib/python3.10/dist-packages/rc_receiver_if-0.0.0-py3.10.egg-info/dependency_links.txt
-- Installing: /workspace/install/rc_receiver_if/local/lib/python3.10/dist-packages/rc_receiver_if-0.0.0-py3.10.egg-info/PKG-INFO
-- Installing: /workspace/install/rc_receiver_if/local/lib/python3.10/dist-packages/rc_receiver_if
-- Installing: /workspace/install/rc_receiver_if/local/lib/python3.10/dist-packages/rc_receiver_if/_rc_receiver_if_s.ep.rosidl_typesupport_fastrtps_c.c
-- Installing: /workspace/install/rc_receiver_if/local/lib/python3.10/dist-packages/rc_receiver_if/rc_receiver_if_s__rosidl_typesupport_c.cpython-310-aarch64-linux-gnu.so
-- Installing: /workspace/install/rc_receiver_if/local/lib/python3.10/dist-packages/rc_receiver_if/librc_receiver_if__rosidl_generator_py.so
-- Installing: /workspace/install/rc_receiver_if/local/lib/python3.10/dist-packages/rc_receiver_if/msg
-- Installing: /workspace/install/rc_receiver_if/local/lib/python3.10/dist-packages/rc_receiver_if/msg/_receiver_data.py
-- Installing: /workspace/install/rc_receiver_if/local/lib/python3.10/dist-packages/rc_receiver_if/msg/_receiver_data_s.c
-- Installing: /workspace/install/rc_receiver_if/local/lib/python3.10/dist-packages/rc_receiver_if/msg/__init__.py
-- Installing: /workspace/install/rc_receiver_if/local/lib/python3.10/dist-packages/rc_receiver_if/rc_receiver_if_s__rosidl_typesupport_fastrtps_c.cpython-310-aarch64-linux-gnu.so
-- Installing: /workspace/install/rc_receiver_if/local/lib/python3.10/dist-packages/rc_receiver_if/_rc_receiver_if_s.ep.rosidl_typesupport_c.c
-- Installing: /workspace/install/rc_receiver_if/local/lib/python3.10/dist-packages/rc_receiver_if/__init__.py
-- Installing: /workspace/install/rc_receiver_if/local/lib/python3.10/dist-packages/rc_receiver_if/_rc_receiver_if_s.ep.rosidl_typesupport_introspection_c.c
-- Installing: /workspace/install/rc_receiver_if/local/lib/python3.10/dist-packages/rc_receiver_if/rc_receiver_if_s__rosidl_typesupport_introspection_c.cpython-310-aarch64-linux-gnu.so
Listing '/workspace/install/rc_receiver_if/local/lib/python3.10/dist-packages/rc_receiver_if'...
Compiling '/workspace/install/rc_receiver_if/local/lib/python3.10/dist-packages/rc_receiver_if/__init__.py'...
Listing '/workspace/install/rc_receiver_if/local/lib/python3.10/dist-packages/rc_receiver_if/msg'...
Compiling '/workspace/install/rc_receiver_if/local/lib/python3.10/dist-packages/rc_receiver_if/msg/__init__.py'...
Compiling '/workspace/install/rc_receiver_if/local/lib/python3.10/dist-packages/rc_receiver_if/msg/_receiver_data.py'...
-- Installing: /workspace/install/rc_receiver_if/local/lib/python3.10/dist-packages/rc_receiver_if/rc_receiver_if_s__rosidl_typesupport_fastrtps_c.cpython-310-aarch64-linux-gnu.so
-- Set non-toolchain portion of runtime path of "/workspace/install/rc_receiver_if/local/lib/python3.10/dist-packages/rc_receiver_if/rc_receiver_if_s__rosidl_typesupport_fastrtps_c.cpython-310-aarch64-linux-gnu.so" to ""
-- Installing: /workspace/install/rc_receiver_if/local/lib/python3.10/dist-packages/rc_receiver_if/rc_receiver_if_s__rosidl_typesupport_introspection_c.cpython-310-aarch64-linux-gnu.so
-- Set non-toolchain portion of runtime path of "/workspace/install/rc_receiver_if/local/lib/python3.10/dist-packages/rc_receiver_if/rc_receiver_if_s__rosidl_typesupport_introspection_c.cpython-310-aarch64-linux-gnu.so" to ""
-- Installing: /workspace/install/rc_receiver_if/local/lib/python3.10/dist-packages/rc_receiver_if/rc_receiver_if_s__rosidl_typesupport_c.cpython-310-aarch64-linux-gnu.so
-- Set non-toolchain portion of runtime path of "/workspace/install/rc_receiver_if/local/lib/python3.10/dist-packages/rc_receiver_if/rc_receiver_if_s__rosidl_typesupport_c.cpython-310-aarch64-linux-gnu.so" to ""
-- Installing: /workspace/install/rc_receiver_if/lib/librc_receiver_if__rosidl_generator_py.so
-- Set non-toolchain portion of runtime path of "/workspace/install/rc_receiver_if/lib/librc_receiver_if__rosidl_generator_py.so" to ""
-- Installing: /workspace/install/rc_receiver_if/share/rc_receiver_if/msg/ReceiverData.idl
-- Installing: /workspace/install/rc_receiver_if/share/rc_receiver_if/msg/ReceiverData.msg
-- Installing: /workspace/install/rc_receiver_if/share/ament_index/resource_index/package_run_dependencies/rc_receiver_if
-- Installing: /workspace/install/rc_receiver_if/share/ament_index/resource_index/parent_prefix_path/rc_receiver_if
-- Installing: /workspace/install/rc_receiver_if/share/rc_receiver_if/environment/ament_prefix_path.sh
-- Installing: /workspace/install/rc_receiver_if/share/rc_receiver_if/environment/ament_prefix_path.dsv
-- Installing: /workspace/install/rc_receiver_if/share/rc_receiver_if/environment/path.sh
-- Installing: /workspace/install/rc_receiver_if/share/rc_receiver_if/environment/path.dsv
-- Installing: /workspace/install/rc_receiver_if/share/rc_receiver_if/local_setup.bash
-- Installing: /workspace/install/rc_receiver_if/share/rc_receiver_if/local_setup.sh
-- Installing: /workspace/install/rc_receiver_if/share/rc_receiver_if/local_setup.zsh
-- Installing: /workspace/install/rc_receiver_if/share/rc_receiver_if/local_setup.dsv
-- Installing: /workspace/install/rc_receiver_if/share/rc_receiver_if/package.dsv
-- Installing: /workspace/install/rc_receiver_if/share/ament_index/resource_index/packages/rc_receiver_if
-- Installing: /workspace/install/rc_receiver_if/share/rc_receiver_if/cmake/export_rc_receiver_if__rosidl_generator_cExport.cmake
-- Installing: /workspace/install/rc_receiver_if/share/rc_receiver_if/cmake/export_rc_receiver_if__rosidl_generator_cExport-noconfig.cmake
-- Installing: /workspace/install/rc_receiver_if/share/rc_receiver_if/cmake/export_rc_receiver_if__rosidl_typesupport_fastrtps_cExport.cmake
-- Installing: /workspace/install/rc_receiver_if/share/rc_receiver_if/cmake/export_rc_receiver_if__rosidl_typesupport_fastrtps_cExport-noconfig.cmake
-- Installing: /workspace/install/rc_receiver_if/share/rc_receiver_if/cmake/rc_receiver_if__rosidl_typesupport_introspection_cExport.cmake
-- Installing: /workspace/install/rc_receiver_if/share/rc_receiver_if/cmake/rc_receiver_if__rosidl_typesupport_introspection_cExport-noconfig.cmake
-- Installing: /workspace/install/rc_receiver_if/share/rc_receiver_if/cmake/rc_receiver_if__rosidl_typesupport_cExport.cmake
-- Installing: /workspace/install/rc_receiver_if/share/rc_receiver_if/cmake/rc_receiver_if__rosidl_typesupport_cExport-noconfig.cmake
-- Installing: /workspace/install/rc_receiver_if/share/rc_receiver_if/cmake/export_rc_receiver_if__rosidl_generator_cppExport.cmake
-- Installing: /workspace/install/rc_receiver_if/share/rc_receiver_if/cmake/export_rc_receiver_if__rosidl_typesupport_fastrtps_cppExport.cmake
-- Installing: /workspace/install/rc_receiver_if/share/rc_receiver_if/cmake/export_rc_receiver_if__rosidl_typesupport_fastrtps_cppExport-noconfig.cmake
-- Installing: /workspace/install/rc_receiver_if/share/rc_receiver_if/cmake/rc_receiver_if__rosidl_typesupport_introspection_cppExport.cmake
-- Installing: /workspace/install/rc_receiver_if/share/rc_receiver_if/cmake/rc_receiver_if__rosidl_typesupport_introspection_cppExport-noconfig.cmake
-- Installing: /workspace/install/rc_receiver_if/share/rc_receiver_if/cmake/rc_receiver_if__rosidl_typesupport_cppExport.cmake
-- Installing: /workspace/install/rc_receiver_if/share/rc_receiver_if/cmake/rc_receiver_if__rosidl_typesupport_cppExport-noconfig.cmake
-- Installing: /workspace/install/rc_receiver_if/share/rc_receiver_if/cmake/export_rc_receiver_if__rosidl_generator_pyExport.cmake
-- Installing: /workspace/install/rc_receiver_if/share/rc_receiver_if/cmake/export_rc_receiver_if__rosidl_generator_pyExport-noconfig.cmake
-- Installing: /workspace/install/rc_receiver_if/share/rc_receiver_if/cmake/rosidl_cmake-extras.cmake
-- Installing: /workspace/install/rc_receiver_if/share/rc_receiver_if/cmake/ament_cmake_export_include_directories-extras.cmake
-- Installing: /workspace/install/rc_receiver_if/share/rc_receiver_if/cmake/ament_cmake_export_libraries-extras.cmake
-- Installing: /workspace/install/rc_receiver_if/share/rc_receiver_if/cmake/ament_cmake_export_targets-extras.cmake
-- Installing: /workspace/install/rc_receiver_if/share/rc_receiver_if/cmake/rosidl_cmake_export_typesupport_targets-extras.cmake
-- Installing: /workspace/install/rc_receiver_if/share/rc_receiver_if/cmake/ament_cmake_export_dependencies-extras.cmake
-- Installing: /workspace/install/rc_receiver_if/share/rc_receiver_if/cmake/rosidl_cmake_export_typesupport_libraries-extras.cmake
-- Installing: /workspace/install/rc_receiver_if/share/rc_receiver_if/cmake/rc_receiver_ifConfig.cmake
-- Installing: /workspace/install/rc_receiver_if/share/rc_receiver_if/cmake/rc_receiver_ifConfig-version.cmake
-- Installing: /workspace/install/rc_receiver_if/share/rc_receiver_if/package.xml
