[0.103s] Invoking command in '/workspace/build/rc_receiver_if': CMAKE_PREFIX_PATH=/opt/ros/humble /usr/local/bin/cmake /workspace/src/motor_control/rc_receiver_if -DCMAKE_INSTALL_PREFIX=/workspace/install/rc_receiver_if
[1.542s] -- The C compiler identification is GNU 11.4.0
[1.542s] -- The CXX compiler identification is GNU 11.4.0
[1.543s] -- Detecting C compiler ABI info
[1.543s] -- Detecting C compiler ABI info - done
[1.543s] -- Check for working C compiler: /usr/bin/cc - skipped
[1.543s] -- Detecting C compile features
[1.543s] -- Detecting C compile features - done
[1.543s] -- Detecting CXX compiler ABI info
[1.543s] -- Detecting CXX compiler ABI info - done
[1.543s] -- Check for working CXX compiler: /usr/bin/c++ - skipped
[1.544s] -- Detecting CXX compile features
[1.544s] -- Detecting CXX compile features - done
[1.544s] -- Found ament_cmake: 1.3.12 (/opt/ros/humble/share/ament_cmake/cmake)
[1.544s] -- Found Python3: /usr/local/bin/python3 (found version "3.10.12") found components: Interpreter
[1.708s] -- Found rosidl_default_generators: 1.2.0 (/opt/ros/humble/share/rosidl_default_generators/cmake)
[1.717s] -- Using all available rosidl_typesupport_c: rosidl_typesupport_fastrtps_c;rosidl_typesupport_introspection_c
[1.737s] -- Found rosidl_adapter: 3.1.7 (/opt/ros/humble/share/rosidl_adapter/cmake)
[1.859s] -- Using all available rosidl_typesupport_cpp: rosidl_typesupport_fastrtps_cpp;rosidl_typesupport_introspection_cpp
[3.141s] -- Found ament_cmake_ros: 0.10.0 (/opt/ros/humble/share/ament_cmake_ros/cmake)
[4.721s] -- Using all available rosidl_typesupport_c: rosidl_typesupport_fastrtps_c;rosidl_typesupport_introspection_c
[6.379s] -- Using all available rosidl_typesupport_cpp: rosidl_typesupport_fastrtps_cpp;rosidl_typesupport_introspection_cpp
[6.387s] [33mCMake Warning (dev) at /opt/ros/humble/share/rosidl_generator_py/cmake/rosidl_generator_py_generate_interfaces.cmake:20 (find_package):
[6.387s]   Policy CMP0148 is not set: The FindPythonInterp and FindPythonLibs modules
[6.387s]   are removed.  Run "cmake --help-policy CMP0148" for policy details.  Use
[6.388s]   the cmake_policy command to set the policy and suppress this warning.
[6.388s] 
[6.388s] Call Stack (most recent call first):
[6.388s]   /opt/ros/humble/share/ament_cmake_core/cmake/core/ament_execute_extensions.cmake:48 (include)
[6.388s]   /opt/ros/humble/share/rosidl_cmake/cmake/rosidl_generate_interfaces.cmake:286 (ament_execute_extensions)
[6.388s]   CMakeLists.txt:18 (rosidl_generate_interfaces)
[6.388s] This warning is for project developers.  Use -Wno-dev to suppress it.
[6.388s] [0m
[6.432s] -- Found PythonInterp: /usr/local/bin/python3 (found suitable version "3.10.12", minimum required is "3.6")
[6.436s] -- Found python_cmake_module: 0.10.0 (/opt/ros/humble/share/python_cmake_module/cmake)
[6.439s] [33mCMake Warning (dev) at /opt/ros/humble/share/python_cmake_module/cmake/Modules/FindPythonExtra.cmake:52 (find_package):
[6.439s]   Policy CMP0148 is not set: The FindPythonInterp and FindPythonLibs modules
[6.439s]   are removed.  Run "cmake --help-policy CMP0148" for policy details.  Use
[6.439s]   the cmake_policy command to set the policy and suppress this warning.
[6.439s] 
[6.440s] Call Stack (most recent call first):
[6.440s]   /opt/ros/humble/share/rosidl_generator_py/cmake/rosidl_generator_py_generate_interfaces.cmake:23 (find_package)
[6.440s]   /opt/ros/humble/share/ament_cmake_core/cmake/core/ament_execute_extensions.cmake:48 (include)
[6.440s]   /opt/ros/humble/share/rosidl_cmake/cmake/rosidl_generate_interfaces.cmake:286 (ament_execute_extensions)
[6.440s]   CMakeLists.txt:18 (rosidl_generate_interfaces)
[6.440s] This warning is for project developers.  Use -Wno-dev to suppress it.
[6.440s] [0m
[6.482s] [33mCMake Warning (dev) at /opt/ros/humble/share/python_cmake_module/cmake/Modules/FindPythonExtra.cmake:140 (find_package):
[6.482s]   Policy CMP0148 is not set: The FindPythonInterp and FindPythonLibs modules
[6.482s]   are removed.  Run "cmake --help-policy CMP0148" for policy details.  Use
[6.482s]   the cmake_policy command to set the policy and suppress this warning.
[6.483s] 
[6.483s] Call Stack (most recent call first):
[6.483s]   /opt/ros/humble/share/rosidl_generator_py/cmake/rosidl_generator_py_generate_interfaces.cmake:23 (find_package)
[6.483s]   /opt/ros/humble/share/ament_cmake_core/cmake/core/ament_execute_extensions.cmake:48 (include)
[6.483s]   /opt/ros/humble/share/rosidl_cmake/cmake/rosidl_generate_interfaces.cmake:286 (ament_execute_extensions)
[6.484s]   CMakeLists.txt:18 (rosidl_generate_interfaces)
[6.484s] This warning is for project developers.  Use -Wno-dev to suppress it.
[6.484s] [0m
[6.511s] -- Found PythonLibs: /usr/lib/aarch64-linux-gnu/libpython3.10.so (found suitable version "3.10.12", minimum required is "3.5")
[6.512s] -- Using PYTHON_EXECUTABLE: /usr/local/bin/python3
[6.512s] -- Using PYTHON_INCLUDE_DIRS: /usr/include/python3.10
[6.512s] -- Using PYTHON_LIBRARIES: /usr/lib/aarch64-linux-gnu/libpython3.10.so
[6.560s] -- Found PythonExtra: .so
[6.635s] -- Found ament_lint_auto: 0.12.14 (/opt/ros/humble/share/ament_lint_auto/cmake)
[6.695s] -- Added test 'lint_cmake' to check CMake code style
[6.699s] -- Added test 'xmllint' to check XML markup files
[6.713s] -- Configuring done (6.4s)
[6.810s] -- Generating done (0.1s)
[6.828s] -- Build files have been written to: /workspace/build/rc_receiver_if
[7.220s] Invoked command in '/workspace/build/rc_receiver_if' returned '0': CMAKE_PREFIX_PATH=/opt/ros/humble /usr/local/bin/cmake /workspace/src/motor_control/rc_receiver_if -DCMAKE_INSTALL_PREFIX=/workspace/install/rc_receiver_if
[7.224s] Invoking command in '/workspace/build/rc_receiver_if': CMAKE_PREFIX_PATH=/opt/ros/humble /usr/local/bin/cmake --build /workspace/build/rc_receiver_if -- -j8 -l8
[7.474s] [  3%] [34m[1mGenerating C code for ROS interfaces[0m
[7.477s] [  6%] [34m[1mGenerating C++ code for ROS interfaces[0m
[7.578s] [  6%] Built target ament_cmake_python_copy_rc_receiver_if
[8.319s] running egg_info
[8.320s] creating rc_receiver_if.egg-info
[8.362s] writing rc_receiver_if.egg-info/PKG-INFO
[8.370s] writing dependency_links to rc_receiver_if.egg-info/dependency_links.txt
[8.377s] writing top-level names to rc_receiver_if.egg-info/top_level.txt
[8.377s] writing manifest file 'rc_receiver_if.egg-info/SOURCES.txt'
[8.511s] reading manifest file 'rc_receiver_if.egg-info/SOURCES.txt'
[8.519s] writing manifest file 'rc_receiver_if.egg-info/SOURCES.txt'
[8.528s] [  6%] Built target rc_receiver_if__cpp
[8.555s] [  9%] [34m[1mGenerating C++ type support for eProsima Fast-RTPS[0m
[8.569s] [ 12%] [34m[1mGenerating C++ introspection for ROS interfaces[0m
[8.587s] [ 16%] [34m[1mGenerating C++ type support dispatch for ROS interfaces[0m
[8.712s] [ 19%] [32mBuilding C object CMakeFiles/rc_receiver_if__rosidl_generator_c.dir/rosidl_generator_c/rc_receiver_if/msg/detail/receiver_data__functions.c.o[0m
[8.770s] [ 19%] Built target ament_cmake_python_build_rc_receiver_if_egg
[8.924s] [ 22%] [32m[1mLinking C shared library librc_receiver_if__rosidl_generator_c.so[0m
[9.099s] [ 22%] Built target rc_receiver_if__rosidl_generator_c
[9.141s] [ 25%] [34m[1mGenerating C introspection for ROS interfaces[0m
[9.142s] [ 29%] [34m[1mGenerating C type support dispatch for ROS interfaces[0m
[9.160s] [ 32%] [34m[1mGenerating C type support for eProsima Fast-RTPS[0m
[9.806s] [ 35%] [32mBuilding CXX object CMakeFiles/rc_receiver_if__rosidl_typesupport_fastrtps_cpp.dir/rosidl_typesupport_fastrtps_cpp/rc_receiver_if/msg/detail/dds_fastrtps/receiver_data__type_support.cpp.o[0m
[9.820s] [ 38%] [32mBuilding CXX object CMakeFiles/rc_receiver_if__rosidl_typesupport_cpp.dir/rosidl_typesupport_cpp/rc_receiver_if/msg/receiver_data__type_support.cpp.o[0m
[10.245s] [ 41%] [32mBuilding CXX object CMakeFiles/rc_receiver_if__rosidl_typesupport_introspection_cpp.dir/rosidl_typesupport_introspection_cpp/rc_receiver_if/msg/detail/receiver_data__type_support.cpp.o[0m
[10.572s] [ 45%] [32mBuilding CXX object CMakeFiles/rc_receiver_if__rosidl_typesupport_fastrtps_c.dir/rosidl_typesupport_fastrtps_c/rc_receiver_if/msg/detail/receiver_data__type_support_c.cpp.o[0m
[10.603s] [ 48%] [32mBuilding CXX object CMakeFiles/rc_receiver_if__rosidl_typesupport_c.dir/rosidl_typesupport_c/rc_receiver_if/msg/receiver_data__type_support.cpp.o[0m
[10.687s] [ 51%] [32mBuilding C object CMakeFiles/rc_receiver_if__rosidl_typesupport_introspection_c.dir/rosidl_typesupport_introspection_c/rc_receiver_if/msg/detail/receiver_data__type_support.c.o[0m
[10.714s] [ 54%] [32m[1mLinking CXX shared library librc_receiver_if__rosidl_typesupport_c.so[0m
[10.965s] [ 58%] [32m[1mLinking C shared library librc_receiver_if__rosidl_typesupport_introspection_c.so[0m
[10.995s] [ 58%] Built target rc_receiver_if__rosidl_typesupport_c
[11.057s] [ 58%] Built target rc_receiver_if__rosidl_typesupport_introspection_c
[11.332s] [ 61%] [32m[1mLinking CXX shared library librc_receiver_if__rosidl_typesupport_cpp.so[0m
[11.515s] [ 61%] Built target rc_receiver_if__rosidl_typesupport_cpp
[11.663s] [ 64%] [32m[1mLinking CXX shared library librc_receiver_if__rosidl_typesupport_fastrtps_cpp.so[0m
[11.871s] [ 64%] Built target rc_receiver_if__rosidl_typesupport_fastrtps_cpp
[11.917s] [ 67%] [32m[1mLinking CXX shared library librc_receiver_if__rosidl_typesupport_fastrtps_c.so[0m
[11.938s] [ 70%] [32m[1mLinking CXX shared library librc_receiver_if__rosidl_typesupport_introspection_cpp.so[0m
[12.068s] [ 70%] Built target rc_receiver_if__rosidl_typesupport_fastrtps_c
[12.078s] [ 70%] Built target rc_receiver_if__rosidl_typesupport_introspection_cpp
[12.103s] [ 70%] Built target rc_receiver_if
[12.138s] [ 74%] [34m[1mGenerating Python code for ROS interfaces[0m
[12.748s] [ 74%] Built target rc_receiver_if__py
[12.777s] [ 77%] [32mBuilding C object CMakeFiles/rc_receiver_if__rosidl_generator_py.dir/rosidl_generator_py/rc_receiver_if/msg/_receiver_data_s.c.o[0m
[13.007s] [ 80%] [32m[1mLinking C shared library rosidl_generator_py/rc_receiver_if/librc_receiver_if__rosidl_generator_py.so[0m
[13.071s] [ 80%] Built target rc_receiver_if__rosidl_generator_py
[13.090s] [ 83%] [32mBuilding C object CMakeFiles/rc_receiver_if__rosidl_typesupport_fastrtps_c__pyext.dir/rosidl_generator_py/rc_receiver_if/_rc_receiver_if_s.ep.rosidl_typesupport_fastrtps_c.c.o[0m
[13.258s] [ 87%] [32m[1mLinking C shared library rosidl_generator_py/rc_receiver_if/rc_receiver_if_s__rosidl_typesupport_fastrtps_c.cpython-310-aarch64-linux-gnu.so[0m
[13.307s] [ 87%] Built target rc_receiver_if__rosidl_typesupport_fastrtps_c__pyext
[13.325s] [ 90%] [32mBuilding C object CMakeFiles/rc_receiver_if__rosidl_typesupport_c__pyext.dir/rosidl_generator_py/rc_receiver_if/_rc_receiver_if_s.ep.rosidl_typesupport_c.c.o[0m
[13.477s] [ 93%] [32m[1mLinking C shared library rosidl_generator_py/rc_receiver_if/rc_receiver_if_s__rosidl_typesupport_c.cpython-310-aarch64-linux-gnu.so[0m
[13.523s] [ 93%] Built target rc_receiver_if__rosidl_typesupport_c__pyext
[13.545s] [ 96%] [32mBuilding C object CMakeFiles/rc_receiver_if__rosidl_typesupport_introspection_c__pyext.dir/rosidl_generator_py/rc_receiver_if/_rc_receiver_if_s.ep.rosidl_typesupport_introspection_c.c.o[0m
[13.725s] [100%] [32m[1mLinking C shared library rosidl_generator_py/rc_receiver_if/rc_receiver_if_s__rosidl_typesupport_introspection_c.cpython-310-aarch64-linux-gnu.so[0m
[13.779s] [100%] Built target rc_receiver_if__rosidl_typesupport_introspection_c__pyext
[13.825s] Invoked command in '/workspace/build/rc_receiver_if' returned '0': CMAKE_PREFIX_PATH=/opt/ros/humble /usr/local/bin/cmake --build /workspace/build/rc_receiver_if -- -j8 -l8
[13.996s] Invoking command in '/workspace/build/rc_receiver_if': CMAKE_PREFIX_PATH=/opt/ros/humble /usr/local/bin/cmake --install /workspace/build/rc_receiver_if
[14.143s] -- Install configuration: ""
[14.144s] -- Installing: /workspace/install/rc_receiver_if/share/ament_index/resource_index/rosidl_interfaces/rc_receiver_if
[14.144s] -- Installing: /workspace/install/rc_receiver_if/include/rc_receiver_if/rc_receiver_if
[14.144s] -- Installing: /workspace/install/rc_receiver_if/include/rc_receiver_if/rc_receiver_if/msg
[14.144s] -- Installing: /workspace/install/rc_receiver_if/include/rc_receiver_if/rc_receiver_if/msg/rosidl_generator_c__visibility_control.h
[14.144s] -- Installing: /workspace/install/rc_receiver_if/include/rc_receiver_if/rc_receiver_if/msg/detail
[14.144s] -- Installing: /workspace/install/rc_receiver_if/include/rc_receiver_if/rc_receiver_if/msg/detail/receiver_data__functions.c
[14.144s] -- Installing: /workspace/install/rc_receiver_if/include/rc_receiver_if/rc_receiver_if/msg/detail/receiver_data__type_support.h
[14.144s] -- Installing: /workspace/install/rc_receiver_if/include/rc_receiver_if/rc_receiver_if/msg/detail/receiver_data__struct.h
[14.144s] -- Installing: /workspace/install/rc_receiver_if/include/rc_receiver_if/rc_receiver_if/msg/detail/receiver_data__functions.h
[14.144s] -- Installing: /workspace/install/rc_receiver_if/include/rc_receiver_if/rc_receiver_if/msg/receiver_data.h
[14.145s] -- Installing: /workspace/install/rc_receiver_if/share/rc_receiver_if/environment/library_path.sh
[14.145s] -- Installing: /workspace/install/rc_receiver_if/share/rc_receiver_if/environment/library_path.dsv
[14.145s] -- Installing: /workspace/install/rc_receiver_if/lib/librc_receiver_if__rosidl_generator_c.so
[14.145s] -- Set non-toolchain portion of runtime path of "/workspace/install/rc_receiver_if/lib/librc_receiver_if__rosidl_generator_c.so" to ""
[14.146s] -- Up-to-date: /workspace/install/rc_receiver_if/include/rc_receiver_if/rc_receiver_if
[14.146s] -- Up-to-date: /workspace/install/rc_receiver_if/include/rc_receiver_if/rc_receiver_if/msg
[14.146s] -- Up-to-date: /workspace/install/rc_receiver_if/include/rc_receiver_if/rc_receiver_if/msg/detail
[14.146s] -- Installing: /workspace/install/rc_receiver_if/include/rc_receiver_if/rc_receiver_if/msg/detail/receiver_data__rosidl_typesupport_fastrtps_c.h
[14.146s] -- Installing: /workspace/install/rc_receiver_if/include/rc_receiver_if/rc_receiver_if/msg/rosidl_typesupport_fastrtps_c__visibility_control.h
[14.146s] -- Installing: /workspace/install/rc_receiver_if/lib/librc_receiver_if__rosidl_typesupport_fastrtps_c.so
[14.146s] -- Set non-toolchain portion of runtime path of "/workspace/install/rc_receiver_if/lib/librc_receiver_if__rosidl_typesupport_fastrtps_c.so" to ""
[14.146s] -- Up-to-date: /workspace/install/rc_receiver_if/include/rc_receiver_if/rc_receiver_if
[14.146s] -- Up-to-date: /workspace/install/rc_receiver_if/include/rc_receiver_if/rc_receiver_if/msg
[14.146s] -- Up-to-date: /workspace/install/rc_receiver_if/include/rc_receiver_if/rc_receiver_if/msg/detail
[14.146s] -- Installing: /workspace/install/rc_receiver_if/include/rc_receiver_if/rc_receiver_if/msg/detail/receiver_data__rosidl_typesupport_introspection_c.h
[14.147s] -- Installing: /workspace/install/rc_receiver_if/include/rc_receiver_if/rc_receiver_if/msg/detail/receiver_data__type_support.c
[14.147s] -- Installing: /workspace/install/rc_receiver_if/include/rc_receiver_if/rc_receiver_if/msg/rosidl_typesupport_introspection_c__visibility_control.h
[14.147s] -- Installing: /workspace/install/rc_receiver_if/lib/librc_receiver_if__rosidl_typesupport_introspection_c.so
[14.147s] -- Set non-toolchain portion of runtime path of "/workspace/install/rc_receiver_if/lib/librc_receiver_if__rosidl_typesupport_introspection_c.so" to ""
[14.147s] -- Installing: /workspace/install/rc_receiver_if/lib/librc_receiver_if__rosidl_typesupport_c.so
[14.147s] -- Set non-toolchain portion of runtime path of "/workspace/install/rc_receiver_if/lib/librc_receiver_if__rosidl_typesupport_c.so" to ""
[14.147s] -- Up-to-date: /workspace/install/rc_receiver_if/include/rc_receiver_if/rc_receiver_if
[14.148s] -- Up-to-date: /workspace/install/rc_receiver_if/include/rc_receiver_if/rc_receiver_if/msg
[14.148s] -- Up-to-date: /workspace/install/rc_receiver_if/include/rc_receiver_if/rc_receiver_if/msg/detail
[14.148s] -- Installing: /workspace/install/rc_receiver_if/include/rc_receiver_if/rc_receiver_if/msg/detail/receiver_data__struct.hpp
[14.148s] -- Installing: /workspace/install/rc_receiver_if/include/rc_receiver_if/rc_receiver_if/msg/detail/receiver_data__type_support.hpp
[14.148s] -- Installing: /workspace/install/rc_receiver_if/include/rc_receiver_if/rc_receiver_if/msg/detail/receiver_data__traits.hpp
[14.148s] -- Installing: /workspace/install/rc_receiver_if/include/rc_receiver_if/rc_receiver_if/msg/detail/receiver_data__builder.hpp
[14.148s] -- Installing: /workspace/install/rc_receiver_if/include/rc_receiver_if/rc_receiver_if/msg/receiver_data.hpp
[14.148s] -- Installing: /workspace/install/rc_receiver_if/include/rc_receiver_if/rc_receiver_if/msg/rosidl_generator_cpp__visibility_control.hpp
[14.149s] -- Up-to-date: /workspace/install/rc_receiver_if/include/rc_receiver_if/rc_receiver_if
[14.149s] -- Up-to-date: /workspace/install/rc_receiver_if/include/rc_receiver_if/rc_receiver_if/msg
[14.149s] -- Installing: /workspace/install/rc_receiver_if/include/rc_receiver_if/rc_receiver_if/msg/rosidl_typesupport_fastrtps_cpp__visibility_control.h
[14.158s] -- Up-to-date: /workspace/install/rc_receiver_if/include/rc_receiver_if/rc_receiver_if/msg/detail
[14.158s] -- Installing: /workspace/install/rc_receiver_if/include/rc_receiver_if/rc_receiver_if/msg/detail/receiver_data__rosidl_typesupport_fastrtps_cpp.hpp
[14.158s] -- Installing: /workspace/install/rc_receiver_if/include/rc_receiver_if/rc_receiver_if/msg/detail/dds_fastrtps
[14.158s] -- Installing: /workspace/install/rc_receiver_if/lib/librc_receiver_if__rosidl_typesupport_fastrtps_cpp.so
[14.158s] -- Set non-toolchain portion of runtime path of "/workspace/install/rc_receiver_if/lib/librc_receiver_if__rosidl_typesupport_fastrtps_cpp.so" to ""
[14.158s] -- Up-to-date: /workspace/install/rc_receiver_if/include/rc_receiver_if/rc_receiver_if
[14.158s] -- Up-to-date: /workspace/install/rc_receiver_if/include/rc_receiver_if/rc_receiver_if/msg
[14.158s] -- Up-to-date: /workspace/install/rc_receiver_if/include/rc_receiver_if/rc_receiver_if/msg/detail
[14.158s] -- Installing: /workspace/install/rc_receiver_if/include/rc_receiver_if/rc_receiver_if/msg/detail/receiver_data__type_support.cpp
[14.159s] -- Installing: /workspace/install/rc_receiver_if/include/rc_receiver_if/rc_receiver_if/msg/detail/receiver_data__rosidl_typesupport_introspection_cpp.hpp
[14.159s] -- Installing: /workspace/install/rc_receiver_if/lib/librc_receiver_if__rosidl_typesupport_introspection_cpp.so
[14.159s] -- Set non-toolchain portion of runtime path of "/workspace/install/rc_receiver_if/lib/librc_receiver_if__rosidl_typesupport_introspection_cpp.so" to ""
[14.164s] -- Installing: /workspace/install/rc_receiver_if/lib/librc_receiver_if__rosidl_typesupport_cpp.so
[14.165s] -- Set non-toolchain portion of runtime path of "/workspace/install/rc_receiver_if/lib/librc_receiver_if__rosidl_typesupport_cpp.so" to ""
[14.165s] -- Installing: /workspace/install/rc_receiver_if/share/rc_receiver_if/environment/pythonpath.sh
[14.166s] -- Installing: /workspace/install/rc_receiver_if/share/rc_receiver_if/environment/pythonpath.dsv
[14.166s] -- Installing: /workspace/install/rc_receiver_if/local/lib/python3.10/dist-packages/rc_receiver_if-0.0.0-py3.10.egg-info
[14.166s] -- Installing: /workspace/install/rc_receiver_if/local/lib/python3.10/dist-packages/rc_receiver_if-0.0.0-py3.10.egg-info/SOURCES.txt
[14.166s] -- Installing: /workspace/install/rc_receiver_if/local/lib/python3.10/dist-packages/rc_receiver_if-0.0.0-py3.10.egg-info/top_level.txt
[14.166s] -- Installing: /workspace/install/rc_receiver_if/local/lib/python3.10/dist-packages/rc_receiver_if-0.0.0-py3.10.egg-info/dependency_links.txt
[14.166s] -- Installing: /workspace/install/rc_receiver_if/local/lib/python3.10/dist-packages/rc_receiver_if-0.0.0-py3.10.egg-info/PKG-INFO
[14.167s] -- Installing: /workspace/install/rc_receiver_if/local/lib/python3.10/dist-packages/rc_receiver_if
[14.167s] -- Installing: /workspace/install/rc_receiver_if/local/lib/python3.10/dist-packages/rc_receiver_if/_rc_receiver_if_s.ep.rosidl_typesupport_fastrtps_c.c
[14.167s] -- Installing: /workspace/install/rc_receiver_if/local/lib/python3.10/dist-packages/rc_receiver_if/rc_receiver_if_s__rosidl_typesupport_c.cpython-310-aarch64-linux-gnu.so
[14.167s] -- Installing: /workspace/install/rc_receiver_if/local/lib/python3.10/dist-packages/rc_receiver_if/librc_receiver_if__rosidl_generator_py.so
[14.167s] -- Installing: /workspace/install/rc_receiver_if/local/lib/python3.10/dist-packages/rc_receiver_if/msg
[14.167s] -- Installing: /workspace/install/rc_receiver_if/local/lib/python3.10/dist-packages/rc_receiver_if/msg/_receiver_data.py
[14.167s] -- Installing: /workspace/install/rc_receiver_if/local/lib/python3.10/dist-packages/rc_receiver_if/msg/_receiver_data_s.c
[14.167s] -- Installing: /workspace/install/rc_receiver_if/local/lib/python3.10/dist-packages/rc_receiver_if/msg/__init__.py
[14.168s] -- Installing: /workspace/install/rc_receiver_if/local/lib/python3.10/dist-packages/rc_receiver_if/rc_receiver_if_s__rosidl_typesupport_fastrtps_c.cpython-310-aarch64-linux-gnu.so
[14.168s] -- Installing: /workspace/install/rc_receiver_if/local/lib/python3.10/dist-packages/rc_receiver_if/_rc_receiver_if_s.ep.rosidl_typesupport_c.c
[14.168s] -- Installing: /workspace/install/rc_receiver_if/local/lib/python3.10/dist-packages/rc_receiver_if/__init__.py
[14.168s] -- Installing: /workspace/install/rc_receiver_if/local/lib/python3.10/dist-packages/rc_receiver_if/_rc_receiver_if_s.ep.rosidl_typesupport_introspection_c.c
[14.168s] -- Installing: /workspace/install/rc_receiver_if/local/lib/python3.10/dist-packages/rc_receiver_if/rc_receiver_if_s__rosidl_typesupport_introspection_c.cpython-310-aarch64-linux-gnu.so
[14.239s] Listing '/workspace/install/rc_receiver_if/local/lib/python3.10/dist-packages/rc_receiver_if'...
[14.239s] Compiling '/workspace/install/rc_receiver_if/local/lib/python3.10/dist-packages/rc_receiver_if/__init__.py'...
[14.243s] Listing '/workspace/install/rc_receiver_if/local/lib/python3.10/dist-packages/rc_receiver_if/msg'...
[14.243s] Compiling '/workspace/install/rc_receiver_if/local/lib/python3.10/dist-packages/rc_receiver_if/msg/__init__.py'...
[14.243s] Compiling '/workspace/install/rc_receiver_if/local/lib/python3.10/dist-packages/rc_receiver_if/msg/_receiver_data.py'...
[14.261s] -- Installing: /workspace/install/rc_receiver_if/local/lib/python3.10/dist-packages/rc_receiver_if/rc_receiver_if_s__rosidl_typesupport_fastrtps_c.cpython-310-aarch64-linux-gnu.so
[14.261s] -- Set non-toolchain portion of runtime path of "/workspace/install/rc_receiver_if/local/lib/python3.10/dist-packages/rc_receiver_if/rc_receiver_if_s__rosidl_typesupport_fastrtps_c.cpython-310-aarch64-linux-gnu.so" to ""
[14.261s] -- Installing: /workspace/install/rc_receiver_if/local/lib/python3.10/dist-packages/rc_receiver_if/rc_receiver_if_s__rosidl_typesupport_introspection_c.cpython-310-aarch64-linux-gnu.so
[14.262s] -- Set non-toolchain portion of runtime path of "/workspace/install/rc_receiver_if/local/lib/python3.10/dist-packages/rc_receiver_if/rc_receiver_if_s__rosidl_typesupport_introspection_c.cpython-310-aarch64-linux-gnu.so" to ""
[14.262s] -- Installing: /workspace/install/rc_receiver_if/local/lib/python3.10/dist-packages/rc_receiver_if/rc_receiver_if_s__rosidl_typesupport_c.cpython-310-aarch64-linux-gnu.so
[14.262s] -- Set non-toolchain portion of runtime path of "/workspace/install/rc_receiver_if/local/lib/python3.10/dist-packages/rc_receiver_if/rc_receiver_if_s__rosidl_typesupport_c.cpython-310-aarch64-linux-gnu.so" to ""
[14.262s] -- Installing: /workspace/install/rc_receiver_if/lib/librc_receiver_if__rosidl_generator_py.so
[14.262s] -- Set non-toolchain portion of runtime path of "/workspace/install/rc_receiver_if/lib/librc_receiver_if__rosidl_generator_py.so" to ""
[14.262s] -- Installing: /workspace/install/rc_receiver_if/share/rc_receiver_if/msg/ReceiverData.idl
[14.262s] -- Installing: /workspace/install/rc_receiver_if/share/rc_receiver_if/msg/ReceiverData.msg
[14.262s] -- Installing: /workspace/install/rc_receiver_if/share/ament_index/resource_index/package_run_dependencies/rc_receiver_if
[14.262s] -- Installing: /workspace/install/rc_receiver_if/share/ament_index/resource_index/parent_prefix_path/rc_receiver_if
[14.265s] -- Installing: /workspace/install/rc_receiver_if/share/rc_receiver_if/environment/ament_prefix_path.sh
[14.265s] -- Installing: /workspace/install/rc_receiver_if/share/rc_receiver_if/environment/ament_prefix_path.dsv
[14.265s] -- Installing: /workspace/install/rc_receiver_if/share/rc_receiver_if/environment/path.sh
[14.266s] -- Installing: /workspace/install/rc_receiver_if/share/rc_receiver_if/environment/path.dsv
[14.266s] -- Installing: /workspace/install/rc_receiver_if/share/rc_receiver_if/local_setup.bash
[14.266s] -- Installing: /workspace/install/rc_receiver_if/share/rc_receiver_if/local_setup.sh
[14.266s] -- Installing: /workspace/install/rc_receiver_if/share/rc_receiver_if/local_setup.zsh
[14.266s] -- Installing: /workspace/install/rc_receiver_if/share/rc_receiver_if/local_setup.dsv
[14.267s] -- Installing: /workspace/install/rc_receiver_if/share/rc_receiver_if/package.dsv
[14.267s] -- Installing: /workspace/install/rc_receiver_if/share/ament_index/resource_index/packages/rc_receiver_if
[14.267s] -- Installing: /workspace/install/rc_receiver_if/share/rc_receiver_if/cmake/export_rc_receiver_if__rosidl_generator_cExport.cmake
[14.267s] -- Installing: /workspace/install/rc_receiver_if/share/rc_receiver_if/cmake/export_rc_receiver_if__rosidl_generator_cExport-noconfig.cmake
[14.268s] -- Installing: /workspace/install/rc_receiver_if/share/rc_receiver_if/cmake/export_rc_receiver_if__rosidl_typesupport_fastrtps_cExport.cmake
[14.268s] -- Installing: /workspace/install/rc_receiver_if/share/rc_receiver_if/cmake/export_rc_receiver_if__rosidl_typesupport_fastrtps_cExport-noconfig.cmake
[14.268s] -- Installing: /workspace/install/rc_receiver_if/share/rc_receiver_if/cmake/rc_receiver_if__rosidl_typesupport_introspection_cExport.cmake
[14.268s] -- Installing: /workspace/install/rc_receiver_if/share/rc_receiver_if/cmake/rc_receiver_if__rosidl_typesupport_introspection_cExport-noconfig.cmake
[14.268s] -- Installing: /workspace/install/rc_receiver_if/share/rc_receiver_if/cmake/rc_receiver_if__rosidl_typesupport_cExport.cmake
[14.269s] -- Installing: /workspace/install/rc_receiver_if/share/rc_receiver_if/cmake/rc_receiver_if__rosidl_typesupport_cExport-noconfig.cmake
[14.269s] -- Installing: /workspace/install/rc_receiver_if/share/rc_receiver_if/cmake/export_rc_receiver_if__rosidl_generator_cppExport.cmake
[14.269s] -- Installing: /workspace/install/rc_receiver_if/share/rc_receiver_if/cmake/export_rc_receiver_if__rosidl_typesupport_fastrtps_cppExport.cmake
[14.269s] -- Installing: /workspace/install/rc_receiver_if/share/rc_receiver_if/cmake/export_rc_receiver_if__rosidl_typesupport_fastrtps_cppExport-noconfig.cmake
[14.270s] -- Installing: /workspace/install/rc_receiver_if/share/rc_receiver_if/cmake/rc_receiver_if__rosidl_typesupport_introspection_cppExport.cmake
[14.270s] -- Installing: /workspace/install/rc_receiver_if/share/rc_receiver_if/cmake/rc_receiver_if__rosidl_typesupport_introspection_cppExport-noconfig.cmake
[14.270s] -- Installing: /workspace/install/rc_receiver_if/share/rc_receiver_if/cmake/rc_receiver_if__rosidl_typesupport_cppExport.cmake
[14.271s] -- Installing: /workspace/install/rc_receiver_if/share/rc_receiver_if/cmake/rc_receiver_if__rosidl_typesupport_cppExport-noconfig.cmake
[14.271s] -- Installing: /workspace/install/rc_receiver_if/share/rc_receiver_if/cmake/export_rc_receiver_if__rosidl_generator_pyExport.cmake
[14.271s] -- Installing: /workspace/install/rc_receiver_if/share/rc_receiver_if/cmake/export_rc_receiver_if__rosidl_generator_pyExport-noconfig.cmake
[14.272s] -- Installing: /workspace/install/rc_receiver_if/share/rc_receiver_if/cmake/rosidl_cmake-extras.cmake
[14.272s] -- Installing: /workspace/install/rc_receiver_if/share/rc_receiver_if/cmake/ament_cmake_export_include_directories-extras.cmake
[14.272s] -- Installing: /workspace/install/rc_receiver_if/share/rc_receiver_if/cmake/ament_cmake_export_libraries-extras.cmake
[14.272s] -- Installing: /workspace/install/rc_receiver_if/share/rc_receiver_if/cmake/ament_cmake_export_targets-extras.cmake
[14.273s] -- Installing: /workspace/install/rc_receiver_if/share/rc_receiver_if/cmake/rosidl_cmake_export_typesupport_targets-extras.cmake
[14.273s] -- Installing: /workspace/install/rc_receiver_if/share/rc_receiver_if/cmake/ament_cmake_export_dependencies-extras.cmake
[14.273s] -- Installing: /workspace/install/rc_receiver_if/share/rc_receiver_if/cmake/rosidl_cmake_export_typesupport_libraries-extras.cmake
[14.273s] -- Installing: /workspace/install/rc_receiver_if/share/rc_receiver_if/cmake/rc_receiver_ifConfig.cmake
[14.274s] -- Installing: /workspace/install/rc_receiver_if/share/rc_receiver_if/cmake/rc_receiver_ifConfig-version.cmake
[14.274s] -- Installing: /workspace/install/rc_receiver_if/share/rc_receiver_if/package.xml
[14.347s] Invoked command in '/workspace/build/rc_receiver_if' returned '0': CMAKE_PREFIX_PATH=/opt/ros/humble /usr/local/bin/cmake --install /workspace/build/rc_receiver_if
