running egg_info
writing ../../build/track/track.egg-info/PKG-INFO
writing dependency_links to ../../build/track/track.egg-info/dependency_links.txt
writing entry points to ../../build/track/track.egg-info/entry_points.txt
writing requirements to ../../build/track/track.egg-info/requires.txt
writing top-level names to ../../build/track/track.egg-info/top_level.txt
reading manifest file '../../build/track/track.egg-info/SOURCES.txt'
writing manifest file '../../build/track/track.egg-info/SOURCES.txt'
running build
running build_py
running install
running install_lib
running install_data
running install_egg_info
removing '/workspace/install/track/lib/python3.10/site-packages/track-0.0.0-py3.10.egg-info' (and everything under it)
Copying ../../build/track/track.egg-info to /workspace/install/track/lib/python3.10/site-packages/track-0.0.0-py3.10.egg-info
running install_scripts
Installing ByteTrack script to /workspace/install/track/lib/track
Installing YOLO script to /workspace/install/track/lib/track
Installing bytetrack script to /workspace/install/track/lib/track
Installing depth script to /workspace/install/track/lib/track
Installing testa script to /workspace/install/track/lib/track
writing list of installed files to '/workspace/build/track/install.log'
