[4.379s] Invoking command in '/workspace/src/camera': PYTHONPATH=/workspace/build/camera/prefix_override:/usr/lib/python3/dist-packages/colcon_core/task/python/colcon_distutils_commands:/workspace/install/camera/lib/python3.10/site-packages:${PYTHONPATH} /usr/bin/python3 -W ignore:setup.py install is deprecated setup.py egg_info --egg-base ../../build/camera build --build-base /workspace/build/camera/build install --record /workspace/build/camera/install.log --single-version-externally-managed install_data
[4.454s] /usr/local/lib/python3.10/dist-packages/_distutils_hack/__init__.py:53: UserWarning: Reliance on distutils from stdlib is deprecated. Users must rely on setuptools to provide the distutils module. Avoid importing distutils or import setuptools first, and avoid setting SETUPTOOLS_USE_DISTUTILS=stdlib. Register concerns at https://github.com/pypa/setuptools/issues/new?template=distutils-deprecation.yml
[4.454s]   warnings.warn(
[4.721s] /usr/lib/python3.10/distutils/dist.py:274: UserWarning: Unknown distribution option: 'tests_require'
[4.721s]   warnings.warn(msg)
[4.947s] running egg_info
[4.989s] writing ../../build/camera/camera.egg-info/PKG-INFO
[4.992s] writing dependency_links to ../../build/camera/camera.egg-info/dependency_links.txt
[5.002s] writing entry points to ../../build/camera/camera.egg-info/entry_points.txt
[5.002s] writing requirements to ../../build/camera/camera.egg-info/requires.txt
[5.002s] writing top-level names to ../../build/camera/camera.egg-info/top_level.txt
[5.074s] reading manifest file '../../build/camera/camera.egg-info/SOURCES.txt'
[5.076s] writing manifest file '../../build/camera/camera.egg-info/SOURCES.txt'
[5.076s] running build
[5.077s] running build_py
[5.077s] running install
[5.078s] running install_lib
[5.114s] running install_data
[5.115s] running install_egg_info
[5.156s] removing '/workspace/install/camera/lib/python3.10/site-packages/camera-0.0.0-py3.10.egg-info' (and everything under it)
[5.156s] Copying ../../build/camera/camera.egg-info to /workspace/install/camera/lib/python3.10/site-packages/camera-0.0.0-py3.10.egg-info
[5.156s] running install_scripts
[5.248s] Installing realsense script to /workspace/install/camera/lib/camera
[5.251s] writing list of installed files to '/workspace/build/camera/install.log'
[5.630s] Invoked command in '/workspace/src/camera' returned '0': PYTHONPATH=/workspace/build/camera/prefix_override:/usr/lib/python3/dist-packages/colcon_core/task/python/colcon_distutils_commands:/workspace/install/camera/lib/python3.10/site-packages:${PYTHONPATH} /usr/bin/python3 -W ignore:setup.py install is deprecated setup.py egg_info --egg-base ../../build/camera build --build-base /workspace/build/camera/build install --record /workspace/build/camera/install.log --single-version-externally-managed install_data
