[5.221s] Invoking command in '/workspace/src/track': PYTHONPATH=/workspace/build/track/prefix_override:/usr/lib/python3/dist-packages/colcon_core/task/python/colcon_distutils_commands:/workspace/install/track/lib/python3.10/site-packages:${PYTHONPATH} /usr/bin/python3 -W ignore:setup.py install is deprecated setup.py egg_info --egg-base ../../build/track build --build-base /workspace/build/track/build install --record /workspace/build/track/install.log --single-version-externally-managed install_data
[5.359s] /usr/local/lib/python3.10/dist-packages/_distutils_hack/__init__.py:53: UserWarning: Reliance on distutils from stdlib is deprecated. Users must rely on setuptools to provide the distutils module. Avoid importing distutils or import setuptools first, and avoid setting SETUPTOOLS_USE_DISTUTILS=stdlib. Register concerns at https://github.com/pypa/setuptools/issues/new?template=distutils-deprecation.yml
[5.360s]   warnings.warn(
[5.713s] /usr/lib/python3.10/distutils/dist.py:274: UserWarning: Unknown distribution option: 'tests_require'
[5.713s]   warnings.warn(msg)
[6.077s] running egg_info
[6.125s] writing ../../build/track/track.egg-info/PKG-INFO
[6.126s] writing dependency_links to ../../build/track/track.egg-info/dependency_links.txt
[6.127s] writing entry points to ../../build/track/track.egg-info/entry_points.txt
[6.127s] writing requirements to ../../build/track/track.egg-info/requires.txt
[6.127s] writing top-level names to ../../build/track/track.egg-info/top_level.txt
[6.232s] reading manifest file '../../build/track/track.egg-info/SOURCES.txt'
[6.233s] writing manifest file '../../build/track/track.egg-info/SOURCES.txt'
[6.233s] running build
[6.233s] running build_py
[6.233s] running install
[6.233s] running install_lib
[6.281s] running install_data
[6.282s] running install_egg_info
[6.327s] removing '/workspace/install/track/lib/python3.10/site-packages/track-0.0.0-py3.10.egg-info' (and everything under it)
[6.332s] Copying ../../build/track/track.egg-info to /workspace/install/track/lib/python3.10/site-packages/track-0.0.0-py3.10.egg-info
[6.333s] running install_scripts
[6.428s] Installing ByteTrack script to /workspace/install/track/lib/track
[6.436s] Installing YOLO script to /workspace/install/track/lib/track
[6.437s] Installing bytetrack script to /workspace/install/track/lib/track
[6.437s] Installing depth script to /workspace/install/track/lib/track
[6.437s] Installing testa script to /workspace/install/track/lib/track
[6.437s] writing list of installed files to '/workspace/build/track/install.log'
[6.882s] Invoked command in '/workspace/src/track' returned '0': PYTHONPATH=/workspace/build/track/prefix_override:/usr/lib/python3/dist-packages/colcon_core/task/python/colcon_distutils_commands:/workspace/install/track/lib/python3.10/site-packages:${PYTHONPATH} /usr/bin/python3 -W ignore:setup.py install is deprecated setup.py egg_info --egg-base ../../build/track build --build-base /workspace/build/track/build install --record /workspace/build/track/install.log --single-version-externally-managed install_data
