[0.167s] DEBUG:colcon:Command line arguments: ['/usr/bin/colcon', 'build']
[0.167s] DEBUG:colcon:Parsed command line arguments: Namespace(log_base=None, log_level=None, verb_name='build', build_base='build', install_base='install', merge_install=False, symlink_install=False, test_result_base=None, continue_on_error=False, executor='parallel', parallel_workers=16, event_handlers=None, ignore_user_meta=False, metas=['./colcon.meta'], base_paths=['.'], packages_ignore=None, packages_ignore_regex=None, paths=None, packages_up_to=None, packages_up_to_regex=None, packages_above=None, packages_above_and_dependencies=None, packages_above_depth=None, packages_select_by_dep=None, packages_skip_by_dep=None, packages_skip_up_to=None, packages_select_build_failed=False, packages_skip_build_finished=False, packages_select_test_failures=False, packages_skip_test_passed=False, packages_select=None, packages_skip=None, packages_select_regex=None, packages_skip_regex=None, packages_start=None, packages_end=None, allow_overriding=[], cmake_args=None, cmake_target=None, cmake_target_skip_unavailable=False, cmake_clean_cache=False, cmake_clean_first=False, cmake_force_configure=False, ament_cmake_args=None, catkin_cmake_args=None, catkin_skip_building_tests=False, verb_parser=<colcon_defaults.argument_parser.defaults.DefaultArgumentsDecorator object at 0x7076e6def9a0>, verb_extension=<colcon_core.verb.build.BuildVerb object at 0x7076e6def490>, main=<bound method BuildVerb.main of <colcon_core.verb.build.BuildVerb object at 0x7076e6def490>>)
[0.294s] Level 1:colcon.colcon_core.package_discovery:discover_packages(colcon_meta) check parameters
[0.294s] Level 1:colcon.colcon_core.package_discovery:discover_packages(recursive) check parameters
[0.294s] Level 1:colcon.colcon_core.package_discovery:discover_packages(ignore) check parameters
[0.294s] Level 1:colcon.colcon_core.package_discovery:discover_packages(path) check parameters
[0.294s] Level 1:colcon.colcon_core.package_discovery:discover_packages(colcon_meta) discover
[0.294s] Level 1:colcon.colcon_core.package_discovery:discover_packages(recursive) discover
[0.294s] INFO:colcon.colcon_core.package_discovery:Crawling recursively for packages in '/workspace/src/uwb_nls'
[0.294s] Level 1:colcon.colcon_core.package_identification:_identify(.) by extensions ['ignore', 'ignore_ament_install']
[0.294s] Level 1:colcon.colcon_core.package_identification:_identify(.) by extension 'ignore'
[0.294s] Level 1:colcon.colcon_core.package_identification:_identify(.) by extension 'ignore_ament_install'
[0.294s] Level 1:colcon.colcon_core.package_identification:_identify(.) by extensions ['colcon_pkg']
[0.294s] Level 1:colcon.colcon_core.package_identification:_identify(.) by extension 'colcon_pkg'
[0.294s] Level 1:colcon.colcon_core.package_identification:_identify(.) by extensions ['colcon_meta']
[0.294s] Level 1:colcon.colcon_core.package_identification:_identify(.) by extension 'colcon_meta'
[0.294s] Level 1:colcon.colcon_core.package_identification:_identify(.) by extensions ['ros']
[0.294s] Level 1:colcon.colcon_core.package_identification:_identify(.) by extension 'ros'
[0.307s] DEBUG:colcon.colcon_core.package_identification:Package '.' with type 'ros.ament_python' and name 'uwb_nls'
[0.307s] Level 1:colcon.colcon_core.package_discovery:discover_packages(recursive) using defaults
[0.307s] Level 1:colcon.colcon_core.package_discovery:discover_packages(ignore) discover
[0.307s] Level 1:colcon.colcon_core.package_discovery:discover_packages(ignore) using defaults
[0.307s] Level 1:colcon.colcon_core.package_discovery:discover_packages(path) discover
[0.307s] Level 1:colcon.colcon_core.package_discovery:discover_packages(path) using defaults
[0.325s] Level 1:colcon.colcon_core.package_discovery:discover_packages(prefix_path) check parameters
[0.326s] Level 1:colcon.colcon_core.package_discovery:discover_packages(prefix_path) discover
[0.328s] DEBUG:colcon.colcon_installed_package_information.package_discovery:Found 266 installed packages in /opt/ros/humble
[0.328s] Level 1:colcon.colcon_core.package_discovery:discover_packages(prefix_path) using defaults
[0.353s] Level 5:colcon.colcon_core.verb:set package 'uwb_nls' build argument 'cmake_args' from command line to 'None'
[0.353s] Level 5:colcon.colcon_core.verb:set package 'uwb_nls' build argument 'cmake_target' from command line to 'None'
[0.353s] Level 5:colcon.colcon_core.verb:set package 'uwb_nls' build argument 'cmake_target_skip_unavailable' from command line to 'False'
[0.353s] Level 5:colcon.colcon_core.verb:set package 'uwb_nls' build argument 'cmake_clean_cache' from command line to 'False'
[0.353s] Level 5:colcon.colcon_core.verb:set package 'uwb_nls' build argument 'cmake_clean_first' from command line to 'False'
[0.353s] Level 5:colcon.colcon_core.verb:set package 'uwb_nls' build argument 'cmake_force_configure' from command line to 'False'
[0.353s] Level 5:colcon.colcon_core.verb:set package 'uwb_nls' build argument 'ament_cmake_args' from command line to 'None'
[0.353s] Level 5:colcon.colcon_core.verb:set package 'uwb_nls' build argument 'catkin_cmake_args' from command line to 'None'
[0.353s] Level 5:colcon.colcon_core.verb:set package 'uwb_nls' build argument 'catkin_skip_building_tests' from command line to 'False'
[0.353s] DEBUG:colcon.colcon_core.verb:Building package 'uwb_nls' with the following arguments: {'ament_cmake_args': None, 'build_base': '/workspace/src/uwb_nls/build/uwb_nls', 'catkin_cmake_args': None, 'catkin_skip_building_tests': False, 'cmake_args': None, 'cmake_clean_cache': False, 'cmake_clean_first': False, 'cmake_force_configure': False, 'cmake_target': None, 'cmake_target_skip_unavailable': False, 'install_base': '/workspace/src/uwb_nls/install/uwb_nls', 'merge_install': False, 'path': '/workspace/src/uwb_nls', 'symlink_install': False, 'test_result_base': None}
[0.353s] INFO:colcon.colcon_core.executor:Executing jobs using 'parallel' executor
[0.354s] DEBUG:colcon.colcon_parallel_executor.executor.parallel:run_until_complete
[0.354s] INFO:colcon.colcon_ros.task.ament_python.build:Building ROS package in '/workspace/src/uwb_nls' with build type 'ament_python'
[0.354s] Level 1:colcon.colcon_core.shell:create_environment_hook('uwb_nls', 'ament_prefix_path')
[0.357s] INFO:colcon.colcon_core.plugin_system:Skipping extension 'colcon_core.shell.bat': Not used on non-Windows systems
[0.357s] INFO:colcon.colcon_core.shell:Creating environment hook '/workspace/src/uwb_nls/install/uwb_nls/share/uwb_nls/hook/ament_prefix_path.ps1'
[0.357s] INFO:colcon.colcon_core.shell:Creating environment descriptor '/workspace/src/uwb_nls/install/uwb_nls/share/uwb_nls/hook/ament_prefix_path.dsv'
[0.358s] INFO:colcon.colcon_core.shell:Creating environment hook '/workspace/src/uwb_nls/install/uwb_nls/share/uwb_nls/hook/ament_prefix_path.sh'
[0.358s] INFO:colcon.colcon_core.shell:Skip shell extension 'powershell' for command environment: Not usable outside of PowerShell
[0.358s] DEBUG:colcon.colcon_core.shell:Skip shell extension 'dsv' for command environment
[0.487s] INFO:colcon.colcon_core.task.python.build:Building Python package in '/workspace/src/uwb_nls'
[0.487s] INFO:colcon.colcon_core.shell:Skip shell extension 'powershell' for command environment: Not usable outside of PowerShell
[0.487s] DEBUG:colcon.colcon_core.shell:Skip shell extension 'dsv' for command environment
[0.718s] DEBUG:colcon.colcon_core.event_handler.log_command:Invoking command in '/workspace/src/uwb_nls': PYTHONPATH=/workspace/src/uwb_nls/build/uwb_nls/prefix_override:/usr/lib/python3/dist-packages/colcon_core/task/python/colcon_distutils_commands:/workspace/src/uwb_nls/install/uwb_nls/lib/python3.10/site-packages:${PYTHONPATH} /usr/bin/python3 -W ignore:setup.py install is deprecated -W ignore:easy_install command is deprecated setup.py egg_info --egg-base build/uwb_nls build --build-base /workspace/src/uwb_nls/build/uwb_nls/build install --record /workspace/src/uwb_nls/build/uwb_nls/install.log --single-version-externally-managed install_data
[0.864s] DEBUG:colcon.colcon_core.event_handler.log_command:Invoked command in '/workspace/src/uwb_nls' returned '0': PYTHONPATH=/workspace/src/uwb_nls/build/uwb_nls/prefix_override:/usr/lib/python3/dist-packages/colcon_core/task/python/colcon_distutils_commands:/workspace/src/uwb_nls/install/uwb_nls/lib/python3.10/site-packages:${PYTHONPATH} /usr/bin/python3 -W ignore:setup.py install is deprecated -W ignore:easy_install command is deprecated setup.py egg_info --egg-base build/uwb_nls build --build-base /workspace/src/uwb_nls/build/uwb_nls/build install --record /workspace/src/uwb_nls/build/uwb_nls/install.log --single-version-externally-managed install_data
[0.867s] Level 1:colcon.colcon_core.environment:checking '/workspace/src/uwb_nls/install/uwb_nls' for CMake module files
[0.867s] Level 1:colcon.colcon_core.environment:checking '/workspace/src/uwb_nls/install/uwb_nls' for CMake config files
[0.868s] Level 1:colcon.colcon_core.environment:checking '/workspace/src/uwb_nls/install/uwb_nls/lib'
[0.868s] Level 1:colcon.colcon_core.environment:checking '/workspace/src/uwb_nls/install/uwb_nls/bin'
[0.868s] Level 1:colcon.colcon_core.environment:checking '/workspace/src/uwb_nls/install/uwb_nls/lib/pkgconfig/uwb_nls.pc'
[0.868s] Level 1:colcon.colcon_core.environment:checking '/workspace/src/uwb_nls/install/uwb_nls/lib/python3.10/site-packages'
[0.868s] Level 1:colcon.colcon_core.shell:create_environment_hook('uwb_nls', 'pythonpath')
[0.868s] INFO:colcon.colcon_core.shell:Creating environment hook '/workspace/src/uwb_nls/install/uwb_nls/share/uwb_nls/hook/pythonpath.ps1'
[0.868s] INFO:colcon.colcon_core.shell:Creating environment descriptor '/workspace/src/uwb_nls/install/uwb_nls/share/uwb_nls/hook/pythonpath.dsv'
[0.868s] INFO:colcon.colcon_core.shell:Creating environment hook '/workspace/src/uwb_nls/install/uwb_nls/share/uwb_nls/hook/pythonpath.sh'
[0.869s] Level 1:colcon.colcon_core.environment:checking '/workspace/src/uwb_nls/install/uwb_nls/bin'
[0.869s] Level 1:colcon.colcon_core.environment:create_environment_scripts_only(uwb_nls)
[0.869s] INFO:colcon.colcon_core.shell:Creating package script '/workspace/src/uwb_nls/install/uwb_nls/share/uwb_nls/package.ps1'
[0.869s] INFO:colcon.colcon_core.shell:Creating package descriptor '/workspace/src/uwb_nls/install/uwb_nls/share/uwb_nls/package.dsv'
[0.870s] INFO:colcon.colcon_core.shell:Creating package script '/workspace/src/uwb_nls/install/uwb_nls/share/uwb_nls/package.sh'
[0.870s] INFO:colcon.colcon_core.shell:Creating package script '/workspace/src/uwb_nls/install/uwb_nls/share/uwb_nls/package.bash'
[0.871s] INFO:colcon.colcon_core.shell:Creating package script '/workspace/src/uwb_nls/install/uwb_nls/share/uwb_nls/package.zsh'
[0.871s] Level 1:colcon.colcon_core.environment:create_file_with_runtime_dependencies(/workspace/src/uwb_nls/install/uwb_nls/share/colcon-core/packages/uwb_nls)
[0.871s] DEBUG:colcon.colcon_parallel_executor.executor.parallel:closing loop
[0.872s] DEBUG:colcon.colcon_parallel_executor.executor.parallel:loop closed
[0.872s] DEBUG:colcon.colcon_parallel_executor.executor.parallel:run_until_complete finished with '0'
[0.872s] DEBUG:colcon.colcon_core.event_reactor:joining thread
[0.879s] INFO:colcon.colcon_core.plugin_system:Skipping extension 'colcon_notification.desktop_notification.notify_send': Could not find 'notify-send'
[0.879s] INFO:colcon.colcon_core.plugin_system:Skipping extension 'colcon_notification.desktop_notification.terminal_notifier': Not used on non-Darwin systems
[0.879s] INFO:colcon.colcon_core.plugin_system:Skipping extension 'colcon_notification.desktop_notification.win32': Not used on non-Windows systems
[0.879s] INFO:colcon.colcon_notification.desktop_notification:Sending desktop notification using 'notify2'
[0.881s] DEBUG:colcon.colcon_notification.desktop_notification.notify2:Failed to initialize notify2: org.freedesktop.DBus.Error.Spawn.ExecFailed: /usr/bin/dbus-launch terminated abnormally without any error message
[0.881s] DEBUG:colcon.colcon_core.event_reactor:joined thread
[0.882s] INFO:colcon.colcon_core.shell:Creating prefix script '/workspace/src/uwb_nls/install/local_setup.ps1'
[0.883s] INFO:colcon.colcon_core.shell:Creating prefix util module '/workspace/src/uwb_nls/install/_local_setup_util_ps1.py'
[0.884s] INFO:colcon.colcon_core.shell:Creating prefix chain script '/workspace/src/uwb_nls/install/setup.ps1'
[0.885s] INFO:colcon.colcon_core.shell:Creating prefix script '/workspace/src/uwb_nls/install/local_setup.sh'
[0.885s] INFO:colcon.colcon_core.shell:Creating prefix util module '/workspace/src/uwb_nls/install/_local_setup_util_sh.py'
[0.885s] INFO:colcon.colcon_core.shell:Creating prefix chain script '/workspace/src/uwb_nls/install/setup.sh'
[0.886s] INFO:colcon.colcon_core.shell:Creating prefix script '/workspace/src/uwb_nls/install/local_setup.bash'
[0.887s] INFO:colcon.colcon_core.shell:Creating prefix chain script '/workspace/src/uwb_nls/install/setup.bash'
[0.887s] INFO:colcon.colcon_core.shell:Creating prefix script '/workspace/src/uwb_nls/install/local_setup.zsh'
[0.888s] INFO:colcon.colcon_core.shell:Creating prefix chain script '/workspace/src/uwb_nls/install/setup.zsh'
