running egg_info
writing ../../build/pixhawk_control/pixhawk_control.egg-info/PKG-INFO
writing dependency_links to ../../build/pixhawk_control/pixhawk_control.egg-info/dependency_links.txt
writing requirements to ../../build/pixhawk_control/pixhawk_control.egg-info/requires.txt
writing top-level names to ../../build/pixhawk_control/pixhawk_control.egg-info/top_level.txt
reading manifest file '../../build/pixhawk_control/pixhawk_control.egg-info/SOURCES.txt'
writing manifest file '../../build/pixhawk_control/pixhawk_control.egg-info/SOURCES.txt'
running build
running build_py
copying pixhawk_control/connect_pixhawk.py -> /workspace/build/pixhawk_control/build/lib/pixhawk_control
copying pixhawk_control/connect_debug.py -> /workspace/build/pixhawk_control/build/lib/pixhawk_control
copying pixhawk_control/__init__.py -> /workspace/build/pixhawk_control/build/lib/pixhawk_control
running install
running install_lib
copying /workspace/build/pixhawk_control/build/lib/pixhawk_control/connect_pixhawk.py -> /workspace/install/pixhawk_control/lib/python3.10/site-packages/pixhawk_control
byte-compiling /workspace/install/pixhawk_control/lib/python3.10/site-packages/pixhawk_control/connect_pixhawk.py to connect_pixhawk.cpython-310.pyc
running install_data
copying resource/pixhawk_control -> /workspace/install/pixhawk_control/share/ament_index/resource_index/packages
copying package.xml -> /workspace/install/pixhawk_control/share/pixhawk_control
running install_egg_info
removing '/workspace/install/pixhawk_control/lib/python3.10/site-packages/pixhawk_control-0.0.0-py3.10.egg-info' (and everything under it)
Copying ../../build/pixhawk_control/pixhawk_control.egg-info to /workspace/install/pixhawk_control/lib/python3.10/site-packages/pixhawk_control-0.0.0-py3.10.egg-info
running install_scripts
writing list of installed files to '/workspace/build/pixhawk_control/install.log'
