[0.102s] DEBUG:colcon:Command line arguments: ['/usr/bin/colcon', 'build']
[0.102s] DEBUG:colcon:Parsed command line arguments: Namespace(log_base=None, log_level=None, verb_name='build', build_base='build', install_base='install', merge_install=False, symlink_install=False, test_result_base=None, continue_on_error=False, executor='parallel', parallel_workers=16, event_handlers=None, ignore_user_meta=False, metas=['./colcon.meta'], base_paths=['.'], packages_ignore=None, packages_ignore_regex=None, paths=None, packages_up_to=None, packages_up_to_regex=None, packages_above=None, packages_above_and_dependencies=None, packages_above_depth=None, packages_select_by_dep=None, packages_skip_by_dep=None, packages_skip_up_to=None, packages_select_build_failed=False, packages_skip_build_finished=False, packages_select_test_failures=False, packages_skip_test_passed=False, packages_select=None, packages_skip=None, packages_select_regex=None, packages_skip_regex=None, packages_start=None, packages_end=None, allow_overriding=[], cmake_args=None, cmake_target=None, cmake_target_skip_unavailable=False, cmake_clean_cache=False, cmake_clean_first=False, cmake_force_configure=False, ament_cmake_args=None, catkin_cmake_args=None, catkin_skip_building_tests=False, verb_parser=<colcon_defaults.argument_parser.defaults.DefaultArgumentsDecorator object at 0x70d7156f5090>, verb_extension=<colcon_core.verb.build.BuildVerb object at 0x70d7156f4070>, main=<bound method BuildVerb.main of <colcon_core.verb.build.BuildVerb object at 0x70d7156f4070>>)
[0.267s] Level 1:colcon.colcon_core.package_discovery:discover_packages(colcon_meta) check parameters
[0.267s] Level 1:colcon.colcon_core.package_discovery:discover_packages(recursive) check parameters
[0.267s] Level 1:colcon.colcon_core.package_discovery:discover_packages(ignore) check parameters
[0.267s] Level 1:colcon.colcon_core.package_discovery:discover_packages(path) check parameters
[0.267s] Level 1:colcon.colcon_core.package_discovery:discover_packages(colcon_meta) discover
[0.267s] Level 1:colcon.colcon_core.package_discovery:discover_packages(recursive) discover
[0.267s] INFO:colcon.colcon_core.package_discovery:Crawling recursively for packages in '/workspace'
[0.267s] Level 1:colcon.colcon_core.package_identification:_identify(.) by extensions ['ignore', 'ignore_ament_install']
[0.268s] Level 1:colcon.colcon_core.package_identification:_identify(.) by extension 'ignore'
[0.268s] Level 1:colcon.colcon_core.package_identification:_identify(.) by extension 'ignore_ament_install'
[0.268s] Level 1:colcon.colcon_core.package_identification:_identify(.) by extensions ['colcon_pkg']
[0.268s] Level 1:colcon.colcon_core.package_identification:_identify(.) by extension 'colcon_pkg'
[0.268s] Level 1:colcon.colcon_core.package_identification:_identify(.) by extensions ['colcon_meta']
[0.268s] Level 1:colcon.colcon_core.package_identification:_identify(.) by extension 'colcon_meta'
[0.268s] Level 1:colcon.colcon_core.package_identification:_identify(.) by extensions ['ros']
[0.268s] Level 1:colcon.colcon_core.package_identification:_identify(.) by extension 'ros'
[0.281s] Level 1:colcon.colcon_core.package_identification:_identify(.) by extensions ['cmake', 'python']
[0.281s] Level 1:colcon.colcon_core.package_identification:_identify(.) by extension 'cmake'
[0.281s] Level 1:colcon.colcon_core.package_identification:_identify(.) by extension 'python'
[0.281s] Level 1:colcon.colcon_core.package_identification:_identify(.) by extensions ['python_setup_py']
[0.281s] Level 1:colcon.colcon_core.package_identification:_identify(.) by extension 'python_setup_py'
[0.281s] Level 1:colcon.colcon_core.package_identification:_identify(build) by extensions ['ignore', 'ignore_ament_install']
[0.281s] Level 1:colcon.colcon_core.package_identification:_identify(build) by extension 'ignore'
[0.281s] Level 1:colcon.colcon_core.package_identification:_identify(build) ignored
[0.281s] Level 1:colcon.colcon_core.package_identification:_identify(docker) by extensions ['ignore', 'ignore_ament_install']
[0.281s] Level 1:colcon.colcon_core.package_identification:_identify(docker) by extension 'ignore'
[0.281s] Level 1:colcon.colcon_core.package_identification:_identify(docker) by extension 'ignore_ament_install'
[0.282s] Level 1:colcon.colcon_core.package_identification:_identify(docker) by extensions ['colcon_pkg']
[0.282s] Level 1:colcon.colcon_core.package_identification:_identify(docker) by extension 'colcon_pkg'
[0.282s] Level 1:colcon.colcon_core.package_identification:_identify(docker) by extensions ['colcon_meta']
[0.282s] Level 1:colcon.colcon_core.package_identification:_identify(docker) by extension 'colcon_meta'
[0.282s] Level 1:colcon.colcon_core.package_identification:_identify(docker) by extensions ['ros']
[0.282s] Level 1:colcon.colcon_core.package_identification:_identify(docker) by extension 'ros'
[0.282s] Level 1:colcon.colcon_core.package_identification:_identify(docker) by extensions ['cmake', 'python']
[0.282s] Level 1:colcon.colcon_core.package_identification:_identify(docker) by extension 'cmake'
[0.282s] Level 1:colcon.colcon_core.package_identification:_identify(docker) by extension 'python'
[0.282s] Level 1:colcon.colcon_core.package_identification:_identify(docker) by extensions ['python_setup_py']
[0.282s] Level 1:colcon.colcon_core.package_identification:_identify(docker) by extension 'python_setup_py'
[0.282s] Level 1:colcon.colcon_core.package_identification:_identify(docker/jetson) by extensions ['ignore', 'ignore_ament_install']
[0.282s] Level 1:colcon.colcon_core.package_identification:_identify(docker/jetson) by extension 'ignore'
[0.282s] Level 1:colcon.colcon_core.package_identification:_identify(docker/jetson) by extension 'ignore_ament_install'
[0.282s] Level 1:colcon.colcon_core.package_identification:_identify(docker/jetson) by extensions ['colcon_pkg']
[0.282s] Level 1:colcon.colcon_core.package_identification:_identify(docker/jetson) by extension 'colcon_pkg'
[0.282s] Level 1:colcon.colcon_core.package_identification:_identify(docker/jetson) by extensions ['colcon_meta']
[0.282s] Level 1:colcon.colcon_core.package_identification:_identify(docker/jetson) by extension 'colcon_meta'
[0.282s] Level 1:colcon.colcon_core.package_identification:_identify(docker/jetson) by extensions ['ros']
[0.282s] Level 1:colcon.colcon_core.package_identification:_identify(docker/jetson) by extension 'ros'
[0.282s] Level 1:colcon.colcon_core.package_identification:_identify(docker/jetson) by extensions ['cmake', 'python']
[0.282s] Level 1:colcon.colcon_core.package_identification:_identify(docker/jetson) by extension 'cmake'
[0.282s] Level 1:colcon.colcon_core.package_identification:_identify(docker/jetson) by extension 'python'
[0.283s] Level 1:colcon.colcon_core.package_identification:_identify(docker/jetson) by extensions ['python_setup_py']
[0.283s] Level 1:colcon.colcon_core.package_identification:_identify(docker/jetson) by extension 'python_setup_py'
[0.283s] Level 1:colcon.colcon_core.package_identification:_identify(docker/ubuntu) by extensions ['ignore', 'ignore_ament_install']
[0.283s] Level 1:colcon.colcon_core.package_identification:_identify(docker/ubuntu) by extension 'ignore'
[0.283s] Level 1:colcon.colcon_core.package_identification:_identify(docker/ubuntu) by extension 'ignore_ament_install'
[0.283s] Level 1:colcon.colcon_core.package_identification:_identify(docker/ubuntu) by extensions ['colcon_pkg']
[0.283s] Level 1:colcon.colcon_core.package_identification:_identify(docker/ubuntu) by extension 'colcon_pkg'
[0.283s] Level 1:colcon.colcon_core.package_identification:_identify(docker/ubuntu) by extensions ['colcon_meta']
[0.283s] Level 1:colcon.colcon_core.package_identification:_identify(docker/ubuntu) by extension 'colcon_meta'
[0.283s] Level 1:colcon.colcon_core.package_identification:_identify(docker/ubuntu) by extensions ['ros']
[0.283s] Level 1:colcon.colcon_core.package_identification:_identify(docker/ubuntu) by extension 'ros'
[0.283s] Level 1:colcon.colcon_core.package_identification:_identify(docker/ubuntu) by extensions ['cmake', 'python']
[0.283s] Level 1:colcon.colcon_core.package_identification:_identify(docker/ubuntu) by extension 'cmake'
[0.283s] Level 1:colcon.colcon_core.package_identification:_identify(docker/ubuntu) by extension 'python'
[0.283s] Level 1:colcon.colcon_core.package_identification:_identify(docker/ubuntu) by extensions ['python_setup_py']
[0.283s] Level 1:colcon.colcon_core.package_identification:_identify(docker/ubuntu) by extension 'python_setup_py'
[0.283s] Level 1:colcon.colcon_core.package_identification:_identify(install) by extensions ['ignore', 'ignore_ament_install']
[0.283s] Level 1:colcon.colcon_core.package_identification:_identify(install) by extension 'ignore'
[0.283s] Level 1:colcon.colcon_core.package_identification:_identify(install) ignored
[0.283s] Level 1:colcon.colcon_core.package_identification:_identify(log) by extensions ['ignore', 'ignore_ament_install']
[0.284s] Level 1:colcon.colcon_core.package_identification:_identify(log) by extension 'ignore'
[0.284s] Level 1:colcon.colcon_core.package_identification:_identify(log) ignored
[0.284s] Level 1:colcon.colcon_core.package_identification:_identify(src) by extensions ['ignore', 'ignore_ament_install']
[0.284s] Level 1:colcon.colcon_core.package_identification:_identify(src) by extension 'ignore'
[0.284s] Level 1:colcon.colcon_core.package_identification:_identify(src) by extension 'ignore_ament_install'
[0.284s] Level 1:colcon.colcon_core.package_identification:_identify(src) by extensions ['colcon_pkg']
[0.284s] Level 1:colcon.colcon_core.package_identification:_identify(src) by extension 'colcon_pkg'
[0.284s] Level 1:colcon.colcon_core.package_identification:_identify(src) by extensions ['colcon_meta']
[0.284s] Level 1:colcon.colcon_core.package_identification:_identify(src) by extension 'colcon_meta'
[0.284s] Level 1:colcon.colcon_core.package_identification:_identify(src) by extensions ['ros']
[0.284s] Level 1:colcon.colcon_core.package_identification:_identify(src) by extension 'ros'
[0.284s] Level 1:colcon.colcon_core.package_identification:_identify(src) by extensions ['cmake', 'python']
[0.284s] Level 1:colcon.colcon_core.package_identification:_identify(src) by extension 'cmake'
[0.284s] Level 1:colcon.colcon_core.package_identification:_identify(src) by extension 'python'
[0.284s] Level 1:colcon.colcon_core.package_identification:_identify(src) by extensions ['python_setup_py']
[0.284s] Level 1:colcon.colcon_core.package_identification:_identify(src) by extension 'python_setup_py'
[0.284s] Level 1:colcon.colcon_core.package_identification:_identify(src/arduino) by extensions ['ignore', 'ignore_ament_install']
[0.284s] Level 1:colcon.colcon_core.package_identification:_identify(src/arduino) by extension 'ignore'
[0.285s] Level 1:colcon.colcon_core.package_identification:_identify(src/arduino) by extension 'ignore_ament_install'
[0.285s] Level 1:colcon.colcon_core.package_identification:_identify(src/arduino) by extensions ['colcon_pkg']
[0.285s] Level 1:colcon.colcon_core.package_identification:_identify(src/arduino) by extension 'colcon_pkg'
[0.285s] Level 1:colcon.colcon_core.package_identification:_identify(src/arduino) by extensions ['colcon_meta']
[0.285s] Level 1:colcon.colcon_core.package_identification:_identify(src/arduino) by extension 'colcon_meta'
[0.285s] Level 1:colcon.colcon_core.package_identification:_identify(src/arduino) by extensions ['ros']
[0.285s] Level 1:colcon.colcon_core.package_identification:_identify(src/arduino) by extension 'ros'
[0.285s] Level 1:colcon.colcon_core.package_identification:_identify(src/arduino) by extensions ['cmake', 'python']
[0.285s] Level 1:colcon.colcon_core.package_identification:_identify(src/arduino) by extension 'cmake'
[0.285s] Level 1:colcon.colcon_core.package_identification:_identify(src/arduino) by extension 'python'
[0.285s] Level 1:colcon.colcon_core.package_identification:_identify(src/arduino) by extensions ['python_setup_py']
[0.285s] Level 1:colcon.colcon_core.package_identification:_identify(src/arduino) by extension 'python_setup_py'
[0.285s] Level 1:colcon.colcon_core.package_identification:_identify(src/arduino/range_rx_0) by extensions ['ignore', 'ignore_ament_install']
[0.285s] Level 1:colcon.colcon_core.package_identification:_identify(src/arduino/range_rx_0) by extension 'ignore'
[0.285s] Level 1:colcon.colcon_core.package_identification:_identify(src/arduino/range_rx_0) by extension 'ignore_ament_install'
[0.285s] Level 1:colcon.colcon_core.package_identification:_identify(src/arduino/range_rx_0) by extensions ['colcon_pkg']
[0.285s] Level 1:colcon.colcon_core.package_identification:_identify(src/arduino/range_rx_0) by extension 'colcon_pkg'
[0.285s] Level 1:colcon.colcon_core.package_identification:_identify(src/arduino/range_rx_0) by extensions ['colcon_meta']
[0.285s] Level 1:colcon.colcon_core.package_identification:_identify(src/arduino/range_rx_0) by extension 'colcon_meta'
[0.286s] Level 1:colcon.colcon_core.package_identification:_identify(src/arduino/range_rx_0) by extensions ['ros']
[0.286s] Level 1:colcon.colcon_core.package_identification:_identify(src/arduino/range_rx_0) by extension 'ros'
[0.286s] Level 1:colcon.colcon_core.package_identification:_identify(src/arduino/range_rx_0) by extensions ['cmake', 'python']
[0.286s] Level 1:colcon.colcon_core.package_identification:_identify(src/arduino/range_rx_0) by extension 'cmake'
[0.286s] Level 1:colcon.colcon_core.package_identification:_identify(src/arduino/range_rx_0) by extension 'python'
[0.286s] Level 1:colcon.colcon_core.package_identification:_identify(src/arduino/range_rx_0) by extensions ['python_setup_py']
[0.286s] Level 1:colcon.colcon_core.package_identification:_identify(src/arduino/range_rx_0) by extension 'python_setup_py'
[0.286s] Level 1:colcon.colcon_core.package_identification:_identify(src/arduino/range_rx_1) by extensions ['ignore', 'ignore_ament_install']
[0.286s] Level 1:colcon.colcon_core.package_identification:_identify(src/arduino/range_rx_1) by extension 'ignore'
[0.286s] Level 1:colcon.colcon_core.package_identification:_identify(src/arduino/range_rx_1) by extension 'ignore_ament_install'
[0.286s] Level 1:colcon.colcon_core.package_identification:_identify(src/arduino/range_rx_1) by extensions ['colcon_pkg']
[0.286s] Level 1:colcon.colcon_core.package_identification:_identify(src/arduino/range_rx_1) by extension 'colcon_pkg'
[0.286s] Level 1:colcon.colcon_core.package_identification:_identify(src/arduino/range_rx_1) by extensions ['colcon_meta']
[0.286s] Level 1:colcon.colcon_core.package_identification:_identify(src/arduino/range_rx_1) by extension 'colcon_meta'
[0.286s] Level 1:colcon.colcon_core.package_identification:_identify(src/arduino/range_rx_1) by extensions ['ros']
[0.286s] Level 1:colcon.colcon_core.package_identification:_identify(src/arduino/range_rx_1) by extension 'ros'
[0.286s] Level 1:colcon.colcon_core.package_identification:_identify(src/arduino/range_rx_1) by extensions ['cmake', 'python']
[0.286s] Level 1:colcon.colcon_core.package_identification:_identify(src/arduino/range_rx_1) by extension 'cmake'
[0.286s] Level 1:colcon.colcon_core.package_identification:_identify(src/arduino/range_rx_1) by extension 'python'
[0.286s] Level 1:colcon.colcon_core.package_identification:_identify(src/arduino/range_rx_1) by extensions ['python_setup_py']
[0.287s] Level 1:colcon.colcon_core.package_identification:_identify(src/arduino/range_rx_1) by extension 'python_setup_py'
[0.287s] Level 1:colcon.colcon_core.package_identification:_identify(src/arduino/range_rx_2) by extensions ['ignore', 'ignore_ament_install']
[0.287s] Level 1:colcon.colcon_core.package_identification:_identify(src/arduino/range_rx_2) by extension 'ignore'
[0.287s] Level 1:colcon.colcon_core.package_identification:_identify(src/arduino/range_rx_2) by extension 'ignore_ament_install'
[0.287s] Level 1:colcon.colcon_core.package_identification:_identify(src/arduino/range_rx_2) by extensions ['colcon_pkg']
[0.287s] Level 1:colcon.colcon_core.package_identification:_identify(src/arduino/range_rx_2) by extension 'colcon_pkg'
[0.287s] Level 1:colcon.colcon_core.package_identification:_identify(src/arduino/range_rx_2) by extensions ['colcon_meta']
[0.287s] Level 1:colcon.colcon_core.package_identification:_identify(src/arduino/range_rx_2) by extension 'colcon_meta'
[0.287s] Level 1:colcon.colcon_core.package_identification:_identify(src/arduino/range_rx_2) by extensions ['ros']
[0.287s] Level 1:colcon.colcon_core.package_identification:_identify(src/arduino/range_rx_2) by extension 'ros'
[0.287s] Level 1:colcon.colcon_core.package_identification:_identify(src/arduino/range_rx_2) by extensions ['cmake', 'python']
[0.287s] Level 1:colcon.colcon_core.package_identification:_identify(src/arduino/range_rx_2) by extension 'cmake'
[0.287s] Level 1:colcon.colcon_core.package_identification:_identify(src/arduino/range_rx_2) by extension 'python'
[0.287s] Level 1:colcon.colcon_core.package_identification:_identify(src/arduino/range_rx_2) by extensions ['python_setup_py']
[0.287s] Level 1:colcon.colcon_core.package_identification:_identify(src/arduino/range_rx_2) by extension 'python_setup_py'
[0.287s] Level 1:colcon.colcon_core.package_identification:_identify(src/arduino/range_rx_3) by extensions ['ignore', 'ignore_ament_install']
[0.287s] Level 1:colcon.colcon_core.package_identification:_identify(src/arduino/range_rx_3) by extension 'ignore'
[0.287s] Level 1:colcon.colcon_core.package_identification:_identify(src/arduino/range_rx_3) by extension 'ignore_ament_install'
[0.287s] Level 1:colcon.colcon_core.package_identification:_identify(src/arduino/range_rx_3) by extensions ['colcon_pkg']
[0.287s] Level 1:colcon.colcon_core.package_identification:_identify(src/arduino/range_rx_3) by extension 'colcon_pkg'
[0.287s] Level 1:colcon.colcon_core.package_identification:_identify(src/arduino/range_rx_3) by extensions ['colcon_meta']
[0.287s] Level 1:colcon.colcon_core.package_identification:_identify(src/arduino/range_rx_3) by extension 'colcon_meta'
[0.287s] Level 1:colcon.colcon_core.package_identification:_identify(src/arduino/range_rx_3) by extensions ['ros']
[0.288s] Level 1:colcon.colcon_core.package_identification:_identify(src/arduino/range_rx_3) by extension 'ros'
[0.288s] Level 1:colcon.colcon_core.package_identification:_identify(src/arduino/range_rx_3) by extensions ['cmake', 'python']
[0.288s] Level 1:colcon.colcon_core.package_identification:_identify(src/arduino/range_rx_3) by extension 'cmake'
[0.288s] Level 1:colcon.colcon_core.package_identification:_identify(src/arduino/range_rx_3) by extension 'python'
[0.288s] Level 1:colcon.colcon_core.package_identification:_identify(src/arduino/range_rx_3) by extensions ['python_setup_py']
[0.288s] Level 1:colcon.colcon_core.package_identification:_identify(src/arduino/range_rx_3) by extension 'python_setup_py'
[0.288s] Level 1:colcon.colcon_core.package_identification:_identify(src/arduino/range_rx_4) by extensions ['ignore', 'ignore_ament_install']
[0.288s] Level 1:colcon.colcon_core.package_identification:_identify(src/arduino/range_rx_4) by extension 'ignore'
[0.288s] Level 1:colcon.colcon_core.package_identification:_identify(src/arduino/range_rx_4) by extension 'ignore_ament_install'
[0.288s] Level 1:colcon.colcon_core.package_identification:_identify(src/arduino/range_rx_4) by extensions ['colcon_pkg']
[0.288s] Level 1:colcon.colcon_core.package_identification:_identify(src/arduino/range_rx_4) by extension 'colcon_pkg'
[0.288s] Level 1:colcon.colcon_core.package_identification:_identify(src/arduino/range_rx_4) by extensions ['colcon_meta']
[0.288s] Level 1:colcon.colcon_core.package_identification:_identify(src/arduino/range_rx_4) by extension 'colcon_meta'
[0.288s] Level 1:colcon.colcon_core.package_identification:_identify(src/arduino/range_rx_4) by extensions ['ros']
[0.288s] Level 1:colcon.colcon_core.package_identification:_identify(src/arduino/range_rx_4) by extension 'ros'
[0.288s] Level 1:colcon.colcon_core.package_identification:_identify(src/arduino/range_rx_4) by extensions ['cmake', 'python']
[0.288s] Level 1:colcon.colcon_core.package_identification:_identify(src/arduino/range_rx_4) by extension 'cmake'
[0.288s] Level 1:colcon.colcon_core.package_identification:_identify(src/arduino/range_rx_4) by extension 'python'
[0.288s] Level 1:colcon.colcon_core.package_identification:_identify(src/arduino/range_rx_4) by extensions ['python_setup_py']
[0.288s] Level 1:colcon.colcon_core.package_identification:_identify(src/arduino/range_rx_4) by extension 'python_setup_py'
[0.288s] Level 1:colcon.colcon_core.package_identification:_identify(src/arduino/range_rx_5) by extensions ['ignore', 'ignore_ament_install']
[0.288s] Level 1:colcon.colcon_core.package_identification:_identify(src/arduino/range_rx_5) by extension 'ignore'
[0.288s] Level 1:colcon.colcon_core.package_identification:_identify(src/arduino/range_rx_5) by extension 'ignore_ament_install'
[0.289s] Level 1:colcon.colcon_core.package_identification:_identify(src/arduino/range_rx_5) by extensions ['colcon_pkg']
[0.289s] Level 1:colcon.colcon_core.package_identification:_identify(src/arduino/range_rx_5) by extension 'colcon_pkg'
[0.289s] Level 1:colcon.colcon_core.package_identification:_identify(src/arduino/range_rx_5) by extensions ['colcon_meta']
[0.289s] Level 1:colcon.colcon_core.package_identification:_identify(src/arduino/range_rx_5) by extension 'colcon_meta'
[0.289s] Level 1:colcon.colcon_core.package_identification:_identify(src/arduino/range_rx_5) by extensions ['ros']
[0.289s] Level 1:colcon.colcon_core.package_identification:_identify(src/arduino/range_rx_5) by extension 'ros'
[0.289s] Level 1:colcon.colcon_core.package_identification:_identify(src/arduino/range_rx_5) by extensions ['cmake', 'python']
[0.289s] Level 1:colcon.colcon_core.package_identification:_identify(src/arduino/range_rx_5) by extension 'cmake'
[0.289s] Level 1:colcon.colcon_core.package_identification:_identify(src/arduino/range_rx_5) by extension 'python'
[0.289s] Level 1:colcon.colcon_core.package_identification:_identify(src/arduino/range_rx_5) by extensions ['python_setup_py']
[0.289s] Level 1:colcon.colcon_core.package_identification:_identify(src/arduino/range_rx_5) by extension 'python_setup_py'
[0.289s] Level 1:colcon.colcon_core.package_identification:_identify(src/arduino/range_rx_6) by extensions ['ignore', 'ignore_ament_install']
[0.289s] Level 1:colcon.colcon_core.package_identification:_identify(src/arduino/range_rx_6) by extension 'ignore'
[0.289s] Level 1:colcon.colcon_core.package_identification:_identify(src/arduino/range_rx_6) by extension 'ignore_ament_install'
[0.289s] Level 1:colcon.colcon_core.package_identification:_identify(src/arduino/range_rx_6) by extensions ['colcon_pkg']
[0.289s] Level 1:colcon.colcon_core.package_identification:_identify(src/arduino/range_rx_6) by extension 'colcon_pkg'
[0.289s] Level 1:colcon.colcon_core.package_identification:_identify(src/arduino/range_rx_6) by extensions ['colcon_meta']
[0.289s] Level 1:colcon.colcon_core.package_identification:_identify(src/arduino/range_rx_6) by extension 'colcon_meta'
[0.289s] Level 1:colcon.colcon_core.package_identification:_identify(src/arduino/range_rx_6) by extensions ['ros']
[0.289s] Level 1:colcon.colcon_core.package_identification:_identify(src/arduino/range_rx_6) by extension 'ros'
[0.289s] Level 1:colcon.colcon_core.package_identification:_identify(src/arduino/range_rx_6) by extensions ['cmake', 'python']
[0.289s] Level 1:colcon.colcon_core.package_identification:_identify(src/arduino/range_rx_6) by extension 'cmake'
[0.289s] Level 1:colcon.colcon_core.package_identification:_identify(src/arduino/range_rx_6) by extension 'python'
[0.289s] Level 1:colcon.colcon_core.package_identification:_identify(src/arduino/range_rx_6) by extensions ['python_setup_py']
[0.289s] Level 1:colcon.colcon_core.package_identification:_identify(src/arduino/range_rx_6) by extension 'python_setup_py'
[0.289s] Level 1:colcon.colcon_core.package_identification:_identify(src/arduino/range_tx) by extensions ['ignore', 'ignore_ament_install']
[0.290s] Level 1:colcon.colcon_core.package_identification:_identify(src/arduino/range_tx) by extension 'ignore'
[0.290s] Level 1:colcon.colcon_core.package_identification:_identify(src/arduino/range_tx) by extension 'ignore_ament_install'
[0.290s] Level 1:colcon.colcon_core.package_identification:_identify(src/arduino/range_tx) by extensions ['colcon_pkg']
[0.290s] Level 1:colcon.colcon_core.package_identification:_identify(src/arduino/range_tx) by extension 'colcon_pkg'
[0.290s] Level 1:colcon.colcon_core.package_identification:_identify(src/arduino/range_tx) by extensions ['colcon_meta']
[0.290s] Level 1:colcon.colcon_core.package_identification:_identify(src/arduino/range_tx) by extension 'colcon_meta'
[0.290s] Level 1:colcon.colcon_core.package_identification:_identify(src/arduino/range_tx) by extensions ['ros']
[0.290s] Level 1:colcon.colcon_core.package_identification:_identify(src/arduino/range_tx) by extension 'ros'
[0.290s] Level 1:colcon.colcon_core.package_identification:_identify(src/arduino/range_tx) by extensions ['cmake', 'python']
[0.290s] Level 1:colcon.colcon_core.package_identification:_identify(src/arduino/range_tx) by extension 'cmake'
[0.290s] Level 1:colcon.colcon_core.package_identification:_identify(src/arduino/range_tx) by extension 'python'
[0.290s] Level 1:colcon.colcon_core.package_identification:_identify(src/arduino/range_tx) by extensions ['python_setup_py']
[0.290s] Level 1:colcon.colcon_core.package_identification:_identify(src/arduino/range_tx) by extension 'python_setup_py'
[0.290s] Level 1:colcon.colcon_core.package_identification:_identify(src/camera) by extensions ['ignore', 'ignore_ament_install']
[0.290s] Level 1:colcon.colcon_core.package_identification:_identify(src/camera) by extension 'ignore'
[0.290s] Level 1:colcon.colcon_core.package_identification:_identify(src/camera) by extension 'ignore_ament_install'
[0.290s] Level 1:colcon.colcon_core.package_identification:_identify(src/camera) by extensions ['colcon_pkg']
[0.290s] Level 1:colcon.colcon_core.package_identification:_identify(src/camera) by extension 'colcon_pkg'
[0.290s] Level 1:colcon.colcon_core.package_identification:_identify(src/camera) by extensions ['colcon_meta']
[0.290s] Level 1:colcon.colcon_core.package_identification:_identify(src/camera) by extension 'colcon_meta'
[0.290s] Level 1:colcon.colcon_core.package_identification:_identify(src/camera) by extensions ['ros']
[0.290s] Level 1:colcon.colcon_core.package_identification:_identify(src/camera) by extension 'ros'
[0.293s] DEBUG:colcon.colcon_core.package_identification:Package 'src/camera' with type 'ros.ament_python' and name 'camera'
[0.293s] Level 1:colcon.colcon_core.package_identification:_identify(src/obstacle_detect_last) by extensions ['ignore', 'ignore_ament_install']
[0.293s] Level 1:colcon.colcon_core.package_identification:_identify(src/obstacle_detect_last) by extension 'ignore'
[0.293s] Level 1:colcon.colcon_core.package_identification:_identify(src/obstacle_detect_last) by extension 'ignore_ament_install'
[0.293s] Level 1:colcon.colcon_core.package_identification:_identify(src/obstacle_detect_last) by extensions ['colcon_pkg']
[0.293s] Level 1:colcon.colcon_core.package_identification:_identify(src/obstacle_detect_last) by extension 'colcon_pkg'
[0.293s] Level 1:colcon.colcon_core.package_identification:_identify(src/obstacle_detect_last) by extensions ['colcon_meta']
[0.293s] Level 1:colcon.colcon_core.package_identification:_identify(src/obstacle_detect_last) by extension 'colcon_meta'
[0.293s] Level 1:colcon.colcon_core.package_identification:_identify(src/obstacle_detect_last) by extensions ['ros']
[0.293s] Level 1:colcon.colcon_core.package_identification:_identify(src/obstacle_detect_last) by extension 'ros'
[0.294s] DEBUG:colcon.colcon_core.package_identification:Package 'src/obstacle_detect_last' with type 'ros.ament_python' and name 'obstacle_detect_last'
[0.294s] Level 1:colcon.colcon_core.package_identification:_identify(src/record) by extensions ['ignore', 'ignore_ament_install']
[0.295s] Level 1:colcon.colcon_core.package_identification:_identify(src/record) by extension 'ignore'
[0.295s] Level 1:colcon.colcon_core.package_identification:_identify(src/record) by extension 'ignore_ament_install'
[0.295s] Level 1:colcon.colcon_core.package_identification:_identify(src/record) by extensions ['colcon_pkg']
[0.295s] Level 1:colcon.colcon_core.package_identification:_identify(src/record) by extension 'colcon_pkg'
[0.295s] Level 1:colcon.colcon_core.package_identification:_identify(src/record) by extensions ['colcon_meta']
[0.295s] Level 1:colcon.colcon_core.package_identification:_identify(src/record) by extension 'colcon_meta'
[0.295s] Level 1:colcon.colcon_core.package_identification:_identify(src/record) by extensions ['ros']
[0.295s] Level 1:colcon.colcon_core.package_identification:_identify(src/record) by extension 'ros'
[0.296s] DEBUG:colcon.colcon_core.package_identification:Package 'src/record' with type 'ros.ament_python' and name 'record'
[0.296s] Level 1:colcon.colcon_core.package_identification:_identify(src/track) by extensions ['ignore', 'ignore_ament_install']
[0.296s] Level 1:colcon.colcon_core.package_identification:_identify(src/track) by extension 'ignore'
[0.296s] Level 1:colcon.colcon_core.package_identification:_identify(src/track) by extension 'ignore_ament_install'
[0.296s] Level 1:colcon.colcon_core.package_identification:_identify(src/track) by extensions ['colcon_pkg']
[0.296s] Level 1:colcon.colcon_core.package_identification:_identify(src/track) by extension 'colcon_pkg'
[0.296s] Level 1:colcon.colcon_core.package_identification:_identify(src/track) by extensions ['colcon_meta']
[0.296s] Level 1:colcon.colcon_core.package_identification:_identify(src/track) by extension 'colcon_meta'
[0.296s] Level 1:colcon.colcon_core.package_identification:_identify(src/track) by extensions ['ros']
[0.296s] Level 1:colcon.colcon_core.package_identification:_identify(src/track) by extension 'ros'
[0.297s] DEBUG:colcon.colcon_core.package_identification:Package 'src/track' with type 'ros.ament_python' and name 'track'
[0.297s] Level 1:colcon.colcon_core.package_identification:_identify(src/us_pkg8) by extensions ['ignore', 'ignore_ament_install']
[0.297s] Level 1:colcon.colcon_core.package_identification:_identify(src/us_pkg8) by extension 'ignore'
[0.297s] Level 1:colcon.colcon_core.package_identification:_identify(src/us_pkg8) by extension 'ignore_ament_install'
[0.297s] Level 1:colcon.colcon_core.package_identification:_identify(src/us_pkg8) by extensions ['colcon_pkg']
[0.297s] Level 1:colcon.colcon_core.package_identification:_identify(src/us_pkg8) by extension 'colcon_pkg'
[0.297s] Level 1:colcon.colcon_core.package_identification:_identify(src/us_pkg8) by extensions ['colcon_meta']
[0.297s] Level 1:colcon.colcon_core.package_identification:_identify(src/us_pkg8) by extension 'colcon_meta'
[0.297s] Level 1:colcon.colcon_core.package_identification:_identify(src/us_pkg8) by extensions ['ros']
[0.297s] Level 1:colcon.colcon_core.package_identification:_identify(src/us_pkg8) by extension 'ros'
[0.298s] DEBUG:colcon.colcon_core.package_identification:Package 'src/us_pkg8' with type 'ros.ament_python' and name 'us_pkg8'
[0.298s] Level 1:colcon.colcon_core.package_identification:_identify(src/uwb) by extensions ['ignore', 'ignore_ament_install']
[0.298s] Level 1:colcon.colcon_core.package_identification:_identify(src/uwb) by extension 'ignore'
[0.298s] Level 1:colcon.colcon_core.package_identification:_identify(src/uwb) by extension 'ignore_ament_install'
[0.298s] Level 1:colcon.colcon_core.package_identification:_identify(src/uwb) by extensions ['colcon_pkg']
[0.298s] Level 1:colcon.colcon_core.package_identification:_identify(src/uwb) by extension 'colcon_pkg'
[0.299s] Level 1:colcon.colcon_core.package_identification:_identify(src/uwb) by extensions ['colcon_meta']
[0.299s] Level 1:colcon.colcon_core.package_identification:_identify(src/uwb) by extension 'colcon_meta'
[0.299s] Level 1:colcon.colcon_core.package_identification:_identify(src/uwb) by extensions ['ros']
[0.299s] Level 1:colcon.colcon_core.package_identification:_identify(src/uwb) by extension 'ros'
[0.299s] DEBUG:colcon.colcon_core.package_identification:Package 'src/uwb' with type 'ros.ament_python' and name 'uwb'
[0.299s] Level 1:colcon.colcon_core.package_identification:_identify(src/uwb_nls) by extensions ['ignore', 'ignore_ament_install']
[0.299s] Level 1:colcon.colcon_core.package_identification:_identify(src/uwb_nls) by extension 'ignore'
[0.300s] Level 1:colcon.colcon_core.package_identification:_identify(src/uwb_nls) by extension 'ignore_ament_install'
[0.300s] Level 1:colcon.colcon_core.package_identification:_identify(src/uwb_nls) by extensions ['colcon_pkg']
[0.300s] Level 1:colcon.colcon_core.package_identification:_identify(src/uwb_nls) by extension 'colcon_pkg'
[0.300s] Level 1:colcon.colcon_core.package_identification:_identify(src/uwb_nls) by extensions ['colcon_meta']
[0.300s] Level 1:colcon.colcon_core.package_identification:_identify(src/uwb_nls) by extension 'colcon_meta'
[0.300s] Level 1:colcon.colcon_core.package_identification:_identify(src/uwb_nls) by extensions ['ros']
[0.300s] Level 1:colcon.colcon_core.package_identification:_identify(src/uwb_nls) by extension 'ros'
[0.301s] DEBUG:colcon.colcon_core.package_identification:Package 'src/uwb_nls' with type 'ros.ament_python' and name 'uwb_nls'
[0.301s] Level 1:colcon.colcon_core.package_identification:_identify(src/visualization) by extensions ['ignore', 'ignore_ament_install']
[0.301s] Level 1:colcon.colcon_core.package_identification:_identify(src/visualization) by extension 'ignore'
[0.301s] Level 1:colcon.colcon_core.package_identification:_identify(src/visualization) by extension 'ignore_ament_install'
[0.301s] Level 1:colcon.colcon_core.package_identification:_identify(src/visualization) by extensions ['colcon_pkg']
[0.301s] Level 1:colcon.colcon_core.package_identification:_identify(src/visualization) by extension 'colcon_pkg'
[0.301s] Level 1:colcon.colcon_core.package_identification:_identify(src/visualization) by extensions ['colcon_meta']
[0.301s] Level 1:colcon.colcon_core.package_identification:_identify(src/visualization) by extension 'colcon_meta'
[0.301s] Level 1:colcon.colcon_core.package_identification:_identify(src/visualization) by extensions ['ros']
[0.301s] Level 1:colcon.colcon_core.package_identification:_identify(src/visualization) by extension 'ros'
[0.302s] DEBUG:colcon.colcon_core.package_identification:Package 'src/visualization' with type 'ros.ament_python' and name 'visualization'
[0.302s] Level 1:colcon.colcon_core.package_discovery:discover_packages(recursive) using defaults
[0.302s] Level 1:colcon.colcon_core.package_discovery:discover_packages(ignore) discover
[0.302s] Level 1:colcon.colcon_core.package_discovery:discover_packages(ignore) using defaults
[0.302s] Level 1:colcon.colcon_core.package_discovery:discover_packages(path) discover
[0.302s] Level 1:colcon.colcon_core.package_discovery:discover_packages(path) using defaults
[0.327s] Level 1:colcon.colcon_core.package_discovery:discover_packages(prefix_path) check parameters
[0.327s] Level 1:colcon.colcon_core.package_discovery:discover_packages(prefix_path) discover
[0.330s] DEBUG:colcon.colcon_installed_package_information.package_discovery:Found 8 installed packages in /workspace/install
[0.332s] DEBUG:colcon.colcon_installed_package_information.package_discovery:Found 267 installed packages in /opt/ros/humble
[0.333s] Level 1:colcon.colcon_core.package_discovery:discover_packages(prefix_path) using defaults
[0.377s] Level 5:colcon.colcon_core.verb:set package 'camera' build argument 'cmake_args' from command line to 'None'
[0.377s] Level 5:colcon.colcon_core.verb:set package 'camera' build argument 'cmake_target' from command line to 'None'
[0.377s] Level 5:colcon.colcon_core.verb:set package 'camera' build argument 'cmake_target_skip_unavailable' from command line to 'False'
[0.377s] Level 5:colcon.colcon_core.verb:set package 'camera' build argument 'cmake_clean_cache' from command line to 'False'
[0.377s] Level 5:colcon.colcon_core.verb:set package 'camera' build argument 'cmake_clean_first' from command line to 'False'
[0.377s] Level 5:colcon.colcon_core.verb:set package 'camera' build argument 'cmake_force_configure' from command line to 'False'
[0.377s] Level 5:colcon.colcon_core.verb:set package 'camera' build argument 'ament_cmake_args' from command line to 'None'
[0.377s] Level 5:colcon.colcon_core.verb:set package 'camera' build argument 'catkin_cmake_args' from command line to 'None'
[0.377s] Level 5:colcon.colcon_core.verb:set package 'camera' build argument 'catkin_skip_building_tests' from command line to 'False'
[0.377s] DEBUG:colcon.colcon_core.verb:Building package 'camera' with the following arguments: {'ament_cmake_args': None, 'build_base': '/workspace/build/camera', 'catkin_cmake_args': None, 'catkin_skip_building_tests': False, 'cmake_args': None, 'cmake_clean_cache': False, 'cmake_clean_first': False, 'cmake_force_configure': False, 'cmake_target': None, 'cmake_target_skip_unavailable': False, 'install_base': '/workspace/install/camera', 'merge_install': False, 'path': '/workspace/src/camera', 'symlink_install': False, 'test_result_base': None}
[0.378s] Level 5:colcon.colcon_core.verb:set package 'obstacle_detect_last' build argument 'cmake_args' from command line to 'None'
[0.378s] Level 5:colcon.colcon_core.verb:set package 'obstacle_detect_last' build argument 'cmake_target' from command line to 'None'
[0.378s] Level 5:colcon.colcon_core.verb:set package 'obstacle_detect_last' build argument 'cmake_target_skip_unavailable' from command line to 'False'
[0.378s] Level 5:colcon.colcon_core.verb:set package 'obstacle_detect_last' build argument 'cmake_clean_cache' from command line to 'False'
[0.378s] Level 5:colcon.colcon_core.verb:set package 'obstacle_detect_last' build argument 'cmake_clean_first' from command line to 'False'
[0.378s] Level 5:colcon.colcon_core.verb:set package 'obstacle_detect_last' build argument 'cmake_force_configure' from command line to 'False'
[0.378s] Level 5:colcon.colcon_core.verb:set package 'obstacle_detect_last' build argument 'ament_cmake_args' from command line to 'None'
[0.378s] Level 5:colcon.colcon_core.verb:set package 'obstacle_detect_last' build argument 'catkin_cmake_args' from command line to 'None'
[0.378s] Level 5:colcon.colcon_core.verb:set package 'obstacle_detect_last' build argument 'catkin_skip_building_tests' from command line to 'False'
[0.378s] DEBUG:colcon.colcon_core.verb:Building package 'obstacle_detect_last' with the following arguments: {'ament_cmake_args': None, 'build_base': '/workspace/build/obstacle_detect_last', 'catkin_cmake_args': None, 'catkin_skip_building_tests': False, 'cmake_args': None, 'cmake_clean_cache': False, 'cmake_clean_first': False, 'cmake_force_configure': False, 'cmake_target': None, 'cmake_target_skip_unavailable': False, 'install_base': '/workspace/install/obstacle_detect_last', 'merge_install': False, 'path': '/workspace/src/obstacle_detect_last', 'symlink_install': False, 'test_result_base': None}
[0.378s] Level 5:colcon.colcon_core.verb:set package 'record' build argument 'cmake_args' from command line to 'None'
[0.378s] Level 5:colcon.colcon_core.verb:set package 'record' build argument 'cmake_target' from command line to 'None'
[0.379s] Level 5:colcon.colcon_core.verb:set package 'record' build argument 'cmake_target_skip_unavailable' from command line to 'False'
[0.379s] Level 5:colcon.colcon_core.verb:set package 'record' build argument 'cmake_clean_cache' from command line to 'False'
[0.379s] Level 5:colcon.colcon_core.verb:set package 'record' build argument 'cmake_clean_first' from command line to 'False'
[0.379s] Level 5:colcon.colcon_core.verb:set package 'record' build argument 'cmake_force_configure' from command line to 'False'
[0.379s] Level 5:colcon.colcon_core.verb:set package 'record' build argument 'ament_cmake_args' from command line to 'None'
[0.379s] Level 5:colcon.colcon_core.verb:set package 'record' build argument 'catkin_cmake_args' from command line to 'None'
[0.379s] Level 5:colcon.colcon_core.verb:set package 'record' build argument 'catkin_skip_building_tests' from command line to 'False'
[0.379s] DEBUG:colcon.colcon_core.verb:Building package 'record' with the following arguments: {'ament_cmake_args': None, 'build_base': '/workspace/build/record', 'catkin_cmake_args': None, 'catkin_skip_building_tests': False, 'cmake_args': None, 'cmake_clean_cache': False, 'cmake_clean_first': False, 'cmake_force_configure': False, 'cmake_target': None, 'cmake_target_skip_unavailable': False, 'install_base': '/workspace/install/record', 'merge_install': False, 'path': '/workspace/src/record', 'symlink_install': False, 'test_result_base': None}
[0.379s] Level 5:colcon.colcon_core.verb:set package 'track' build argument 'cmake_args' from command line to 'None'
[0.379s] Level 5:colcon.colcon_core.verb:set package 'track' build argument 'cmake_target' from command line to 'None'
[0.379s] Level 5:colcon.colcon_core.verb:set package 'track' build argument 'cmake_target_skip_unavailable' from command line to 'False'
[0.379s] Level 5:colcon.colcon_core.verb:set package 'track' build argument 'cmake_clean_cache' from command line to 'False'
[0.379s] Level 5:colcon.colcon_core.verb:set package 'track' build argument 'cmake_clean_first' from command line to 'False'
[0.379s] Level 5:colcon.colcon_core.verb:set package 'track' build argument 'cmake_force_configure' from command line to 'False'
[0.379s] Level 5:colcon.colcon_core.verb:set package 'track' build argument 'ament_cmake_args' from command line to 'None'
[0.380s] Level 5:colcon.colcon_core.verb:set package 'track' build argument 'catkin_cmake_args' from command line to 'None'
[0.380s] Level 5:colcon.colcon_core.verb:set package 'track' build argument 'catkin_skip_building_tests' from command line to 'False'
[0.380s] DEBUG:colcon.colcon_core.verb:Building package 'track' with the following arguments: {'ament_cmake_args': None, 'build_base': '/workspace/build/track', 'catkin_cmake_args': None, 'catkin_skip_building_tests': False, 'cmake_args': None, 'cmake_clean_cache': False, 'cmake_clean_first': False, 'cmake_force_configure': False, 'cmake_target': None, 'cmake_target_skip_unavailable': False, 'install_base': '/workspace/install/track', 'merge_install': False, 'path': '/workspace/src/track', 'symlink_install': False, 'test_result_base': None}
[0.380s] Level 5:colcon.colcon_core.verb:set package 'us_pkg8' build argument 'cmake_args' from command line to 'None'
[0.380s] Level 5:colcon.colcon_core.verb:set package 'us_pkg8' build argument 'cmake_target' from command line to 'None'
[0.380s] Level 5:colcon.colcon_core.verb:set package 'us_pkg8' build argument 'cmake_target_skip_unavailable' from command line to 'False'
[0.380s] Level 5:colcon.colcon_core.verb:set package 'us_pkg8' build argument 'cmake_clean_cache' from command line to 'False'
[0.380s] Level 5:colcon.colcon_core.verb:set package 'us_pkg8' build argument 'cmake_clean_first' from command line to 'False'
[0.380s] Level 5:colcon.colcon_core.verb:set package 'us_pkg8' build argument 'cmake_force_configure' from command line to 'False'
[0.380s] Level 5:colcon.colcon_core.verb:set package 'us_pkg8' build argument 'ament_cmake_args' from command line to 'None'
[0.380s] Level 5:colcon.colcon_core.verb:set package 'us_pkg8' build argument 'catkin_cmake_args' from command line to 'None'
[0.380s] Level 5:colcon.colcon_core.verb:set package 'us_pkg8' build argument 'catkin_skip_building_tests' from command line to 'False'
[0.380s] DEBUG:colcon.colcon_core.verb:Building package 'us_pkg8' with the following arguments: {'ament_cmake_args': None, 'build_base': '/workspace/build/us_pkg8', 'catkin_cmake_args': None, 'catkin_skip_building_tests': False, 'cmake_args': None, 'cmake_clean_cache': False, 'cmake_clean_first': False, 'cmake_force_configure': False, 'cmake_target': None, 'cmake_target_skip_unavailable': False, 'install_base': '/workspace/install/us_pkg8', 'merge_install': False, 'path': '/workspace/src/us_pkg8', 'symlink_install': False, 'test_result_base': None}
[0.381s] Level 5:colcon.colcon_core.verb:set package 'uwb' build argument 'cmake_args' from command line to 'None'
[0.381s] Level 5:colcon.colcon_core.verb:set package 'uwb' build argument 'cmake_target' from command line to 'None'
[0.381s] Level 5:colcon.colcon_core.verb:set package 'uwb' build argument 'cmake_target_skip_unavailable' from command line to 'False'
[0.381s] Level 5:colcon.colcon_core.verb:set package 'uwb' build argument 'cmake_clean_cache' from command line to 'False'
[0.381s] Level 5:colcon.colcon_core.verb:set package 'uwb' build argument 'cmake_clean_first' from command line to 'False'
[0.381s] Level 5:colcon.colcon_core.verb:set package 'uwb' build argument 'cmake_force_configure' from command line to 'False'
[0.381s] Level 5:colcon.colcon_core.verb:set package 'uwb' build argument 'ament_cmake_args' from command line to 'None'
[0.381s] Level 5:colcon.colcon_core.verb:set package 'uwb' build argument 'catkin_cmake_args' from command line to 'None'
[0.381s] Level 5:colcon.colcon_core.verb:set package 'uwb' build argument 'catkin_skip_building_tests' from command line to 'False'
[0.381s] DEBUG:colcon.colcon_core.verb:Building package 'uwb' with the following arguments: {'ament_cmake_args': None, 'build_base': '/workspace/build/uwb', 'catkin_cmake_args': None, 'catkin_skip_building_tests': False, 'cmake_args': None, 'cmake_clean_cache': False, 'cmake_clean_first': False, 'cmake_force_configure': False, 'cmake_target': None, 'cmake_target_skip_unavailable': False, 'install_base': '/workspace/install/uwb', 'merge_install': False, 'path': '/workspace/src/uwb', 'symlink_install': False, 'test_result_base': None}
[0.382s] Level 5:colcon.colcon_core.verb:set package 'uwb_nls' build argument 'cmake_args' from command line to 'None'
[0.382s] Level 5:colcon.colcon_core.verb:set package 'uwb_nls' build argument 'cmake_target' from command line to 'None'
[0.382s] Level 5:colcon.colcon_core.verb:set package 'uwb_nls' build argument 'cmake_target_skip_unavailable' from command line to 'False'
[0.382s] Level 5:colcon.colcon_core.verb:set package 'uwb_nls' build argument 'cmake_clean_cache' from command line to 'False'
[0.382s] Level 5:colcon.colcon_core.verb:set package 'uwb_nls' build argument 'cmake_clean_first' from command line to 'False'
[0.382s] Level 5:colcon.colcon_core.verb:set package 'uwb_nls' build argument 'cmake_force_configure' from command line to 'False'
[0.382s] Level 5:colcon.colcon_core.verb:set package 'uwb_nls' build argument 'ament_cmake_args' from command line to 'None'
[0.382s] Level 5:colcon.colcon_core.verb:set package 'uwb_nls' build argument 'catkin_cmake_args' from command line to 'None'
[0.382s] Level 5:colcon.colcon_core.verb:set package 'uwb_nls' build argument 'catkin_skip_building_tests' from command line to 'False'
[0.382s] DEBUG:colcon.colcon_core.verb:Building package 'uwb_nls' with the following arguments: {'ament_cmake_args': None, 'build_base': '/workspace/build/uwb_nls', 'catkin_cmake_args': None, 'catkin_skip_building_tests': False, 'cmake_args': None, 'cmake_clean_cache': False, 'cmake_clean_first': False, 'cmake_force_configure': False, 'cmake_target': None, 'cmake_target_skip_unavailable': False, 'install_base': '/workspace/install/uwb_nls', 'merge_install': False, 'path': '/workspace/src/uwb_nls', 'symlink_install': False, 'test_result_base': None}
[0.382s] Level 5:colcon.colcon_core.verb:set package 'visualization' build argument 'cmake_args' from command line to 'None'
[0.382s] Level 5:colcon.colcon_core.verb:set package 'visualization' build argument 'cmake_target' from command line to 'None'
[0.382s] Level 5:colcon.colcon_core.verb:set package 'visualization' build argument 'cmake_target_skip_unavailable' from command line to 'False'
[0.382s] Level 5:colcon.colcon_core.verb:set package 'visualization' build argument 'cmake_clean_cache' from command line to 'False'
[0.383s] Level 5:colcon.colcon_core.verb:set package 'visualization' build argument 'cmake_clean_first' from command line to 'False'
[0.383s] Level 5:colcon.colcon_core.verb:set package 'visualization' build argument 'cmake_force_configure' from command line to 'False'
[0.383s] Level 5:colcon.colcon_core.verb:set package 'visualization' build argument 'ament_cmake_args' from command line to 'None'
[0.383s] Level 5:colcon.colcon_core.verb:set package 'visualization' build argument 'catkin_cmake_args' from command line to 'None'
[0.383s] Level 5:colcon.colcon_core.verb:set package 'visualization' build argument 'catkin_skip_building_tests' from command line to 'False'
[0.383s] DEBUG:colcon.colcon_core.verb:Building package 'visualization' with the following arguments: {'ament_cmake_args': None, 'build_base': '/workspace/build/visualization', 'catkin_cmake_args': None, 'catkin_skip_building_tests': False, 'cmake_args': None, 'cmake_clean_cache': False, 'cmake_clean_first': False, 'cmake_force_configure': False, 'cmake_target': None, 'cmake_target_skip_unavailable': False, 'install_base': '/workspace/install/visualization', 'merge_install': False, 'path': '/workspace/src/visualization', 'symlink_install': False, 'test_result_base': None}
[0.383s] INFO:colcon.colcon_core.executor:Executing jobs using 'parallel' executor
[0.384s] DEBUG:colcon.colcon_parallel_executor.executor.parallel:run_until_complete
[0.384s] INFO:colcon.colcon_ros.task.ament_python.build:Building ROS package in '/workspace/src/camera' with build type 'ament_python'
[0.384s] Level 1:colcon.colcon_core.shell:create_environment_hook('camera', 'ament_prefix_path')
[0.387s] INFO:colcon.colcon_core.plugin_system:Skipping extension 'colcon_core.shell.bat': Not used on non-Windows systems
[0.387s] INFO:colcon.colcon_core.shell:Creating environment hook '/workspace/install/camera/share/camera/hook/ament_prefix_path.ps1'
[0.388s] INFO:colcon.colcon_core.shell:Creating environment descriptor '/workspace/install/camera/share/camera/hook/ament_prefix_path.dsv'
[0.388s] INFO:colcon.colcon_core.shell:Creating environment hook '/workspace/install/camera/share/camera/hook/ament_prefix_path.sh'
[0.389s] INFO:colcon.colcon_core.shell:Skip shell extension 'powershell' for command environment: Not usable outside of PowerShell
[0.389s] DEBUG:colcon.colcon_core.shell:Skip shell extension 'dsv' for command environment
[0.392s] INFO:colcon.colcon_ros.task.ament_python.build:Building ROS package in '/workspace/src/obstacle_detect_last' with build type 'ament_python'
[0.392s] Level 1:colcon.colcon_core.shell:create_environment_hook('obstacle_detect_last', 'ament_prefix_path')
[0.393s] INFO:colcon.colcon_core.shell:Creating environment hook '/workspace/install/obstacle_detect_last/share/obstacle_detect_last/hook/ament_prefix_path.ps1'
[0.393s] INFO:colcon.colcon_core.shell:Creating environment descriptor '/workspace/install/obstacle_detect_last/share/obstacle_detect_last/hook/ament_prefix_path.dsv'
[0.393s] INFO:colcon.colcon_core.shell:Creating environment hook '/workspace/install/obstacle_detect_last/share/obstacle_detect_last/hook/ament_prefix_path.sh'
[0.394s] INFO:colcon.colcon_core.shell:Skip shell extension 'powershell' for command environment: Not usable outside of PowerShell
[0.394s] DEBUG:colcon.colcon_core.shell:Skip shell extension 'dsv' for command environment
[0.397s] INFO:colcon.colcon_ros.task.ament_python.build:Building ROS package in '/workspace/src/record' with build type 'ament_python'
[0.397s] Level 1:colcon.colcon_core.shell:create_environment_hook('record', 'ament_prefix_path')
[0.397s] INFO:colcon.colcon_core.shell:Creating environment hook '/workspace/install/record/share/record/hook/ament_prefix_path.ps1'
[0.398s] INFO:colcon.colcon_core.shell:Creating environment descriptor '/workspace/install/record/share/record/hook/ament_prefix_path.dsv'
[0.398s] INFO:colcon.colcon_core.shell:Creating environment hook '/workspace/install/record/share/record/hook/ament_prefix_path.sh'
[0.399s] INFO:colcon.colcon_core.shell:Skip shell extension 'powershell' for command environment: Not usable outside of PowerShell
[0.399s] DEBUG:colcon.colcon_core.shell:Skip shell extension 'dsv' for command environment
[0.402s] INFO:colcon.colcon_ros.task.ament_python.build:Building ROS package in '/workspace/src/track' with build type 'ament_python'
[0.402s] Level 1:colcon.colcon_core.shell:create_environment_hook('track', 'ament_prefix_path')
[0.403s] INFO:colcon.colcon_core.shell:Creating environment hook '/workspace/install/track/share/track/hook/ament_prefix_path.ps1'
[0.403s] INFO:colcon.colcon_core.shell:Creating environment descriptor '/workspace/install/track/share/track/hook/ament_prefix_path.dsv'
[0.403s] INFO:colcon.colcon_core.shell:Creating environment hook '/workspace/install/track/share/track/hook/ament_prefix_path.sh'
[0.404s] INFO:colcon.colcon_core.shell:Skip shell extension 'powershell' for command environment: Not usable outside of PowerShell
[0.404s] DEBUG:colcon.colcon_core.shell:Skip shell extension 'dsv' for command environment
[0.407s] INFO:colcon.colcon_ros.task.ament_python.build:Building ROS package in '/workspace/src/us_pkg8' with build type 'ament_python'
[0.407s] Level 1:colcon.colcon_core.shell:create_environment_hook('us_pkg8', 'ament_prefix_path')
[0.407s] INFO:colcon.colcon_core.shell:Creating environment hook '/workspace/install/us_pkg8/share/us_pkg8/hook/ament_prefix_path.ps1'
[0.407s] INFO:colcon.colcon_core.shell:Creating environment descriptor '/workspace/install/us_pkg8/share/us_pkg8/hook/ament_prefix_path.dsv'
[0.408s] INFO:colcon.colcon_core.shell:Creating environment hook '/workspace/install/us_pkg8/share/us_pkg8/hook/ament_prefix_path.sh'
[0.408s] INFO:colcon.colcon_core.shell:Skip shell extension 'powershell' for command environment: Not usable outside of PowerShell
[0.408s] DEBUG:colcon.colcon_core.shell:Skip shell extension 'dsv' for command environment
[0.411s] INFO:colcon.colcon_ros.task.ament_python.build:Building ROS package in '/workspace/src/uwb' with build type 'ament_python'
[0.411s] Level 1:colcon.colcon_core.shell:create_environment_hook('uwb', 'ament_prefix_path')
[0.412s] INFO:colcon.colcon_core.shell:Creating environment hook '/workspace/install/uwb/share/uwb/hook/ament_prefix_path.ps1'
[0.412s] INFO:colcon.colcon_core.shell:Creating environment descriptor '/workspace/install/uwb/share/uwb/hook/ament_prefix_path.dsv'
[0.412s] INFO:colcon.colcon_core.shell:Creating environment hook '/workspace/install/uwb/share/uwb/hook/ament_prefix_path.sh'
[0.413s] INFO:colcon.colcon_core.shell:Skip shell extension 'powershell' for command environment: Not usable outside of PowerShell
[0.413s] DEBUG:colcon.colcon_core.shell:Skip shell extension 'dsv' for command environment
[0.417s] INFO:colcon.colcon_ros.task.ament_python.build:Building ROS package in '/workspace/src/uwb_nls' with build type 'ament_python'
[0.417s] Level 1:colcon.colcon_core.shell:create_environment_hook('uwb_nls', 'ament_prefix_path')
[0.417s] INFO:colcon.colcon_core.shell:Creating environment hook '/workspace/install/uwb_nls/share/uwb_nls/hook/ament_prefix_path.ps1'
[0.418s] INFO:colcon.colcon_core.shell:Creating environment descriptor '/workspace/install/uwb_nls/share/uwb_nls/hook/ament_prefix_path.dsv'
[0.418s] INFO:colcon.colcon_core.shell:Creating environment hook '/workspace/install/uwb_nls/share/uwb_nls/hook/ament_prefix_path.sh'
[0.419s] INFO:colcon.colcon_core.shell:Skip shell extension 'powershell' for command environment: Not usable outside of PowerShell
[0.419s] DEBUG:colcon.colcon_core.shell:Skip shell extension 'dsv' for command environment
[0.423s] INFO:colcon.colcon_ros.task.ament_python.build:Building ROS package in '/workspace/src/visualization' with build type 'ament_python'
[0.423s] Level 1:colcon.colcon_core.shell:create_environment_hook('visualization', 'ament_prefix_path')
[0.424s] INFO:colcon.colcon_core.shell:Creating environment hook '/workspace/install/visualization/share/visualization/hook/ament_prefix_path.ps1'
[0.424s] INFO:colcon.colcon_core.shell:Creating environment descriptor '/workspace/install/visualization/share/visualization/hook/ament_prefix_path.dsv'
[0.425s] INFO:colcon.colcon_core.shell:Creating environment hook '/workspace/install/visualization/share/visualization/hook/ament_prefix_path.sh'
[0.425s] INFO:colcon.colcon_core.shell:Skip shell extension 'powershell' for command environment: Not usable outside of PowerShell
[0.425s] DEBUG:colcon.colcon_core.shell:Skip shell extension 'dsv' for command environment
[0.664s] INFO:colcon.colcon_core.task.python.build:Building Python package in '/workspace/src/camera'
[0.664s] INFO:colcon.colcon_core.shell:Skip shell extension 'powershell' for command environment: Not usable outside of PowerShell
[0.664s] DEBUG:colcon.colcon_core.shell:Skip shell extension 'dsv' for command environment
[0.908s] INFO:colcon.colcon_core.task.python.build:Building Python package in '/workspace/src/obstacle_detect_last'
[0.908s] INFO:colcon.colcon_core.shell:Skip shell extension 'powershell' for command environment: Not usable outside of PowerShell
[0.909s] DEBUG:colcon.colcon_core.shell:Skip shell extension 'dsv' for command environment
[1.137s] INFO:colcon.colcon_core.task.python.build:Building Python package in '/workspace/src/record'
[1.137s] INFO:colcon.colcon_core.shell:Skip shell extension 'powershell' for command environment: Not usable outside of PowerShell
[1.137s] DEBUG:colcon.colcon_core.shell:Skip shell extension 'dsv' for command environment
[1.363s] INFO:colcon.colcon_core.task.python.build:Building Python package in '/workspace/src/track'
[1.363s] INFO:colcon.colcon_core.shell:Skip shell extension 'powershell' for command environment: Not usable outside of PowerShell
[1.363s] DEBUG:colcon.colcon_core.shell:Skip shell extension 'dsv' for command environment
[1.587s] INFO:colcon.colcon_core.task.python.build:Building Python package in '/workspace/src/us_pkg8'
[1.588s] INFO:colcon.colcon_core.shell:Skip shell extension 'powershell' for command environment: Not usable outside of PowerShell
[1.588s] DEBUG:colcon.colcon_core.shell:Skip shell extension 'dsv' for command environment
[1.822s] INFO:colcon.colcon_core.task.python.build:Building Python package in '/workspace/src/uwb'
[1.823s] INFO:colcon.colcon_core.shell:Skip shell extension 'powershell' for command environment: Not usable outside of PowerShell
[1.823s] DEBUG:colcon.colcon_core.shell:Skip shell extension 'dsv' for command environment
[2.056s] INFO:colcon.colcon_core.task.python.build:Building Python package in '/workspace/src/uwb_nls'
[2.056s] INFO:colcon.colcon_core.shell:Skip shell extension 'powershell' for command environment: Not usable outside of PowerShell
[2.056s] DEBUG:colcon.colcon_core.shell:Skip shell extension 'dsv' for command environment
[2.286s] INFO:colcon.colcon_core.task.python.build:Building Python package in '/workspace/src/visualization'
[2.286s] INFO:colcon.colcon_core.shell:Skip shell extension 'powershell' for command environment: Not usable outside of PowerShell
[2.286s] DEBUG:colcon.colcon_core.shell:Skip shell extension 'dsv' for command environment
[2.819s] DEBUG:colcon.colcon_core.event_handler.log_command:Invoking command in '/workspace/src/obstacle_detect_last': PYTHONPATH=/workspace/build/obstacle_detect_last/prefix_override:/usr/lib/python3/dist-packages/colcon_core/task/python/colcon_distutils_commands:/workspace/install/obstacle_detect_last/lib/python3.10/site-packages:${PYTHONPATH} /usr/bin/python3 -W ignore:setup.py install is deprecated -W ignore:easy_install command is deprecated setup.py egg_info --egg-base ../../build/obstacle_detect_last build --build-base /workspace/build/obstacle_detect_last/build install --record /workspace/build/obstacle_detect_last/install.log --single-version-externally-managed install_data
[2.825s] DEBUG:colcon.colcon_core.event_handler.log_command:Invoking command in '/workspace/src/us_pkg8': PYTHONPATH=/workspace/build/us_pkg8/prefix_override:/usr/lib/python3/dist-packages/colcon_core/task/python/colcon_distutils_commands:/workspace/install/us_pkg8/lib/python3.10/site-packages:${PYTHONPATH} /usr/bin/python3 -W ignore:setup.py install is deprecated -W ignore:easy_install command is deprecated setup.py egg_info --egg-base ../../build/us_pkg8 build --build-base /workspace/build/us_pkg8/build install --record /workspace/build/us_pkg8/install.log --single-version-externally-managed install_data
[2.830s] DEBUG:colcon.colcon_core.event_handler.log_command:Invoking command in '/workspace/src/record': PYTHONPATH=/workspace/build/record/prefix_override:/usr/lib/python3/dist-packages/colcon_core/task/python/colcon_distutils_commands:/workspace/install/record/lib/python3.10/site-packages:${PYTHONPATH} /usr/bin/python3 -W ignore:setup.py install is deprecated -W ignore:easy_install command is deprecated setup.py egg_info --egg-base ../../build/record build --build-base /workspace/build/record/build install --record /workspace/build/record/install.log --single-version-externally-managed install_data
[2.837s] DEBUG:colcon.colcon_core.event_handler.log_command:Invoking command in '/workspace/src/visualization': PYTHONPATH=/workspace/build/visualization/prefix_override:/usr/lib/python3/dist-packages/colcon_core/task/python/colcon_distutils_commands:/workspace/install/visualization/lib/python3.10/site-packages:${PYTHONPATH} /usr/bin/python3 -W ignore:setup.py install is deprecated -W ignore:easy_install command is deprecated setup.py egg_info --egg-base ../../build/visualization build --build-base /workspace/build/visualization/build install --record /workspace/build/visualization/install.log --single-version-externally-managed install_data
[2.841s] DEBUG:colcon.colcon_core.event_handler.log_command:Invoking command in '/workspace/src/camera': PYTHONPATH=/workspace/build/camera/prefix_override:/usr/lib/python3/dist-packages/colcon_core/task/python/colcon_distutils_commands:/workspace/install/camera/lib/python3.10/site-packages:${PYTHONPATH} /usr/bin/python3 -W ignore:setup.py install is deprecated -W ignore:easy_install command is deprecated setup.py egg_info --egg-base ../../build/camera build --build-base /workspace/build/camera/build install --record /workspace/build/camera/install.log --single-version-externally-managed install_data
[2.846s] DEBUG:colcon.colcon_core.event_handler.log_command:Invoking command in '/workspace/src/track': PYTHONPATH=/workspace/build/track/prefix_override:/usr/lib/python3/dist-packages/colcon_core/task/python/colcon_distutils_commands:/workspace/install/track/lib/python3.10/site-packages:${PYTHONPATH} /usr/bin/python3 -W ignore:setup.py install is deprecated -W ignore:easy_install command is deprecated setup.py egg_info --egg-base ../../build/track build --build-base /workspace/build/track/build install --record /workspace/build/track/install.log --single-version-externally-managed install_data
[2.847s] DEBUG:colcon.colcon_core.event_handler.log_command:Invoking command in '/workspace/src/uwb': PYTHONPATH=/workspace/build/uwb/prefix_override:/usr/lib/python3/dist-packages/colcon_core/task/python/colcon_distutils_commands:/workspace/install/uwb/lib/python3.10/site-packages:${PYTHONPATH} /usr/bin/python3 -W ignore:setup.py install is deprecated -W ignore:easy_install command is deprecated setup.py egg_info --egg-base ../../build/uwb build --build-base /workspace/build/uwb/build install --record /workspace/build/uwb/install.log --single-version-externally-managed install_data
[2.856s] DEBUG:colcon.colcon_core.event_handler.log_command:Invoking command in '/workspace/src/uwb_nls': PYTHONPATH=/workspace/build/uwb_nls/prefix_override:/usr/lib/python3/dist-packages/colcon_core/task/python/colcon_distutils_commands:/workspace/install/uwb_nls/lib/python3.10/site-packages:${PYTHONPATH} /usr/bin/python3 -W ignore:setup.py install is deprecated -W ignore:easy_install command is deprecated setup.py egg_info --egg-base ../../build/uwb_nls build --build-base /workspace/build/uwb_nls/build install --record /workspace/build/uwb_nls/install.log --single-version-externally-managed install_data
[3.217s] DEBUG:colcon.colcon_core.event_handler.log_command:Invoked command in '/workspace/src/us_pkg8' returned '0': PYTHONPATH=/workspace/build/us_pkg8/prefix_override:/usr/lib/python3/dist-packages/colcon_core/task/python/colcon_distutils_commands:/workspace/install/us_pkg8/lib/python3.10/site-packages:${PYTHONPATH} /usr/bin/python3 -W ignore:setup.py install is deprecated -W ignore:easy_install command is deprecated setup.py egg_info --egg-base ../../build/us_pkg8 build --build-base /workspace/build/us_pkg8/build install --record /workspace/build/us_pkg8/install.log --single-version-externally-managed install_data
[3.220s] Level 1:colcon.colcon_core.environment:checking '/workspace/install/us_pkg8' for CMake module files
[3.221s] Level 1:colcon.colcon_core.environment:checking '/workspace/install/us_pkg8' for CMake config files
[3.222s] Level 1:colcon.colcon_core.environment:checking '/workspace/install/us_pkg8/lib'
[3.222s] Level 1:colcon.colcon_core.environment:checking '/workspace/install/us_pkg8/bin'
[3.223s] Level 1:colcon.colcon_core.environment:checking '/workspace/install/us_pkg8/lib/pkgconfig/us_pkg8.pc'
[3.223s] Level 1:colcon.colcon_core.environment:checking '/workspace/install/us_pkg8/lib/python3.10/site-packages'
[3.223s] Level 1:colcon.colcon_core.shell:create_environment_hook('us_pkg8', 'pythonpath')
[3.223s] INFO:colcon.colcon_core.shell:Creating environment hook '/workspace/install/us_pkg8/share/us_pkg8/hook/pythonpath.ps1'
[3.224s] INFO:colcon.colcon_core.shell:Creating environment descriptor '/workspace/install/us_pkg8/share/us_pkg8/hook/pythonpath.dsv'
[3.224s] INFO:colcon.colcon_core.shell:Creating environment hook '/workspace/install/us_pkg8/share/us_pkg8/hook/pythonpath.sh'
[3.225s] Level 1:colcon.colcon_core.environment:checking '/workspace/install/us_pkg8/bin'
[3.225s] Level 1:colcon.colcon_core.environment:create_environment_scripts_only(us_pkg8)
[3.226s] INFO:colcon.colcon_core.shell:Creating package script '/workspace/install/us_pkg8/share/us_pkg8/package.ps1'
[3.227s] INFO:colcon.colcon_core.shell:Creating package descriptor '/workspace/install/us_pkg8/share/us_pkg8/package.dsv'
[3.228s] INFO:colcon.colcon_core.shell:Creating package script '/workspace/install/us_pkg8/share/us_pkg8/package.sh'
[3.229s] INFO:colcon.colcon_core.shell:Creating package script '/workspace/install/us_pkg8/share/us_pkg8/package.bash'
[3.230s] INFO:colcon.colcon_core.shell:Creating package script '/workspace/install/us_pkg8/share/us_pkg8/package.zsh'
[3.231s] Level 1:colcon.colcon_core.environment:create_file_with_runtime_dependencies(/workspace/install/us_pkg8/share/colcon-core/packages/us_pkg8)
[3.232s] Level 1:colcon.colcon_core.environment:checking '/workspace/install/obstacle_detect_last' for CMake module files
[3.234s] DEBUG:colcon.colcon_core.event_handler.log_command:Invoked command in '/workspace/src/obstacle_detect_last' returned '0': PYTHONPATH=/workspace/build/obstacle_detect_last/prefix_override:/usr/lib/python3/dist-packages/colcon_core/task/python/colcon_distutils_commands:/workspace/install/obstacle_detect_last/lib/python3.10/site-packages:${PYTHONPATH} /usr/bin/python3 -W ignore:setup.py install is deprecated -W ignore:easy_install command is deprecated setup.py egg_info --egg-base ../../build/obstacle_detect_last build --build-base /workspace/build/obstacle_detect_last/build install --record /workspace/build/obstacle_detect_last/install.log --single-version-externally-managed install_data
[3.234s] Level 1:colcon.colcon_core.environment:checking '/workspace/install/obstacle_detect_last' for CMake config files
[3.235s] Level 1:colcon.colcon_core.environment:checking '/workspace/install/obstacle_detect_last/lib'
[3.235s] Level 1:colcon.colcon_core.environment:checking '/workspace/install/obstacle_detect_last/bin'
[3.235s] Level 1:colcon.colcon_core.environment:checking '/workspace/install/obstacle_detect_last/lib/pkgconfig/obstacle_detect_last.pc'
[3.235s] Level 1:colcon.colcon_core.environment:checking '/workspace/install/obstacle_detect_last/lib/python3.10/site-packages'
[3.235s] Level 1:colcon.colcon_core.shell:create_environment_hook('obstacle_detect_last', 'pythonpath')
[3.235s] INFO:colcon.colcon_core.shell:Creating environment hook '/workspace/install/obstacle_detect_last/share/obstacle_detect_last/hook/pythonpath.ps1'
[3.236s] INFO:colcon.colcon_core.shell:Creating environment descriptor '/workspace/install/obstacle_detect_last/share/obstacle_detect_last/hook/pythonpath.dsv'
[3.236s] INFO:colcon.colcon_core.shell:Creating environment hook '/workspace/install/obstacle_detect_last/share/obstacle_detect_last/hook/pythonpath.sh'
[3.237s] Level 1:colcon.colcon_core.environment:checking '/workspace/install/obstacle_detect_last/bin'
[3.237s] Level 1:colcon.colcon_core.environment:create_environment_scripts_only(obstacle_detect_last)
[3.238s] INFO:colcon.colcon_core.shell:Creating package script '/workspace/install/obstacle_detect_last/share/obstacle_detect_last/package.ps1'
[3.239s] INFO:colcon.colcon_core.shell:Creating package descriptor '/workspace/install/obstacle_detect_last/share/obstacle_detect_last/package.dsv'
[3.239s] INFO:colcon.colcon_core.shell:Creating package script '/workspace/install/obstacle_detect_last/share/obstacle_detect_last/package.sh'
[3.240s] INFO:colcon.colcon_core.shell:Creating package script '/workspace/install/obstacle_detect_last/share/obstacle_detect_last/package.bash'
[3.241s] INFO:colcon.colcon_core.shell:Creating package script '/workspace/install/obstacle_detect_last/share/obstacle_detect_last/package.zsh'
[3.241s] Level 1:colcon.colcon_core.environment:create_file_with_runtime_dependencies(/workspace/install/obstacle_detect_last/share/colcon-core/packages/obstacle_detect_last)
[3.248s] Level 1:colcon.colcon_core.environment:checking '/workspace/install/record' for CMake module files
[3.249s] DEBUG:colcon.colcon_core.event_handler.log_command:Invoked command in '/workspace/src/record' returned '0': PYTHONPATH=/workspace/build/record/prefix_override:/usr/lib/python3/dist-packages/colcon_core/task/python/colcon_distutils_commands:/workspace/install/record/lib/python3.10/site-packages:${PYTHONPATH} /usr/bin/python3 -W ignore:setup.py install is deprecated -W ignore:easy_install command is deprecated setup.py egg_info --egg-base ../../build/record build --build-base /workspace/build/record/build install --record /workspace/build/record/install.log --single-version-externally-managed install_data
[3.249s] Level 1:colcon.colcon_core.environment:checking '/workspace/install/record' for CMake config files
[3.250s] Level 1:colcon.colcon_core.environment:checking '/workspace/install/record/lib'
[3.250s] Level 1:colcon.colcon_core.environment:checking '/workspace/install/record/bin'
[3.250s] Level 1:colcon.colcon_core.environment:checking '/workspace/install/record/lib/pkgconfig/record.pc'
[3.250s] Level 1:colcon.colcon_core.environment:checking '/workspace/install/record/lib/python3.10/site-packages'
[3.250s] Level 1:colcon.colcon_core.shell:create_environment_hook('record', 'pythonpath')
[3.251s] INFO:colcon.colcon_core.shell:Creating environment hook '/workspace/install/record/share/record/hook/pythonpath.ps1'
[3.252s] INFO:colcon.colcon_core.shell:Creating environment descriptor '/workspace/install/record/share/record/hook/pythonpath.dsv'
[3.252s] INFO:colcon.colcon_core.shell:Creating environment hook '/workspace/install/record/share/record/hook/pythonpath.sh'
[3.253s] Level 1:colcon.colcon_core.environment:checking '/workspace/install/record/bin'
[3.253s] Level 1:colcon.colcon_core.environment:create_environment_scripts_only(record)
[3.253s] INFO:colcon.colcon_core.shell:Creating package script '/workspace/install/record/share/record/package.ps1'
[3.254s] INFO:colcon.colcon_core.shell:Creating package descriptor '/workspace/install/record/share/record/package.dsv'
[3.254s] INFO:colcon.colcon_core.shell:Creating package script '/workspace/install/record/share/record/package.sh'
[3.255s] INFO:colcon.colcon_core.shell:Creating package script '/workspace/install/record/share/record/package.bash'
[3.256s] INFO:colcon.colcon_core.shell:Creating package script '/workspace/install/record/share/record/package.zsh'
[3.256s] Level 1:colcon.colcon_core.environment:create_file_with_runtime_dependencies(/workspace/install/record/share/colcon-core/packages/record)
[3.257s] Level 1:colcon.colcon_core.environment:checking '/workspace/install/visualization' for CMake module files
[3.258s] DEBUG:colcon.colcon_core.event_handler.log_command:Invoked command in '/workspace/src/visualization' returned '0': PYTHONPATH=/workspace/build/visualization/prefix_override:/usr/lib/python3/dist-packages/colcon_core/task/python/colcon_distutils_commands:/workspace/install/visualization/lib/python3.10/site-packages:${PYTHONPATH} /usr/bin/python3 -W ignore:setup.py install is deprecated -W ignore:easy_install command is deprecated setup.py egg_info --egg-base ../../build/visualization build --build-base /workspace/build/visualization/build install --record /workspace/build/visualization/install.log --single-version-externally-managed install_data
[3.258s] Level 1:colcon.colcon_core.environment:checking '/workspace/install/visualization' for CMake config files
[3.259s] Level 1:colcon.colcon_core.environment:checking '/workspace/install/visualization/lib'
[3.259s] Level 1:colcon.colcon_core.environment:checking '/workspace/install/visualization/bin'
[3.259s] Level 1:colcon.colcon_core.environment:checking '/workspace/install/visualization/lib/pkgconfig/visualization.pc'
[3.259s] Level 1:colcon.colcon_core.environment:checking '/workspace/install/visualization/lib/python3.10/site-packages'
[3.259s] Level 1:colcon.colcon_core.shell:create_environment_hook('visualization', 'pythonpath')
[3.259s] INFO:colcon.colcon_core.shell:Creating environment hook '/workspace/install/visualization/share/visualization/hook/pythonpath.ps1'
[3.260s] INFO:colcon.colcon_core.shell:Creating environment descriptor '/workspace/install/visualization/share/visualization/hook/pythonpath.dsv'
[3.260s] INFO:colcon.colcon_core.shell:Creating environment hook '/workspace/install/visualization/share/visualization/hook/pythonpath.sh'
[3.261s] Level 1:colcon.colcon_core.environment:checking '/workspace/install/visualization/bin'
[3.261s] Level 1:colcon.colcon_core.environment:create_environment_scripts_only(visualization)
[3.261s] INFO:colcon.colcon_core.shell:Creating package script '/workspace/install/visualization/share/visualization/package.ps1'
[3.262s] INFO:colcon.colcon_core.shell:Creating package descriptor '/workspace/install/visualization/share/visualization/package.dsv'
[3.262s] INFO:colcon.colcon_core.shell:Creating package script '/workspace/install/visualization/share/visualization/package.sh'
[3.263s] INFO:colcon.colcon_core.shell:Creating package script '/workspace/install/visualization/share/visualization/package.bash'
[3.263s] INFO:colcon.colcon_core.shell:Creating package script '/workspace/install/visualization/share/visualization/package.zsh'
[3.263s] Level 1:colcon.colcon_core.environment:create_file_with_runtime_dependencies(/workspace/install/visualization/share/colcon-core/packages/visualization)
[3.265s] Level 1:colcon.colcon_core.environment:checking '/workspace/install/track' for CMake module files
[3.266s] DEBUG:colcon.colcon_core.event_handler.log_command:Invoked command in '/workspace/src/track' returned '0': PYTHONPATH=/workspace/build/track/prefix_override:/usr/lib/python3/dist-packages/colcon_core/task/python/colcon_distutils_commands:/workspace/install/track/lib/python3.10/site-packages:${PYTHONPATH} /usr/bin/python3 -W ignore:setup.py install is deprecated -W ignore:easy_install command is deprecated setup.py egg_info --egg-base ../../build/track build --build-base /workspace/build/track/build install --record /workspace/build/track/install.log --single-version-externally-managed install_data
[3.266s] Level 1:colcon.colcon_core.environment:checking '/workspace/install/track' for CMake config files
[3.267s] Level 1:colcon.colcon_core.environment:checking '/workspace/install/track/lib'
[3.267s] Level 1:colcon.colcon_core.environment:checking '/workspace/install/track/bin'
[3.267s] Level 1:colcon.colcon_core.environment:checking '/workspace/install/track/lib/pkgconfig/track.pc'
[3.267s] Level 1:colcon.colcon_core.environment:checking '/workspace/install/track/lib/python3.10/site-packages'
[3.268s] Level 1:colcon.colcon_core.shell:create_environment_hook('track', 'pythonpath')
[3.268s] INFO:colcon.colcon_core.shell:Creating environment hook '/workspace/install/track/share/track/hook/pythonpath.ps1'
[3.268s] INFO:colcon.colcon_core.shell:Creating environment descriptor '/workspace/install/track/share/track/hook/pythonpath.dsv'
[3.269s] INFO:colcon.colcon_core.shell:Creating environment hook '/workspace/install/track/share/track/hook/pythonpath.sh'
[3.269s] Level 1:colcon.colcon_core.environment:checking '/workspace/install/track/bin'
[3.270s] Level 1:colcon.colcon_core.environment:create_environment_scripts_only(track)
[3.270s] INFO:colcon.colcon_core.shell:Creating package script '/workspace/install/track/share/track/package.ps1'
[3.270s] INFO:colcon.colcon_core.shell:Creating package descriptor '/workspace/install/track/share/track/package.dsv'
[3.271s] INFO:colcon.colcon_core.shell:Creating package script '/workspace/install/track/share/track/package.sh'
[3.271s] INFO:colcon.colcon_core.shell:Creating package script '/workspace/install/track/share/track/package.bash'
[3.272s] INFO:colcon.colcon_core.shell:Creating package script '/workspace/install/track/share/track/package.zsh'
[3.272s] Level 1:colcon.colcon_core.environment:create_file_with_runtime_dependencies(/workspace/install/track/share/colcon-core/packages/track)
[3.273s] Level 1:colcon.colcon_core.environment:checking '/workspace/install/uwb' for CMake module files
[3.274s] DEBUG:colcon.colcon_core.event_handler.log_command:Invoked command in '/workspace/src/uwb' returned '0': PYTHONPATH=/workspace/build/uwb/prefix_override:/usr/lib/python3/dist-packages/colcon_core/task/python/colcon_distutils_commands:/workspace/install/uwb/lib/python3.10/site-packages:${PYTHONPATH} /usr/bin/python3 -W ignore:setup.py install is deprecated -W ignore:easy_install command is deprecated setup.py egg_info --egg-base ../../build/uwb build --build-base /workspace/build/uwb/build install --record /workspace/build/uwb/install.log --single-version-externally-managed install_data
[3.274s] Level 1:colcon.colcon_core.environment:checking '/workspace/install/uwb' for CMake config files
[3.275s] Level 1:colcon.colcon_core.environment:checking '/workspace/install/uwb/lib'
[3.275s] Level 1:colcon.colcon_core.environment:checking '/workspace/install/uwb/bin'
[3.275s] Level 1:colcon.colcon_core.environment:checking '/workspace/install/uwb/lib/pkgconfig/uwb.pc'
[3.276s] Level 1:colcon.colcon_core.environment:checking '/workspace/install/uwb/lib/python3.10/site-packages'
[3.276s] Level 1:colcon.colcon_core.shell:create_environment_hook('uwb', 'pythonpath')
[3.276s] INFO:colcon.colcon_core.shell:Creating environment hook '/workspace/install/uwb/share/uwb/hook/pythonpath.ps1'
[3.277s] INFO:colcon.colcon_core.shell:Creating environment descriptor '/workspace/install/uwb/share/uwb/hook/pythonpath.dsv'
[3.277s] INFO:colcon.colcon_core.shell:Creating environment hook '/workspace/install/uwb/share/uwb/hook/pythonpath.sh'
[3.278s] Level 1:colcon.colcon_core.environment:checking '/workspace/install/uwb/bin'
[3.278s] Level 1:colcon.colcon_core.environment:create_environment_scripts_only(uwb)
[3.278s] INFO:colcon.colcon_core.shell:Creating package script '/workspace/install/uwb/share/uwb/package.ps1'
[3.279s] INFO:colcon.colcon_core.shell:Creating package descriptor '/workspace/install/uwb/share/uwb/package.dsv'
[3.279s] INFO:colcon.colcon_core.shell:Creating package script '/workspace/install/uwb/share/uwb/package.sh'
[3.280s] INFO:colcon.colcon_core.shell:Creating package script '/workspace/install/uwb/share/uwb/package.bash'
[3.280s] INFO:colcon.colcon_core.shell:Creating package script '/workspace/install/uwb/share/uwb/package.zsh'
[3.281s] Level 1:colcon.colcon_core.environment:create_file_with_runtime_dependencies(/workspace/install/uwb/share/colcon-core/packages/uwb)
[3.281s] Level 1:colcon.colcon_core.environment:checking '/workspace/install/camera' for CMake module files
[3.282s] Level 1:colcon.colcon_core.environment:checking '/workspace/install/camera' for CMake config files
[3.282s] DEBUG:colcon.colcon_core.event_handler.log_command:Invoked command in '/workspace/src/camera' returned '0': PYTHONPATH=/workspace/build/camera/prefix_override:/usr/lib/python3/dist-packages/colcon_core/task/python/colcon_distutils_commands:/workspace/install/camera/lib/python3.10/site-packages:${PYTHONPATH} /usr/bin/python3 -W ignore:setup.py install is deprecated -W ignore:easy_install command is deprecated setup.py egg_info --egg-base ../../build/camera build --build-base /workspace/build/camera/build install --record /workspace/build/camera/install.log --single-version-externally-managed install_data
[3.283s] Level 1:colcon.colcon_core.environment:checking '/workspace/install/camera/lib'
[3.283s] Level 1:colcon.colcon_core.environment:checking '/workspace/install/camera/bin'
[3.283s] Level 1:colcon.colcon_core.environment:checking '/workspace/install/camera/lib/pkgconfig/camera.pc'
[3.284s] Level 1:colcon.colcon_core.environment:checking '/workspace/install/camera/lib/python3.10/site-packages'
[3.284s] Level 1:colcon.colcon_core.shell:create_environment_hook('camera', 'pythonpath')
[3.284s] INFO:colcon.colcon_core.shell:Creating environment hook '/workspace/install/camera/share/camera/hook/pythonpath.ps1'
[3.284s] INFO:colcon.colcon_core.shell:Creating environment descriptor '/workspace/install/camera/share/camera/hook/pythonpath.dsv'
[3.285s] INFO:colcon.colcon_core.shell:Creating environment hook '/workspace/install/camera/share/camera/hook/pythonpath.sh'
[3.285s] Level 1:colcon.colcon_core.environment:checking '/workspace/install/camera/bin'
[3.285s] Level 1:colcon.colcon_core.environment:create_environment_scripts_only(camera)
[3.286s] INFO:colcon.colcon_core.shell:Creating package script '/workspace/install/camera/share/camera/package.ps1'
[3.286s] INFO:colcon.colcon_core.shell:Creating package descriptor '/workspace/install/camera/share/camera/package.dsv'
[3.287s] INFO:colcon.colcon_core.shell:Creating package script '/workspace/install/camera/share/camera/package.sh'
[3.287s] INFO:colcon.colcon_core.shell:Creating package script '/workspace/install/camera/share/camera/package.bash'
[3.287s] INFO:colcon.colcon_core.shell:Creating package script '/workspace/install/camera/share/camera/package.zsh'
[3.288s] Level 1:colcon.colcon_core.environment:create_file_with_runtime_dependencies(/workspace/install/camera/share/colcon-core/packages/camera)
[3.289s] Level 1:colcon.colcon_core.environment:checking '/workspace/install/uwb_nls' for CMake module files
[3.289s] DEBUG:colcon.colcon_core.event_handler.log_command:Invoked command in '/workspace/src/uwb_nls' returned '0': PYTHONPATH=/workspace/build/uwb_nls/prefix_override:/usr/lib/python3/dist-packages/colcon_core/task/python/colcon_distutils_commands:/workspace/install/uwb_nls/lib/python3.10/site-packages:${PYTHONPATH} /usr/bin/python3 -W ignore:setup.py install is deprecated -W ignore:easy_install command is deprecated setup.py egg_info --egg-base ../../build/uwb_nls build --build-base /workspace/build/uwb_nls/build install --record /workspace/build/uwb_nls/install.log --single-version-externally-managed install_data
[3.289s] Level 1:colcon.colcon_core.environment:checking '/workspace/install/uwb_nls' for CMake config files
[3.290s] Level 1:colcon.colcon_core.environment:checking '/workspace/install/uwb_nls/lib'
[3.290s] Level 1:colcon.colcon_core.environment:checking '/workspace/install/uwb_nls/bin'
[3.290s] Level 1:colcon.colcon_core.environment:checking '/workspace/install/uwb_nls/lib/pkgconfig/uwb_nls.pc'
[3.290s] Level 1:colcon.colcon_core.environment:checking '/workspace/install/uwb_nls/lib/python3.10/site-packages'
[3.290s] Level 1:colcon.colcon_core.shell:create_environment_hook('uwb_nls', 'pythonpath')
[3.290s] INFO:colcon.colcon_core.shell:Creating environment hook '/workspace/install/uwb_nls/share/uwb_nls/hook/pythonpath.ps1'
[3.291s] INFO:colcon.colcon_core.shell:Creating environment descriptor '/workspace/install/uwb_nls/share/uwb_nls/hook/pythonpath.dsv'
[3.291s] INFO:colcon.colcon_core.shell:Creating environment hook '/workspace/install/uwb_nls/share/uwb_nls/hook/pythonpath.sh'
[3.292s] Level 1:colcon.colcon_core.environment:checking '/workspace/install/uwb_nls/bin'
[3.292s] Level 1:colcon.colcon_core.environment:create_environment_scripts_only(uwb_nls)
[3.292s] INFO:colcon.colcon_core.shell:Creating package script '/workspace/install/uwb_nls/share/uwb_nls/package.ps1'
[3.292s] INFO:colcon.colcon_core.shell:Creating package descriptor '/workspace/install/uwb_nls/share/uwb_nls/package.dsv'
[3.293s] INFO:colcon.colcon_core.shell:Creating package script '/workspace/install/uwb_nls/share/uwb_nls/package.sh'
[3.293s] INFO:colcon.colcon_core.shell:Creating package script '/workspace/install/uwb_nls/share/uwb_nls/package.bash'
[3.294s] INFO:colcon.colcon_core.shell:Creating package script '/workspace/install/uwb_nls/share/uwb_nls/package.zsh'
[3.294s] Level 1:colcon.colcon_core.environment:create_file_with_runtime_dependencies(/workspace/install/uwb_nls/share/colcon-core/packages/uwb_nls)
[3.294s] DEBUG:colcon.colcon_parallel_executor.executor.parallel:closing loop
[3.295s] DEBUG:colcon.colcon_parallel_executor.executor.parallel:loop closed
[3.295s] DEBUG:colcon.colcon_parallel_executor.executor.parallel:run_until_complete finished with '0'
[3.295s] DEBUG:colcon.colcon_core.event_reactor:joining thread
[3.301s] INFO:colcon.colcon_core.plugin_system:Skipping extension 'colcon_notification.desktop_notification.notify_send': Could not find 'notify-send'
[3.301s] INFO:colcon.colcon_core.plugin_system:Skipping extension 'colcon_notification.desktop_notification.terminal_notifier': Not used on non-Darwin systems
[3.301s] INFO:colcon.colcon_core.plugin_system:Skipping extension 'colcon_notification.desktop_notification.win32': Not used on non-Windows systems
[3.301s] INFO:colcon.colcon_notification.desktop_notification:Sending desktop notification using 'notify2'
[3.304s] DEBUG:colcon.colcon_notification.desktop_notification.notify2:Failed to initialize notify2: org.freedesktop.DBus.Error.Spawn.ExecFailed: /usr/bin/dbus-launch terminated abnormally without any error message
[3.304s] DEBUG:colcon.colcon_core.event_reactor:joined thread
[3.305s] INFO:colcon.colcon_core.shell:Creating prefix script '/workspace/install/local_setup.ps1'
[3.306s] INFO:colcon.colcon_core.shell:Creating prefix util module '/workspace/install/_local_setup_util_ps1.py'
[3.307s] INFO:colcon.colcon_core.shell:Creating prefix chain script '/workspace/install/setup.ps1'
[3.309s] INFO:colcon.colcon_core.shell:Creating prefix script '/workspace/install/local_setup.sh'
[3.309s] INFO:colcon.colcon_core.shell:Creating prefix util module '/workspace/install/_local_setup_util_sh.py'
[3.310s] INFO:colcon.colcon_core.shell:Creating prefix chain script '/workspace/install/setup.sh'
[3.311s] INFO:colcon.colcon_core.shell:Creating prefix script '/workspace/install/local_setup.bash'
[3.311s] INFO:colcon.colcon_core.shell:Creating prefix chain script '/workspace/install/setup.bash'
[3.312s] INFO:colcon.colcon_core.shell:Creating prefix script '/workspace/install/local_setup.zsh'
[3.313s] INFO:colcon.colcon_core.shell:Creating prefix chain script '/workspace/install/setup.zsh'
