[2.231s] Invoking command in '/workspace/src/motor_control/rc_receiver': LD_LIBRARY_PATH=/workspace/install/rc_receiver_if/lib:/workspace/install/motor_if/lib:/opt/ros/humble/lib/aarch64-linux-gnu:/opt/ros/humble/lib:/opt/ros/humble/install/opt/rviz_ogre_vendor/lib:/opt/ros/humble/install/lib:/usr/local/cuda/compat:/usr/local/cuda/lib64 PYTHONPATH=/workspace/build/rc_receiver/prefix_override:/usr/lib/python3/dist-packages/colcon_core/task/python/colcon_distutils_commands:/workspace/install/rc_receiver/lib/python3.10/site-packages:${PYTHONPATH} /usr/bin/python3 -W ignore:setup.py install is deprecated setup.py egg_info --egg-base ../../../build/rc_receiver build --build-base /workspace/build/rc_receiver/build install --record /workspace/build/rc_receiver/install.log --single-version-externally-managed install_data
[2.296s] /usr/local/lib/python3.10/dist-packages/_distutils_hack/__init__.py:53: UserWarning: Reliance on distutils from stdlib is deprecated. Users must rely on setuptools to provide the distutils module. Avoid importing distutils or import setuptools first, and avoid setting SETUPTOOLS_USE_DISTUTILS=stdlib. Register concerns at https://github.com/pypa/setuptools/issues/new?template=distutils-deprecation.yml
[2.297s]   warnings.warn(
[2.612s] /usr/lib/python3.10/distutils/dist.py:274: UserWarning: Unknown distribution option: 'tests_require'
[2.613s]   warnings.warn(msg)
[2.865s] running egg_info
[2.903s] writing ../../../build/rc_receiver/rc_receiver.egg-info/PKG-INFO
[2.904s] writing dependency_links to ../../../build/rc_receiver/rc_receiver.egg-info/dependency_links.txt
[2.905s] writing entry points to ../../../build/rc_receiver/rc_receiver.egg-info/entry_points.txt
[2.905s] writing requirements to ../../../build/rc_receiver/rc_receiver.egg-info/requires.txt
[2.905s] writing top-level names to ../../../build/rc_receiver/rc_receiver.egg-info/top_level.txt
[2.985s] reading manifest file '../../../build/rc_receiver/rc_receiver.egg-info/SOURCES.txt'
[2.985s] adding license file 'LICENSE'
[2.987s] writing manifest file '../../../build/rc_receiver/rc_receiver.egg-info/SOURCES.txt'
[2.988s] running build
[2.988s] running build_py
[2.989s] running install
[2.990s] running install_lib
[3.030s] running install_data
[3.031s] running install_egg_info
[3.072s] removing '/workspace/install/rc_receiver/lib/python3.10/site-packages/rc_receiver-0.0.0-py3.10.egg-info' (and everything under it)
[3.073s] Copying ../../../build/rc_receiver/rc_receiver.egg-info to /workspace/install/rc_receiver/lib/python3.10/site-packages/rc_receiver-0.0.0-py3.10.egg-info
[3.075s] running install_scripts
[3.160s] Installing rc_receiver script to /workspace/install/rc_receiver/lib/rc_receiver
[3.161s] writing list of installed files to '/workspace/build/rc_receiver/install.log'
[3.229s] Invoked command in '/workspace/src/motor_control/rc_receiver' returned '0': LD_LIBRARY_PATH=/workspace/install/rc_receiver_if/lib:/workspace/install/motor_if/lib:/opt/ros/humble/lib/aarch64-linux-gnu:/opt/ros/humble/lib:/opt/ros/humble/install/opt/rviz_ogre_vendor/lib:/opt/ros/humble/install/lib:/usr/local/cuda/compat:/usr/local/cuda/lib64 PYTHONPATH=/workspace/build/rc_receiver/prefix_override:/usr/lib/python3/dist-packages/colcon_core/task/python/colcon_distutils_commands:/workspace/install/rc_receiver/lib/python3.10/site-packages:${PYTHONPATH} /usr/bin/python3 -W ignore:setup.py install is deprecated setup.py egg_info --egg-base ../../../build/rc_receiver build --build-base /workspace/build/rc_receiver/build install --record /workspace/build/rc_receiver/install.log --single-version-externally-managed install_data
