[0.054s] DEBUG:colcon:Command line arguments: ['/usr/bin/colcon', 'build']
[0.054s] DEBUG:colcon:Parsed command line arguments: Namespace(log_base=None, log_level=None, verb_name='build', build_base='build', install_base='install', merge_install=False, symlink_install=False, test_result_base=None, continue_on_error=False, executor='parallel', parallel_workers=20, event_handlers=None, ignore_user_meta=False, metas=['./colcon.meta'], base_paths=['.'], packages_ignore=None, packages_ignore_regex=None, paths=None, packages_up_to=None, packages_up_to_regex=None, packages_above=None, packages_above_and_dependencies=None, packages_above_depth=None, packages_select_by_dep=None, packages_skip_by_dep=None, packages_skip_up_to=None, packages_select_build_failed=False, packages_skip_build_finished=False, packages_select_test_failures=False, packages_skip_test_passed=False, packages_select=None, packages_skip=None, packages_select_regex=None, packages_skip_regex=None, packages_start=None, packages_end=None, allow_overriding=[], cmake_args=None, cmake_target=None, cmake_target_skip_unavailable=False, cmake_clean_cache=False, cmake_clean_first=False, cmake_force_configure=False, ament_cmake_args=None, catkin_cmake_args=None, catkin_skip_building_tests=False, verb_parser=<colcon_defaults.argument_parser.defaults.DefaultArgumentsDecorator object at 0x7fe1c0013c10>, verb_extension=<colcon_core.verb.build.BuildVerb object at 0x7fe1c0013550>, main=<bound method BuildVerb.main of <colcon_core.verb.build.BuildVerb object at 0x7fe1c0013550>>)
[0.129s] Level 1:colcon.colcon_core.package_discovery:discover_packages(colcon_meta) check parameters
[0.129s] Level 1:colcon.colcon_core.package_discovery:discover_packages(recursive) check parameters
[0.129s] Level 1:colcon.colcon_core.package_discovery:discover_packages(ignore) check parameters
[0.129s] Level 1:colcon.colcon_core.package_discovery:discover_packages(path) check parameters
[0.129s] Level 1:colcon.colcon_core.package_discovery:discover_packages(colcon_meta) discover
[0.129s] Level 1:colcon.colcon_core.package_discovery:discover_packages(recursive) discover
[0.129s] INFO:colcon.colcon_core.package_discovery:Crawling recursively for packages in '/home/jimmy/work/docker/DynamixelSDK/control_motor'
[0.129s] Level 1:colcon.colcon_core.package_identification:_identify(.) by extensions ['ignore', 'ignore_ament_install']
[0.129s] Level 1:colcon.colcon_core.package_identification:_identify(.) by extension 'ignore'
[0.129s] Level 1:colcon.colcon_core.package_identification:_identify(.) by extension 'ignore_ament_install'
[0.129s] Level 1:colcon.colcon_core.package_identification:_identify(.) by extensions ['colcon_pkg']
[0.129s] Level 1:colcon.colcon_core.package_identification:_identify(.) by extension 'colcon_pkg'
[0.129s] Level 1:colcon.colcon_core.package_identification:_identify(.) by extensions ['colcon_meta']
[0.129s] Level 1:colcon.colcon_core.package_identification:_identify(.) by extension 'colcon_meta'
[0.129s] Level 1:colcon.colcon_core.package_identification:_identify(.) by extensions ['ros']
[0.129s] Level 1:colcon.colcon_core.package_identification:_identify(.) by extension 'ros'
[0.137s] DEBUG:colcon.colcon_core.package_identification:Package '.' with type 'ros.ament_python' and name 'control_motor'
[0.137s] Level 1:colcon.colcon_core.package_discovery:discover_packages(recursive) using defaults
[0.137s] Level 1:colcon.colcon_core.package_discovery:discover_packages(ignore) discover
[0.137s] Level 1:colcon.colcon_core.package_discovery:discover_packages(ignore) using defaults
[0.137s] Level 1:colcon.colcon_core.package_discovery:discover_packages(path) discover
[0.137s] Level 1:colcon.colcon_core.package_discovery:discover_packages(path) using defaults
[0.148s] Level 1:colcon.colcon_core.package_discovery:discover_packages(prefix_path) check parameters
[0.148s] Level 1:colcon.colcon_core.package_discovery:discover_packages(prefix_path) discover
[0.149s] DEBUG:colcon.colcon_installed_package_information.package_discovery:Found 0 installed packages in /home/jimmy/work/docker/DynamixelSDK/control_motor/control_motor/install
[0.149s] DEBUG:colcon.colcon_installed_package_information.package_discovery:Found 4 installed packages in /home/jimmy/work/install
[0.149s] DEBUG:colcon.colcon_installed_package_information.package_discovery:Found 4 installed packages in /home/jimmy/work/docker/install
[0.150s] DEBUG:colcon.colcon_installed_package_information.package_discovery:Found 276 installed packages in /opt/ros/humble
[0.151s] Level 1:colcon.colcon_core.package_discovery:discover_packages(prefix_path) using defaults
[0.170s] Level 5:colcon.colcon_core.verb:set package 'control_motor' build argument 'cmake_args' from command line to 'None'
[0.170s] Level 5:colcon.colcon_core.verb:set package 'control_motor' build argument 'cmake_target' from command line to 'None'
[0.170s] Level 5:colcon.colcon_core.verb:set package 'control_motor' build argument 'cmake_target_skip_unavailable' from command line to 'False'
[0.170s] Level 5:colcon.colcon_core.verb:set package 'control_motor' build argument 'cmake_clean_cache' from command line to 'False'
[0.170s] Level 5:colcon.colcon_core.verb:set package 'control_motor' build argument 'cmake_clean_first' from command line to 'False'
[0.170s] Level 5:colcon.colcon_core.verb:set package 'control_motor' build argument 'cmake_force_configure' from command line to 'False'
[0.170s] Level 5:colcon.colcon_core.verb:set package 'control_motor' build argument 'ament_cmake_args' from command line to 'None'
[0.170s] Level 5:colcon.colcon_core.verb:set package 'control_motor' build argument 'catkin_cmake_args' from command line to 'None'
[0.170s] Level 5:colcon.colcon_core.verb:set package 'control_motor' build argument 'catkin_skip_building_tests' from command line to 'False'
[0.170s] DEBUG:colcon.colcon_core.verb:Building package 'control_motor' with the following arguments: {'ament_cmake_args': None, 'build_base': '/home/jimmy/work/docker/DynamixelSDK/control_motor/build/control_motor', 'catkin_cmake_args': None, 'catkin_skip_building_tests': False, 'cmake_args': None, 'cmake_clean_cache': False, 'cmake_clean_first': False, 'cmake_force_configure': False, 'cmake_target': None, 'cmake_target_skip_unavailable': False, 'install_base': '/home/jimmy/work/docker/DynamixelSDK/control_motor/install/control_motor', 'merge_install': False, 'path': '/home/jimmy/work/docker/DynamixelSDK/control_motor', 'symlink_install': False, 'test_result_base': None}
[0.170s] INFO:colcon.colcon_core.executor:Executing jobs using 'parallel' executor
[0.171s] DEBUG:colcon.colcon_parallel_executor.executor.parallel:run_until_complete
[0.171s] INFO:colcon.colcon_ros.task.ament_python.build:Building ROS package in '/home/jimmy/work/docker/DynamixelSDK/control_motor' with build type 'ament_python'
[0.171s] Level 1:colcon.colcon_core.shell:create_environment_hook('control_motor', 'ament_prefix_path')
[0.172s] INFO:colcon.colcon_core.plugin_system:Skipping extension 'colcon_core.shell.bat': Not used on non-Windows systems
[0.172s] INFO:colcon.colcon_core.shell:Creating environment hook '/home/jimmy/work/docker/DynamixelSDK/control_motor/install/control_motor/share/control_motor/hook/ament_prefix_path.ps1'
[0.172s] INFO:colcon.colcon_core.shell:Creating environment descriptor '/home/jimmy/work/docker/DynamixelSDK/control_motor/install/control_motor/share/control_motor/hook/ament_prefix_path.dsv'
[0.172s] INFO:colcon.colcon_core.shell:Creating environment hook '/home/jimmy/work/docker/DynamixelSDK/control_motor/install/control_motor/share/control_motor/hook/ament_prefix_path.sh'
[0.173s] INFO:colcon.colcon_core.shell:Skip shell extension 'powershell' for command environment: Not usable outside of PowerShell
[0.173s] DEBUG:colcon.colcon_core.shell:Skip shell extension 'dsv' for command environment
[0.312s] INFO:colcon.colcon_core.task.python.build:Building Python package in '/home/jimmy/work/docker/DynamixelSDK/control_motor'
[0.312s] INFO:colcon.colcon_core.shell:Skip shell extension 'powershell' for command environment: Not usable outside of PowerShell
[0.312s] DEBUG:colcon.colcon_core.shell:Skip shell extension 'dsv' for command environment
[0.497s] DEBUG:colcon.colcon_core.event_handler.log_command:Invoking command in '/home/jimmy/work/docker/DynamixelSDK/control_motor': PYTHONPATH=/home/jimmy/work/docker/DynamixelSDK/control_motor/build/control_motor/prefix_override:/usr/lib/python3/dist-packages/colcon_core/task/python/colcon_distutils_commands:/home/jimmy/work/docker/DynamixelSDK/control_motor/install/control_motor/lib/python3.10/site-packages:${PYTHONPATH} /usr/bin/python3 -W ignore:setup.py install is deprecated setup.py egg_info --egg-base build/control_motor build --build-base /home/jimmy/work/docker/DynamixelSDK/control_motor/build/control_motor/build install --record /home/jimmy/work/docker/DynamixelSDK/control_motor/build/control_motor/install.log --single-version-externally-managed install_data
[0.648s] DEBUG:colcon.colcon_core.event_handler.log_command:Invoked command in '/home/jimmy/work/docker/DynamixelSDK/control_motor' returned '0': PYTHONPATH=/home/jimmy/work/docker/DynamixelSDK/control_motor/build/control_motor/prefix_override:/usr/lib/python3/dist-packages/colcon_core/task/python/colcon_distutils_commands:/home/jimmy/work/docker/DynamixelSDK/control_motor/install/control_motor/lib/python3.10/site-packages:${PYTHONPATH} /usr/bin/python3 -W ignore:setup.py install is deprecated setup.py egg_info --egg-base build/control_motor build --build-base /home/jimmy/work/docker/DynamixelSDK/control_motor/build/control_motor/build install --record /home/jimmy/work/docker/DynamixelSDK/control_motor/build/control_motor/install.log --single-version-externally-managed install_data
[0.649s] Level 1:colcon.colcon_core.environment:checking '/home/jimmy/work/docker/DynamixelSDK/control_motor/install/control_motor' for CMake module files
[0.649s] Level 1:colcon.colcon_core.environment:checking '/home/jimmy/work/docker/DynamixelSDK/control_motor/install/control_motor' for CMake config files
[0.650s] Level 1:colcon.colcon_core.environment:checking '/home/jimmy/work/docker/DynamixelSDK/control_motor/install/control_motor/lib'
[0.650s] Level 1:colcon.colcon_core.environment:checking '/home/jimmy/work/docker/DynamixelSDK/control_motor/install/control_motor/bin'
[0.650s] Level 1:colcon.colcon_core.environment:checking '/home/jimmy/work/docker/DynamixelSDK/control_motor/install/control_motor/lib/pkgconfig/control_motor.pc'
[0.650s] Level 1:colcon.colcon_core.environment:checking '/home/jimmy/work/docker/DynamixelSDK/control_motor/install/control_motor/lib/python3.10/site-packages'
[0.650s] Level 1:colcon.colcon_core.shell:create_environment_hook('control_motor', 'pythonpath')
[0.650s] INFO:colcon.colcon_core.shell:Creating environment hook '/home/jimmy/work/docker/DynamixelSDK/control_motor/install/control_motor/share/control_motor/hook/pythonpath.ps1'
[0.650s] INFO:colcon.colcon_core.shell:Creating environment descriptor '/home/jimmy/work/docker/DynamixelSDK/control_motor/install/control_motor/share/control_motor/hook/pythonpath.dsv'
[0.651s] INFO:colcon.colcon_core.shell:Creating environment hook '/home/jimmy/work/docker/DynamixelSDK/control_motor/install/control_motor/share/control_motor/hook/pythonpath.sh'
[0.651s] Level 1:colcon.colcon_core.environment:checking '/home/jimmy/work/docker/DynamixelSDK/control_motor/install/control_motor/bin'
[0.651s] Level 1:colcon.colcon_core.environment:create_environment_scripts_only(control_motor)
[0.651s] INFO:colcon.colcon_core.shell:Creating package script '/home/jimmy/work/docker/DynamixelSDK/control_motor/install/control_motor/share/control_motor/package.ps1'
[0.652s] INFO:colcon.colcon_core.shell:Creating package descriptor '/home/jimmy/work/docker/DynamixelSDK/control_motor/install/control_motor/share/control_motor/package.dsv'
[0.652s] INFO:colcon.colcon_core.shell:Creating package script '/home/jimmy/work/docker/DynamixelSDK/control_motor/install/control_motor/share/control_motor/package.sh'
[0.652s] INFO:colcon.colcon_core.shell:Creating package script '/home/jimmy/work/docker/DynamixelSDK/control_motor/install/control_motor/share/control_motor/package.bash'
[0.653s] INFO:colcon.colcon_core.shell:Creating package script '/home/jimmy/work/docker/DynamixelSDK/control_motor/install/control_motor/share/control_motor/package.zsh'
[0.653s] Level 1:colcon.colcon_core.environment:create_file_with_runtime_dependencies(/home/jimmy/work/docker/DynamixelSDK/control_motor/install/control_motor/share/colcon-core/packages/control_motor)
[0.653s] DEBUG:colcon.colcon_parallel_executor.executor.parallel:closing loop
[0.653s] DEBUG:colcon.colcon_parallel_executor.executor.parallel:loop closed
[0.654s] DEBUG:colcon.colcon_parallel_executor.executor.parallel:run_until_complete finished with '0'
[0.654s] DEBUG:colcon.colcon_core.event_reactor:joining thread
[0.657s] INFO:colcon.colcon_core.plugin_system:Skipping extension 'colcon_notification.desktop_notification.notify_send': Could not find 'notify-send'
[0.657s] INFO:colcon.colcon_core.plugin_system:Skipping extension 'colcon_notification.desktop_notification.terminal_notifier': Not used on non-Darwin systems
[0.657s] INFO:colcon.colcon_core.plugin_system:Skipping extension 'colcon_notification.desktop_notification.win32': Not used on non-Windows systems
[0.657s] INFO:colcon.colcon_notification.desktop_notification:Sending desktop notification using 'notify2'
[0.658s] DEBUG:colcon.colcon_notification.desktop_notification.notify2:Failed to initialize notify2: org.freedesktop.DBus.Error.Spawn.ExecFailed: /usr/bin/dbus-launch terminated abnormally without any error message
[0.659s] DEBUG:colcon.colcon_core.event_reactor:joined thread
[0.659s] INFO:colcon.colcon_core.shell:Creating prefix script '/home/jimmy/work/docker/DynamixelSDK/control_motor/install/local_setup.ps1'
[0.659s] INFO:colcon.colcon_core.shell:Creating prefix util module '/home/jimmy/work/docker/DynamixelSDK/control_motor/install/_local_setup_util_ps1.py'
[0.660s] INFO:colcon.colcon_core.shell:Creating prefix chain script '/home/jimmy/work/docker/DynamixelSDK/control_motor/install/setup.ps1'
[0.661s] INFO:colcon.colcon_core.shell:Creating prefix script '/home/jimmy/work/docker/DynamixelSDK/control_motor/install/local_setup.sh'
[0.661s] INFO:colcon.colcon_core.shell:Creating prefix util module '/home/jimmy/work/docker/DynamixelSDK/control_motor/install/_local_setup_util_sh.py'
[0.661s] INFO:colcon.colcon_core.shell:Creating prefix chain script '/home/jimmy/work/docker/DynamixelSDK/control_motor/install/setup.sh'
[0.662s] INFO:colcon.colcon_core.shell:Creating prefix script '/home/jimmy/work/docker/DynamixelSDK/control_motor/install/local_setup.bash'
[0.662s] INFO:colcon.colcon_core.shell:Creating prefix chain script '/home/jimmy/work/docker/DynamixelSDK/control_motor/install/setup.bash'
[0.663s] INFO:colcon.colcon_core.shell:Creating prefix script '/home/jimmy/work/docker/DynamixelSDK/control_motor/install/local_setup.zsh'
[0.663s] INFO:colcon.colcon_core.shell:Creating prefix chain script '/home/jimmy/work/docker/DynamixelSDK/control_motor/install/setup.zsh'
