[1.331s] Invoking command in '/workspace/build/motor_if': CMAKE_PREFIX_PATH=${CMAKE_PREFIX_PATH}:/workspace/install/visualization:/workspace/install/uwb_nls:/workspace/install/ultrasonic:/workspace/install/track:/workspace/install/record:/workspace/install/rc_receiver:/workspace/install/pixhawk_control:/workspace/install/motor:/workspace/install/camera:/opt/ros/humble /usr/local/bin/cmake --build /workspace/build/motor_if -- -j8 -l8
[2.543s] /usr/local/lib/python3.10/dist-packages/_distutils_hack/__init__.py:53: UserWarning: Reliance on distutils from stdlib is deprecated. Users must rely on setuptools to provide the distutils module. Avoid importing distutils or import setuptools first, and avoid setting SETUPTOOLS_USE_DISTUTILS=stdlib. Register concerns at https://github.com/pypa/setuptools/issues/new?template=distutils-deprecation.yml
[2.543s]   warnings.warn(
[2.543s] [  3%] Built target motor_if__cpp
[2.543s] [ 12%] Built target motor_if__rosidl_generator_c
[2.543s] [ 12%] Built target ament_cmake_python_copy_motor_if
[2.543s] [ 22%] Built target motor_if__rosidl_typesupport_c
[2.543s] [ 32%] Built target motor_if__rosidl_typesupport_introspection_cpp
[2.544s] [ 51%] Built target motor_if__rosidl_typesupport_cpp
[2.544s] [ 51%] Built target motor_if__rosidl_typesupport_fastrtps_cpp
[2.544s] [ 70%] Built target motor_if__rosidl_typesupport_introspection_c
[2.544s] [ 70%] Built target motor_if__rosidl_typesupport_fastrtps_c
[2.544s] [ 70%] Built target motor_if
[2.544s] [ 74%] Built target motor_if__py
[2.544s] [ 80%] Built target motor_if__rosidl_generator_py
[2.544s] [ 90%] Built target motor_if__rosidl_typesupport_c__pyext
[2.545s] [ 93%] Built target motor_if__rosidl_typesupport_fastrtps_c__pyext
[2.545s] [100%] Built target motor_if__rosidl_typesupport_introspection_c__pyext
[2.545s] running egg_info
[2.545s] writing motor_if.egg-info/PKG-INFO
[2.545s] writing dependency_links to motor_if.egg-info/dependency_links.txt
[2.545s] writing top-level names to motor_if.egg-info/top_level.txt
[2.545s] reading manifest file 'motor_if.egg-info/SOURCES.txt'
[2.546s] writing manifest file 'motor_if.egg-info/SOURCES.txt'
[2.546s] [100%] Built target ament_cmake_python_build_motor_if_egg
[3.116s] Invoked command in '/workspace/build/motor_if' returned '0': CMAKE_PREFIX_PATH=${CMAKE_PREFIX_PATH}:/workspace/install/visualization:/workspace/install/uwb_nls:/workspace/install/ultrasonic:/workspace/install/track:/workspace/install/record:/workspace/install/rc_receiver:/workspace/install/pixhawk_control:/workspace/install/motor:/workspace/install/camera:/opt/ros/humble /usr/local/bin/cmake --build /workspace/build/motor_if -- -j8 -l8
[3.867s] Invoking command in '/workspace/build/motor_if': CMAKE_PREFIX_PATH=${CMAKE_PREFIX_PATH}:/workspace/install/visualization:/workspace/install/uwb_nls:/workspace/install/ultrasonic:/workspace/install/track:/workspace/install/record:/workspace/install/rc_receiver:/workspace/install/pixhawk_control:/workspace/install/motor:/workspace/install/camera:/opt/ros/humble /usr/local/bin/cmake --install /workspace/build/motor_if
[4.100s] -- Install configuration: ""
[4.103s] -- Up-to-date: /workspace/install/motor_if/share/ament_index/resource_index/rosidl_interfaces/motor_if
[4.104s] -- Up-to-date: /workspace/install/motor_if/include/motor_if/motor_if
[4.104s] -- Up-to-date: /workspace/install/motor_if/include/motor_if/motor_if/srv
[4.104s] -- Up-to-date: /workspace/install/motor_if/include/motor_if/motor_if/srv/motor_pos.h
[4.105s] -- Up-to-date: /workspace/install/motor_if/include/motor_if/motor_if/srv/detail
[4.105s] -- Up-to-date: /workspace/install/motor_if/include/motor_if/motor_if/srv/detail/motor_pos__functions.c
[4.105s] -- Up-to-date: /workspace/install/motor_if/include/motor_if/motor_if/srv/detail/motor_pos__struct.h
[4.105s] -- Up-to-date: /workspace/install/motor_if/include/motor_if/motor_if/srv/detail/motor_pos__type_support.h
[4.106s] -- Up-to-date: /workspace/install/motor_if/include/motor_if/motor_if/srv/detail/motor_pos__functions.h
[4.106s] -- Up-to-date: /workspace/install/motor_if/include/motor_if/motor_if/msg
[4.106s] -- Up-to-date: /workspace/install/motor_if/include/motor_if/motor_if/msg/rosidl_generator_c__visibility_control.h
[4.106s] -- Up-to-date: /workspace/install/motor_if/share/motor_if/environment/library_path.sh
[4.106s] -- Up-to-date: /workspace/install/motor_if/share/motor_if/environment/library_path.dsv
[4.107s] -- Up-to-date: /workspace/install/motor_if/lib/libmotor_if__rosidl_generator_c.so
[4.107s] -- Up-to-date: /workspace/install/motor_if/include/motor_if/motor_if
[4.107s] -- Up-to-date: /workspace/install/motor_if/include/motor_if/motor_if/srv
[4.107s] -- Up-to-date: /workspace/install/motor_if/include/motor_if/motor_if/srv/detail
[4.108s] -- Up-to-date: /workspace/install/motor_if/include/motor_if/motor_if/srv/detail/motor_pos__rosidl_typesupport_fastrtps_c.h
[4.108s] -- Up-to-date: /workspace/install/motor_if/include/motor_if/motor_if/msg
[4.108s] -- Up-to-date: /workspace/install/motor_if/include/motor_if/motor_if/msg/rosidl_typesupport_fastrtps_c__visibility_control.h
[4.109s] -- Up-to-date: /workspace/install/motor_if/lib/libmotor_if__rosidl_typesupport_fastrtps_c.so
[4.109s] -- Up-to-date: /workspace/install/motor_if/include/motor_if/motor_if
[4.109s] -- Up-to-date: /workspace/install/motor_if/include/motor_if/motor_if/srv
[4.110s] -- Up-to-date: /workspace/install/motor_if/include/motor_if/motor_if/srv/detail
[4.110s] -- Up-to-date: /workspace/install/motor_if/include/motor_if/motor_if/srv/detail/motor_pos__rosidl_typesupport_introspection_c.h
[4.110s] -- Up-to-date: /workspace/install/motor_if/include/motor_if/motor_if/srv/detail/motor_pos__type_support.c
[4.110s] -- Up-to-date: /workspace/install/motor_if/include/motor_if/motor_if/msg
[4.110s] -- Up-to-date: /workspace/install/motor_if/include/motor_if/motor_if/msg/rosidl_typesupport_introspection_c__visibility_control.h
[4.113s] -- Up-to-date: /workspace/install/motor_if/lib/libmotor_if__rosidl_typesupport_introspection_c.so
[4.115s] -- Up-to-date: /workspace/install/motor_if/lib/libmotor_if__rosidl_typesupport_c.so
[4.116s] -- Up-to-date: /workspace/install/motor_if/include/motor_if/motor_if
[4.116s] -- Up-to-date: /workspace/install/motor_if/include/motor_if/motor_if/srv
[4.116s] -- Up-to-date: /workspace/install/motor_if/include/motor_if/motor_if/srv/detail
[4.116s] -- Up-to-date: /workspace/install/motor_if/include/motor_if/motor_if/srv/detail/motor_pos__traits.hpp
[4.117s] -- Up-to-date: /workspace/install/motor_if/include/motor_if/motor_if/srv/detail/motor_pos__type_support.hpp
[4.117s] -- Up-to-date: /workspace/install/motor_if/include/motor_if/motor_if/srv/detail/motor_pos__struct.hpp
[4.117s] -- Up-to-date: /workspace/install/motor_if/include/motor_if/motor_if/srv/detail/motor_pos__builder.hpp
[4.117s] -- Up-to-date: /workspace/install/motor_if/include/motor_if/motor_if/srv/motor_pos.hpp
[4.118s] -- Up-to-date: /workspace/install/motor_if/include/motor_if/motor_if/msg
[4.118s] -- Up-to-date: /workspace/install/motor_if/include/motor_if/motor_if/msg/rosidl_generator_cpp__visibility_control.hpp
[4.118s] -- Up-to-date: /workspace/install/motor_if/include/motor_if/motor_if
[4.118s] -- Up-to-date: /workspace/install/motor_if/include/motor_if/motor_if/srv
[4.118s] -- Up-to-date: /workspace/install/motor_if/include/motor_if/motor_if/srv/detail
[4.118s] -- Up-to-date: /workspace/install/motor_if/include/motor_if/motor_if/srv/detail/dds_fastrtps
[4.119s] -- Up-to-date: /workspace/install/motor_if/include/motor_if/motor_if/srv/detail/motor_pos__rosidl_typesupport_fastrtps_cpp.hpp
[4.119s] -- Up-to-date: /workspace/install/motor_if/include/motor_if/motor_if/msg
[4.119s] -- Up-to-date: /workspace/install/motor_if/include/motor_if/motor_if/msg/rosidl_typesupport_fastrtps_cpp__visibility_control.h
[4.119s] -- Up-to-date: /workspace/install/motor_if/lib/libmotor_if__rosidl_typesupport_fastrtps_cpp.so
[4.119s] -- Up-to-date: /workspace/install/motor_if/include/motor_if/motor_if
[4.119s] -- Up-to-date: /workspace/install/motor_if/include/motor_if/motor_if/srv
[4.119s] -- Up-to-date: /workspace/install/motor_if/include/motor_if/motor_if/srv/detail
[4.120s] -- Up-to-date: /workspace/install/motor_if/include/motor_if/motor_if/srv/detail/motor_pos__type_support.cpp
[4.120s] -- Up-to-date: /workspace/install/motor_if/include/motor_if/motor_if/srv/detail/motor_pos__rosidl_typesupport_introspection_cpp.hpp
[4.120s] -- Up-to-date: /workspace/install/motor_if/lib/libmotor_if__rosidl_typesupport_introspection_cpp.so
[4.122s] -- Up-to-date: /workspace/install/motor_if/lib/libmotor_if__rosidl_typesupport_cpp.so
[4.123s] -- Up-to-date: /workspace/install/motor_if/share/motor_if/environment/pythonpath.sh
[4.123s] -- Up-to-date: /workspace/install/motor_if/share/motor_if/environment/pythonpath.dsv
[4.123s] -- Up-to-date: /workspace/install/motor_if/local/lib/python3.10/dist-packages/motor_if-0.0.0-py3.10.egg-info
[4.123s] -- Installing: /workspace/install/motor_if/local/lib/python3.10/dist-packages/motor_if-0.0.0-py3.10.egg-info/SOURCES.txt
[4.124s] -- Installing: /workspace/install/motor_if/local/lib/python3.10/dist-packages/motor_if-0.0.0-py3.10.egg-info/top_level.txt
[4.129s] -- Installing: /workspace/install/motor_if/local/lib/python3.10/dist-packages/motor_if-0.0.0-py3.10.egg-info/dependency_links.txt
[4.130s] -- Installing: /workspace/install/motor_if/local/lib/python3.10/dist-packages/motor_if-0.0.0-py3.10.egg-info/PKG-INFO
[4.130s] -- Up-to-date: /workspace/install/motor_if/local/lib/python3.10/dist-packages/motor_if
[4.130s] -- Up-to-date: /workspace/install/motor_if/local/lib/python3.10/dist-packages/motor_if/srv
[4.130s] -- Up-to-date: /workspace/install/motor_if/local/lib/python3.10/dist-packages/motor_if/srv/_motor_pos_s.c
[4.130s] -- Up-to-date: /workspace/install/motor_if/local/lib/python3.10/dist-packages/motor_if/srv/_motor_pos.py
[4.130s] -- Up-to-date: /workspace/install/motor_if/local/lib/python3.10/dist-packages/motor_if/srv/__init__.py
[4.130s] -- Up-to-date: /workspace/install/motor_if/local/lib/python3.10/dist-packages/motor_if/_motor_if_s.ep.rosidl_typesupport_fastrtps_c.c
[4.131s] -- Up-to-date: /workspace/install/motor_if/local/lib/python3.10/dist-packages/motor_if/motor_if_s__rosidl_typesupport_introspection_c.cpython-310-aarch64-linux-gnu.so
[4.131s] -- Up-to-date: /workspace/install/motor_if/local/lib/python3.10/dist-packages/motor_if/motor_if_s__rosidl_typesupport_fastrtps_c.cpython-310-aarch64-linux-gnu.so
[4.131s] -- Up-to-date: /workspace/install/motor_if/local/lib/python3.10/dist-packages/motor_if/motor_if_s__rosidl_typesupport_c.cpython-310-aarch64-linux-gnu.so
[4.131s] -- Up-to-date: /workspace/install/motor_if/local/lib/python3.10/dist-packages/motor_if/libmotor_if__rosidl_generator_py.so
[4.131s] -- Up-to-date: /workspace/install/motor_if/local/lib/python3.10/dist-packages/motor_if/_motor_if_s.ep.rosidl_typesupport_introspection_c.c
[4.131s] -- Up-to-date: /workspace/install/motor_if/local/lib/python3.10/dist-packages/motor_if/__init__.py
[4.132s] -- Up-to-date: /workspace/install/motor_if/local/lib/python3.10/dist-packages/motor_if/_motor_if_s.ep.rosidl_typesupport_c.c
[4.240s] Listing '/workspace/install/motor_if/local/lib/python3.10/dist-packages/motor_if'...
[4.240s] Listing '/workspace/install/motor_if/local/lib/python3.10/dist-packages/motor_if/srv'...
[4.263s] -- Up-to-date: /workspace/install/motor_if/local/lib/python3.10/dist-packages/motor_if/motor_if_s__rosidl_typesupport_fastrtps_c.cpython-310-aarch64-linux-gnu.so
[4.263s] -- Up-to-date: /workspace/install/motor_if/local/lib/python3.10/dist-packages/motor_if/motor_if_s__rosidl_typesupport_introspection_c.cpython-310-aarch64-linux-gnu.so
[4.264s] -- Up-to-date: /workspace/install/motor_if/local/lib/python3.10/dist-packages/motor_if/motor_if_s__rosidl_typesupport_c.cpython-310-aarch64-linux-gnu.so
[4.264s] -- Up-to-date: /workspace/install/motor_if/lib/libmotor_if__rosidl_generator_py.so
[4.264s] -- Up-to-date: /workspace/install/motor_if/share/motor_if/srv/MotorPos.idl
[4.264s] -- Up-to-date: /workspace/install/motor_if/share/motor_if/srv/MotorPos.srv
[4.265s] -- Up-to-date: /workspace/install/motor_if/share/motor_if/srv/MotorPos_Request.msg
[4.265s] -- Up-to-date: /workspace/install/motor_if/share/motor_if/srv/MotorPos_Response.msg
[4.265s] -- Up-to-date: /workspace/install/motor_if/share/ament_index/resource_index/package_run_dependencies/motor_if
[4.265s] -- Up-to-date: /workspace/install/motor_if/share/ament_index/resource_index/parent_prefix_path/motor_if
[4.266s] -- Up-to-date: /workspace/install/motor_if/share/motor_if/environment/ament_prefix_path.sh
[4.266s] -- Up-to-date: /workspace/install/motor_if/share/motor_if/environment/ament_prefix_path.dsv
[4.266s] -- Up-to-date: /workspace/install/motor_if/share/motor_if/environment/path.sh
[4.266s] -- Up-to-date: /workspace/install/motor_if/share/motor_if/environment/path.dsv
[4.266s] -- Up-to-date: /workspace/install/motor_if/share/motor_if/local_setup.bash
[4.267s] -- Up-to-date: /workspace/install/motor_if/share/motor_if/local_setup.sh
[4.267s] -- Up-to-date: /workspace/install/motor_if/share/motor_if/local_setup.zsh
[4.267s] -- Up-to-date: /workspace/install/motor_if/share/motor_if/local_setup.dsv
[4.267s] -- Installing: /workspace/install/motor_if/share/motor_if/package.dsv
[4.269s] -- Up-to-date: /workspace/install/motor_if/share/ament_index/resource_index/packages/motor_if
[4.270s] -- Up-to-date: /workspace/install/motor_if/share/motor_if/cmake/export_motor_if__rosidl_generator_cExport.cmake
[4.270s] -- Up-to-date: /workspace/install/motor_if/share/motor_if/cmake/export_motor_if__rosidl_generator_cExport-noconfig.cmake
[4.272s] -- Up-to-date: /workspace/install/motor_if/share/motor_if/cmake/export_motor_if__rosidl_typesupport_fastrtps_cExport.cmake
[4.273s] -- Up-to-date: /workspace/install/motor_if/share/motor_if/cmake/export_motor_if__rosidl_typesupport_fastrtps_cExport-noconfig.cmake
[4.279s] -- Up-to-date: /workspace/install/motor_if/share/motor_if/cmake/motor_if__rosidl_typesupport_introspection_cExport.cmake
[4.283s] -- Up-to-date: /workspace/install/motor_if/share/motor_if/cmake/motor_if__rosidl_typesupport_introspection_cExport-noconfig.cmake
[4.293s] -- Up-to-date: /workspace/install/motor_if/share/motor_if/cmake/motor_if__rosidl_typesupport_cExport.cmake
[4.293s] -- Up-to-date: /workspace/install/motor_if/share/motor_if/cmake/motor_if__rosidl_typesupport_cExport-noconfig.cmake
[4.297s] -- Up-to-date: /workspace/install/motor_if/share/motor_if/cmake/export_motor_if__rosidl_generator_cppExport.cmake
[4.301s] -- Up-to-date: /workspace/install/motor_if/share/motor_if/cmake/export_motor_if__rosidl_typesupport_fastrtps_cppExport.cmake
[4.301s] -- Up-to-date: /workspace/install/motor_if/share/motor_if/cmake/export_motor_if__rosidl_typesupport_fastrtps_cppExport-noconfig.cmake
[4.302s] -- Up-to-date: /workspace/install/motor_if/share/motor_if/cmake/motor_if__rosidl_typesupport_introspection_cppExport.cmake
[4.302s] -- Up-to-date: /workspace/install/motor_if/share/motor_if/cmake/motor_if__rosidl_typesupport_introspection_cppExport-noconfig.cmake
[4.303s] -- Up-to-date: /workspace/install/motor_if/share/motor_if/cmake/motor_if__rosidl_typesupport_cppExport.cmake
[4.304s] -- Up-to-date: /workspace/install/motor_if/share/motor_if/cmake/motor_if__rosidl_typesupport_cppExport-noconfig.cmake
[4.311s] -- Up-to-date: /workspace/install/motor_if/share/motor_if/cmake/export_motor_if__rosidl_generator_pyExport.cmake
[4.312s] -- Up-to-date: /workspace/install/motor_if/share/motor_if/cmake/export_motor_if__rosidl_generator_pyExport-noconfig.cmake
[4.313s] -- Up-to-date: /workspace/install/motor_if/share/motor_if/cmake/rosidl_cmake-extras.cmake
[4.314s] -- Up-to-date: /workspace/install/motor_if/share/motor_if/cmake/ament_cmake_export_include_directories-extras.cmake
[4.315s] -- Up-to-date: /workspace/install/motor_if/share/motor_if/cmake/ament_cmake_export_libraries-extras.cmake
[4.322s] -- Up-to-date: /workspace/install/motor_if/share/motor_if/cmake/ament_cmake_export_targets-extras.cmake
[4.323s] -- Up-to-date: /workspace/install/motor_if/share/motor_if/cmake/rosidl_cmake_export_typesupport_targets-extras.cmake
[4.323s] -- Up-to-date: /workspace/install/motor_if/share/motor_if/cmake/ament_cmake_export_dependencies-extras.cmake
[4.323s] -- Up-to-date: /workspace/install/motor_if/share/motor_if/cmake/rosidl_cmake_export_typesupport_libraries-extras.cmake
[4.323s] -- Up-to-date: /workspace/install/motor_if/share/motor_if/cmake/motor_ifConfig.cmake
[4.323s] -- Up-to-date: /workspace/install/motor_if/share/motor_if/cmake/motor_ifConfig-version.cmake
[4.324s] -- Up-to-date: /workspace/install/motor_if/share/motor_if/package.xml
[4.389s] Invoked command in '/workspace/build/motor_if' returned '0': CMAKE_PREFIX_PATH=${CMAKE_PREFIX_PATH}:/workspace/install/visualization:/workspace/install/uwb_nls:/workspace/install/ultrasonic:/workspace/install/track:/workspace/install/record:/workspace/install/rc_receiver:/workspace/install/pixhawk_control:/workspace/install/motor:/workspace/install/camera:/opt/ros/humble /usr/local/bin/cmake --install /workspace/build/motor_if
