[0.095s] DEBUG:colcon:Command line arguments: ['/usr/bin/colcon', 'build']
[0.095s] DEBUG:colcon:Parsed command line arguments: Namespace(log_base=None, log_level=None, verb_name='build', build_base='build', install_base='install', merge_install=False, symlink_install=False, test_result_base=None, continue_on_error=False, executor='parallel', parallel_workers=16, event_handlers=None, ignore_user_meta=False, metas=['./colcon.meta'], base_paths=['.'], packages_ignore=None, packages_ignore_regex=None, paths=None, packages_up_to=None, packages_up_to_regex=None, packages_above=None, packages_above_and_dependencies=None, packages_above_depth=None, packages_select_by_dep=None, packages_skip_by_dep=None, packages_skip_up_to=None, packages_select_build_failed=False, packages_skip_build_finished=False, packages_select_test_failures=False, packages_skip_test_passed=False, packages_select=None, packages_skip=None, packages_select_regex=None, packages_skip_regex=None, packages_start=None, packages_end=None, allow_overriding=[], cmake_args=None, cmake_target=None, cmake_target_skip_unavailable=False, cmake_clean_cache=False, cmake_clean_first=False, cmake_force_configure=False, ament_cmake_args=None, catkin_cmake_args=None, catkin_skip_building_tests=False, verb_parser=<colcon_defaults.argument_parser.defaults.DefaultArgumentsDecorator object at 0x7ff1fbd85060>, verb_extension=<colcon_core.verb.build.BuildVerb object at 0x7ff1fbd84040>, main=<bound method BuildVerb.main of <colcon_core.verb.build.BuildVerb object at 0x7ff1fbd84040>>)
[0.233s] Level 1:colcon.colcon_core.package_discovery:discover_packages(colcon_meta) check parameters
[0.233s] Level 1:colcon.colcon_core.package_discovery:discover_packages(recursive) check parameters
[0.233s] Level 1:colcon.colcon_core.package_discovery:discover_packages(ignore) check parameters
[0.233s] Level 1:colcon.colcon_core.package_discovery:discover_packages(path) check parameters
[0.233s] Level 1:colcon.colcon_core.package_discovery:discover_packages(colcon_meta) discover
[0.233s] Level 1:colcon.colcon_core.package_discovery:discover_packages(recursive) discover
[0.233s] INFO:colcon.colcon_core.package_discovery:Crawling recursively for packages in '/workspace'
[0.234s] Level 1:colcon.colcon_core.package_identification:_identify(.) by extensions ['ignore', 'ignore_ament_install']
[0.234s] Level 1:colcon.colcon_core.package_identification:_identify(.) by extension 'ignore'
[0.234s] Level 1:colcon.colcon_core.package_identification:_identify(.) by extension 'ignore_ament_install'
[0.234s] Level 1:colcon.colcon_core.package_identification:_identify(.) by extensions ['colcon_pkg']
[0.234s] Level 1:colcon.colcon_core.package_identification:_identify(.) by extension 'colcon_pkg'
[0.234s] Level 1:colcon.colcon_core.package_identification:_identify(.) by extensions ['colcon_meta']
[0.234s] Level 1:colcon.colcon_core.package_identification:_identify(.) by extension 'colcon_meta'
[0.234s] Level 1:colcon.colcon_core.package_identification:_identify(.) by extensions ['ros']
[0.234s] Level 1:colcon.colcon_core.package_identification:_identify(.) by extension 'ros'
[0.245s] Level 1:colcon.colcon_core.package_identification:_identify(.) by extensions ['cmake', 'python']
[0.245s] Level 1:colcon.colcon_core.package_identification:_identify(.) by extension 'cmake'
[0.245s] Level 1:colcon.colcon_core.package_identification:_identify(.) by extension 'python'
[0.245s] Level 1:colcon.colcon_core.package_identification:_identify(.) by extensions ['python_setup_py']
[0.245s] Level 1:colcon.colcon_core.package_identification:_identify(.) by extension 'python_setup_py'
[0.245s] Level 1:colcon.colcon_core.package_identification:_identify(build) by extensions ['ignore', 'ignore_ament_install']
[0.245s] Level 1:colcon.colcon_core.package_identification:_identify(build) by extension 'ignore'
[0.245s] Level 1:colcon.colcon_core.package_identification:_identify(build) ignored
[0.246s] Level 1:colcon.colcon_core.package_identification:_identify(docker) by extensions ['ignore', 'ignore_ament_install']
[0.246s] Level 1:colcon.colcon_core.package_identification:_identify(docker) by extension 'ignore'
[0.246s] Level 1:colcon.colcon_core.package_identification:_identify(docker) by extension 'ignore_ament_install'
[0.246s] Level 1:colcon.colcon_core.package_identification:_identify(docker) by extensions ['colcon_pkg']
[0.246s] Level 1:colcon.colcon_core.package_identification:_identify(docker) by extension 'colcon_pkg'
[0.246s] Level 1:colcon.colcon_core.package_identification:_identify(docker) by extensions ['colcon_meta']
[0.246s] Level 1:colcon.colcon_core.package_identification:_identify(docker) by extension 'colcon_meta'
[0.246s] Level 1:colcon.colcon_core.package_identification:_identify(docker) by extensions ['ros']
[0.246s] Level 1:colcon.colcon_core.package_identification:_identify(docker) by extension 'ros'
[0.246s] Level 1:colcon.colcon_core.package_identification:_identify(docker) by extensions ['cmake', 'python']
[0.246s] Level 1:colcon.colcon_core.package_identification:_identify(docker) by extension 'cmake'
[0.246s] Level 1:colcon.colcon_core.package_identification:_identify(docker) by extension 'python'
[0.246s] Level 1:colcon.colcon_core.package_identification:_identify(docker) by extensions ['python_setup_py']
[0.246s] Level 1:colcon.colcon_core.package_identification:_identify(docker) by extension 'python_setup_py'
[0.246s] Level 1:colcon.colcon_core.package_identification:_identify(docker/jetson) by extensions ['ignore', 'ignore_ament_install']
[0.247s] Level 1:colcon.colcon_core.package_identification:_identify(docker/jetson) by extension 'ignore'
[0.247s] Level 1:colcon.colcon_core.package_identification:_identify(docker/jetson) by extension 'ignore_ament_install'
[0.247s] Level 1:colcon.colcon_core.package_identification:_identify(docker/jetson) by extensions ['colcon_pkg']
[0.247s] Level 1:colcon.colcon_core.package_identification:_identify(docker/jetson) by extension 'colcon_pkg'
[0.247s] Level 1:colcon.colcon_core.package_identification:_identify(docker/jetson) by extensions ['colcon_meta']
[0.247s] Level 1:colcon.colcon_core.package_identification:_identify(docker/jetson) by extension 'colcon_meta'
[0.247s] Level 1:colcon.colcon_core.package_identification:_identify(docker/jetson) by extensions ['ros']
[0.247s] Level 1:colcon.colcon_core.package_identification:_identify(docker/jetson) by extension 'ros'
[0.247s] Level 1:colcon.colcon_core.package_identification:_identify(docker/jetson) by extensions ['cmake', 'python']
[0.247s] Level 1:colcon.colcon_core.package_identification:_identify(docker/jetson) by extension 'cmake'
[0.247s] Level 1:colcon.colcon_core.package_identification:_identify(docker/jetson) by extension 'python'
[0.247s] Level 1:colcon.colcon_core.package_identification:_identify(docker/jetson) by extensions ['python_setup_py']
[0.247s] Level 1:colcon.colcon_core.package_identification:_identify(docker/jetson) by extension 'python_setup_py'
[0.247s] Level 1:colcon.colcon_core.package_identification:_identify(docker/ubuntu) by extensions ['ignore', 'ignore_ament_install']
[0.247s] Level 1:colcon.colcon_core.package_identification:_identify(docker/ubuntu) by extension 'ignore'
[0.247s] Level 1:colcon.colcon_core.package_identification:_identify(docker/ubuntu) by extension 'ignore_ament_install'
[0.247s] Level 1:colcon.colcon_core.package_identification:_identify(docker/ubuntu) by extensions ['colcon_pkg']
[0.247s] Level 1:colcon.colcon_core.package_identification:_identify(docker/ubuntu) by extension 'colcon_pkg'
[0.247s] Level 1:colcon.colcon_core.package_identification:_identify(docker/ubuntu) by extensions ['colcon_meta']
[0.247s] Level 1:colcon.colcon_core.package_identification:_identify(docker/ubuntu) by extension 'colcon_meta'
[0.247s] Level 1:colcon.colcon_core.package_identification:_identify(docker/ubuntu) by extensions ['ros']
[0.247s] Level 1:colcon.colcon_core.package_identification:_identify(docker/ubuntu) by extension 'ros'
[0.247s] Level 1:colcon.colcon_core.package_identification:_identify(docker/ubuntu) by extensions ['cmake', 'python']
[0.247s] Level 1:colcon.colcon_core.package_identification:_identify(docker/ubuntu) by extension 'cmake'
[0.248s] Level 1:colcon.colcon_core.package_identification:_identify(docker/ubuntu) by extension 'python'
[0.248s] Level 1:colcon.colcon_core.package_identification:_identify(docker/ubuntu) by extensions ['python_setup_py']
[0.248s] Level 1:colcon.colcon_core.package_identification:_identify(docker/ubuntu) by extension 'python_setup_py'
[0.248s] Level 1:colcon.colcon_core.package_identification:_identify(install) by extensions ['ignore', 'ignore_ament_install']
[0.248s] Level 1:colcon.colcon_core.package_identification:_identify(install) by extension 'ignore'
[0.248s] Level 1:colcon.colcon_core.package_identification:_identify(install) ignored
[0.248s] Level 1:colcon.colcon_core.package_identification:_identify(log) by extensions ['ignore', 'ignore_ament_install']
[0.248s] Level 1:colcon.colcon_core.package_identification:_identify(log) by extension 'ignore'
[0.248s] Level 1:colcon.colcon_core.package_identification:_identify(log) ignored
[0.248s] Level 1:colcon.colcon_core.package_identification:_identify(src) by extensions ['ignore', 'ignore_ament_install']
[0.248s] Level 1:colcon.colcon_core.package_identification:_identify(src) by extension 'ignore'
[0.248s] Level 1:colcon.colcon_core.package_identification:_identify(src) by extension 'ignore_ament_install'
[0.248s] Level 1:colcon.colcon_core.package_identification:_identify(src) by extensions ['colcon_pkg']
[0.248s] Level 1:colcon.colcon_core.package_identification:_identify(src) by extension 'colcon_pkg'
[0.248s] Level 1:colcon.colcon_core.package_identification:_identify(src) by extensions ['colcon_meta']
[0.248s] Level 1:colcon.colcon_core.package_identification:_identify(src) by extension 'colcon_meta'
[0.248s] Level 1:colcon.colcon_core.package_identification:_identify(src) by extensions ['ros']
[0.248s] Level 1:colcon.colcon_core.package_identification:_identify(src) by extension 'ros'
[0.249s] Level 1:colcon.colcon_core.package_identification:_identify(src) by extensions ['cmake', 'python']
[0.249s] Level 1:colcon.colcon_core.package_identification:_identify(src) by extension 'cmake'
[0.249s] Level 1:colcon.colcon_core.package_identification:_identify(src) by extension 'python'
[0.249s] Level 1:colcon.colcon_core.package_identification:_identify(src) by extensions ['python_setup_py']
[0.249s] Level 1:colcon.colcon_core.package_identification:_identify(src) by extension 'python_setup_py'
[0.249s] Level 1:colcon.colcon_core.package_identification:_identify(src/arduino) by extensions ['ignore', 'ignore_ament_install']
[0.249s] Level 1:colcon.colcon_core.package_identification:_identify(src/arduino) by extension 'ignore'
[0.249s] Level 1:colcon.colcon_core.package_identification:_identify(src/arduino) by extension 'ignore_ament_install'
[0.249s] Level 1:colcon.colcon_core.package_identification:_identify(src/arduino) by extensions ['colcon_pkg']
[0.249s] Level 1:colcon.colcon_core.package_identification:_identify(src/arduino) by extension 'colcon_pkg'
[0.249s] Level 1:colcon.colcon_core.package_identification:_identify(src/arduino) by extensions ['colcon_meta']
[0.249s] Level 1:colcon.colcon_core.package_identification:_identify(src/arduino) by extension 'colcon_meta'
[0.249s] Level 1:colcon.colcon_core.package_identification:_identify(src/arduino) by extensions ['ros']
[0.249s] Level 1:colcon.colcon_core.package_identification:_identify(src/arduino) by extension 'ros'
[0.249s] Level 1:colcon.colcon_core.package_identification:_identify(src/arduino) by extensions ['cmake', 'python']
[0.249s] Level 1:colcon.colcon_core.package_identification:_identify(src/arduino) by extension 'cmake'
[0.249s] Level 1:colcon.colcon_core.package_identification:_identify(src/arduino) by extension 'python'
[0.249s] Level 1:colcon.colcon_core.package_identification:_identify(src/arduino) by extensions ['python_setup_py']
[0.249s] Level 1:colcon.colcon_core.package_identification:_identify(src/arduino) by extension 'python_setup_py'
[0.249s] Level 1:colcon.colcon_core.package_identification:_identify(src/arduino/range_rx_0) by extensions ['ignore', 'ignore_ament_install']
[0.249s] Level 1:colcon.colcon_core.package_identification:_identify(src/arduino/range_rx_0) by extension 'ignore'
[0.249s] Level 1:colcon.colcon_core.package_identification:_identify(src/arduino/range_rx_0) by extension 'ignore_ament_install'
[0.250s] Level 1:colcon.colcon_core.package_identification:_identify(src/arduino/range_rx_0) by extensions ['colcon_pkg']
[0.250s] Level 1:colcon.colcon_core.package_identification:_identify(src/arduino/range_rx_0) by extension 'colcon_pkg'
[0.250s] Level 1:colcon.colcon_core.package_identification:_identify(src/arduino/range_rx_0) by extensions ['colcon_meta']
[0.250s] Level 1:colcon.colcon_core.package_identification:_identify(src/arduino/range_rx_0) by extension 'colcon_meta'
[0.250s] Level 1:colcon.colcon_core.package_identification:_identify(src/arduino/range_rx_0) by extensions ['ros']
[0.250s] Level 1:colcon.colcon_core.package_identification:_identify(src/arduino/range_rx_0) by extension 'ros'
[0.250s] Level 1:colcon.colcon_core.package_identification:_identify(src/arduino/range_rx_0) by extensions ['cmake', 'python']
[0.250s] Level 1:colcon.colcon_core.package_identification:_identify(src/arduino/range_rx_0) by extension 'cmake'
[0.250s] Level 1:colcon.colcon_core.package_identification:_identify(src/arduino/range_rx_0) by extension 'python'
[0.250s] Level 1:colcon.colcon_core.package_identification:_identify(src/arduino/range_rx_0) by extensions ['python_setup_py']
[0.250s] Level 1:colcon.colcon_core.package_identification:_identify(src/arduino/range_rx_0) by extension 'python_setup_py'
[0.250s] Level 1:colcon.colcon_core.package_identification:_identify(src/arduino/range_rx_1) by extensions ['ignore', 'ignore_ament_install']
[0.250s] Level 1:colcon.colcon_core.package_identification:_identify(src/arduino/range_rx_1) by extension 'ignore'
[0.250s] Level 1:colcon.colcon_core.package_identification:_identify(src/arduino/range_rx_1) by extension 'ignore_ament_install'
[0.250s] Level 1:colcon.colcon_core.package_identification:_identify(src/arduino/range_rx_1) by extensions ['colcon_pkg']
[0.250s] Level 1:colcon.colcon_core.package_identification:_identify(src/arduino/range_rx_1) by extension 'colcon_pkg'
[0.250s] Level 1:colcon.colcon_core.package_identification:_identify(src/arduino/range_rx_1) by extensions ['colcon_meta']
[0.250s] Level 1:colcon.colcon_core.package_identification:_identify(src/arduino/range_rx_1) by extension 'colcon_meta'
[0.250s] Level 1:colcon.colcon_core.package_identification:_identify(src/arduino/range_rx_1) by extensions ['ros']
[0.250s] Level 1:colcon.colcon_core.package_identification:_identify(src/arduino/range_rx_1) by extension 'ros'
[0.250s] Level 1:colcon.colcon_core.package_identification:_identify(src/arduino/range_rx_1) by extensions ['cmake', 'python']
[0.250s] Level 1:colcon.colcon_core.package_identification:_identify(src/arduino/range_rx_1) by extension 'cmake'
[0.250s] Level 1:colcon.colcon_core.package_identification:_identify(src/arduino/range_rx_1) by extension 'python'
[0.250s] Level 1:colcon.colcon_core.package_identification:_identify(src/arduino/range_rx_1) by extensions ['python_setup_py']
[0.250s] Level 1:colcon.colcon_core.package_identification:_identify(src/arduino/range_rx_1) by extension 'python_setup_py'
[0.251s] Level 1:colcon.colcon_core.package_identification:_identify(src/arduino/range_rx_2) by extensions ['ignore', 'ignore_ament_install']
[0.251s] Level 1:colcon.colcon_core.package_identification:_identify(src/arduino/range_rx_2) by extension 'ignore'
[0.251s] Level 1:colcon.colcon_core.package_identification:_identify(src/arduino/range_rx_2) by extension 'ignore_ament_install'
[0.251s] Level 1:colcon.colcon_core.package_identification:_identify(src/arduino/range_rx_2) by extensions ['colcon_pkg']
[0.251s] Level 1:colcon.colcon_core.package_identification:_identify(src/arduino/range_rx_2) by extension 'colcon_pkg'
[0.251s] Level 1:colcon.colcon_core.package_identification:_identify(src/arduino/range_rx_2) by extensions ['colcon_meta']
[0.251s] Level 1:colcon.colcon_core.package_identification:_identify(src/arduino/range_rx_2) by extension 'colcon_meta'
[0.251s] Level 1:colcon.colcon_core.package_identification:_identify(src/arduino/range_rx_2) by extensions ['ros']
[0.251s] Level 1:colcon.colcon_core.package_identification:_identify(src/arduino/range_rx_2) by extension 'ros'
[0.251s] Level 1:colcon.colcon_core.package_identification:_identify(src/arduino/range_rx_2) by extensions ['cmake', 'python']
[0.251s] Level 1:colcon.colcon_core.package_identification:_identify(src/arduino/range_rx_2) by extension 'cmake'
[0.251s] Level 1:colcon.colcon_core.package_identification:_identify(src/arduino/range_rx_2) by extension 'python'
[0.251s] Level 1:colcon.colcon_core.package_identification:_identify(src/arduino/range_rx_2) by extensions ['python_setup_py']
[0.251s] Level 1:colcon.colcon_core.package_identification:_identify(src/arduino/range_rx_2) by extension 'python_setup_py'
[0.251s] Level 1:colcon.colcon_core.package_identification:_identify(src/arduino/range_rx_3) by extensions ['ignore', 'ignore_ament_install']
[0.251s] Level 1:colcon.colcon_core.package_identification:_identify(src/arduino/range_rx_3) by extension 'ignore'
[0.251s] Level 1:colcon.colcon_core.package_identification:_identify(src/arduino/range_rx_3) by extension 'ignore_ament_install'
[0.251s] Level 1:colcon.colcon_core.package_identification:_identify(src/arduino/range_rx_3) by extensions ['colcon_pkg']
[0.251s] Level 1:colcon.colcon_core.package_identification:_identify(src/arduino/range_rx_3) by extension 'colcon_pkg'
[0.251s] Level 1:colcon.colcon_core.package_identification:_identify(src/arduino/range_rx_3) by extensions ['colcon_meta']
[0.251s] Level 1:colcon.colcon_core.package_identification:_identify(src/arduino/range_rx_3) by extension 'colcon_meta'
[0.252s] Level 1:colcon.colcon_core.package_identification:_identify(src/arduino/range_rx_3) by extensions ['ros']
[0.252s] Level 1:colcon.colcon_core.package_identification:_identify(src/arduino/range_rx_3) by extension 'ros'
[0.252s] Level 1:colcon.colcon_core.package_identification:_identify(src/arduino/range_rx_3) by extensions ['cmake', 'python']
[0.252s] Level 1:colcon.colcon_core.package_identification:_identify(src/arduino/range_rx_3) by extension 'cmake'
[0.252s] Level 1:colcon.colcon_core.package_identification:_identify(src/arduino/range_rx_3) by extension 'python'
[0.252s] Level 1:colcon.colcon_core.package_identification:_identify(src/arduino/range_rx_3) by extensions ['python_setup_py']
[0.252s] Level 1:colcon.colcon_core.package_identification:_identify(src/arduino/range_rx_3) by extension 'python_setup_py'
[0.252s] Level 1:colcon.colcon_core.package_identification:_identify(src/arduino/range_rx_4) by extensions ['ignore', 'ignore_ament_install']
[0.252s] Level 1:colcon.colcon_core.package_identification:_identify(src/arduino/range_rx_4) by extension 'ignore'
[0.252s] Level 1:colcon.colcon_core.package_identification:_identify(src/arduino/range_rx_4) by extension 'ignore_ament_install'
[0.252s] Level 1:colcon.colcon_core.package_identification:_identify(src/arduino/range_rx_4) by extensions ['colcon_pkg']
[0.252s] Level 1:colcon.colcon_core.package_identification:_identify(src/arduino/range_rx_4) by extension 'colcon_pkg'
[0.252s] Level 1:colcon.colcon_core.package_identification:_identify(src/arduino/range_rx_4) by extensions ['colcon_meta']
[0.252s] Level 1:colcon.colcon_core.package_identification:_identify(src/arduino/range_rx_4) by extension 'colcon_meta'
[0.252s] Level 1:colcon.colcon_core.package_identification:_identify(src/arduino/range_rx_4) by extensions ['ros']
[0.252s] Level 1:colcon.colcon_core.package_identification:_identify(src/arduino/range_rx_4) by extension 'ros'
[0.252s] Level 1:colcon.colcon_core.package_identification:_identify(src/arduino/range_rx_4) by extensions ['cmake', 'python']
[0.252s] Level 1:colcon.colcon_core.package_identification:_identify(src/arduino/range_rx_4) by extension 'cmake'
[0.252s] Level 1:colcon.colcon_core.package_identification:_identify(src/arduino/range_rx_4) by extension 'python'
[0.253s] Level 1:colcon.colcon_core.package_identification:_identify(src/arduino/range_rx_4) by extensions ['python_setup_py']
[0.253s] Level 1:colcon.colcon_core.package_identification:_identify(src/arduino/range_rx_4) by extension 'python_setup_py'
[0.253s] Level 1:colcon.colcon_core.package_identification:_identify(src/arduino/range_rx_5) by extensions ['ignore', 'ignore_ament_install']
[0.253s] Level 1:colcon.colcon_core.package_identification:_identify(src/arduino/range_rx_5) by extension 'ignore'
[0.253s] Level 1:colcon.colcon_core.package_identification:_identify(src/arduino/range_rx_5) by extension 'ignore_ament_install'
[0.253s] Level 1:colcon.colcon_core.package_identification:_identify(src/arduino/range_rx_5) by extensions ['colcon_pkg']
[0.253s] Level 1:colcon.colcon_core.package_identification:_identify(src/arduino/range_rx_5) by extension 'colcon_pkg'
[0.253s] Level 1:colcon.colcon_core.package_identification:_identify(src/arduino/range_rx_5) by extensions ['colcon_meta']
[0.253s] Level 1:colcon.colcon_core.package_identification:_identify(src/arduino/range_rx_5) by extension 'colcon_meta'
[0.253s] Level 1:colcon.colcon_core.package_identification:_identify(src/arduino/range_rx_5) by extensions ['ros']
[0.253s] Level 1:colcon.colcon_core.package_identification:_identify(src/arduino/range_rx_5) by extension 'ros'
[0.253s] Level 1:colcon.colcon_core.package_identification:_identify(src/arduino/range_rx_5) by extensions ['cmake', 'python']
[0.253s] Level 1:colcon.colcon_core.package_identification:_identify(src/arduino/range_rx_5) by extension 'cmake'
[0.253s] Level 1:colcon.colcon_core.package_identification:_identify(src/arduino/range_rx_5) by extension 'python'
[0.253s] Level 1:colcon.colcon_core.package_identification:_identify(src/arduino/range_rx_5) by extensions ['python_setup_py']
[0.253s] Level 1:colcon.colcon_core.package_identification:_identify(src/arduino/range_rx_5) by extension 'python_setup_py'
[0.253s] Level 1:colcon.colcon_core.package_identification:_identify(src/arduino/range_rx_6) by extensions ['ignore', 'ignore_ament_install']
[0.253s] Level 1:colcon.colcon_core.package_identification:_identify(src/arduino/range_rx_6) by extension 'ignore'
[0.253s] Level 1:colcon.colcon_core.package_identification:_identify(src/arduino/range_rx_6) by extension 'ignore_ament_install'
[0.254s] Level 1:colcon.colcon_core.package_identification:_identify(src/arduino/range_rx_6) by extensions ['colcon_pkg']
[0.254s] Level 1:colcon.colcon_core.package_identification:_identify(src/arduino/range_rx_6) by extension 'colcon_pkg'
[0.254s] Level 1:colcon.colcon_core.package_identification:_identify(src/arduino/range_rx_6) by extensions ['colcon_meta']
[0.254s] Level 1:colcon.colcon_core.package_identification:_identify(src/arduino/range_rx_6) by extension 'colcon_meta'
[0.254s] Level 1:colcon.colcon_core.package_identification:_identify(src/arduino/range_rx_6) by extensions ['ros']
[0.254s] Level 1:colcon.colcon_core.package_identification:_identify(src/arduino/range_rx_6) by extension 'ros'
[0.254s] Level 1:colcon.colcon_core.package_identification:_identify(src/arduino/range_rx_6) by extensions ['cmake', 'python']
[0.254s] Level 1:colcon.colcon_core.package_identification:_identify(src/arduino/range_rx_6) by extension 'cmake'
[0.254s] Level 1:colcon.colcon_core.package_identification:_identify(src/arduino/range_rx_6) by extension 'python'
[0.254s] Level 1:colcon.colcon_core.package_identification:_identify(src/arduino/range_rx_6) by extensions ['python_setup_py']
[0.254s] Level 1:colcon.colcon_core.package_identification:_identify(src/arduino/range_rx_6) by extension 'python_setup_py'
[0.254s] Level 1:colcon.colcon_core.package_identification:_identify(src/arduino/range_tx) by extensions ['ignore', 'ignore_ament_install']
[0.254s] Level 1:colcon.colcon_core.package_identification:_identify(src/arduino/range_tx) by extension 'ignore'
[0.254s] Level 1:colcon.colcon_core.package_identification:_identify(src/arduino/range_tx) by extension 'ignore_ament_install'
[0.254s] Level 1:colcon.colcon_core.package_identification:_identify(src/arduino/range_tx) by extensions ['colcon_pkg']
[0.254s] Level 1:colcon.colcon_core.package_identification:_identify(src/arduino/range_tx) by extension 'colcon_pkg'
[0.254s] Level 1:colcon.colcon_core.package_identification:_identify(src/arduino/range_tx) by extensions ['colcon_meta']
[0.254s] Level 1:colcon.colcon_core.package_identification:_identify(src/arduino/range_tx) by extension 'colcon_meta'
[0.254s] Level 1:colcon.colcon_core.package_identification:_identify(src/arduino/range_tx) by extensions ['ros']
[0.254s] Level 1:colcon.colcon_core.package_identification:_identify(src/arduino/range_tx) by extension 'ros'
[0.255s] Level 1:colcon.colcon_core.package_identification:_identify(src/arduino/range_tx) by extensions ['cmake', 'python']
[0.255s] Level 1:colcon.colcon_core.package_identification:_identify(src/arduino/range_tx) by extension 'cmake'
[0.255s] Level 1:colcon.colcon_core.package_identification:_identify(src/arduino/range_tx) by extension 'python'
[0.255s] Level 1:colcon.colcon_core.package_identification:_identify(src/arduino/range_tx) by extensions ['python_setup_py']
[0.255s] Level 1:colcon.colcon_core.package_identification:_identify(src/arduino/range_tx) by extension 'python_setup_py'
[0.255s] Level 1:colcon.colcon_core.package_identification:_identify(src/camera) by extensions ['ignore', 'ignore_ament_install']
[0.255s] Level 1:colcon.colcon_core.package_identification:_identify(src/camera) by extension 'ignore'
[0.255s] Level 1:colcon.colcon_core.package_identification:_identify(src/camera) by extension 'ignore_ament_install'
[0.255s] Level 1:colcon.colcon_core.package_identification:_identify(src/camera) by extensions ['colcon_pkg']
[0.255s] Level 1:colcon.colcon_core.package_identification:_identify(src/camera) by extension 'colcon_pkg'
[0.255s] Level 1:colcon.colcon_core.package_identification:_identify(src/camera) by extensions ['colcon_meta']
[0.255s] Level 1:colcon.colcon_core.package_identification:_identify(src/camera) by extension 'colcon_meta'
[0.255s] Level 1:colcon.colcon_core.package_identification:_identify(src/camera) by extensions ['ros']
[0.255s] Level 1:colcon.colcon_core.package_identification:_identify(src/camera) by extension 'ros'
[0.257s] DEBUG:colcon.colcon_core.package_identification:Package 'src/camera' with type 'ros.ament_python' and name 'camera'
[0.258s] Level 1:colcon.colcon_core.package_identification:_identify(src/obstacle_detect_last) by extensions ['ignore', 'ignore_ament_install']
[0.258s] Level 1:colcon.colcon_core.package_identification:_identify(src/obstacle_detect_last) by extension 'ignore'
[0.258s] Level 1:colcon.colcon_core.package_identification:_identify(src/obstacle_detect_last) by extension 'ignore_ament_install'
[0.258s] Level 1:colcon.colcon_core.package_identification:_identify(src/obstacle_detect_last) by extensions ['colcon_pkg']
[0.258s] Level 1:colcon.colcon_core.package_identification:_identify(src/obstacle_detect_last) by extension 'colcon_pkg'
[0.258s] Level 1:colcon.colcon_core.package_identification:_identify(src/obstacle_detect_last) by extensions ['colcon_meta']
[0.258s] Level 1:colcon.colcon_core.package_identification:_identify(src/obstacle_detect_last) by extension 'colcon_meta'
[0.258s] Level 1:colcon.colcon_core.package_identification:_identify(src/obstacle_detect_last) by extensions ['ros']
[0.258s] Level 1:colcon.colcon_core.package_identification:_identify(src/obstacle_detect_last) by extension 'ros'
[0.259s] DEBUG:colcon.colcon_core.package_identification:Package 'src/obstacle_detect_last' with type 'ros.ament_python' and name 'obstacle_detect_last'
[0.259s] Level 1:colcon.colcon_core.package_identification:_identify(src/record) by extensions ['ignore', 'ignore_ament_install']
[0.259s] Level 1:colcon.colcon_core.package_identification:_identify(src/record) by extension 'ignore'
[0.259s] Level 1:colcon.colcon_core.package_identification:_identify(src/record) by extension 'ignore_ament_install'
[0.259s] Level 1:colcon.colcon_core.package_identification:_identify(src/record) by extensions ['colcon_pkg']
[0.259s] Level 1:colcon.colcon_core.package_identification:_identify(src/record) by extension 'colcon_pkg'
[0.259s] Level 1:colcon.colcon_core.package_identification:_identify(src/record) by extensions ['colcon_meta']
[0.259s] Level 1:colcon.colcon_core.package_identification:_identify(src/record) by extension 'colcon_meta'
[0.259s] Level 1:colcon.colcon_core.package_identification:_identify(src/record) by extensions ['ros']
[0.259s] Level 1:colcon.colcon_core.package_identification:_identify(src/record) by extension 'ros'
[0.260s] DEBUG:colcon.colcon_core.package_identification:Package 'src/record' with type 'ros.ament_python' and name 'record'
[0.260s] Level 1:colcon.colcon_core.package_identification:_identify(src/track) by extensions ['ignore', 'ignore_ament_install']
[0.260s] Level 1:colcon.colcon_core.package_identification:_identify(src/track) by extension 'ignore'
[0.260s] Level 1:colcon.colcon_core.package_identification:_identify(src/track) by extension 'ignore_ament_install'
[0.260s] Level 1:colcon.colcon_core.package_identification:_identify(src/track) by extensions ['colcon_pkg']
[0.260s] Level 1:colcon.colcon_core.package_identification:_identify(src/track) by extension 'colcon_pkg'
[0.260s] Level 1:colcon.colcon_core.package_identification:_identify(src/track) by extensions ['colcon_meta']
[0.260s] Level 1:colcon.colcon_core.package_identification:_identify(src/track) by extension 'colcon_meta'
[0.260s] Level 1:colcon.colcon_core.package_identification:_identify(src/track) by extensions ['ros']
[0.260s] Level 1:colcon.colcon_core.package_identification:_identify(src/track) by extension 'ros'
[0.261s] DEBUG:colcon.colcon_core.package_identification:Package 'src/track' with type 'ros.ament_python' and name 'track'
[0.261s] Level 1:colcon.colcon_core.package_identification:_identify(src/us_pkg8) by extensions ['ignore', 'ignore_ament_install']
[0.261s] Level 1:colcon.colcon_core.package_identification:_identify(src/us_pkg8) by extension 'ignore'
[0.261s] Level 1:colcon.colcon_core.package_identification:_identify(src/us_pkg8) by extension 'ignore_ament_install'
[0.261s] Level 1:colcon.colcon_core.package_identification:_identify(src/us_pkg8) by extensions ['colcon_pkg']
[0.261s] Level 1:colcon.colcon_core.package_identification:_identify(src/us_pkg8) by extension 'colcon_pkg'
[0.261s] Level 1:colcon.colcon_core.package_identification:_identify(src/us_pkg8) by extensions ['colcon_meta']
[0.261s] Level 1:colcon.colcon_core.package_identification:_identify(src/us_pkg8) by extension 'colcon_meta'
[0.261s] Level 1:colcon.colcon_core.package_identification:_identify(src/us_pkg8) by extensions ['ros']
[0.261s] Level 1:colcon.colcon_core.package_identification:_identify(src/us_pkg8) by extension 'ros'
[0.261s] DEBUG:colcon.colcon_core.package_identification:Package 'src/us_pkg8' with type 'ros.ament_python' and name 'us_pkg8'
[0.262s] Level 1:colcon.colcon_core.package_identification:_identify(src/uwb) by extensions ['ignore', 'ignore_ament_install']
[0.262s] Level 1:colcon.colcon_core.package_identification:_identify(src/uwb) by extension 'ignore'
[0.262s] Level 1:colcon.colcon_core.package_identification:_identify(src/uwb) by extension 'ignore_ament_install'
[0.262s] Level 1:colcon.colcon_core.package_identification:_identify(src/uwb) by extensions ['colcon_pkg']
[0.262s] Level 1:colcon.colcon_core.package_identification:_identify(src/uwb) by extension 'colcon_pkg'
[0.262s] Level 1:colcon.colcon_core.package_identification:_identify(src/uwb) by extensions ['colcon_meta']
[0.262s] Level 1:colcon.colcon_core.package_identification:_identify(src/uwb) by extension 'colcon_meta'
[0.262s] Level 1:colcon.colcon_core.package_identification:_identify(src/uwb) by extensions ['ros']
[0.262s] Level 1:colcon.colcon_core.package_identification:_identify(src/uwb) by extension 'ros'
[0.262s] DEBUG:colcon.colcon_core.package_identification:Package 'src/uwb' with type 'ros.ament_python' and name 'uwb'
[0.262s] Level 1:colcon.colcon_core.package_identification:_identify(src/visualization) by extensions ['ignore', 'ignore_ament_install']
[0.262s] Level 1:colcon.colcon_core.package_identification:_identify(src/visualization) by extension 'ignore'
[0.262s] Level 1:colcon.colcon_core.package_identification:_identify(src/visualization) by extension 'ignore_ament_install'
[0.263s] Level 1:colcon.colcon_core.package_identification:_identify(src/visualization) by extensions ['colcon_pkg']
[0.263s] Level 1:colcon.colcon_core.package_identification:_identify(src/visualization) by extension 'colcon_pkg'
[0.263s] Level 1:colcon.colcon_core.package_identification:_identify(src/visualization) by extensions ['colcon_meta']
[0.263s] Level 1:colcon.colcon_core.package_identification:_identify(src/visualization) by extension 'colcon_meta'
[0.263s] Level 1:colcon.colcon_core.package_identification:_identify(src/visualization) by extensions ['ros']
[0.263s] Level 1:colcon.colcon_core.package_identification:_identify(src/visualization) by extension 'ros'
[0.263s] DEBUG:colcon.colcon_core.package_identification:Package 'src/visualization' with type 'ros.ament_python' and name 'visualization'
[0.263s] Level 1:colcon.colcon_core.package_discovery:discover_packages(recursive) using defaults
[0.263s] Level 1:colcon.colcon_core.package_discovery:discover_packages(ignore) discover
[0.263s] Level 1:colcon.colcon_core.package_discovery:discover_packages(ignore) using defaults
[0.263s] Level 1:colcon.colcon_core.package_discovery:discover_packages(path) discover
[0.263s] Level 1:colcon.colcon_core.package_discovery:discover_packages(path) using defaults
[0.282s] Level 1:colcon.colcon_core.package_discovery:discover_packages(prefix_path) check parameters
[0.282s] Level 1:colcon.colcon_core.package_discovery:discover_packages(prefix_path) discover
[0.284s] DEBUG:colcon.colcon_installed_package_information.package_discovery:Found 7 installed packages in /workspace/install
[0.286s] DEBUG:colcon.colcon_installed_package_information.package_discovery:Found 267 installed packages in /opt/ros/humble
[0.287s] Level 1:colcon.colcon_core.package_discovery:discover_packages(prefix_path) using defaults
[0.326s] Level 5:colcon.colcon_core.verb:set package 'camera' build argument 'cmake_args' from command line to 'None'
[0.326s] Level 5:colcon.colcon_core.verb:set package 'camera' build argument 'cmake_target' from command line to 'None'
[0.326s] Level 5:colcon.colcon_core.verb:set package 'camera' build argument 'cmake_target_skip_unavailable' from command line to 'False'
[0.326s] Level 5:colcon.colcon_core.verb:set package 'camera' build argument 'cmake_clean_cache' from command line to 'False'
[0.326s] Level 5:colcon.colcon_core.verb:set package 'camera' build argument 'cmake_clean_first' from command line to 'False'
[0.326s] Level 5:colcon.colcon_core.verb:set package 'camera' build argument 'cmake_force_configure' from command line to 'False'
[0.326s] Level 5:colcon.colcon_core.verb:set package 'camera' build argument 'ament_cmake_args' from command line to 'None'
[0.327s] Level 5:colcon.colcon_core.verb:set package 'camera' build argument 'catkin_cmake_args' from command line to 'None'
[0.327s] Level 5:colcon.colcon_core.verb:set package 'camera' build argument 'catkin_skip_building_tests' from command line to 'False'
[0.327s] DEBUG:colcon.colcon_core.verb:Building package 'camera' with the following arguments: {'ament_cmake_args': None, 'build_base': '/workspace/build/camera', 'catkin_cmake_args': None, 'catkin_skip_building_tests': False, 'cmake_args': None, 'cmake_clean_cache': False, 'cmake_clean_first': False, 'cmake_force_configure': False, 'cmake_target': None, 'cmake_target_skip_unavailable': False, 'install_base': '/workspace/install/camera', 'merge_install': False, 'path': '/workspace/src/camera', 'symlink_install': False, 'test_result_base': None}
[0.327s] Level 5:colcon.colcon_core.verb:set package 'obstacle_detect_last' build argument 'cmake_args' from command line to 'None'
[0.327s] Level 5:colcon.colcon_core.verb:set package 'obstacle_detect_last' build argument 'cmake_target' from command line to 'None'
[0.327s] Level 5:colcon.colcon_core.verb:set package 'obstacle_detect_last' build argument 'cmake_target_skip_unavailable' from command line to 'False'
[0.327s] Level 5:colcon.colcon_core.verb:set package 'obstacle_detect_last' build argument 'cmake_clean_cache' from command line to 'False'
[0.327s] Level 5:colcon.colcon_core.verb:set package 'obstacle_detect_last' build argument 'cmake_clean_first' from command line to 'False'
[0.327s] Level 5:colcon.colcon_core.verb:set package 'obstacle_detect_last' build argument 'cmake_force_configure' from command line to 'False'
[0.327s] Level 5:colcon.colcon_core.verb:set package 'obstacle_detect_last' build argument 'ament_cmake_args' from command line to 'None'
[0.327s] Level 5:colcon.colcon_core.verb:set package 'obstacle_detect_last' build argument 'catkin_cmake_args' from command line to 'None'
[0.327s] Level 5:colcon.colcon_core.verb:set package 'obstacle_detect_last' build argument 'catkin_skip_building_tests' from command line to 'False'
[0.327s] DEBUG:colcon.colcon_core.verb:Building package 'obstacle_detect_last' with the following arguments: {'ament_cmake_args': None, 'build_base': '/workspace/build/obstacle_detect_last', 'catkin_cmake_args': None, 'catkin_skip_building_tests': False, 'cmake_args': None, 'cmake_clean_cache': False, 'cmake_clean_first': False, 'cmake_force_configure': False, 'cmake_target': None, 'cmake_target_skip_unavailable': False, 'install_base': '/workspace/install/obstacle_detect_last', 'merge_install': False, 'path': '/workspace/src/obstacle_detect_last', 'symlink_install': False, 'test_result_base': None}
[0.327s] Level 5:colcon.colcon_core.verb:set package 'record' build argument 'cmake_args' from command line to 'None'
[0.327s] Level 5:colcon.colcon_core.verb:set package 'record' build argument 'cmake_target' from command line to 'None'
[0.327s] Level 5:colcon.colcon_core.verb:set package 'record' build argument 'cmake_target_skip_unavailable' from command line to 'False'
[0.327s] Level 5:colcon.colcon_core.verb:set package 'record' build argument 'cmake_clean_cache' from command line to 'False'
[0.327s] Level 5:colcon.colcon_core.verb:set package 'record' build argument 'cmake_clean_first' from command line to 'False'
[0.327s] Level 5:colcon.colcon_core.verb:set package 'record' build argument 'cmake_force_configure' from command line to 'False'
[0.327s] Level 5:colcon.colcon_core.verb:set package 'record' build argument 'ament_cmake_args' from command line to 'None'
[0.327s] Level 5:colcon.colcon_core.verb:set package 'record' build argument 'catkin_cmake_args' from command line to 'None'
[0.328s] Level 5:colcon.colcon_core.verb:set package 'record' build argument 'catkin_skip_building_tests' from command line to 'False'
[0.328s] DEBUG:colcon.colcon_core.verb:Building package 'record' with the following arguments: {'ament_cmake_args': None, 'build_base': '/workspace/build/record', 'catkin_cmake_args': None, 'catkin_skip_building_tests': False, 'cmake_args': None, 'cmake_clean_cache': False, 'cmake_clean_first': False, 'cmake_force_configure': False, 'cmake_target': None, 'cmake_target_skip_unavailable': False, 'install_base': '/workspace/install/record', 'merge_install': False, 'path': '/workspace/src/record', 'symlink_install': False, 'test_result_base': None}
[0.328s] Level 5:colcon.colcon_core.verb:set package 'track' build argument 'cmake_args' from command line to 'None'
[0.328s] Level 5:colcon.colcon_core.verb:set package 'track' build argument 'cmake_target' from command line to 'None'
[0.328s] Level 5:colcon.colcon_core.verb:set package 'track' build argument 'cmake_target_skip_unavailable' from command line to 'False'
[0.328s] Level 5:colcon.colcon_core.verb:set package 'track' build argument 'cmake_clean_cache' from command line to 'False'
[0.328s] Level 5:colcon.colcon_core.verb:set package 'track' build argument 'cmake_clean_first' from command line to 'False'
[0.328s] Level 5:colcon.colcon_core.verb:set package 'track' build argument 'cmake_force_configure' from command line to 'False'
[0.328s] Level 5:colcon.colcon_core.verb:set package 'track' build argument 'ament_cmake_args' from command line to 'None'
[0.328s] Level 5:colcon.colcon_core.verb:set package 'track' build argument 'catkin_cmake_args' from command line to 'None'
[0.328s] Level 5:colcon.colcon_core.verb:set package 'track' build argument 'catkin_skip_building_tests' from command line to 'False'
[0.328s] DEBUG:colcon.colcon_core.verb:Building package 'track' with the following arguments: {'ament_cmake_args': None, 'build_base': '/workspace/build/track', 'catkin_cmake_args': None, 'catkin_skip_building_tests': False, 'cmake_args': None, 'cmake_clean_cache': False, 'cmake_clean_first': False, 'cmake_force_configure': False, 'cmake_target': None, 'cmake_target_skip_unavailable': False, 'install_base': '/workspace/install/track', 'merge_install': False, 'path': '/workspace/src/track', 'symlink_install': False, 'test_result_base': None}
[0.328s] Level 5:colcon.colcon_core.verb:set package 'us_pkg8' build argument 'cmake_args' from command line to 'None'
[0.328s] Level 5:colcon.colcon_core.verb:set package 'us_pkg8' build argument 'cmake_target' from command line to 'None'
[0.328s] Level 5:colcon.colcon_core.verb:set package 'us_pkg8' build argument 'cmake_target_skip_unavailable' from command line to 'False'
[0.328s] Level 5:colcon.colcon_core.verb:set package 'us_pkg8' build argument 'cmake_clean_cache' from command line to 'False'
[0.328s] Level 5:colcon.colcon_core.verb:set package 'us_pkg8' build argument 'cmake_clean_first' from command line to 'False'
[0.328s] Level 5:colcon.colcon_core.verb:set package 'us_pkg8' build argument 'cmake_force_configure' from command line to 'False'
[0.328s] Level 5:colcon.colcon_core.verb:set package 'us_pkg8' build argument 'ament_cmake_args' from command line to 'None'
[0.328s] Level 5:colcon.colcon_core.verb:set package 'us_pkg8' build argument 'catkin_cmake_args' from command line to 'None'
[0.328s] Level 5:colcon.colcon_core.verb:set package 'us_pkg8' build argument 'catkin_skip_building_tests' from command line to 'False'
[0.328s] DEBUG:colcon.colcon_core.verb:Building package 'us_pkg8' with the following arguments: {'ament_cmake_args': None, 'build_base': '/workspace/build/us_pkg8', 'catkin_cmake_args': None, 'catkin_skip_building_tests': False, 'cmake_args': None, 'cmake_clean_cache': False, 'cmake_clean_first': False, 'cmake_force_configure': False, 'cmake_target': None, 'cmake_target_skip_unavailable': False, 'install_base': '/workspace/install/us_pkg8', 'merge_install': False, 'path': '/workspace/src/us_pkg8', 'symlink_install': False, 'test_result_base': None}
[0.329s] Level 5:colcon.colcon_core.verb:set package 'uwb' build argument 'cmake_args' from command line to 'None'
[0.329s] Level 5:colcon.colcon_core.verb:set package 'uwb' build argument 'cmake_target' from command line to 'None'
[0.329s] Level 5:colcon.colcon_core.verb:set package 'uwb' build argument 'cmake_target_skip_unavailable' from command line to 'False'
[0.329s] Level 5:colcon.colcon_core.verb:set package 'uwb' build argument 'cmake_clean_cache' from command line to 'False'
[0.329s] Level 5:colcon.colcon_core.verb:set package 'uwb' build argument 'cmake_clean_first' from command line to 'False'
[0.329s] Level 5:colcon.colcon_core.verb:set package 'uwb' build argument 'cmake_force_configure' from command line to 'False'
[0.329s] Level 5:colcon.colcon_core.verb:set package 'uwb' build argument 'ament_cmake_args' from command line to 'None'
[0.329s] Level 5:colcon.colcon_core.verb:set package 'uwb' build argument 'catkin_cmake_args' from command line to 'None'
[0.329s] Level 5:colcon.colcon_core.verb:set package 'uwb' build argument 'catkin_skip_building_tests' from command line to 'False'
[0.329s] DEBUG:colcon.colcon_core.verb:Building package 'uwb' with the following arguments: {'ament_cmake_args': None, 'build_base': '/workspace/build/uwb', 'catkin_cmake_args': None, 'catkin_skip_building_tests': False, 'cmake_args': None, 'cmake_clean_cache': False, 'cmake_clean_first': False, 'cmake_force_configure': False, 'cmake_target': None, 'cmake_target_skip_unavailable': False, 'install_base': '/workspace/install/uwb', 'merge_install': False, 'path': '/workspace/src/uwb', 'symlink_install': False, 'test_result_base': None}
[0.329s] Level 5:colcon.colcon_core.verb:set package 'visualization' build argument 'cmake_args' from command line to 'None'
[0.329s] Level 5:colcon.colcon_core.verb:set package 'visualization' build argument 'cmake_target' from command line to 'None'
[0.329s] Level 5:colcon.colcon_core.verb:set package 'visualization' build argument 'cmake_target_skip_unavailable' from command line to 'False'
[0.329s] Level 5:colcon.colcon_core.verb:set package 'visualization' build argument 'cmake_clean_cache' from command line to 'False'
[0.329s] Level 5:colcon.colcon_core.verb:set package 'visualization' build argument 'cmake_clean_first' from command line to 'False'
[0.329s] Level 5:colcon.colcon_core.verb:set package 'visualization' build argument 'cmake_force_configure' from command line to 'False'
[0.329s] Level 5:colcon.colcon_core.verb:set package 'visualization' build argument 'ament_cmake_args' from command line to 'None'
[0.329s] Level 5:colcon.colcon_core.verb:set package 'visualization' build argument 'catkin_cmake_args' from command line to 'None'
[0.329s] Level 5:colcon.colcon_core.verb:set package 'visualization' build argument 'catkin_skip_building_tests' from command line to 'False'
[0.329s] DEBUG:colcon.colcon_core.verb:Building package 'visualization' with the following arguments: {'ament_cmake_args': None, 'build_base': '/workspace/build/visualization', 'catkin_cmake_args': None, 'catkin_skip_building_tests': False, 'cmake_args': None, 'cmake_clean_cache': False, 'cmake_clean_first': False, 'cmake_force_configure': False, 'cmake_target': None, 'cmake_target_skip_unavailable': False, 'install_base': '/workspace/install/visualization', 'merge_install': False, 'path': '/workspace/src/visualization', 'symlink_install': False, 'test_result_base': None}
[0.329s] INFO:colcon.colcon_core.executor:Executing jobs using 'parallel' executor
[0.330s] DEBUG:colcon.colcon_parallel_executor.executor.parallel:run_until_complete
[0.331s] INFO:colcon.colcon_ros.task.ament_python.build:Building ROS package in '/workspace/src/camera' with build type 'ament_python'
[0.331s] Level 1:colcon.colcon_core.shell:create_environment_hook('camera', 'ament_prefix_path')
[0.333s] INFO:colcon.colcon_core.plugin_system:Skipping extension 'colcon_core.shell.bat': Not used on non-Windows systems
[0.333s] INFO:colcon.colcon_core.shell:Creating environment hook '/workspace/install/camera/share/camera/hook/ament_prefix_path.ps1'
[0.334s] INFO:colcon.colcon_core.shell:Creating environment descriptor '/workspace/install/camera/share/camera/hook/ament_prefix_path.dsv'
[0.334s] INFO:colcon.colcon_core.shell:Creating environment hook '/workspace/install/camera/share/camera/hook/ament_prefix_path.sh'
[0.335s] INFO:colcon.colcon_core.shell:Skip shell extension 'powershell' for command environment: Not usable outside of PowerShell
[0.335s] DEBUG:colcon.colcon_core.shell:Skip shell extension 'dsv' for command environment
[0.338s] INFO:colcon.colcon_ros.task.ament_python.build:Building ROS package in '/workspace/src/obstacle_detect_last' with build type 'ament_python'
[0.338s] Level 1:colcon.colcon_core.shell:create_environment_hook('obstacle_detect_last', 'ament_prefix_path')
[0.338s] INFO:colcon.colcon_core.shell:Creating environment hook '/workspace/install/obstacle_detect_last/share/obstacle_detect_last/hook/ament_prefix_path.ps1'
[0.339s] INFO:colcon.colcon_core.shell:Creating environment descriptor '/workspace/install/obstacle_detect_last/share/obstacle_detect_last/hook/ament_prefix_path.dsv'
[0.339s] INFO:colcon.colcon_core.shell:Creating environment hook '/workspace/install/obstacle_detect_last/share/obstacle_detect_last/hook/ament_prefix_path.sh'
[0.340s] INFO:colcon.colcon_core.shell:Skip shell extension 'powershell' for command environment: Not usable outside of PowerShell
[0.340s] DEBUG:colcon.colcon_core.shell:Skip shell extension 'dsv' for command environment
[0.343s] INFO:colcon.colcon_ros.task.ament_python.build:Building ROS package in '/workspace/src/record' with build type 'ament_python'
[0.343s] Level 1:colcon.colcon_core.shell:create_environment_hook('record', 'ament_prefix_path')
[0.343s] INFO:colcon.colcon_core.shell:Creating environment hook '/workspace/install/record/share/record/hook/ament_prefix_path.ps1'
[0.343s] INFO:colcon.colcon_core.shell:Creating environment descriptor '/workspace/install/record/share/record/hook/ament_prefix_path.dsv'
[0.344s] INFO:colcon.colcon_core.shell:Creating environment hook '/workspace/install/record/share/record/hook/ament_prefix_path.sh'
[0.344s] INFO:colcon.colcon_core.shell:Skip shell extension 'powershell' for command environment: Not usable outside of PowerShell
[0.344s] DEBUG:colcon.colcon_core.shell:Skip shell extension 'dsv' for command environment
[0.347s] INFO:colcon.colcon_ros.task.ament_python.build:Building ROS package in '/workspace/src/track' with build type 'ament_python'
[0.347s] Level 1:colcon.colcon_core.shell:create_environment_hook('track', 'ament_prefix_path')
[0.347s] INFO:colcon.colcon_core.shell:Creating environment hook '/workspace/install/track/share/track/hook/ament_prefix_path.ps1'
[0.348s] INFO:colcon.colcon_core.shell:Creating environment descriptor '/workspace/install/track/share/track/hook/ament_prefix_path.dsv'
[0.348s] INFO:colcon.colcon_core.shell:Creating environment hook '/workspace/install/track/share/track/hook/ament_prefix_path.sh'
[0.349s] INFO:colcon.colcon_core.shell:Skip shell extension 'powershell' for command environment: Not usable outside of PowerShell
[0.349s] DEBUG:colcon.colcon_core.shell:Skip shell extension 'dsv' for command environment
[0.352s] INFO:colcon.colcon_ros.task.ament_python.build:Building ROS package in '/workspace/src/us_pkg8' with build type 'ament_python'
[0.352s] Level 1:colcon.colcon_core.shell:create_environment_hook('us_pkg8', 'ament_prefix_path')
[0.352s] INFO:colcon.colcon_core.shell:Creating environment hook '/workspace/install/us_pkg8/share/us_pkg8/hook/ament_prefix_path.ps1'
[0.353s] INFO:colcon.colcon_core.shell:Creating environment descriptor '/workspace/install/us_pkg8/share/us_pkg8/hook/ament_prefix_path.dsv'
[0.353s] INFO:colcon.colcon_core.shell:Creating environment hook '/workspace/install/us_pkg8/share/us_pkg8/hook/ament_prefix_path.sh'
[0.354s] INFO:colcon.colcon_core.shell:Skip shell extension 'powershell' for command environment: Not usable outside of PowerShell
[0.354s] DEBUG:colcon.colcon_core.shell:Skip shell extension 'dsv' for command environment
[0.358s] INFO:colcon.colcon_ros.task.ament_python.build:Building ROS package in '/workspace/src/uwb' with build type 'ament_python'
[0.358s] Level 1:colcon.colcon_core.shell:create_environment_hook('uwb', 'ament_prefix_path')
[0.359s] INFO:colcon.colcon_core.shell:Creating environment hook '/workspace/install/uwb/share/uwb/hook/ament_prefix_path.ps1'
[0.359s] INFO:colcon.colcon_core.shell:Creating environment descriptor '/workspace/install/uwb/share/uwb/hook/ament_prefix_path.dsv'
[0.360s] INFO:colcon.colcon_core.shell:Creating environment hook '/workspace/install/uwb/share/uwb/hook/ament_prefix_path.sh'
[0.360s] INFO:colcon.colcon_core.shell:Skip shell extension 'powershell' for command environment: Not usable outside of PowerShell
[0.361s] DEBUG:colcon.colcon_core.shell:Skip shell extension 'dsv' for command environment
[0.365s] INFO:colcon.colcon_ros.task.ament_python.build:Building ROS package in '/workspace/src/visualization' with build type 'ament_python'
[0.365s] Level 1:colcon.colcon_core.shell:create_environment_hook('visualization', 'ament_prefix_path')
[0.365s] INFO:colcon.colcon_core.shell:Creating environment hook '/workspace/install/visualization/share/visualization/hook/ament_prefix_path.ps1'
[0.366s] INFO:colcon.colcon_core.shell:Creating environment descriptor '/workspace/install/visualization/share/visualization/hook/ament_prefix_path.dsv'
[0.367s] INFO:colcon.colcon_core.shell:Creating environment hook '/workspace/install/visualization/share/visualization/hook/ament_prefix_path.sh'
[0.367s] INFO:colcon.colcon_core.shell:Skip shell extension 'powershell' for command environment: Not usable outside of PowerShell
[0.367s] DEBUG:colcon.colcon_core.shell:Skip shell extension 'dsv' for command environment
[0.602s] INFO:colcon.colcon_core.task.python.build:Building Python package in '/workspace/src/camera'
[0.602s] INFO:colcon.colcon_core.shell:Skip shell extension 'powershell' for command environment: Not usable outside of PowerShell
[0.602s] DEBUG:colcon.colcon_core.shell:Skip shell extension 'dsv' for command environment
[0.839s] INFO:colcon.colcon_core.task.python.build:Building Python package in '/workspace/src/obstacle_detect_last'
[0.839s] INFO:colcon.colcon_core.shell:Skip shell extension 'powershell' for command environment: Not usable outside of PowerShell
[0.839s] DEBUG:colcon.colcon_core.shell:Skip shell extension 'dsv' for command environment
[1.071s] INFO:colcon.colcon_core.task.python.build:Building Python package in '/workspace/src/record'
[1.071s] INFO:colcon.colcon_core.shell:Skip shell extension 'powershell' for command environment: Not usable outside of PowerShell
[1.071s] DEBUG:colcon.colcon_core.shell:Skip shell extension 'dsv' for command environment
[1.300s] INFO:colcon.colcon_core.task.python.build:Building Python package in '/workspace/src/track'
[1.300s] INFO:colcon.colcon_core.shell:Skip shell extension 'powershell' for command environment: Not usable outside of PowerShell
[1.300s] DEBUG:colcon.colcon_core.shell:Skip shell extension 'dsv' for command environment
[1.546s] INFO:colcon.colcon_core.task.python.build:Building Python package in '/workspace/src/us_pkg8'
[1.547s] INFO:colcon.colcon_core.shell:Skip shell extension 'powershell' for command environment: Not usable outside of PowerShell
[1.547s] DEBUG:colcon.colcon_core.shell:Skip shell extension 'dsv' for command environment
[1.771s] INFO:colcon.colcon_core.task.python.build:Building Python package in '/workspace/src/uwb'
[1.772s] INFO:colcon.colcon_core.shell:Skip shell extension 'powershell' for command environment: Not usable outside of PowerShell
[1.772s] DEBUG:colcon.colcon_core.shell:Skip shell extension 'dsv' for command environment
[2.008s] INFO:colcon.colcon_core.task.python.build:Building Python package in '/workspace/src/visualization'
[2.008s] INFO:colcon.colcon_core.shell:Skip shell extension 'powershell' for command environment: Not usable outside of PowerShell
[2.008s] DEBUG:colcon.colcon_core.shell:Skip shell extension 'dsv' for command environment
[2.501s] DEBUG:colcon.colcon_core.event_handler.log_command:Invoking command in '/workspace/src/track': PYTHONPATH=/workspace/build/track/prefix_override:/usr/lib/python3/dist-packages/colcon_core/task/python/colcon_distutils_commands:/workspace/install/track/lib/python3.10/site-packages:${PYTHONPATH} /usr/bin/python3 -W ignore:setup.py install is deprecated -W ignore:easy_install command is deprecated setup.py egg_info --egg-base ../../build/track build --build-base /workspace/build/track/build install --record /workspace/build/track/install.log --single-version-externally-managed install_data
[2.507s] DEBUG:colcon.colcon_core.event_handler.log_command:Invoking command in '/workspace/src/camera': PYTHONPATH=/workspace/build/camera/prefix_override:/usr/lib/python3/dist-packages/colcon_core/task/python/colcon_distutils_commands:/workspace/install/camera/lib/python3.10/site-packages:${PYTHONPATH} /usr/bin/python3 -W ignore:setup.py install is deprecated -W ignore:easy_install command is deprecated setup.py egg_info --egg-base ../../build/camera build --build-base /workspace/build/camera/build install --record /workspace/build/camera/install.log --single-version-externally-managed install_data
[2.517s] DEBUG:colcon.colcon_core.event_handler.log_command:Invoking command in '/workspace/src/visualization': PYTHONPATH=/workspace/build/visualization/prefix_override:/usr/lib/python3/dist-packages/colcon_core/task/python/colcon_distutils_commands:/workspace/install/visualization/lib/python3.10/site-packages:${PYTHONPATH} /usr/bin/python3 -W ignore:setup.py install is deprecated -W ignore:easy_install command is deprecated setup.py egg_info --egg-base ../../build/visualization build --build-base /workspace/build/visualization/build install --record /workspace/build/visualization/install.log --single-version-externally-managed install_data
[2.519s] DEBUG:colcon.colcon_core.event_handler.log_command:Invoking command in '/workspace/src/record': PYTHONPATH=/workspace/build/record/prefix_override:/usr/lib/python3/dist-packages/colcon_core/task/python/colcon_distutils_commands:/workspace/install/record/lib/python3.10/site-packages:${PYTHONPATH} /usr/bin/python3 -W ignore:setup.py install is deprecated -W ignore:easy_install command is deprecated setup.py egg_info --egg-base ../../build/record build --build-base /workspace/build/record/build install --record /workspace/build/record/install.log --single-version-externally-managed install_data
[2.524s] DEBUG:colcon.colcon_core.event_handler.log_command:Invoking command in '/workspace/src/us_pkg8': PYTHONPATH=/workspace/build/us_pkg8/prefix_override:/usr/lib/python3/dist-packages/colcon_core/task/python/colcon_distutils_commands:/workspace/install/us_pkg8/lib/python3.10/site-packages:${PYTHONPATH} /usr/bin/python3 -W ignore:setup.py install is deprecated -W ignore:easy_install command is deprecated setup.py egg_info --egg-base ../../build/us_pkg8 build --build-base /workspace/build/us_pkg8/build install --record /workspace/build/us_pkg8/install.log --single-version-externally-managed install_data
[2.526s] DEBUG:colcon.colcon_core.event_handler.log_command:Invoking command in '/workspace/src/obstacle_detect_last': PYTHONPATH=/workspace/build/obstacle_detect_last/prefix_override:/usr/lib/python3/dist-packages/colcon_core/task/python/colcon_distutils_commands:/workspace/install/obstacle_detect_last/lib/python3.10/site-packages:${PYTHONPATH} /usr/bin/python3 -W ignore:setup.py install is deprecated -W ignore:easy_install command is deprecated setup.py egg_info --egg-base ../../build/obstacle_detect_last build --build-base /workspace/build/obstacle_detect_last/build install --record /workspace/build/obstacle_detect_last/install.log --single-version-externally-managed install_data
[2.544s] DEBUG:colcon.colcon_core.event_handler.log_command:Invoking command in '/workspace/src/uwb': PYTHONPATH=/workspace/build/uwb/prefix_override:/usr/lib/python3/dist-packages/colcon_core/task/python/colcon_distutils_commands:/workspace/install/uwb/lib/python3.10/site-packages:${PYTHONPATH} /usr/bin/python3 -W ignore:setup.py install is deprecated -W ignore:easy_install command is deprecated setup.py egg_info --egg-base ../../build/uwb build --build-base /workspace/build/uwb/build install --record /workspace/build/uwb/install.log --single-version-externally-managed install_data
[2.901s] DEBUG:colcon.colcon_core.event_handler.log_command:Invoked command in '/workspace/src/visualization' returned '0': PYTHONPATH=/workspace/build/visualization/prefix_override:/usr/lib/python3/dist-packages/colcon_core/task/python/colcon_distutils_commands:/workspace/install/visualization/lib/python3.10/site-packages:${PYTHONPATH} /usr/bin/python3 -W ignore:setup.py install is deprecated -W ignore:easy_install command is deprecated setup.py egg_info --egg-base ../../build/visualization build --build-base /workspace/build/visualization/build install --record /workspace/build/visualization/install.log --single-version-externally-managed install_data
[2.904s] Level 1:colcon.colcon_core.environment:checking '/workspace/install/visualization' for CMake module files
[2.905s] Level 1:colcon.colcon_core.environment:checking '/workspace/install/visualization' for CMake config files
[2.905s] Level 1:colcon.colcon_core.environment:checking '/workspace/install/visualization/lib'
[2.905s] Level 1:colcon.colcon_core.environment:checking '/workspace/install/visualization/bin'
[2.906s] Level 1:colcon.colcon_core.environment:checking '/workspace/install/visualization/lib/pkgconfig/visualization.pc'
[2.906s] Level 1:colcon.colcon_core.environment:checking '/workspace/install/visualization/lib/python3.10/site-packages'
[2.906s] Level 1:colcon.colcon_core.shell:create_environment_hook('visualization', 'pythonpath')
[2.906s] INFO:colcon.colcon_core.shell:Creating environment hook '/workspace/install/visualization/share/visualization/hook/pythonpath.ps1'
[2.907s] INFO:colcon.colcon_core.shell:Creating environment descriptor '/workspace/install/visualization/share/visualization/hook/pythonpath.dsv'
[2.907s] INFO:colcon.colcon_core.shell:Creating environment hook '/workspace/install/visualization/share/visualization/hook/pythonpath.sh'
[2.908s] Level 1:colcon.colcon_core.environment:checking '/workspace/install/visualization/bin'
[2.908s] Level 1:colcon.colcon_core.environment:create_environment_scripts_only(visualization)
[2.909s] INFO:colcon.colcon_core.shell:Creating package script '/workspace/install/visualization/share/visualization/package.ps1'
[2.910s] INFO:colcon.colcon_core.shell:Creating package descriptor '/workspace/install/visualization/share/visualization/package.dsv'
[2.910s] INFO:colcon.colcon_core.shell:Creating package script '/workspace/install/visualization/share/visualization/package.sh'
[2.911s] INFO:colcon.colcon_core.shell:Creating package script '/workspace/install/visualization/share/visualization/package.bash'
[2.912s] INFO:colcon.colcon_core.shell:Creating package script '/workspace/install/visualization/share/visualization/package.zsh'
[2.913s] Level 1:colcon.colcon_core.environment:create_file_with_runtime_dependencies(/workspace/install/visualization/share/colcon-core/packages/visualization)
[2.914s] Level 1:colcon.colcon_core.environment:checking '/workspace/install/camera' for CMake module files
[2.915s] DEBUG:colcon.colcon_core.event_handler.log_command:Invoked command in '/workspace/src/camera' returned '0': PYTHONPATH=/workspace/build/camera/prefix_override:/usr/lib/python3/dist-packages/colcon_core/task/python/colcon_distutils_commands:/workspace/install/camera/lib/python3.10/site-packages:${PYTHONPATH} /usr/bin/python3 -W ignore:setup.py install is deprecated -W ignore:easy_install command is deprecated setup.py egg_info --egg-base ../../build/camera build --build-base /workspace/build/camera/build install --record /workspace/build/camera/install.log --single-version-externally-managed install_data
[2.915s] Level 1:colcon.colcon_core.environment:checking '/workspace/install/camera' for CMake config files
[2.916s] Level 1:colcon.colcon_core.environment:checking '/workspace/install/camera/lib'
[2.916s] Level 1:colcon.colcon_core.environment:checking '/workspace/install/camera/bin'
[2.916s] Level 1:colcon.colcon_core.environment:checking '/workspace/install/camera/lib/pkgconfig/camera.pc'
[2.916s] Level 1:colcon.colcon_core.environment:checking '/workspace/install/camera/lib/python3.10/site-packages'
[2.916s] Level 1:colcon.colcon_core.shell:create_environment_hook('camera', 'pythonpath')
[2.917s] INFO:colcon.colcon_core.shell:Creating environment hook '/workspace/install/camera/share/camera/hook/pythonpath.ps1'
[2.917s] INFO:colcon.colcon_core.shell:Creating environment descriptor '/workspace/install/camera/share/camera/hook/pythonpath.dsv'
[2.918s] INFO:colcon.colcon_core.shell:Creating environment hook '/workspace/install/camera/share/camera/hook/pythonpath.sh'
[2.919s] Level 1:colcon.colcon_core.environment:checking '/workspace/install/camera/bin'
[2.919s] Level 1:colcon.colcon_core.environment:create_environment_scripts_only(camera)
[2.919s] INFO:colcon.colcon_core.shell:Creating package script '/workspace/install/camera/share/camera/package.ps1'
[2.920s] INFO:colcon.colcon_core.shell:Creating package descriptor '/workspace/install/camera/share/camera/package.dsv'
[2.920s] INFO:colcon.colcon_core.shell:Creating package script '/workspace/install/camera/share/camera/package.sh'
[2.921s] INFO:colcon.colcon_core.shell:Creating package script '/workspace/install/camera/share/camera/package.bash'
[2.921s] INFO:colcon.colcon_core.shell:Creating package script '/workspace/install/camera/share/camera/package.zsh'
[2.921s] Level 1:colcon.colcon_core.environment:create_file_with_runtime_dependencies(/workspace/install/camera/share/colcon-core/packages/camera)
[2.924s] Level 1:colcon.colcon_core.environment:checking '/workspace/install/us_pkg8' for CMake module files
[2.924s] DEBUG:colcon.colcon_core.event_handler.log_command:Invoked command in '/workspace/src/us_pkg8' returned '0': PYTHONPATH=/workspace/build/us_pkg8/prefix_override:/usr/lib/python3/dist-packages/colcon_core/task/python/colcon_distutils_commands:/workspace/install/us_pkg8/lib/python3.10/site-packages:${PYTHONPATH} /usr/bin/python3 -W ignore:setup.py install is deprecated -W ignore:easy_install command is deprecated setup.py egg_info --egg-base ../../build/us_pkg8 build --build-base /workspace/build/us_pkg8/build install --record /workspace/build/us_pkg8/install.log --single-version-externally-managed install_data
[2.924s] Level 1:colcon.colcon_core.environment:checking '/workspace/install/us_pkg8' for CMake config files
[2.925s] Level 1:colcon.colcon_core.environment:checking '/workspace/install/us_pkg8/lib'
[2.925s] Level 1:colcon.colcon_core.environment:checking '/workspace/install/us_pkg8/bin'
[2.925s] Level 1:colcon.colcon_core.environment:checking '/workspace/install/us_pkg8/lib/pkgconfig/us_pkg8.pc'
[2.926s] Level 1:colcon.colcon_core.environment:checking '/workspace/install/us_pkg8/lib/python3.10/site-packages'
[2.926s] Level 1:colcon.colcon_core.shell:create_environment_hook('us_pkg8', 'pythonpath')
[2.926s] INFO:colcon.colcon_core.shell:Creating environment hook '/workspace/install/us_pkg8/share/us_pkg8/hook/pythonpath.ps1'
[2.927s] INFO:colcon.colcon_core.shell:Creating environment descriptor '/workspace/install/us_pkg8/share/us_pkg8/hook/pythonpath.dsv'
[2.927s] INFO:colcon.colcon_core.shell:Creating environment hook '/workspace/install/us_pkg8/share/us_pkg8/hook/pythonpath.sh'
[2.928s] Level 1:colcon.colcon_core.environment:checking '/workspace/install/us_pkg8/bin'
[2.928s] Level 1:colcon.colcon_core.environment:create_environment_scripts_only(us_pkg8)
[2.928s] INFO:colcon.colcon_core.shell:Creating package script '/workspace/install/us_pkg8/share/us_pkg8/package.ps1'
[2.929s] INFO:colcon.colcon_core.shell:Creating package descriptor '/workspace/install/us_pkg8/share/us_pkg8/package.dsv'
[2.930s] INFO:colcon.colcon_core.shell:Creating package script '/workspace/install/us_pkg8/share/us_pkg8/package.sh'
[2.930s] INFO:colcon.colcon_core.shell:Creating package script '/workspace/install/us_pkg8/share/us_pkg8/package.bash'
[2.931s] INFO:colcon.colcon_core.shell:Creating package script '/workspace/install/us_pkg8/share/us_pkg8/package.zsh'
[2.931s] Level 1:colcon.colcon_core.environment:create_file_with_runtime_dependencies(/workspace/install/us_pkg8/share/colcon-core/packages/us_pkg8)
[2.931s] Level 1:colcon.colcon_core.environment:checking '/workspace/install/record' for CMake module files
[2.932s] DEBUG:colcon.colcon_core.event_handler.log_command:Invoked command in '/workspace/src/record' returned '0': PYTHONPATH=/workspace/build/record/prefix_override:/usr/lib/python3/dist-packages/colcon_core/task/python/colcon_distutils_commands:/workspace/install/record/lib/python3.10/site-packages:${PYTHONPATH} /usr/bin/python3 -W ignore:setup.py install is deprecated -W ignore:easy_install command is deprecated setup.py egg_info --egg-base ../../build/record build --build-base /workspace/build/record/build install --record /workspace/build/record/install.log --single-version-externally-managed install_data
[2.932s] Level 1:colcon.colcon_core.environment:checking '/workspace/install/record' for CMake config files
[2.933s] Level 1:colcon.colcon_core.environment:checking '/workspace/install/record/lib'
[2.933s] Level 1:colcon.colcon_core.environment:checking '/workspace/install/record/bin'
[2.933s] Level 1:colcon.colcon_core.environment:checking '/workspace/install/record/lib/pkgconfig/record.pc'
[2.933s] Level 1:colcon.colcon_core.environment:checking '/workspace/install/record/lib/python3.10/site-packages'
[2.933s] Level 1:colcon.colcon_core.shell:create_environment_hook('record', 'pythonpath')
[2.933s] INFO:colcon.colcon_core.shell:Creating environment hook '/workspace/install/record/share/record/hook/pythonpath.ps1'
[2.934s] INFO:colcon.colcon_core.shell:Creating environment descriptor '/workspace/install/record/share/record/hook/pythonpath.dsv'
[2.934s] INFO:colcon.colcon_core.shell:Creating environment hook '/workspace/install/record/share/record/hook/pythonpath.sh'
[2.935s] Level 1:colcon.colcon_core.environment:checking '/workspace/install/record/bin'
[2.935s] Level 1:colcon.colcon_core.environment:create_environment_scripts_only(record)
[2.935s] INFO:colcon.colcon_core.shell:Creating package script '/workspace/install/record/share/record/package.ps1'
[2.935s] INFO:colcon.colcon_core.shell:Creating package descriptor '/workspace/install/record/share/record/package.dsv'
[2.936s] INFO:colcon.colcon_core.shell:Creating package script '/workspace/install/record/share/record/package.sh'
[2.936s] INFO:colcon.colcon_core.shell:Creating package script '/workspace/install/record/share/record/package.bash'
[2.936s] INFO:colcon.colcon_core.shell:Creating package script '/workspace/install/record/share/record/package.zsh'
[2.937s] Level 1:colcon.colcon_core.environment:create_file_with_runtime_dependencies(/workspace/install/record/share/colcon-core/packages/record)
[2.937s] Level 1:colcon.colcon_core.environment:checking '/workspace/install/track' for CMake module files
[2.938s] Level 1:colcon.colcon_core.environment:checking '/workspace/install/track' for CMake config files
[2.938s] DEBUG:colcon.colcon_core.event_handler.log_command:Invoked command in '/workspace/src/track' returned '0': PYTHONPATH=/workspace/build/track/prefix_override:/usr/lib/python3/dist-packages/colcon_core/task/python/colcon_distutils_commands:/workspace/install/track/lib/python3.10/site-packages:${PYTHONPATH} /usr/bin/python3 -W ignore:setup.py install is deprecated -W ignore:easy_install command is deprecated setup.py egg_info --egg-base ../../build/track build --build-base /workspace/build/track/build install --record /workspace/build/track/install.log --single-version-externally-managed install_data
[2.939s] Level 1:colcon.colcon_core.environment:checking '/workspace/install/track/lib'
[2.939s] Level 1:colcon.colcon_core.environment:checking '/workspace/install/track/bin'
[2.939s] Level 1:colcon.colcon_core.environment:checking '/workspace/install/track/lib/pkgconfig/track.pc'
[2.939s] Level 1:colcon.colcon_core.environment:checking '/workspace/install/track/lib/python3.10/site-packages'
[2.940s] Level 1:colcon.colcon_core.shell:create_environment_hook('track', 'pythonpath')
[2.940s] INFO:colcon.colcon_core.shell:Creating environment hook '/workspace/install/track/share/track/hook/pythonpath.ps1'
[2.940s] INFO:colcon.colcon_core.shell:Creating environment descriptor '/workspace/install/track/share/track/hook/pythonpath.dsv'
[2.941s] INFO:colcon.colcon_core.shell:Creating environment hook '/workspace/install/track/share/track/hook/pythonpath.sh'
[2.941s] Level 1:colcon.colcon_core.environment:checking '/workspace/install/track/bin'
[2.941s] Level 1:colcon.colcon_core.environment:create_environment_scripts_only(track)
[2.941s] INFO:colcon.colcon_core.shell:Creating package script '/workspace/install/track/share/track/package.ps1'
[2.942s] INFO:colcon.colcon_core.shell:Creating package descriptor '/workspace/install/track/share/track/package.dsv'
[2.942s] INFO:colcon.colcon_core.shell:Creating package script '/workspace/install/track/share/track/package.sh'
[2.943s] INFO:colcon.colcon_core.shell:Creating package script '/workspace/install/track/share/track/package.bash'
[2.943s] INFO:colcon.colcon_core.shell:Creating package script '/workspace/install/track/share/track/package.zsh'
[2.943s] Level 1:colcon.colcon_core.environment:create_file_with_runtime_dependencies(/workspace/install/track/share/colcon-core/packages/track)
[2.944s] Level 1:colcon.colcon_core.environment:checking '/workspace/install/obstacle_detect_last' for CMake module files
[2.945s] Level 1:colcon.colcon_core.environment:checking '/workspace/install/obstacle_detect_last' for CMake config files
[2.945s] DEBUG:colcon.colcon_core.event_handler.log_command:Invoked command in '/workspace/src/obstacle_detect_last' returned '0': PYTHONPATH=/workspace/build/obstacle_detect_last/prefix_override:/usr/lib/python3/dist-packages/colcon_core/task/python/colcon_distutils_commands:/workspace/install/obstacle_detect_last/lib/python3.10/site-packages:${PYTHONPATH} /usr/bin/python3 -W ignore:setup.py install is deprecated -W ignore:easy_install command is deprecated setup.py egg_info --egg-base ../../build/obstacle_detect_last build --build-base /workspace/build/obstacle_detect_last/build install --record /workspace/build/obstacle_detect_last/install.log --single-version-externally-managed install_data
[2.945s] Level 1:colcon.colcon_core.environment:checking '/workspace/install/obstacle_detect_last/lib'
[2.945s] Level 1:colcon.colcon_core.environment:checking '/workspace/install/obstacle_detect_last/bin'
[2.946s] Level 1:colcon.colcon_core.environment:checking '/workspace/install/obstacle_detect_last/lib/pkgconfig/obstacle_detect_last.pc'
[2.946s] Level 1:colcon.colcon_core.environment:checking '/workspace/install/obstacle_detect_last/lib/python3.10/site-packages'
[2.946s] Level 1:colcon.colcon_core.shell:create_environment_hook('obstacle_detect_last', 'pythonpath')
[2.946s] INFO:colcon.colcon_core.shell:Creating environment hook '/workspace/install/obstacle_detect_last/share/obstacle_detect_last/hook/pythonpath.ps1'
[2.947s] INFO:colcon.colcon_core.shell:Creating environment descriptor '/workspace/install/obstacle_detect_last/share/obstacle_detect_last/hook/pythonpath.dsv'
[2.947s] INFO:colcon.colcon_core.shell:Creating environment hook '/workspace/install/obstacle_detect_last/share/obstacle_detect_last/hook/pythonpath.sh'
[2.948s] Level 1:colcon.colcon_core.environment:checking '/workspace/install/obstacle_detect_last/bin'
[2.948s] Level 1:colcon.colcon_core.environment:create_environment_scripts_only(obstacle_detect_last)
[2.948s] INFO:colcon.colcon_core.shell:Creating package script '/workspace/install/obstacle_detect_last/share/obstacle_detect_last/package.ps1'
[2.949s] INFO:colcon.colcon_core.shell:Creating package descriptor '/workspace/install/obstacle_detect_last/share/obstacle_detect_last/package.dsv'
[2.949s] INFO:colcon.colcon_core.shell:Creating package script '/workspace/install/obstacle_detect_last/share/obstacle_detect_last/package.sh'
[2.950s] INFO:colcon.colcon_core.shell:Creating package script '/workspace/install/obstacle_detect_last/share/obstacle_detect_last/package.bash'
[2.950s] INFO:colcon.colcon_core.shell:Creating package script '/workspace/install/obstacle_detect_last/share/obstacle_detect_last/package.zsh'
[2.950s] Level 1:colcon.colcon_core.environment:create_file_with_runtime_dependencies(/workspace/install/obstacle_detect_last/share/colcon-core/packages/obstacle_detect_last)
[2.952s] Level 1:colcon.colcon_core.environment:checking '/workspace/install/uwb' for CMake module files
[2.952s] DEBUG:colcon.colcon_core.event_handler.log_command:Invoked command in '/workspace/src/uwb' returned '0': PYTHONPATH=/workspace/build/uwb/prefix_override:/usr/lib/python3/dist-packages/colcon_core/task/python/colcon_distutils_commands:/workspace/install/uwb/lib/python3.10/site-packages:${PYTHONPATH} /usr/bin/python3 -W ignore:setup.py install is deprecated -W ignore:easy_install command is deprecated setup.py egg_info --egg-base ../../build/uwb build --build-base /workspace/build/uwb/build install --record /workspace/build/uwb/install.log --single-version-externally-managed install_data
[2.953s] Level 1:colcon.colcon_core.environment:checking '/workspace/install/uwb' for CMake config files
[2.954s] Level 1:colcon.colcon_core.environment:checking '/workspace/install/uwb/lib'
[2.954s] Level 1:colcon.colcon_core.environment:checking '/workspace/install/uwb/bin'
[2.954s] Level 1:colcon.colcon_core.environment:checking '/workspace/install/uwb/lib/pkgconfig/uwb.pc'
[2.954s] Level 1:colcon.colcon_core.environment:checking '/workspace/install/uwb/lib/python3.10/site-packages'
[2.954s] Level 1:colcon.colcon_core.shell:create_environment_hook('uwb', 'pythonpath')
[2.954s] INFO:colcon.colcon_core.shell:Creating environment hook '/workspace/install/uwb/share/uwb/hook/pythonpath.ps1'
[2.955s] INFO:colcon.colcon_core.shell:Creating environment descriptor '/workspace/install/uwb/share/uwb/hook/pythonpath.dsv'
[2.955s] INFO:colcon.colcon_core.shell:Creating environment hook '/workspace/install/uwb/share/uwb/hook/pythonpath.sh'
[2.956s] Level 1:colcon.colcon_core.environment:checking '/workspace/install/uwb/bin'
[2.956s] Level 1:colcon.colcon_core.environment:create_environment_scripts_only(uwb)
[2.956s] INFO:colcon.colcon_core.shell:Creating package script '/workspace/install/uwb/share/uwb/package.ps1'
[2.956s] INFO:colcon.colcon_core.shell:Creating package descriptor '/workspace/install/uwb/share/uwb/package.dsv'
[2.957s] INFO:colcon.colcon_core.shell:Creating package script '/workspace/install/uwb/share/uwb/package.sh'
[2.957s] INFO:colcon.colcon_core.shell:Creating package script '/workspace/install/uwb/share/uwb/package.bash'
[2.958s] INFO:colcon.colcon_core.shell:Creating package script '/workspace/install/uwb/share/uwb/package.zsh'
[2.958s] Level 1:colcon.colcon_core.environment:create_file_with_runtime_dependencies(/workspace/install/uwb/share/colcon-core/packages/uwb)
[2.958s] DEBUG:colcon.colcon_parallel_executor.executor.parallel:closing loop
[2.959s] DEBUG:colcon.colcon_parallel_executor.executor.parallel:loop closed
[2.959s] DEBUG:colcon.colcon_parallel_executor.executor.parallel:run_until_complete finished with '0'
[2.959s] DEBUG:colcon.colcon_core.event_reactor:joining thread
[2.965s] INFO:colcon.colcon_core.plugin_system:Skipping extension 'colcon_notification.desktop_notification.notify_send': Could not find 'notify-send'
[2.965s] INFO:colcon.colcon_core.plugin_system:Skipping extension 'colcon_notification.desktop_notification.terminal_notifier': Not used on non-Darwin systems
[2.965s] INFO:colcon.colcon_core.plugin_system:Skipping extension 'colcon_notification.desktop_notification.win32': Not used on non-Windows systems
[2.965s] INFO:colcon.colcon_notification.desktop_notification:Sending desktop notification using 'notify2'
[2.967s] DEBUG:colcon.colcon_notification.desktop_notification.notify2:Failed to initialize notify2: org.freedesktop.DBus.Error.Spawn.ExecFailed: /usr/bin/dbus-launch terminated abnormally without any error message
[2.968s] DEBUG:colcon.colcon_core.event_reactor:joined thread
[2.968s] INFO:colcon.colcon_core.shell:Creating prefix script '/workspace/install/local_setup.ps1'
[2.969s] INFO:colcon.colcon_core.shell:Creating prefix util module '/workspace/install/_local_setup_util_ps1.py'
[2.970s] INFO:colcon.colcon_core.shell:Creating prefix chain script '/workspace/install/setup.ps1'
[2.972s] INFO:colcon.colcon_core.shell:Creating prefix script '/workspace/install/local_setup.sh'
[2.972s] INFO:colcon.colcon_core.shell:Creating prefix util module '/workspace/install/_local_setup_util_sh.py'
[2.973s] INFO:colcon.colcon_core.shell:Creating prefix chain script '/workspace/install/setup.sh'
[2.974s] INFO:colcon.colcon_core.shell:Creating prefix script '/workspace/install/local_setup.bash'
[2.974s] INFO:colcon.colcon_core.shell:Creating prefix chain script '/workspace/install/setup.bash'
[2.975s] INFO:colcon.colcon_core.shell:Creating prefix script '/workspace/install/local_setup.zsh'
[2.975s] INFO:colcon.colcon_core.shell:Creating prefix chain script '/workspace/install/setup.zsh'
