[2.109s] Invoking command in '/workspace/src/uwb': PYTHONPATH=/workspace/build/uwb/prefix_override:/usr/lib/python3/dist-packages/colcon_core/task/python/colcon_distutils_commands:/workspace/install/uwb/lib/python3.10/site-packages:${PYTHONPATH} /usr/bin/python3 -W ignore:setup.py install is deprecated -W ignore:easy_install command is deprecated setup.py egg_info --egg-base ../../build/uwb build --build-base /workspace/build/uwb/build install --record /workspace/build/uwb/install.log --single-version-externally-managed install_data
[2.400s] running egg_info
[2.401s] writing ../../build/uwb/uwb.egg-info/PKG-INFO
[2.402s] writing dependency_links to ../../build/uwb/uwb.egg-info/dependency_links.txt
[2.402s] writing entry points to ../../build/uwb/uwb.egg-info/entry_points.txt
[2.402s] writing requirements to ../../build/uwb/uwb.egg-info/requires.txt
[2.402s] writing top-level names to ../../build/uwb/uwb.egg-info/top_level.txt
[2.405s] reading manifest file '../../build/uwb/uwb.egg-info/SOURCES.txt'
[2.405s] writing manifest file '../../build/uwb/uwb.egg-info/SOURCES.txt'
[2.406s] running build
[2.406s] running build_py
[2.406s] copying uwb/uwb_visualization.py -> /workspace/build/uwb/build/lib/uwb
[2.407s] running install
[2.407s] running install_lib
[2.408s] copying /workspace/build/uwb/build/lib/uwb/uwb_visualization.py -> /workspace/install/uwb/lib/python3.10/site-packages/uwb
[2.409s] byte-compiling /workspace/install/uwb/lib/python3.10/site-packages/uwb/uwb_visualization.py to uwb_visualization.cpython-310.pyc
[2.410s] running install_data
[2.411s] running install_egg_info
[2.413s] removing '/workspace/install/uwb/lib/python3.10/site-packages/uwb-0.0.0-py3.10.egg-info' (and everything under it)
[2.413s] Copying ../../build/uwb/uwb.egg-info to /workspace/install/uwb/lib/python3.10/site-packages/uwb-0.0.0-py3.10.egg-info
[2.415s] running install_scripts
[2.438s] Installing filter script to /workspace/install/uwb/lib/uwb
[2.438s] Installing last_filter script to /workspace/install/uwb/lib/uwb
[2.438s] Installing localization script to /workspace/install/uwb/lib/uwb
[2.438s] Installing position_nls script to /workspace/install/uwb/lib/uwb
[2.438s] Installing receiver script to /workspace/install/uwb/lib/uwb
[2.438s] Installing visualization script to /workspace/install/uwb/lib/uwb
[2.439s] writing list of installed files to '/workspace/build/uwb/install.log'
[2.474s] Invoked command in '/workspace/src/uwb' returned '0': PYTHONPATH=/workspace/build/uwb/prefix_override:/usr/lib/python3/dist-packages/colcon_core/task/python/colcon_distutils_commands:/workspace/install/uwb/lib/python3.10/site-packages:${PYTHONPATH} /usr/bin/python3 -W ignore:setup.py install is deprecated -W ignore:easy_install command is deprecated setup.py egg_info --egg-base ../../build/uwb build --build-base /workspace/build/uwb/build install --record /workspace/build/uwb/install.log --single-version-externally-managed install_data
