[1.488s] Invoking command in '/workspace/src/motor_control/rc_receiver': AMENT_PREFIX_PATH=/workspace/install/rc_receiver_if:${AMENT_PREFIX_PATH} CMAKE_PREFIX_PATH=/workspace/install/rc_receiver_if LD_LIBRARY_PATH=/workspace/install/rc_receiver_if/lib:/opt/ros/humble/opt/rviz_ogre_vendor/lib:/opt/ros/humble/lib/aarch64-linux-gnu:/opt/ros/humble/lib:/usr/local/cuda/compat:/usr/local/cuda/lib64 PYTHONPATH=/workspace/build/rc_receiver/prefix_override:/usr/lib/python3/dist-packages/colcon_core/task/python/colcon_distutils_commands:/workspace/install/rc_receiver/lib/python3.10/site-packages:/workspace/install/rc_receiver_if/local/lib/python3.10/dist-packages:${PYTHONPATH} /usr/bin/python3 -W ignore:setup.py install is deprecated -W ignore:easy_install command is deprecated setup.py egg_info --egg-base ../../../build/rc_receiver build --build-base /workspace/build/rc_receiver/build install --record /workspace/build/rc_receiver/install.log --single-version-externally-managed install_data
[1.783s] /usr/local/lib/python3.10/dist-packages/setuptools/_distutils/dist.py:261: UserWarning: Unknown distribution option: 'tests_require'
[1.783s]   warnings.warn(msg)
[1.959s] running egg_info
[1.962s] creating ../../../build/rc_receiver/rc_receiver.egg-info
[1.987s] writing ../../../build/rc_receiver/rc_receiver.egg-info/PKG-INFO
[1.988s] writing dependency_links to ../../../build/rc_receiver/rc_receiver.egg-info/dependency_links.txt
[1.988s] writing entry points to ../../../build/rc_receiver/rc_receiver.egg-info/entry_points.txt
[1.988s] writing requirements to ../../../build/rc_receiver/rc_receiver.egg-info/requires.txt
[1.989s] writing top-level names to ../../../build/rc_receiver/rc_receiver.egg-info/top_level.txt
[1.989s] writing manifest file '../../../build/rc_receiver/rc_receiver.egg-info/SOURCES.txt'
[2.048s] reading manifest file '../../../build/rc_receiver/rc_receiver.egg-info/SOURCES.txt'
[2.049s] adding license file 'LICENSE'
[2.050s] writing manifest file '../../../build/rc_receiver/rc_receiver.egg-info/SOURCES.txt'
[2.051s] running build
[2.051s] running build_py
[2.052s] creating /workspace/build/rc_receiver/build/lib/rc_receiver
[2.052s] copying rc_receiver/__init__.py -> /workspace/build/rc_receiver/build/lib/rc_receiver
[2.052s] copying rc_receiver/rc_receiver.py -> /workspace/build/rc_receiver/build/lib/rc_receiver
[2.060s] running install
[2.068s] running install_lib
[2.099s] creating /workspace/install/rc_receiver/lib/python3.10/site-packages/rc_receiver
[2.099s] copying /workspace/build/rc_receiver/build/lib/rc_receiver/__init__.py -> /workspace/install/rc_receiver/lib/python3.10/site-packages/rc_receiver
[2.099s] copying /workspace/build/rc_receiver/build/lib/rc_receiver/rc_receiver.py -> /workspace/install/rc_receiver/lib/python3.10/site-packages/rc_receiver
[2.101s] byte-compiling /workspace/install/rc_receiver/lib/python3.10/site-packages/rc_receiver/__init__.py to __init__.cpython-310.pyc
[2.101s] byte-compiling /workspace/install/rc_receiver/lib/python3.10/site-packages/rc_receiver/rc_receiver.py to rc_receiver.cpython-310.pyc
[2.106s] running install_data
[2.107s] creating /workspace/install/rc_receiver/share/ament_index/resource_index/packages
[2.107s] copying resource/rc_receiver -> /workspace/install/rc_receiver/share/ament_index/resource_index/packages
[2.107s] copying package.xml -> /workspace/install/rc_receiver/share/rc_receiver
[2.107s] running install_egg_info
[2.139s] Copying ../../../build/rc_receiver/rc_receiver.egg-info to /workspace/install/rc_receiver/lib/python3.10/site-packages/rc_receiver-0.0.0-py3.10.egg-info
[2.141s] running install_scripts
[2.367s] Installing rc_receiver script to /workspace/install/rc_receiver/lib/rc_receiver
[2.375s] writing list of installed files to '/workspace/build/rc_receiver/install.log'
[2.470s] Invoked command in '/workspace/src/motor_control/rc_receiver' returned '0': AMENT_PREFIX_PATH=/workspace/install/rc_receiver_if:${AMENT_PREFIX_PATH} CMAKE_PREFIX_PATH=/workspace/install/rc_receiver_if LD_LIBRARY_PATH=/workspace/install/rc_receiver_if/lib:/opt/ros/humble/opt/rviz_ogre_vendor/lib:/opt/ros/humble/lib/aarch64-linux-gnu:/opt/ros/humble/lib:/usr/local/cuda/compat:/usr/local/cuda/lib64 PYTHONPATH=/workspace/build/rc_receiver/prefix_override:/usr/lib/python3/dist-packages/colcon_core/task/python/colcon_distutils_commands:/workspace/install/rc_receiver/lib/python3.10/site-packages:/workspace/install/rc_receiver_if/local/lib/python3.10/dist-packages:${PYTHONPATH} /usr/bin/python3 -W ignore:setup.py install is deprecated -W ignore:easy_install command is deprecated setup.py egg_info --egg-base ../../../build/rc_receiver build --build-base /workspace/build/rc_receiver/build install --record /workspace/build/rc_receiver/install.log --single-version-externally-managed install_data
