[2.734s] Invoking command in '/workspace/src/uwb_nls': PYTHONPATH=/workspace/build/uwb_nls/prefix_override:/usr/lib/python3/dist-packages/colcon_core/task/python/colcon_distutils_commands:/workspace/install/uwb_nls/lib/python3.10/site-packages:${PYTHONPATH} /usr/bin/python3 -W ignore:setup.py install is deprecated -W ignore:easy_install command is deprecated setup.py egg_info --egg-base ../../build/uwb_nls build --build-base /workspace/build/uwb_nls/build install --record /workspace/build/uwb_nls/install.log --single-version-externally-managed install_data
[3.085s] running egg_info
[3.086s] writing ../../build/uwb_nls/uwb_nls.egg-info/PKG-INFO
[3.086s] writing dependency_links to ../../build/uwb_nls/uwb_nls.egg-info/dependency_links.txt
[3.086s] writing entry points to ../../build/uwb_nls/uwb_nls.egg-info/entry_points.txt
[3.086s] writing requirements to ../../build/uwb_nls/uwb_nls.egg-info/requires.txt
[3.086s] writing top-level names to ../../build/uwb_nls/uwb_nls.egg-info/top_level.txt
[3.088s] reading manifest file '../../build/uwb_nls/uwb_nls.egg-info/SOURCES.txt'
[3.091s] writing manifest file '../../build/uwb_nls/uwb_nls.egg-info/SOURCES.txt'
[3.091s] running build
[3.091s] running build_py
[3.091s] copying uwb_nls/uwb_visualization.py -> /workspace/build/uwb_nls/build/lib/uwb_nls
[3.091s] running install
[3.091s] running install_lib
[3.092s] copying /workspace/build/uwb_nls/build/lib/uwb_nls/uwb_visualization.py -> /workspace/install/uwb_nls/lib/python3.10/site-packages/uwb_nls
[3.094s] byte-compiling /workspace/install/uwb_nls/lib/python3.10/site-packages/uwb_nls/uwb_visualization.py to uwb_visualization.cpython-310.pyc
[3.095s] running install_data
[3.095s] running install_egg_info
[3.099s] removing '/workspace/install/uwb_nls/lib/python3.10/site-packages/uwb_nls-0.0.0-py3.10.egg-info' (and everything under it)
[3.099s] Copying ../../build/uwb_nls/uwb_nls.egg-info to /workspace/install/uwb_nls/lib/python3.10/site-packages/uwb_nls-0.0.0-py3.10.egg-info
[3.100s] running install_scripts
[3.137s] Installing filter_node_nls script to /workspace/install/uwb_nls/lib/uwb_nls
[3.137s] Installing position_nls script to /workspace/install/uwb_nls/lib/uwb_nls
[3.138s] Installing visualization_all script to /workspace/install/uwb_nls/lib/uwb_nls
[3.138s] writing list of installed files to '/workspace/build/uwb_nls/install.log'
[3.232s] Invoked command in '/workspace/src/uwb_nls' returned '0': PYTHONPATH=/workspace/build/uwb_nls/prefix_override:/usr/lib/python3/dist-packages/colcon_core/task/python/colcon_distutils_commands:/workspace/install/uwb_nls/lib/python3.10/site-packages:${PYTHONPATH} /usr/bin/python3 -W ignore:setup.py install is deprecated -W ignore:easy_install command is deprecated setup.py egg_info --egg-base ../../build/uwb_nls build --build-base /workspace/build/uwb_nls/build install --record /workspace/build/uwb_nls/install.log --single-version-externally-managed install_data
