[0.015s] Invoking command in '/home/jimmy/work/build/dynamixel_sdk_custom_interfaces': CMAKE_PREFIX_PATH=/opt/ros/humble /usr/bin/cmake --build /home/jimmy/work/build/dynamixel_sdk_custom_interfaces -- -j20 -l20
[0.172s] [  1%] Built target dynamixel_sdk_custom_interfaces__cpp
[0.172s] [ 12%] Built target dynamixel_sdk_custom_interfaces__rosidl_generator_c
[0.173s] [ 12%] Built target ament_cmake_python_copy_dynamixel_sdk_custom_interfaces
[0.173s] [ 34%] Built target dynamixel_sdk_custom_interfaces__rosidl_typesupport_introspection_cpp
[0.173s] [ 34%] Built target dynamixel_sdk_custom_interfaces__rosidl_typesupport_c
[0.173s] [ 46%] Built target dynamixel_sdk_custom_interfaces__rosidl_typesupport_cpp
[0.173s] [ 57%] Built target dynamixel_sdk_custom_interfaces__rosidl_typesupport_fastrtps_cpp
[0.173s] [ 68%] Built target dynamixel_sdk_custom_interfaces__rosidl_typesupport_introspection_c
[0.173s] [ 79%] Built target dynamixel_sdk_custom_interfaces__rosidl_typesupport_fastrtps_c
[0.173s] [ 79%] Built target dynamixel_sdk_custom_interfaces
[0.174s] [ 80%] Built target dynamixel_sdk_custom_interfaces__py
[0.174s] [ 90%] Built target dynamixel_sdk_custom_interfaces__rosidl_generator_py
[0.174s] [ 93%] Built target dynamixel_sdk_custom_interfaces__rosidl_typesupport_fastrtps_c__pyext
[0.174s] [ 96%] Built target dynamixel_sdk_custom_interfaces__rosidl_typesupport_introspection_c__pyext
[0.174s] [100%] Built target dynamixel_sdk_custom_interfaces__rosidl_typesupport_c__pyext
[0.189s] running egg_info
[0.190s] writing dynamixel_sdk_custom_interfaces.egg-info/PKG-INFO
[0.190s] writing dependency_links to dynamixel_sdk_custom_interfaces.egg-info/dependency_links.txt
[0.190s] writing top-level names to dynamixel_sdk_custom_interfaces.egg-info/top_level.txt
[0.191s] reading manifest file 'dynamixel_sdk_custom_interfaces.egg-info/SOURCES.txt'
[0.192s] writing manifest file 'dynamixel_sdk_custom_interfaces.egg-info/SOURCES.txt'
[0.208s] [100%] Built target ament_cmake_python_build_dynamixel_sdk_custom_interfaces_egg
