[1.070s] Invoking command in '/workspace/build/obs_filiter': CMAKE_PREFIX_PATH=${CMAKE_PREFIX_PATH}:/workspace/install/visualization:/workspace/install/uwb_nls:/workspace/install/ultrasonic:/workspace/install/track:/workspace/install/record:/workspace/install/rc_receiver:/workspace/install/pixhawk_control:/workspace/install/motor:/workspace/install/camera /usr/local/bin/cmake --build /workspace/build/obs_filiter -- -j8 -l8
[2.213s] -- Found ament_cmake: 1.3.10 (/opt/ros/humble/install/share/ament_cmake/cmake)
[2.213s] -- Found rclcpp: 16.0.10 (/opt/ros/humble/install/share/rclcpp/cmake)
[2.213s] -- Found rosidl_generator_c: 3.1.5 (/opt/ros/humble/install/share/rosidl_generator_c/cmake)
[2.213s] -- Found rosidl_adapter: 3.1.5 (/opt/ros/humble/install/share/rosidl_adapter/cmake)
[2.213s] -- Found rosidl_generator_cpp: 3.1.5 (/opt/ros/humble/install/share/rosidl_generator_cpp/cmake)
[2.214s] -- Using all available rosidl_typesupport_c: rosidl_typesupport_fastrtps_c;rosidl_typesupport_introspection_c
[2.214s] -- Using all available rosidl_typesupport_cpp: rosidl_typesupport_fastrtps_cpp;rosidl_typesupport_introspection_cpp
[2.297s] -- Found rmw_implementation_cmake: 6.1.2 (/opt/ros/humble/install/share/rmw_implementation_cmake/cmake)
[2.307s] -- Found rmw_fastrtps_cpp: 6.2.7 (/opt/ros/humble/install/share/rmw_fastrtps_cpp/cmake)
[2.634s] -- Using RMW implementation 'rmw_fastrtps_cpp' as default
[2.942s] -- Found sensor_msgs: 4.2.4 (/opt/ros/humble/install/share/sensor_msgs/cmake)
[3.166s] -- Found cv_bridge: 3.2.1 (/opt/ros/humble/install/share/cv_bridge/cmake)
[3.196s] [33mCMake Warning (dev) at /usr/lib/cmake/opencv4/OpenCVConfig.cmake:86 (find_package):
[3.197s]   Policy CMP0146 is not set: The FindCUDA module is removed.  Run "cmake
[3.206s]   --help-policy CMP0146" for policy details.  Use the cmake_policy command to
[3.206s]   set the policy and suppress this warning.
[3.206s] 
[3.207s] Call Stack (most recent call first):
[3.207s]   /usr/lib/cmake/opencv4/OpenCVConfig.cmake:108 (find_host_package)
[3.208s]   /opt/ros/humble/install/share/cv_bridge/cmake/ament_cmake_export_dependencies-extras.cmake:21 (find_package)
[3.208s]   /opt/ros/humble/install/share/cv_bridge/cmake/cv_bridgeConfig.cmake:41 (include)
[3.208s]   CMakeLists.txt:14 (find_package)
[3.208s] This warning is for project developers.  Use -Wno-dev to suppress it.
[3.208s] [0m
[3.308s] -- Found CUDA: /usr/local/cuda (found suitable exact version "12.6")
[3.375s] -- Found OpenCV: /usr (found version "4.10.0") found components: core imgproc highgui
[3.437s] [33mCMake Warning (dev) at /usr/lib/aarch64-linux-gnu/cmake/pcl/PCLConfig.cmake:146 (find_package):
[3.438s]   Policy CMP0144 is not set: find_package uses upper-case <PACKAGENAME>_ROOT
[3.438s]   variables.  Run "cmake --help-policy CMP0144" for policy details.  Use the
[3.438s]   cmake_policy command to set the policy and suppress this warning.
[3.438s] 
[3.438s]   CMake variable EIGEN_ROOT is set to:
[3.438s] 
[3.438s]     /usr/include/eigen3
[3.438s] 
[3.438s]   For compatibility, find_package is ignoring the variable, but code in a
[3.438s]   .cmake module might still use it.
[3.439s] Call Stack (most recent call first):
[3.439s]   /usr/lib/aarch64-linux-gnu/cmake/pcl/PCLConfig.cmake:299 (find_eigen)
[3.439s]   /usr/lib/aarch64-linux-gnu/cmake/pcl/PCLConfig.cmake:543 (find_external_library)
[3.439s]   CMakeLists.txt:16 (find_package)
[3.439s] This warning is for project developers.  Use -Wno-dev to suppress it.
[3.439s] [0m
[3.479s] [33mCMake Warning (dev) at /usr/lib/aarch64-linux-gnu/cmake/pcl/PCLConfig.cmake:128 (find_package):
[3.479s]   Policy CMP0167 is not set: The FindBoost module is removed.  Run "cmake
[3.480s]   --help-policy CMP0167" for policy details.  Use the cmake_policy command to
[3.480s]   set the policy and suppress this warning.
[3.480s] 
[3.480s] Call Stack (most recent call first):
[3.480s]   /usr/lib/aarch64-linux-gnu/cmake/pcl/PCLConfig.cmake:297 (find_boost)
[3.480s]   /usr/lib/aarch64-linux-gnu/cmake/pcl/PCLConfig.cmake:543 (find_external_library)
[3.480s]   CMakeLists.txt:16 (find_package)
[3.480s] This warning is for project developers.  Use -Wno-dev to suppress it.
[3.480s] [0m
[3.481s] -- Eigen found (include: /usr/include/eigen3, version: 3.4.0)
[3.602s] -- OpenNI found (version: 1.5.4.0, include: /usr/include/ni, lib: /usr/lib/libOpenNI.so;libusb::libusb)
[3.630s] -- OpenNI2 found (version: 2.2.0.33, include: /usr/include/openni2, lib: /usr/lib/aarch64-linux-gnu/libOpenNI2.so;libusb::libusb)
[3.632s] [0m** WARNING ** io features related to pcap will be disabled[0m
[3.632s] [0m** WARNING ** io features related to png will be disabled[0m
[5.227s] [33mCMake Warning (dev) at /usr/lib/aarch64-linux-gnu/cmake/pcl/PCLConfig.cmake:128 (find_package):
[5.227s]   Policy CMP0167 is not set: The FindBoost module is removed.  Run "cmake
[5.227s]   --help-policy CMP0167" for policy details.  Use the cmake_policy command to
[5.227s]   set the policy and suppress this warning.
[5.227s] 
[5.228s] Call Stack (most recent call first):
[5.228s]   /usr/lib/aarch64-linux-gnu/cmake/pcl/PCLConfig.cmake:297 (find_boost)
[5.228s]   /usr/lib/aarch64-linux-gnu/cmake/pcl/PCLConfig.cmake:543 (find_external_library)
[5.228s]   CMakeLists.txt:16 (find_package)
[5.228s] This warning is for project developers.  Use -Wno-dev to suppress it.
[5.228s] [0m
[5.258s] -- Eigen found (include: /usr/include/eigen3, version: 3.4.0)
[5.266s] [33mCMake Warning (dev) at /usr/lib/aarch64-linux-gnu/cmake/pcl/Modules/FindFLANN.cmake:44 (find_package):
[5.266s]   Policy CMP0144 is not set: find_package uses upper-case <PACKAGENAME>_ROOT
[5.266s]   variables.  Run "cmake --help-policy CMP0144" for policy details.  Use the
[5.266s]   cmake_policy command to set the policy and suppress this warning.
[5.266s] 
[5.266s]   CMake variable FLANN_ROOT is set to:
[5.266s] 
[5.267s]     /usr
[5.267s] 
[5.267s]   For compatibility, find_package is ignoring the variable, but code in a
[5.267s]   .cmake module might still use it.
[5.267s] Call Stack (most recent call first):
[5.267s]   /usr/lib/aarch64-linux-gnu/cmake/pcl/PCLConfig.cmake:256 (find_package)
[5.267s]   /usr/lib/aarch64-linux-gnu/cmake/pcl/PCLConfig.cmake:301 (find_flann)
[5.267s]   /usr/lib/aarch64-linux-gnu/cmake/pcl/PCLConfig.cmake:543 (find_external_library)
[5.267s]   CMakeLists.txt:16 (find_package)
[5.267s] This warning is for project developers.  Use -Wno-dev to suppress it.
[5.268s] [0m
[5.348s] -- FLANN found (include: /usr/include, lib: /usr/lib/aarch64-linux-gnu/libflann_cpp.so)
[7.082s] -- looking for PCL_COMMON
[7.083s] -- looking for PCL_OCTREE
[7.084s] -- looking for PCL_IO
[7.086s] -- looking for PCL_KDTREE
[7.087s] -- looking for PCL_SEARCH
[7.088s] -- looking for PCL_SAMPLE_CONSENSUS
[7.092s] -- looking for PCL_FILTERS
[7.093s] -- looking for PCL_GEOMETRY
[7.094s] -- looking for PCL_2D
[7.095s] -- looking for PCL_FEATURES
[7.097s] -- looking for PCL_ML
[7.098s] -- looking for PCL_SEGMENTATION
[7.115s] -- Found pcl_conversions: 2.4.5 (/opt/ros/humble/install/share/pcl_conversions/cmake)
[7.306s] -- Found image_transport: 3.1.9 (/opt/ros/humble/install/share/image_transport/cmake)
[7.882s] -- Configuring done (6.6s)
[8.639s] -- Generating done (0.7s)
[8.724s] -- Build files have been written to: /workspace/build/obs_filiter
[9.027s] [ 12%] [32mBuilding CXX object CMakeFiles/realsense_read_node.dir/src/realsense_read.cpp.o[0m
[9.125s] [ 25%] [32mBuilding CXX object CMakeFiles/plane_node.dir/src/plane.cpp.o[0m
[9.190s] [ 37%] [32mBuilding CXX object CMakeFiles/obstacle_node.dir/src/obstacle_detector.cpp.o[0m
[9.205s] [ 50%] [32mBuilding CXX object CMakeFiles/xz_visualizer_node.dir/src/xz_visualizer_node.cpp.o[0m
[32.406s] [ 62%] [32m[1mLinking CXX executable realsense_read_node[0m
[34.985s] [ 62%] Built target realsense_read_node
[52.608s] [ 75%] [32m[1mLinking CXX executable plane_node[0m
[55.287s] [ 75%] Built target plane_node
[57.341s] [ 87%] [32m[1mLinking CXX executable xz_visualizer_node[0m
[58.534s] [ 87%] Built target xz_visualizer_node
[70.402s] [100%] [32m[1mLinking CXX executable obstacle_node[0m
[71.351s] [100%] Built target obstacle_node
[71.391s] Invoked command in '/workspace/build/obs_filiter' returned '0': CMAKE_PREFIX_PATH=${CMAKE_PREFIX_PATH}:/workspace/install/visualization:/workspace/install/uwb_nls:/workspace/install/ultrasonic:/workspace/install/track:/workspace/install/record:/workspace/install/rc_receiver:/workspace/install/pixhawk_control:/workspace/install/motor:/workspace/install/camera /usr/local/bin/cmake --build /workspace/build/obs_filiter -- -j8 -l8
[71.641s] Invoking command in '/workspace/build/obs_filiter': CMAKE_PREFIX_PATH=${CMAKE_PREFIX_PATH}:/workspace/install/visualization:/workspace/install/uwb_nls:/workspace/install/ultrasonic:/workspace/install/track:/workspace/install/record:/workspace/install/rc_receiver:/workspace/install/pixhawk_control:/workspace/install/motor:/workspace/install/camera /usr/local/bin/cmake --install /workspace/build/obs_filiter
[71.785s] -- Install configuration: ""
[71.795s] -- Installing: /workspace/install/obs_filiter/lib/obs_filiter/realsense_read_node
[71.797s] -- Set non-toolchain portion of runtime path of "/workspace/install/obs_filiter/lib/obs_filiter/realsense_read_node" to ""
[71.802s] -- Installing: /workspace/install/obs_filiter/lib/obs_filiter/plane_node
[71.806s] -- Set non-toolchain portion of runtime path of "/workspace/install/obs_filiter/lib/obs_filiter/plane_node" to ""
[71.806s] -- Installing: /workspace/install/obs_filiter/lib/obs_filiter/obstacle_node
[71.811s] -- Set non-toolchain portion of runtime path of "/workspace/install/obs_filiter/lib/obs_filiter/obstacle_node" to ""
[71.812s] -- Installing: /workspace/install/obs_filiter/lib/obs_filiter/xz_visualizer_node
[71.815s] -- Set non-toolchain portion of runtime path of "/workspace/install/obs_filiter/lib/obs_filiter/xz_visualizer_node" to ""
[71.815s] -- Up-to-date: /workspace/install/obs_filiter/include/obs_filiter
[71.815s] -- Up-to-date: /workspace/install/obs_filiter/include/obs_filiter/obs_filiter
[71.816s] -- Up-to-date: /workspace/install/obs_filiter/include/obs_filiter/obs_filiter/plane_estimator.hpp
[71.816s] -- Up-to-date: /workspace/install/obs_filiter/include/obs_filiter/obs_filiter/visualization.hpp
[71.816s] -- Up-to-date: /workspace/install/obs_filiter/include/obs_filiter/obs_filiter/obstacle_detector.hpp
[71.816s] -- Up-to-date: /workspace/install/obs_filiter/share/obs_filiter//launch
[71.816s] -- Up-to-date: /workspace/install/obs_filiter/share/obs_filiter//launch/obs_filiter_launch.py
[71.816s] -- Up-to-date: /workspace/install/obs_filiter/share/ament_index/resource_index/package_run_dependencies/obs_filiter
[71.816s] -- Installing: /workspace/install/obs_filiter/share/ament_index/resource_index/parent_prefix_path/obs_filiter
[71.817s] -- Installing: /workspace/install/obs_filiter/share/obs_filiter/environment/ament_prefix_path.sh
[71.817s] -- Installing: /workspace/install/obs_filiter/share/obs_filiter/environment/ament_prefix_path.dsv
[71.817s] -- Installing: /workspace/install/obs_filiter/share/obs_filiter/environment/path.sh
[71.817s] -- Installing: /workspace/install/obs_filiter/share/obs_filiter/environment/path.dsv
[71.817s] -- Up-to-date: /workspace/install/obs_filiter/share/obs_filiter/local_setup.bash
[71.818s] -- Up-to-date: /workspace/install/obs_filiter/share/obs_filiter/local_setup.sh
[71.818s] -- Up-to-date: /workspace/install/obs_filiter/share/obs_filiter/local_setup.zsh
[71.818s] -- Installing: /workspace/install/obs_filiter/share/obs_filiter/local_setup.dsv
[71.818s] -- Installing: /workspace/install/obs_filiter/share/obs_filiter/package.dsv
[71.818s] -- Up-to-date: /workspace/install/obs_filiter/share/ament_index/resource_index/packages/obs_filiter
[71.818s] -- Up-to-date: /workspace/install/obs_filiter/share/obs_filiter/cmake/obs_filiterConfig.cmake
[71.818s] -- Up-to-date: /workspace/install/obs_filiter/share/obs_filiter/cmake/obs_filiterConfig-version.cmake
[71.819s] -- Up-to-date: /workspace/install/obs_filiter/share/obs_filiter/package.xml
[71.856s] Invoked command in '/workspace/build/obs_filiter' returned '0': CMAKE_PREFIX_PATH=${CMAKE_PREFIX_PATH}:/workspace/install/visualization:/workspace/install/uwb_nls:/workspace/install/ultrasonic:/workspace/install/track:/workspace/install/record:/workspace/install/rc_receiver:/workspace/install/pixhawk_control:/workspace/install/motor:/workspace/install/camera /usr/local/bin/cmake --install /workspace/build/obs_filiter
