[  9%] Built target motor_if__rosidl_generator_c
[ 12%] Built target motor_if__cpp
[ 12%] Built target ament_cmake_python_copy_motor_if
[ 22%] Built target motor_if__rosidl_typesupport_introspection_c
[ 41%] Built target motor_if__rosidl_typesupport_introspection_cpp
[ 41%] Built target motor_if__rosidl_typesupport_c
[ 51%] Built target motor_if__rosidl_typesupport_fastrtps_c
[ 61%] Built target motor_if__rosidl_typesupport_cpp
[ 70%] Built target motor_if__rosidl_typesupport_fastrtps_cpp
[ 70%] Built target motor_if
[ 74%] Built target motor_if__py
[ 80%] Built target motor_if__rosidl_generator_py
[ 87%] Built target motor_if__rosidl_typesupport_c__pyext
[ 93%] Built target motor_if__rosidl_typesupport_fastrtps_c__pyext
[100%] Built target motor_if__rosidl_typesupport_introspection_c__pyext
running egg_info
writing motor_if.egg-info/PKG-INFO
writing dependency_links to motor_if.egg-info/dependency_links.txt
writing top-level names to motor_if.egg-info/top_level.txt
reading manifest file 'motor_if.egg-info/SOURCES.txt'
writing manifest file 'motor_if.egg-info/SOURCES.txt'
[100%] Built target ament_cmake_python_build_motor_if_egg
/usr/local/lib/python3.10/dist-packages/_distutils_hack/__init__.py:53: UserWarning: Reliance on distutils from stdlib is deprecated. Users must rely on setuptools to provide the distutils module. Avoid importing distutils or import setuptools first, and avoid setting SETUPTOOLS_USE_DISTUTILS=stdlib. Register concerns at https://github.com/pypa/setuptools/issues/new?template=distutils-deprecation.yml
  warnings.warn(
-- Install configuration: ""
-- Up-to-date: /workspace/install/motor_if/share/ament_index/resource_index/rosidl_interfaces/motor_if
-- Up-to-date: /workspace/install/motor_if/include/motor_if/motor_if
-- Up-to-date: /workspace/install/motor_if/include/motor_if/motor_if/srv
-- Up-to-date: /workspace/install/motor_if/include/motor_if/motor_if/srv/motor_pos.h
-- Up-to-date: /workspace/install/motor_if/include/motor_if/motor_if/srv/detail
-- Up-to-date: /workspace/install/motor_if/include/motor_if/motor_if/srv/detail/motor_pos__functions.c
-- Up-to-date: /workspace/install/motor_if/include/motor_if/motor_if/srv/detail/motor_pos__struct.h
-- Up-to-date: /workspace/install/motor_if/include/motor_if/motor_if/srv/detail/motor_pos__type_support.h
-- Up-to-date: /workspace/install/motor_if/include/motor_if/motor_if/srv/detail/motor_pos__functions.h
-- Up-to-date: /workspace/install/motor_if/include/motor_if/motor_if/msg
-- Up-to-date: /workspace/install/motor_if/include/motor_if/motor_if/msg/rosidl_generator_c__visibility_control.h
-- Up-to-date: /workspace/install/motor_if/share/motor_if/environment/library_path.sh
-- Up-to-date: /workspace/install/motor_if/share/motor_if/environment/library_path.dsv
-- Up-to-date: /workspace/install/motor_if/lib/libmotor_if__rosidl_generator_c.so
-- Up-to-date: /workspace/install/motor_if/include/motor_if/motor_if
-- Up-to-date: /workspace/install/motor_if/include/motor_if/motor_if/srv
-- Up-to-date: /workspace/install/motor_if/include/motor_if/motor_if/srv/detail
-- Up-to-date: /workspace/install/motor_if/include/motor_if/motor_if/srv/detail/motor_pos__rosidl_typesupport_fastrtps_c.h
-- Up-to-date: /workspace/install/motor_if/include/motor_if/motor_if/msg
-- Up-to-date: /workspace/install/motor_if/include/motor_if/motor_if/msg/rosidl_typesupport_fastrtps_c__visibility_control.h
-- Up-to-date: /workspace/install/motor_if/lib/libmotor_if__rosidl_typesupport_fastrtps_c.so
-- Up-to-date: /workspace/install/motor_if/include/motor_if/motor_if
-- Up-to-date: /workspace/install/motor_if/include/motor_if/motor_if/srv
-- Up-to-date: /workspace/install/motor_if/include/motor_if/motor_if/srv/detail
-- Up-to-date: /workspace/install/motor_if/include/motor_if/motor_if/srv/detail/motor_pos__rosidl_typesupport_introspection_c.h
-- Up-to-date: /workspace/install/motor_if/include/motor_if/motor_if/srv/detail/motor_pos__type_support.c
-- Up-to-date: /workspace/install/motor_if/include/motor_if/motor_if/msg
-- Up-to-date: /workspace/install/motor_if/include/motor_if/motor_if/msg/rosidl_typesupport_introspection_c__visibility_control.h
-- Up-to-date: /workspace/install/motor_if/lib/libmotor_if__rosidl_typesupport_introspection_c.so
-- Up-to-date: /workspace/install/motor_if/lib/libmotor_if__rosidl_typesupport_c.so
-- Up-to-date: /workspace/install/motor_if/include/motor_if/motor_if
-- Up-to-date: /workspace/install/motor_if/include/motor_if/motor_if/srv
-- Up-to-date: /workspace/install/motor_if/include/motor_if/motor_if/srv/detail
-- Up-to-date: /workspace/install/motor_if/include/motor_if/motor_if/srv/detail/motor_pos__traits.hpp
-- Up-to-date: /workspace/install/motor_if/include/motor_if/motor_if/srv/detail/motor_pos__type_support.hpp
-- Up-to-date: /workspace/install/motor_if/include/motor_if/motor_if/srv/detail/motor_pos__struct.hpp
-- Up-to-date: /workspace/install/motor_if/include/motor_if/motor_if/srv/detail/motor_pos__builder.hpp
-- Up-to-date: /workspace/install/motor_if/include/motor_if/motor_if/srv/motor_pos.hpp
-- Up-to-date: /workspace/install/motor_if/include/motor_if/motor_if/msg
-- Up-to-date: /workspace/install/motor_if/include/motor_if/motor_if/msg/rosidl_generator_cpp__visibility_control.hpp
-- Up-to-date: /workspace/install/motor_if/include/motor_if/motor_if
-- Up-to-date: /workspace/install/motor_if/include/motor_if/motor_if/srv
-- Up-to-date: /workspace/install/motor_if/include/motor_if/motor_if/srv/detail
-- Up-to-date: /workspace/install/motor_if/include/motor_if/motor_if/srv/detail/dds_fastrtps
-- Up-to-date: /workspace/install/motor_if/include/motor_if/motor_if/srv/detail/motor_pos__rosidl_typesupport_fastrtps_cpp.hpp
-- Up-to-date: /workspace/install/motor_if/include/motor_if/motor_if/msg
-- Up-to-date: /workspace/install/motor_if/include/motor_if/motor_if/msg/rosidl_typesupport_fastrtps_cpp__visibility_control.h
-- Up-to-date: /workspace/install/motor_if/lib/libmotor_if__rosidl_typesupport_fastrtps_cpp.so
-- Up-to-date: /workspace/install/motor_if/include/motor_if/motor_if
-- Up-to-date: /workspace/install/motor_if/include/motor_if/motor_if/srv
-- Up-to-date: /workspace/install/motor_if/include/motor_if/motor_if/srv/detail
-- Up-to-date: /workspace/install/motor_if/include/motor_if/motor_if/srv/detail/motor_pos__type_support.cpp
-- Up-to-date: /workspace/install/motor_if/include/motor_if/motor_if/srv/detail/motor_pos__rosidl_typesupport_introspection_cpp.hpp
-- Up-to-date: /workspace/install/motor_if/lib/libmotor_if__rosidl_typesupport_introspection_cpp.so
-- Up-to-date: /workspace/install/motor_if/lib/libmotor_if__rosidl_typesupport_cpp.so
-- Up-to-date: /workspace/install/motor_if/share/motor_if/environment/pythonpath.sh
-- Up-to-date: /workspace/install/motor_if/share/motor_if/environment/pythonpath.dsv
-- Up-to-date: /workspace/install/motor_if/local/lib/python3.10/dist-packages/motor_if-0.0.0-py3.10.egg-info
-- Installing: /workspace/install/motor_if/local/lib/python3.10/dist-packages/motor_if-0.0.0-py3.10.egg-info/SOURCES.txt
-- Installing: /workspace/install/motor_if/local/lib/python3.10/dist-packages/motor_if-0.0.0-py3.10.egg-info/top_level.txt
-- Installing: /workspace/install/motor_if/local/lib/python3.10/dist-packages/motor_if-0.0.0-py3.10.egg-info/dependency_links.txt
-- Installing: /workspace/install/motor_if/local/lib/python3.10/dist-packages/motor_if-0.0.0-py3.10.egg-info/PKG-INFO
-- Up-to-date: /workspace/install/motor_if/local/lib/python3.10/dist-packages/motor_if
-- Up-to-date: /workspace/install/motor_if/local/lib/python3.10/dist-packages/motor_if/srv
-- Up-to-date: /workspace/install/motor_if/local/lib/python3.10/dist-packages/motor_if/srv/_motor_pos_s.c
-- Up-to-date: /workspace/install/motor_if/local/lib/python3.10/dist-packages/motor_if/srv/_motor_pos.py
-- Up-to-date: /workspace/install/motor_if/local/lib/python3.10/dist-packages/motor_if/srv/__init__.py
-- Up-to-date: /workspace/install/motor_if/local/lib/python3.10/dist-packages/motor_if/_motor_if_s.ep.rosidl_typesupport_fastrtps_c.c
-- Up-to-date: /workspace/install/motor_if/local/lib/python3.10/dist-packages/motor_if/motor_if_s__rosidl_typesupport_introspection_c.cpython-310-aarch64-linux-gnu.so
-- Up-to-date: /workspace/install/motor_if/local/lib/python3.10/dist-packages/motor_if/motor_if_s__rosidl_typesupport_fastrtps_c.cpython-310-aarch64-linux-gnu.so
-- Up-to-date: /workspace/install/motor_if/local/lib/python3.10/dist-packages/motor_if/motor_if_s__rosidl_typesupport_c.cpython-310-aarch64-linux-gnu.so
-- Up-to-date: /workspace/install/motor_if/local/lib/python3.10/dist-packages/motor_if/libmotor_if__rosidl_generator_py.so
-- Up-to-date: /workspace/install/motor_if/local/lib/python3.10/dist-packages/motor_if/_motor_if_s.ep.rosidl_typesupport_introspection_c.c
-- Up-to-date: /workspace/install/motor_if/local/lib/python3.10/dist-packages/motor_if/__init__.py
-- Up-to-date: /workspace/install/motor_if/local/lib/python3.10/dist-packages/motor_if/_motor_if_s.ep.rosidl_typesupport_c.c
Listing '/workspace/install/motor_if/local/lib/python3.10/dist-packages/motor_if'...
Listing '/workspace/install/motor_if/local/lib/python3.10/dist-packages/motor_if/srv'...
-- Up-to-date: /workspace/install/motor_if/local/lib/python3.10/dist-packages/motor_if/motor_if_s__rosidl_typesupport_fastrtps_c.cpython-310-aarch64-linux-gnu.so
-- Up-to-date: /workspace/install/motor_if/local/lib/python3.10/dist-packages/motor_if/motor_if_s__rosidl_typesupport_introspection_c.cpython-310-aarch64-linux-gnu.so
-- Up-to-date: /workspace/install/motor_if/local/lib/python3.10/dist-packages/motor_if/motor_if_s__rosidl_typesupport_c.cpython-310-aarch64-linux-gnu.so
-- Up-to-date: /workspace/install/motor_if/lib/libmotor_if__rosidl_generator_py.so
-- Up-to-date: /workspace/install/motor_if/share/motor_if/srv/MotorPos.idl
-- Up-to-date: /workspace/install/motor_if/share/motor_if/srv/MotorPos.srv
-- Up-to-date: /workspace/install/motor_if/share/motor_if/srv/MotorPos_Request.msg
-- Up-to-date: /workspace/install/motor_if/share/motor_if/srv/MotorPos_Response.msg
-- Up-to-date: /workspace/install/motor_if/share/ament_index/resource_index/package_run_dependencies/motor_if
-- Up-to-date: /workspace/install/motor_if/share/ament_index/resource_index/parent_prefix_path/motor_if
-- Up-to-date: /workspace/install/motor_if/share/motor_if/environment/ament_prefix_path.sh
-- Up-to-date: /workspace/install/motor_if/share/motor_if/environment/ament_prefix_path.dsv
-- Up-to-date: /workspace/install/motor_if/share/motor_if/environment/path.sh
-- Up-to-date: /workspace/install/motor_if/share/motor_if/environment/path.dsv
-- Up-to-date: /workspace/install/motor_if/share/motor_if/local_setup.bash
-- Up-to-date: /workspace/install/motor_if/share/motor_if/local_setup.sh
-- Up-to-date: /workspace/install/motor_if/share/motor_if/local_setup.zsh
-- Up-to-date: /workspace/install/motor_if/share/motor_if/local_setup.dsv
-- Installing: /workspace/install/motor_if/share/motor_if/package.dsv
-- Up-to-date: /workspace/install/motor_if/share/ament_index/resource_index/packages/motor_if
-- Up-to-date: /workspace/install/motor_if/share/motor_if/cmake/export_motor_if__rosidl_generator_cExport.cmake
-- Up-to-date: /workspace/install/motor_if/share/motor_if/cmake/export_motor_if__rosidl_generator_cExport-noconfig.cmake
-- Up-to-date: /workspace/install/motor_if/share/motor_if/cmake/export_motor_if__rosidl_typesupport_fastrtps_cExport.cmake
-- Up-to-date: /workspace/install/motor_if/share/motor_if/cmake/export_motor_if__rosidl_typesupport_fastrtps_cExport-noconfig.cmake
-- Up-to-date: /workspace/install/motor_if/share/motor_if/cmake/motor_if__rosidl_typesupport_introspection_cExport.cmake
-- Up-to-date: /workspace/install/motor_if/share/motor_if/cmake/motor_if__rosidl_typesupport_introspection_cExport-noconfig.cmake
-- Up-to-date: /workspace/install/motor_if/share/motor_if/cmake/motor_if__rosidl_typesupport_cExport.cmake
-- Up-to-date: /workspace/install/motor_if/share/motor_if/cmake/motor_if__rosidl_typesupport_cExport-noconfig.cmake
-- Up-to-date: /workspace/install/motor_if/share/motor_if/cmake/export_motor_if__rosidl_generator_cppExport.cmake
-- Up-to-date: /workspace/install/motor_if/share/motor_if/cmake/export_motor_if__rosidl_typesupport_fastrtps_cppExport.cmake
-- Up-to-date: /workspace/install/motor_if/share/motor_if/cmake/export_motor_if__rosidl_typesupport_fastrtps_cppExport-noconfig.cmake
-- Up-to-date: /workspace/install/motor_if/share/motor_if/cmake/motor_if__rosidl_typesupport_introspection_cppExport.cmake
-- Up-to-date: /workspace/install/motor_if/share/motor_if/cmake/motor_if__rosidl_typesupport_introspection_cppExport-noconfig.cmake
-- Up-to-date: /workspace/install/motor_if/share/motor_if/cmake/motor_if__rosidl_typesupport_cppExport.cmake
-- Up-to-date: /workspace/install/motor_if/share/motor_if/cmake/motor_if__rosidl_typesupport_cppExport-noconfig.cmake
-- Up-to-date: /workspace/install/motor_if/share/motor_if/cmake/export_motor_if__rosidl_generator_pyExport.cmake
-- Up-to-date: /workspace/install/motor_if/share/motor_if/cmake/export_motor_if__rosidl_generator_pyExport-noconfig.cmake
-- Up-to-date: /workspace/install/motor_if/share/motor_if/cmake/rosidl_cmake-extras.cmake
-- Up-to-date: /workspace/install/motor_if/share/motor_if/cmake/ament_cmake_export_include_directories-extras.cmake
-- Up-to-date: /workspace/install/motor_if/share/motor_if/cmake/ament_cmake_export_libraries-extras.cmake
-- Up-to-date: /workspace/install/motor_if/share/motor_if/cmake/ament_cmake_export_targets-extras.cmake
-- Up-to-date: /workspace/install/motor_if/share/motor_if/cmake/rosidl_cmake_export_typesupport_targets-extras.cmake
-- Up-to-date: /workspace/install/motor_if/share/motor_if/cmake/ament_cmake_export_dependencies-extras.cmake
-- Up-to-date: /workspace/install/motor_if/share/motor_if/cmake/rosidl_cmake_export_typesupport_libraries-extras.cmake
-- Up-to-date: /workspace/install/motor_if/share/motor_if/cmake/motor_ifConfig.cmake
-- Up-to-date: /workspace/install/motor_if/share/motor_if/cmake/motor_ifConfig-version.cmake
-- Up-to-date: /workspace/install/motor_if/share/motor_if/package.xml
