/workspace/install/us_pkg8/lib/python3.10/site-packages/us_pkg8/test.py
/workspace/install/us_pkg8/lib/python3.10/site-packages/us_pkg8/us_modbus_receiver_node2.py
/workspace/install/us_pkg8/lib/python3.10/site-packages/us_pkg8/us_modbus_receiver_node.py
/workspace/install/us_pkg8/lib/python3.10/site-packages/us_pkg8/us_receiver_node.py
/workspace/install/us_pkg8/lib/python3.10/site-packages/us_pkg8/__init__.py
/workspace/install/us_pkg8/lib/python3.10/site-packages/us_pkg8/us_show_node.py
/workspace/install/us_pkg8/lib/python3.10/site-packages/us_pkg8/us_uart_receiver_node.py
/workspace/install/us_pkg8/lib/python3.10/site-packages/us_pkg8/__pycache__/test.cpython-310.pyc
/workspace/install/us_pkg8/lib/python3.10/site-packages/us_pkg8/__pycache__/us_modbus_receiver_node2.cpython-310.pyc
/workspace/install/us_pkg8/lib/python3.10/site-packages/us_pkg8/__pycache__/us_modbus_receiver_node.cpython-310.pyc
/workspace/install/us_pkg8/lib/python3.10/site-packages/us_pkg8/__pycache__/us_receiver_node.cpython-310.pyc
/workspace/install/us_pkg8/lib/python3.10/site-packages/us_pkg8/__pycache__/__init__.cpython-310.pyc
/workspace/install/us_pkg8/lib/python3.10/site-packages/us_pkg8/__pycache__/us_show_node.cpython-310.pyc
/workspace/install/us_pkg8/lib/python3.10/site-packages/us_pkg8/__pycache__/us_uart_receiver_node.cpython-310.pyc
/workspace/install/us_pkg8/share/ament_index/resource_index/packages/us_pkg8
/workspace/install/us_pkg8/share/us_pkg8/package.xml
/workspace/install/us_pkg8/lib/python3.10/site-packages/us_pkg8-0.0.0-py3.10.egg-info/dependency_links.txt
/workspace/install/us_pkg8/lib/python3.10/site-packages/us_pkg8-0.0.0-py3.10.egg-info/entry_points.txt
/workspace/install/us_pkg8/lib/python3.10/site-packages/us_pkg8-0.0.0-py3.10.egg-info/requires.txt
/workspace/install/us_pkg8/lib/python3.10/site-packages/us_pkg8-0.0.0-py3.10.egg-info/PKG-INFO
/workspace/install/us_pkg8/lib/python3.10/site-packages/us_pkg8-0.0.0-py3.10.egg-info/zip-safe
/workspace/install/us_pkg8/lib/python3.10/site-packages/us_pkg8-0.0.0-py3.10.egg-info/top_level.txt
/workspace/install/us_pkg8/lib/python3.10/site-packages/us_pkg8-0.0.0-py3.10.egg-info/SOURCES.txt
/workspace/install/us_pkg8/lib/us_pkg8/us_modbus_receiver_node
/workspace/install/us_pkg8/lib/us_pkg8/us_modbus_receiver_node2
/workspace/install/us_pkg8/lib/us_pkg8/us_show_node
/workspace/install/us_pkg8/lib/us_pkg8/us_uart_receiver_node
