[2.557s] Invoking command in '/workspace/src/record': PYTHONPATH=/workspace/build/record/prefix_override:/usr/lib/python3/dist-packages/colcon_core/task/python/colcon_distutils_commands:/workspace/install/record/lib/python3.10/site-packages:${PYTHONPATH} /usr/bin/python3 -W ignore:setup.py install is deprecated -W ignore:easy_install command is deprecated setup.py egg_info --egg-base ../../build/record build --build-base /workspace/build/record/build install --record /workspace/build/record/install.log --single-version-externally-managed install_data
[2.955s] running egg_info
[2.956s] writing ../../build/record/record.egg-info/PKG-INFO
[2.957s] writing dependency_links to ../../build/record/record.egg-info/dependency_links.txt
[2.958s] writing entry points to ../../build/record/record.egg-info/entry_points.txt
[2.958s] writing requirements to ../../build/record/record.egg-info/requires.txt
[2.959s] writing top-level names to ../../build/record/record.egg-info/top_level.txt
[2.960s] reading manifest file '../../build/record/record.egg-info/SOURCES.txt'
[2.962s] writing manifest file '../../build/record/record.egg-info/SOURCES.txt'
[2.962s] running build
[2.962s] running build_py
[2.962s] running install
[2.963s] running install_lib
[2.964s] running install_data
[2.964s] running install_egg_info
[2.966s] removing '/workspace/install/record/lib/python3.10/site-packages/record-0.0.0-py3.10.egg-info' (and everything under it)
[2.967s] Copying ../../build/record/record.egg-info to /workspace/install/record/lib/python3.10/site-packages/record-0.0.0-py3.10.egg-info
[2.968s] running install_scripts
[3.000s] Installing record_node script to /workspace/install/record/lib/record
[3.002s] writing list of installed files to '/workspace/build/record/install.log'
[3.061s] Invoked command in '/workspace/src/record' returned '0': PYTHONPATH=/workspace/build/record/prefix_override:/usr/lib/python3/dist-packages/colcon_core/task/python/colcon_distutils_commands:/workspace/install/record/lib/python3.10/site-packages:${PYTHONPATH} /usr/bin/python3 -W ignore:setup.py install is deprecated -W ignore:easy_install command is deprecated setup.py egg_info --egg-base ../../build/record build --build-base /workspace/build/record/build install --record /workspace/build/record/install.log --single-version-externally-managed install_data
