[2.734s] Invoking command in '/workspace/src/us_pkg8': PYTHONPATH=/workspace/build/us_pkg8/prefix_override:/usr/lib/python3/dist-packages/colcon_core/task/python/colcon_distutils_commands:/workspace/install/us_pkg8/lib/python3.10/site-packages:${PYTHONPATH} /usr/bin/python3 -W ignore:setup.py install is deprecated -W ignore:easy_install command is deprecated setup.py egg_info --egg-base ../../build/us_pkg8 build --build-base /workspace/build/us_pkg8/build install --record /workspace/build/us_pkg8/install.log --single-version-externally-managed install_data
[3.079s] running egg_info
[3.081s] writing ../../build/us_pkg8/us_pkg8.egg-info/PKG-INFO
[3.082s] writing dependency_links to ../../build/us_pkg8/us_pkg8.egg-info/dependency_links.txt
[3.082s] writing entry points to ../../build/us_pkg8/us_pkg8.egg-info/entry_points.txt
[3.082s] writing requirements to ../../build/us_pkg8/us_pkg8.egg-info/requires.txt
[3.082s] writing top-level names to ../../build/us_pkg8/us_pkg8.egg-info/top_level.txt
[3.085s] reading manifest file '../../build/us_pkg8/us_pkg8.egg-info/SOURCES.txt'
[3.085s] writing manifest file '../../build/us_pkg8/us_pkg8.egg-info/SOURCES.txt'
[3.085s] running build
[3.085s] running build_py
[3.087s] running install
[3.088s] running install_lib
[3.090s] running install_data
[3.091s] running install_egg_info
[3.091s] removing '/workspace/install/us_pkg8/lib/python3.10/site-packages/us_pkg8-0.0.0-py3.10.egg-info' (and everything under it)
[3.092s] Copying ../../build/us_pkg8/us_pkg8.egg-info to /workspace/install/us_pkg8/lib/python3.10/site-packages/us_pkg8-0.0.0-py3.10.egg-info
[3.095s] running install_scripts
[3.131s] Installing us_modbus_receiver_node script to /workspace/install/us_pkg8/lib/us_pkg8
[3.131s] Installing us_modbus_receiver_node2 script to /workspace/install/us_pkg8/lib/us_pkg8
[3.132s] Installing us_show_node script to /workspace/install/us_pkg8/lib/us_pkg8
[3.136s] Installing us_uart_receiver_node script to /workspace/install/us_pkg8/lib/us_pkg8
[3.137s] writing list of installed files to '/workspace/build/us_pkg8/install.log'
[3.184s] Invoked command in '/workspace/src/us_pkg8' returned '0': PYTHONPATH=/workspace/build/us_pkg8/prefix_override:/usr/lib/python3/dist-packages/colcon_core/task/python/colcon_distutils_commands:/workspace/install/us_pkg8/lib/python3.10/site-packages:${PYTHONPATH} /usr/bin/python3 -W ignore:setup.py install is deprecated -W ignore:easy_install command is deprecated setup.py egg_info --egg-base ../../build/us_pkg8 build --build-base /workspace/build/us_pkg8/build install --record /workspace/build/us_pkg8/install.log --single-version-externally-managed install_data
