[0.810s] Invoking command in '/workspace/src/camera': PYTHONPATH=/workspace/build/camera/prefix_override:/usr/lib/python3/dist-packages/colcon_core/task/python/colcon_distutils_commands:/workspace/install/camera/lib/python3.10/site-packages:${PYTHONPATH} /usr/bin/python3 -W ignore:setup.py install is deprecated -W ignore:easy_install command is deprecated setup.py egg_info --egg-base ../../build/camera build --build-base /workspace/build/camera/build install --record /workspace/build/camera/install.log --single-version-externally-managed install_data
[0.911s] running egg_info
[0.911s] writing ../../build/camera/camera.egg-info/PKG-INFO
[0.911s] writing dependency_links to ../../build/camera/camera.egg-info/dependency_links.txt
[0.911s] writing entry points to ../../build/camera/camera.egg-info/entry_points.txt
[0.911s] writing requirements to ../../build/camera/camera.egg-info/requires.txt
[0.911s] writing top-level names to ../../build/camera/camera.egg-info/top_level.txt
[0.912s] reading manifest file '../../build/camera/camera.egg-info/SOURCES.txt'
[0.912s] writing manifest file '../../build/camera/camera.egg-info/SOURCES.txt'
[0.912s] running build
[0.912s] running build_py
[0.912s] running install
[0.912s] running install_lib
[0.913s] running install_data
[0.913s] running install_egg_info
[0.914s] removing '/workspace/install/camera/lib/python3.10/site-packages/camera-0.0.0-py3.10.egg-info' (and everything under it)
[0.914s] Copying ../../build/camera/camera.egg-info to /workspace/install/camera/lib/python3.10/site-packages/camera-0.0.0-py3.10.egg-info
[0.914s] running install_scripts
[0.924s] Installing realsense script to /workspace/install/camera/lib/camera
[0.925s] writing list of installed files to '/workspace/build/camera/install.log'
[0.945s] Invoked command in '/workspace/src/camera' returned '0': PYTHONPATH=/workspace/build/camera/prefix_override:/usr/lib/python3/dist-packages/colcon_core/task/python/colcon_distutils_commands:/workspace/install/camera/lib/python3.10/site-packages:${PYTHONPATH} /usr/bin/python3 -W ignore:setup.py install is deprecated -W ignore:easy_install command is deprecated setup.py egg_info --egg-base ../../build/camera build --build-base /workspace/build/camera/build install --record /workspace/build/camera/install.log --single-version-externally-managed install_data
