/workspace/install/uwb/lib/python3.10/site-packages/uwb/__init__.py
/workspace/install/uwb/lib/python3.10/site-packages/uwb/uwb_localization.py
/workspace/install/uwb/lib/python3.10/site-packages/uwb/uwb_filter.py
/workspace/install/uwb/lib/python3.10/site-packages/uwb/uwb_visualization.py
/workspace/install/uwb/lib/python3.10/site-packages/uwb/uwb_receiver.py
/workspace/install/uwb/lib/python3.10/site-packages/uwb/uwb_last_filter.py
/workspace/install/uwb/lib/python3.10/site-packages/uwb/__pycache__/__init__.cpython-310.pyc
/workspace/install/uwb/lib/python3.10/site-packages/uwb/__pycache__/uwb_localization.cpython-310.pyc
/workspace/install/uwb/lib/python3.10/site-packages/uwb/__pycache__/uwb_filter.cpython-310.pyc
/workspace/install/uwb/lib/python3.10/site-packages/uwb/__pycache__/uwb_visualization.cpython-310.pyc
/workspace/install/uwb/lib/python3.10/site-packages/uwb/__pycache__/uwb_receiver.cpython-310.pyc
/workspace/install/uwb/lib/python3.10/site-packages/uwb/__pycache__/uwb_last_filter.cpython-310.pyc
/workspace/install/uwb/share/ament_index/resource_index/packages/uwb
/workspace/install/uwb/share/uwb/package.xml
/workspace/install/uwb/lib/python3.10/site-packages/uwb-0.0.0-py3.10.egg-info/dependency_links.txt
/workspace/install/uwb/lib/python3.10/site-packages/uwb-0.0.0-py3.10.egg-info/entry_points.txt
/workspace/install/uwb/lib/python3.10/site-packages/uwb-0.0.0-py3.10.egg-info/requires.txt
/workspace/install/uwb/lib/python3.10/site-packages/uwb-0.0.0-py3.10.egg-info/PKG-INFO
/workspace/install/uwb/lib/python3.10/site-packages/uwb-0.0.0-py3.10.egg-info/zip-safe
/workspace/install/uwb/lib/python3.10/site-packages/uwb-0.0.0-py3.10.egg-info/top_level.txt
/workspace/install/uwb/lib/python3.10/site-packages/uwb-0.0.0-py3.10.egg-info/SOURCES.txt
/workspace/install/uwb/lib/uwb/filter
/workspace/install/uwb/lib/uwb/last_filter
/workspace/install/uwb/lib/uwb/localization
/workspace/install/uwb/lib/uwb/receiver
/workspace/install/uwb/lib/uwb/visualization
