[4.857s] Invoking command in '/workspace/src/pixhawk_control': PYTHONPATH=/workspace/build/pixhawk_control/prefix_override:/usr/lib/python3/dist-packages/colcon_core/task/python/colcon_distutils_commands:/workspace/install/pixhawk_control/lib/python3.10/site-packages:${PYTHONPATH} /usr/bin/python3 -W ignore:setup.py install is deprecated setup.py egg_info --egg-base ../../build/pixhawk_control build --build-base /workspace/build/pixhawk_control/build install --record /workspace/build/pixhawk_control/install.log --single-version-externally-managed install_data
[5.314s] /usr/local/lib/python3.10/dist-packages/setuptools/_distutils/dist.py:261: UserWarning: Unknown distribution option: 'tests_require'
[5.314s]   warnings.warn(msg)
[5.527s] running egg_info
[5.561s] writing ../../build/pixhawk_control/pixhawk_control.egg-info/PKG-INFO
[5.564s] writing dependency_links to ../../build/pixhawk_control/pixhawk_control.egg-info/dependency_links.txt
[5.564s] writing requirements to ../../build/pixhawk_control/pixhawk_control.egg-info/requires.txt
[5.564s] writing top-level names to ../../build/pixhawk_control/pixhawk_control.egg-info/top_level.txt
[5.654s] reading manifest file '../../build/pixhawk_control/pixhawk_control.egg-info/SOURCES.txt'
[5.661s] writing manifest file '../../build/pixhawk_control/pixhawk_control.egg-info/SOURCES.txt'
[5.661s] running build
[5.662s] running build_py
[5.664s] copying pixhawk_control/connect_pixhawk.py -> /workspace/build/pixhawk_control/build/lib/pixhawk_control
[5.664s] copying pixhawk_control/connect_debug.py -> /workspace/build/pixhawk_control/build/lib/pixhawk_control
[5.664s] copying pixhawk_control/__init__.py -> /workspace/build/pixhawk_control/build/lib/pixhawk_control
[5.664s] running install
[5.673s] running install_lib
[5.703s] copying /workspace/build/pixhawk_control/build/lib/pixhawk_control/connect_pixhawk.py -> /workspace/install/pixhawk_control/lib/python3.10/site-packages/pixhawk_control
[5.706s] byte-compiling /workspace/install/pixhawk_control/lib/python3.10/site-packages/pixhawk_control/connect_pixhawk.py to connect_pixhawk.cpython-310.pyc
[5.708s] running install_data
[5.709s] copying resource/pixhawk_control -> /workspace/install/pixhawk_control/share/ament_index/resource_index/packages
[5.710s] copying package.xml -> /workspace/install/pixhawk_control/share/pixhawk_control
[5.711s] running install_egg_info
[5.751s] removing '/workspace/install/pixhawk_control/lib/python3.10/site-packages/pixhawk_control-0.0.0-py3.10.egg-info' (and everything under it)
[5.753s] Copying ../../build/pixhawk_control/pixhawk_control.egg-info to /workspace/install/pixhawk_control/lib/python3.10/site-packages/pixhawk_control-0.0.0-py3.10.egg-info
[5.756s] running install_scripts
[6.165s] writing list of installed files to '/workspace/build/pixhawk_control/install.log'
[6.318s] Invoked command in '/workspace/src/pixhawk_control' returned '0': PYTHONPATH=/workspace/build/pixhawk_control/prefix_override:/usr/lib/python3/dist-packages/colcon_core/task/python/colcon_distutils_commands:/workspace/install/pixhawk_control/lib/python3.10/site-packages:${PYTHONPATH} /usr/bin/python3 -W ignore:setup.py install is deprecated setup.py egg_info --egg-base ../../build/pixhawk_control build --build-base /workspace/build/pixhawk_control/build install --record /workspace/build/pixhawk_control/install.log --single-version-externally-managed install_data
