[7.152s] Invoking command in '/workspace/src/track': PYTHONPATH=/workspace/build/track/prefix_override:/usr/lib/python3/dist-packages/colcon_core/task/python/colcon_distutils_commands:/workspace/install/track/lib/python3.10/site-packages:${PYTHONPATH} /usr/bin/python3 -W ignore:setup.py install is deprecated setup.py egg_info --egg-base ../../build/track build --build-base /workspace/build/track/build install --record /workspace/build/track/install.log --single-version-externally-managed install_data
[7.250s] /usr/local/lib/python3.10/dist-packages/_distutils_hack/__init__.py:53: UserWarning: Reliance on distutils from stdlib is deprecated. Users must rely on setuptools to provide the distutils module. Avoid importing distutils or import setuptools first, and avoid setting SETUPTOOLS_USE_DISTUTILS=stdlib. Register concerns at https://github.com/pypa/setuptools/issues/new?template=distutils-deprecation.yml
[7.251s]   warnings.warn(
[7.560s] /usr/lib/python3.10/distutils/dist.py:274: UserWarning: Unknown distribution option: 'tests_require'
[7.561s]   warnings.warn(msg)
[7.820s] running egg_info
[7.858s] writing ../../build/track/track.egg-info/PKG-INFO
[7.860s] writing dependency_links to ../../build/track/track.egg-info/dependency_links.txt
[7.860s] writing entry points to ../../build/track/track.egg-info/entry_points.txt
[7.861s] writing requirements to ../../build/track/track.egg-info/requires.txt
[7.861s] writing top-level names to ../../build/track/track.egg-info/top_level.txt
[7.946s] reading manifest file '../../build/track/track.egg-info/SOURCES.txt'
[7.949s] writing manifest file '../../build/track/track.egg-info/SOURCES.txt'
[7.950s] running build
[7.951s] running build_py
[7.952s] running install
[7.953s] running install_lib
[7.998s] running install_data
[7.999s] running install_egg_info
[8.048s] removing '/workspace/install/track/lib/python3.10/site-packages/track-0.0.0-py3.10.egg-info' (and everything under it)
[8.049s] Copying ../../build/track/track.egg-info to /workspace/install/track/lib/python3.10/site-packages/track-0.0.0-py3.10.egg-info
[8.049s] running install_scripts
[8.135s] Installing ByteTrack script to /workspace/install/track/lib/track
[8.135s] Installing YOLO script to /workspace/install/track/lib/track
[8.137s] Installing bytetrack script to /workspace/install/track/lib/track
[8.139s] Installing depth script to /workspace/install/track/lib/track
[8.140s] Installing testa script to /workspace/install/track/lib/track
[8.143s] writing list of installed files to '/workspace/build/track/install.log'
[8.249s] Invoked command in '/workspace/src/track' returned '0': PYTHONPATH=/workspace/build/track/prefix_override:/usr/lib/python3/dist-packages/colcon_core/task/python/colcon_distutils_commands:/workspace/install/track/lib/python3.10/site-packages:${PYTHONPATH} /usr/bin/python3 -W ignore:setup.py install is deprecated setup.py egg_info --egg-base ../../build/track build --build-base /workspace/build/track/build install --record /workspace/build/track/install.log --single-version-externally-managed install_data
