[0.012s] Invoking command in '/home/jimmy/work/build/dynamixel_sdk_custom_interfaces': CMAKE_PREFIX_PATH=${CMAKE_PREFIX_PATH}:/home/jimmy/work/install/my_robot_package:/home/jimmy/work/install/control_motor:/opt/ros/humble /usr/bin/cmake --build /home/jimmy/work/build/dynamixel_sdk_custom_interfaces -- -j20 -l20
[0.170s] [  1%] Built target dynamixel_sdk_custom_interfaces__cpp
[0.170s] [ 12%] Built target dynamixel_sdk_custom_interfaces__rosidl_generator_c
[0.171s] [ 12%] Built target ament_cmake_python_copy_dynamixel_sdk_custom_interfaces
[0.171s] [ 23%] Built target dynamixel_sdk_custom_interfaces__rosidl_typesupport_cpp
[0.171s] [ 34%] Built target dynamixel_sdk_custom_interfaces__rosidl_typesupport_fastrtps_cpp
[0.171s] [ 46%] Built target dynamixel_sdk_custom_interfaces__rosidl_typesupport_c
[0.171s] [ 69%] Built target dynamixel_sdk_custom_interfaces__rosidl_typesupport_introspection_c
[0.171s] [ 68%] Built target dynamixel_sdk_custom_interfaces__rosidl_typesupport_introspection_cpp
[0.171s] [ 79%] Built target dynamixel_sdk_custom_interfaces__rosidl_typesupport_fastrtps_c
[0.171s] [ 79%] Built target dynamixel_sdk_custom_interfaces
[0.171s] [ 80%] Built target dynamixel_sdk_custom_interfaces__py
[0.171s] [ 90%] Built target dynamixel_sdk_custom_interfaces__rosidl_generator_py
[0.171s] [100%] Built target dynamixel_sdk_custom_interfaces__rosidl_typesupport_fastrtps_c__pyext
[0.171s] [100%] Built target dynamixel_sdk_custom_interfaces__rosidl_typesupport_c__pyext
[0.171s] [100%] Built target dynamixel_sdk_custom_interfaces__rosidl_typesupport_introspection_c__pyext
[0.189s] running egg_info
[0.190s] writing dynamixel_sdk_custom_interfaces.egg-info/PKG-INFO
[0.190s] writing dependency_links to dynamixel_sdk_custom_interfaces.egg-info/dependency_links.txt
[0.190s] writing top-level names to dynamixel_sdk_custom_interfaces.egg-info/top_level.txt
[0.192s] reading manifest file 'dynamixel_sdk_custom_interfaces.egg-info/SOURCES.txt'
[0.192s] writing manifest file 'dynamixel_sdk_custom_interfaces.egg-info/SOURCES.txt'
[0.207s] [100%] Built target ament_cmake_python_build_dynamixel_sdk_custom_interfaces_egg
