[0.862s] Invoking command in '/workspace/src/camera': PYTHONPATH=/workspace/build/camera/prefix_override:/usr/lib/python3/dist-packages/colcon_core/task/python/colcon_distutils_commands:/workspace/install/camera/lib/python3.10/site-packages:${PYTHONPATH} /usr/bin/python3 -W ignore:setup.py install is deprecated -W ignore:easy_install command is deprecated setup.py egg_info --egg-base ../../build/camera build --build-base /workspace/build/camera/build install --record /workspace/build/camera/install.log --single-version-externally-managed install_data
[0.961s] running egg_info
[0.962s] writing ../../build/camera/camera.egg-info/PKG-INFO
[0.962s] writing dependency_links to ../../build/camera/camera.egg-info/dependency_links.txt
[0.962s] writing entry points to ../../build/camera/camera.egg-info/entry_points.txt
[0.962s] writing requirements to ../../build/camera/camera.egg-info/requires.txt
[0.962s] writing top-level names to ../../build/camera/camera.egg-info/top_level.txt
[0.963s] reading manifest file '../../build/camera/camera.egg-info/SOURCES.txt'
[0.963s] writing manifest file '../../build/camera/camera.egg-info/SOURCES.txt'
[0.963s] running build
[0.963s] running build_py
[0.963s] copying camera/realsense.py -> /workspace/build/camera/build/lib/camera
[0.963s] running install
[0.963s] running install_lib
[0.964s] copying /workspace/build/camera/build/lib/camera/realsense.py -> /workspace/install/camera/lib/python3.10/site-packages/camera
[0.964s] byte-compiling /workspace/install/camera/lib/python3.10/site-packages/camera/realsense.py to realsense.cpython-310.pyc
[0.964s] running install_data
[0.964s] running install_egg_info
[0.965s] removing '/workspace/install/camera/lib/python3.10/site-packages/camera-0.0.0-py3.10.egg-info' (and everything under it)
[0.965s] Copying ../../build/camera/camera.egg-info to /workspace/install/camera/lib/python3.10/site-packages/camera-0.0.0-py3.10.egg-info
[0.966s] running install_scripts
[0.976s] Installing realsense script to /workspace/install/camera/lib/camera
[0.977s] writing list of installed files to '/workspace/build/camera/install.log'
[0.995s] Invoked command in '/workspace/src/camera' returned '0': PYTHONPATH=/workspace/build/camera/prefix_override:/usr/lib/python3/dist-packages/colcon_core/task/python/colcon_distutils_commands:/workspace/install/camera/lib/python3.10/site-packages:${PYTHONPATH} /usr/bin/python3 -W ignore:setup.py install is deprecated -W ignore:easy_install command is deprecated setup.py egg_info --egg-base ../../build/camera build --build-base /workspace/build/camera/build install --record /workspace/build/camera/install.log --single-version-externally-managed install_data
