[2.426s] Invoking command in '/workspace/src/obstacle_detect_last': PYTHONPATH=/workspace/build/obstacle_detect_last/prefix_override:/usr/lib/python3/dist-packages/colcon_core/task/python/colcon_distutils_commands:/workspace/install/obstacle_detect_last/lib/python3.10/site-packages:${PYTHONPATH} /usr/bin/python3 -W ignore:setup.py install is deprecated -W ignore:easy_install command is deprecated setup.py egg_info --egg-base ../../build/obstacle_detect_last build --build-base /workspace/build/obstacle_detect_last/build install --record /workspace/build/obstacle_detect_last/install.log --single-version-externally-managed install_data
[2.749s] running egg_info
[2.750s] writing ../../build/obstacle_detect_last/obstacle_detect_last.egg-info/PKG-INFO
[2.751s] writing dependency_links to ../../build/obstacle_detect_last/obstacle_detect_last.egg-info/dependency_links.txt
[2.751s] writing entry points to ../../build/obstacle_detect_last/obstacle_detect_last.egg-info/entry_points.txt
[2.753s] writing requirements to ../../build/obstacle_detect_last/obstacle_detect_last.egg-info/requires.txt
[2.753s] writing top-level names to ../../build/obstacle_detect_last/obstacle_detect_last.egg-info/top_level.txt
[2.754s] reading manifest file '../../build/obstacle_detect_last/obstacle_detect_last.egg-info/SOURCES.txt'
[2.755s] writing manifest file '../../build/obstacle_detect_last/obstacle_detect_last.egg-info/SOURCES.txt'
[2.755s] running build
[2.755s] running build_py
[2.755s] running install
[2.756s] running install_lib
[2.758s] running install_data
[2.759s] running install_egg_info
[2.760s] removing '/workspace/install/obstacle_detect_last/lib/python3.10/site-packages/obstacle_detect_last-0.0.0-py3.10.egg-info' (and everything under it)
[2.761s] Copying ../../build/obstacle_detect_last/obstacle_detect_last.egg-info to /workspace/install/obstacle_detect_last/lib/python3.10/site-packages/obstacle_detect_last-0.0.0-py3.10.egg-info
[2.763s] running install_scripts
[2.792s] Installing obs_detect script to /workspace/install/obstacle_detect_last/lib/obstacle_detect_last
[2.792s] Installing obs_draw script to /workspace/install/obstacle_detect_last/lib/obstacle_detect_last
[2.792s] Installing open_rs script to /workspace/install/obstacle_detect_last/lib/obstacle_detect_last
[2.792s] writing list of installed files to '/workspace/build/obstacle_detect_last/install.log'
[2.841s] Invoked command in '/workspace/src/obstacle_detect_last' returned '0': PYTHONPATH=/workspace/build/obstacle_detect_last/prefix_override:/usr/lib/python3/dist-packages/colcon_core/task/python/colcon_distutils_commands:/workspace/install/obstacle_detect_last/lib/python3.10/site-packages:${PYTHONPATH} /usr/bin/python3 -W ignore:setup.py install is deprecated -W ignore:easy_install command is deprecated setup.py egg_info --egg-base ../../build/obstacle_detect_last build --build-base /workspace/build/obstacle_detect_last/build install --record /workspace/build/obstacle_detect_last/install.log --single-version-externally-managed install_data
