[3.376s] Invoking command in '/workspace/src/visualization': PYTHONPATH=/workspace/build/visualization/prefix_override:/usr/lib/python3/dist-packages/colcon_core/task/python/colcon_distutils_commands:/workspace/install/visualization/lib/python3.10/site-packages:${PYTHONPATH} /usr/bin/python3 -W ignore:setup.py install is deprecated setup.py egg_info --egg-base ../../build/visualization build --build-base /workspace/build/visualization/build install --record /workspace/build/visualization/install.log --single-version-externally-managed install_data
[3.450s] /usr/local/lib/python3.10/dist-packages/_distutils_hack/__init__.py:53: UserWarning: Reliance on distutils from stdlib is deprecated. Users must rely on setuptools to provide the distutils module. Avoid importing distutils or import setuptools first, and avoid setting SETUPTOOLS_USE_DISTUTILS=stdlib. Register concerns at https://github.com/pypa/setuptools/issues/new?template=distutils-deprecation.yml
[3.451s]   warnings.warn(
[3.769s] /usr/lib/python3.10/distutils/dist.py:274: UserWarning: Unknown distribution option: 'tests_require'
[3.769s]   warnings.warn(msg)
[4.030s] running egg_info
[4.069s] writing ../../build/visualization/visualization.egg-info/PKG-INFO
[4.070s] writing dependency_links to ../../build/visualization/visualization.egg-info/dependency_links.txt
[4.071s] writing entry points to ../../build/visualization/visualization.egg-info/entry_points.txt
[4.073s] writing requirements to ../../build/visualization/visualization.egg-info/requires.txt
[4.073s] writing top-level names to ../../build/visualization/visualization.egg-info/top_level.txt
[4.155s] reading manifest file '../../build/visualization/visualization.egg-info/SOURCES.txt'
[4.159s] writing manifest file '../../build/visualization/visualization.egg-info/SOURCES.txt'
[4.160s] running build
[4.161s] running build_py
[4.161s] running install
[4.161s] running install_lib
[4.205s] running install_data
[4.205s] running install_egg_info
[4.249s] removing '/workspace/install/visualization/lib/python3.10/site-packages/visualization-0.0.0-py3.10.egg-info' (and everything under it)
[4.250s] Copying ../../build/visualization/visualization.egg-info to /workspace/install/visualization/lib/python3.10/site-packages/visualization-0.0.0-py3.10.egg-info
[4.252s] running install_scripts
[4.342s] Installing sim_node script to /workspace/install/visualization/lib/visualization
[4.343s] Installing visual script to /workspace/install/visualization/lib/visualization
[4.344s] writing list of installed files to '/workspace/build/visualization/install.log'
[4.426s] Invoked command in '/workspace/src/visualization' returned '0': PYTHONPATH=/workspace/build/visualization/prefix_override:/usr/lib/python3/dist-packages/colcon_core/task/python/colcon_distutils_commands:/workspace/install/visualization/lib/python3.10/site-packages:${PYTHONPATH} /usr/bin/python3 -W ignore:setup.py install is deprecated setup.py egg_info --egg-base ../../build/visualization build --build-base /workspace/build/visualization/build install --record /workspace/build/visualization/install.log --single-version-externally-managed install_data
