/workspace/install/uwb_nls/lib/python3.10/site-packages/uwb_nls/uwb_last_filter_nls.py
/workspace/install/uwb_nls/lib/python3.10/site-packages/uwb_nls/position_nls.py
/workspace/install/uwb_nls/lib/python3.10/site-packages/uwb_nls/__init__.py
/workspace/install/uwb_nls/lib/python3.10/site-packages/uwb_nls/uwb_visualization.py
/workspace/install/uwb_nls/lib/python3.10/site-packages/uwb_nls/__pycache__/uwb_last_filter_nls.cpython-310.pyc
/workspace/install/uwb_nls/lib/python3.10/site-packages/uwb_nls/__pycache__/position_nls.cpython-310.pyc
/workspace/install/uwb_nls/lib/python3.10/site-packages/uwb_nls/__pycache__/__init__.cpython-310.pyc
/workspace/install/uwb_nls/lib/python3.10/site-packages/uwb_nls/__pycache__/uwb_visualization.cpython-310.pyc
/workspace/install/uwb_nls/share/ament_index/resource_index/packages/uwb_nls
/workspace/install/uwb_nls/share/uwb_nls/package.xml
/workspace/install/uwb_nls/lib/python3.10/site-packages/uwb_nls-0.0.0-py3.10.egg-info/dependency_links.txt
/workspace/install/uwb_nls/lib/python3.10/site-packages/uwb_nls-0.0.0-py3.10.egg-info/entry_points.txt
/workspace/install/uwb_nls/lib/python3.10/site-packages/uwb_nls-0.0.0-py3.10.egg-info/requires.txt
/workspace/install/uwb_nls/lib/python3.10/site-packages/uwb_nls-0.0.0-py3.10.egg-info/PKG-INFO
/workspace/install/uwb_nls/lib/python3.10/site-packages/uwb_nls-0.0.0-py3.10.egg-info/zip-safe
/workspace/install/uwb_nls/lib/python3.10/site-packages/uwb_nls-0.0.0-py3.10.egg-info/top_level.txt
/workspace/install/uwb_nls/lib/python3.10/site-packages/uwb_nls-0.0.0-py3.10.egg-info/SOURCES.txt
/workspace/install/uwb_nls/lib/uwb_nls/filter_node_nls
/workspace/install/uwb_nls/lib/uwb_nls/position_nls
/workspace/install/uwb_nls/lib/uwb_nls/visualization_all
