running egg_info
creating ../../build/track/track.egg-info
writing ../../build/track/track.egg-info/PKG-INFO
writing dependency_links to ../../build/track/track.egg-info/dependency_links.txt
writing entry points to ../../build/track/track.egg-info/entry_points.txt
writing requirements to ../../build/track/track.egg-info/requires.txt
writing top-level names to ../../build/track/track.egg-info/top_level.txt
writing manifest file '../../build/track/track.egg-info/SOURCES.txt'
reading manifest file '../../build/track/track.egg-info/SOURCES.txt'
writing manifest file '../../build/track/track.egg-info/SOURCES.txt'
running build
running build_py
creating /workspace/build/track/build/lib/track
copying track/ByteTrack.py -> /workspace/build/track/build/lib/track
copying track/bytetrack.py -> /workspace/build/track/build/lib/track
copying track/matching.py -> /workspace/build/track/build/lib/track
copying track/basetrack.py -> /workspace/build/track/build/lib/track
copying track/depth.py -> /workspace/build/track/build/lib/track
copying track/kalman_filter.py -> /workspace/build/track/build/lib/track
copying track/YOLO.py -> /workspace/build/track/build/lib/track
copying track/testa.py -> /workspace/build/track/build/lib/track
copying track/test.py -> /workspace/build/track/build/lib/track
copying track/testb.py -> /workspace/build/track/build/lib/track
copying track/__init__.py -> /workspace/build/track/build/lib/track
copying track/byte_tracker.py -> /workspace/build/track/build/lib/track
running install
running install_lib
creating /workspace/install/track/lib/python3.10/site-packages/track
copying /workspace/build/track/build/lib/track/ByteTrack.py -> /workspace/install/track/lib/python3.10/site-packages/track
copying /workspace/build/track/build/lib/track/bytetrack.py -> /workspace/install/track/lib/python3.10/site-packages/track
copying /workspace/build/track/build/lib/track/matching.py -> /workspace/install/track/lib/python3.10/site-packages/track
copying /workspace/build/track/build/lib/track/basetrack.py -> /workspace/install/track/lib/python3.10/site-packages/track
copying /workspace/build/track/build/lib/track/depth.py -> /workspace/install/track/lib/python3.10/site-packages/track
copying /workspace/build/track/build/lib/track/kalman_filter.py -> /workspace/install/track/lib/python3.10/site-packages/track
copying /workspace/build/track/build/lib/track/YOLO.py -> /workspace/install/track/lib/python3.10/site-packages/track
copying /workspace/build/track/build/lib/track/testa.py -> /workspace/install/track/lib/python3.10/site-packages/track
copying /workspace/build/track/build/lib/track/test.py -> /workspace/install/track/lib/python3.10/site-packages/track
copying /workspace/build/track/build/lib/track/testb.py -> /workspace/install/track/lib/python3.10/site-packages/track
copying /workspace/build/track/build/lib/track/__init__.py -> /workspace/install/track/lib/python3.10/site-packages/track
copying /workspace/build/track/build/lib/track/byte_tracker.py -> /workspace/install/track/lib/python3.10/site-packages/track
byte-compiling /workspace/install/track/lib/python3.10/site-packages/track/ByteTrack.py to ByteTrack.cpython-310.pyc
byte-compiling /workspace/install/track/lib/python3.10/site-packages/track/bytetrack.py to bytetrack.cpython-310.pyc
byte-compiling /workspace/install/track/lib/python3.10/site-packages/track/matching.py to matching.cpython-310.pyc
byte-compiling /workspace/install/track/lib/python3.10/site-packages/track/basetrack.py to basetrack.cpython-310.pyc
byte-compiling /workspace/install/track/lib/python3.10/site-packages/track/depth.py to depth.cpython-310.pyc
byte-compiling /workspace/install/track/lib/python3.10/site-packages/track/kalman_filter.py to kalman_filter.cpython-310.pyc
byte-compiling /workspace/install/track/lib/python3.10/site-packages/track/YOLO.py to YOLO.cpython-310.pyc
byte-compiling /workspace/install/track/lib/python3.10/site-packages/track/testa.py to testa.cpython-310.pyc
byte-compiling /workspace/install/track/lib/python3.10/site-packages/track/test.py to test.cpython-310.pyc
byte-compiling /workspace/install/track/lib/python3.10/site-packages/track/testb.py to testb.cpython-310.pyc
byte-compiling /workspace/install/track/lib/python3.10/site-packages/track/__init__.py to __init__.cpython-310.pyc
byte-compiling /workspace/install/track/lib/python3.10/site-packages/track/byte_tracker.py to byte_tracker.cpython-310.pyc
running install_data
creating /workspace/install/track/share/ament_index/resource_index/packages
copying resource/track -> /workspace/install/track/share/ament_index/resource_index/packages
copying package.xml -> /workspace/install/track/share/track
running install_egg_info
Copying ../../build/track/track.egg-info to /workspace/install/track/lib/python3.10/site-packages/track-0.0.0-py3.10.egg-info
running install_scripts
Installing ByteTrack script to /workspace/install/track/lib/track
Installing YOLO script to /workspace/install/track/lib/track
Installing bytetrack script to /workspace/install/track/lib/track
Installing depth script to /workspace/install/track/lib/track
Installing testa script to /workspace/install/track/lib/track
writing list of installed files to '/workspace/build/track/install.log'
/usr/local/lib/python3.10/dist-packages/setuptools/_distutils/dist.py:261: UserWarning: Unknown distribution option: 'tests_require'
  warnings.warn(msg)
