[2.443s] Invoking command in '/workspace/src/track': PYTHONPATH=/workspace/build/track/prefix_override:/usr/lib/python3/dist-packages/colcon_core/task/python/colcon_distutils_commands:/workspace/install/track/lib/python3.10/site-packages:${PYTHONPATH} /usr/bin/python3 -W ignore:setup.py install is deprecated -W ignore:easy_install command is deprecated setup.py egg_info --egg-base ../../build/track build --build-base /workspace/build/track/build install --record /workspace/build/track/install.log --single-version-externally-managed install_data
[2.753s] running egg_info
[2.754s] writing ../../build/track/track.egg-info/PKG-INFO
[2.755s] writing dependency_links to ../../build/track/track.egg-info/dependency_links.txt
[2.755s] writing entry points to ../../build/track/track.egg-info/entry_points.txt
[2.755s] writing requirements to ../../build/track/track.egg-info/requires.txt
[2.755s] writing top-level names to ../../build/track/track.egg-info/top_level.txt
[2.758s] reading manifest file '../../build/track/track.egg-info/SOURCES.txt'
[2.759s] writing manifest file '../../build/track/track.egg-info/SOURCES.txt'
[2.759s] running build
[2.759s] running build_py
[2.760s] running install
[2.761s] running install_lib
[2.763s] running install_data
[2.764s] running install_egg_info
[2.766s] removing '/workspace/install/track/lib/python3.10/site-packages/track-0.0.0-py3.10.egg-info' (and everything under it)
[2.767s] Copying ../../build/track/track.egg-info to /workspace/install/track/lib/python3.10/site-packages/track-0.0.0-py3.10.egg-info
[2.768s] running install_scripts
[2.800s] Installing byte_old script to /workspace/install/track/lib/track
[2.800s] Installing bytetrack script to /workspace/install/track/lib/track
[2.800s] Installing open_rs script to /workspace/install/track/lib/track
[2.800s] Installing test script to /workspace/install/track/lib/track
[2.801s] Installing track_point_sub script to /workspace/install/track/lib/track
[2.801s] writing list of installed files to '/workspace/build/track/install.log'
[2.863s] Invoked command in '/workspace/src/track' returned '0': PYTHONPATH=/workspace/build/track/prefix_override:/usr/lib/python3/dist-packages/colcon_core/task/python/colcon_distutils_commands:/workspace/install/track/lib/python3.10/site-packages:${PYTHONPATH} /usr/bin/python3 -W ignore:setup.py install is deprecated -W ignore:easy_install command is deprecated setup.py egg_info --egg-base ../../build/track build --build-base /workspace/build/track/build install --record /workspace/build/track/install.log --single-version-externally-managed install_data
