[1.080s] Invoking command in '/workspace/src/camera': PYTHONPATH=/workspace/build/camera/prefix_override:/usr/lib/python3/dist-packages/colcon_core/task/python/colcon_distutils_commands:/workspace/install/camera/lib/python3.10/site-packages:${PYTHONPATH} /usr/bin/python3 -W ignore:setup.py install is deprecated -W ignore:easy_install command is deprecated setup.py egg_info --egg-base ../../build/camera build --build-base /workspace/build/camera/build install --record /workspace/build/camera/install.log --single-version-externally-managed install_data
[1.473s] running egg_info
[1.474s] creating ../../build/camera/camera.egg-info
[1.477s] writing ../../build/camera/camera.egg-info/PKG-INFO
[1.477s] writing dependency_links to ../../build/camera/camera.egg-info/dependency_links.txt
[1.477s] writing entry points to ../../build/camera/camera.egg-info/entry_points.txt
[1.477s] writing requirements to ../../build/camera/camera.egg-info/requires.txt
[1.478s] writing top-level names to ../../build/camera/camera.egg-info/top_level.txt
[1.478s] writing manifest file '../../build/camera/camera.egg-info/SOURCES.txt'
[1.480s] reading manifest file '../../build/camera/camera.egg-info/SOURCES.txt'
[1.481s] writing manifest file '../../build/camera/camera.egg-info/SOURCES.txt'
[1.482s] running build
[1.482s] running build_py
[1.482s] creating /workspace/build/camera/build
[1.482s] creating /workspace/build/camera/build/lib
[1.482s] creating /workspace/build/camera/build/lib/camera
[1.483s] copying camera/realsense.py -> /workspace/build/camera/build/lib/camera
[1.483s] copying camera/__init__.py -> /workspace/build/camera/build/lib/camera
[1.483s] running install
[1.484s] running install_lib
[1.485s] creating /workspace/install/camera/lib/python3.10/site-packages/camera
[1.485s] copying /workspace/build/camera/build/lib/camera/realsense.py -> /workspace/install/camera/lib/python3.10/site-packages/camera
[1.486s] copying /workspace/build/camera/build/lib/camera/__init__.py -> /workspace/install/camera/lib/python3.10/site-packages/camera
[1.487s] byte-compiling /workspace/install/camera/lib/python3.10/site-packages/camera/realsense.py to realsense.cpython-310.pyc
[1.489s] byte-compiling /workspace/install/camera/lib/python3.10/site-packages/camera/__init__.py to __init__.cpython-310.pyc
[1.489s] running install_data
[1.489s] creating /workspace/install/camera/share/ament_index
[1.490s] creating /workspace/install/camera/share/ament_index/resource_index
[1.490s] creating /workspace/install/camera/share/ament_index/resource_index/packages
[1.490s] copying resource/camera -> /workspace/install/camera/share/ament_index/resource_index/packages
[1.490s] copying package.xml -> /workspace/install/camera/share/camera
[1.490s] running install_egg_info
[1.493s] Copying ../../build/camera/camera.egg-info to /workspace/install/camera/lib/python3.10/site-packages/camera-0.0.0-py3.10.egg-info
[1.495s] running install_scripts
[1.534s] Installing realsense script to /workspace/install/camera/lib/camera
[1.534s] writing list of installed files to '/workspace/build/camera/install.log'
[1.607s] Invoked command in '/workspace/src/camera' returned '0': PYTHONPATH=/workspace/build/camera/prefix_override:/usr/lib/python3/dist-packages/colcon_core/task/python/colcon_distutils_commands:/workspace/install/camera/lib/python3.10/site-packages:${PYTHONPATH} /usr/bin/python3 -W ignore:setup.py install is deprecated -W ignore:easy_install command is deprecated setup.py egg_info --egg-base ../../build/camera build --build-base /workspace/build/camera/build install --record /workspace/build/camera/install.log --single-version-externally-managed install_data
