[4.373s] Invoking command in '/workspace/src/camera': PYTHONPATH=/workspace/build/camera/prefix_override:/usr/lib/python3/dist-packages/colcon_core/task/python/colcon_distutils_commands:/workspace/install/camera/lib/python3.10/site-packages:${PYTHONPATH} /usr/bin/python3 -W ignore:setup.py install is deprecated setup.py egg_info --egg-base ../../build/camera build --build-base /workspace/build/camera/build install --record /workspace/build/camera/install.log --single-version-externally-managed install_data
[4.714s] /usr/local/lib/python3.10/dist-packages/setuptools/_distutils/dist.py:261: UserWarning: Unknown distribution option: 'tests_require'
[4.714s]   warnings.warn(msg)
[4.902s] running egg_info
[4.939s] writing ../../build/camera/camera.egg-info/PKG-INFO
[4.941s] writing dependency_links to ../../build/camera/camera.egg-info/dependency_links.txt
[4.942s] writing entry points to ../../build/camera/camera.egg-info/entry_points.txt
[4.942s] writing requirements to ../../build/camera/camera.egg-info/requires.txt
[4.943s] writing top-level names to ../../build/camera/camera.egg-info/top_level.txt
[5.013s] reading manifest file '../../build/camera/camera.egg-info/SOURCES.txt'
[5.016s] writing manifest file '../../build/camera/camera.egg-info/SOURCES.txt'
[5.017s] running build
[5.018s] running build_py
[5.019s] copying camera/realsense.py -> /workspace/build/camera/build/lib/camera
[5.019s] copying camera/__init__.py -> /workspace/build/camera/build/lib/camera
[5.020s] running install
[5.028s] running install_lib
[5.064s] copying /workspace/build/camera/build/lib/camera/realsense.py -> /workspace/install/camera/lib/python3.10/site-packages/camera
[5.066s] byte-compiling /workspace/install/camera/lib/python3.10/site-packages/camera/realsense.py to realsense.cpython-310.pyc
[5.068s] running install_data
[5.069s] copying resource/camera -> /workspace/install/camera/share/ament_index/resource_index/packages
[5.070s] copying package.xml -> /workspace/install/camera/share/camera
[5.070s] running install_egg_info
[5.105s] removing '/workspace/install/camera/lib/python3.10/site-packages/camera-0.0.0-py3.10.egg-info' (and everything under it)
[5.106s] Copying ../../build/camera/camera.egg-info to /workspace/install/camera/lib/python3.10/site-packages/camera-0.0.0-py3.10.egg-info
[5.108s] running install_scripts
[5.377s] Installing realsense script to /workspace/install/camera/lib/camera
[5.378s] writing list of installed files to '/workspace/build/camera/install.log'
[5.669s] Invoked command in '/workspace/src/camera' returned '0': PYTHONPATH=/workspace/build/camera/prefix_override:/usr/lib/python3/dist-packages/colcon_core/task/python/colcon_distutils_commands:/workspace/install/camera/lib/python3.10/site-packages:${PYTHONPATH} /usr/bin/python3 -W ignore:setup.py install is deprecated setup.py egg_info --egg-base ../../build/camera build --build-base /workspace/build/camera/build install --record /workspace/build/camera/install.log --single-version-externally-managed install_data
