[4.278s] Invoking command in '/workspace/src/record': PYTHONPATH=/workspace/build/record/prefix_override:/usr/lib/python3/dist-packages/colcon_core/task/python/colcon_distutils_commands:/workspace/install/record/lib/python3.10/site-packages:${PYTHONPATH} /usr/bin/python3 -W ignore:setup.py install is deprecated setup.py egg_info --egg-base ../../build/record build --build-base /workspace/build/record/build install --record /workspace/build/record/install.log --single-version-externally-managed install_data
[4.353s] /usr/local/lib/python3.10/dist-packages/_distutils_hack/__init__.py:53: UserWarning: Reliance on distutils from stdlib is deprecated. Users must rely on setuptools to provide the distutils module. Avoid importing distutils or import setuptools first, and avoid setting SETUPTOOLS_USE_DISTUTILS=stdlib. Register concerns at https://github.com/pypa/setuptools/issues/new?template=distutils-deprecation.yml
[4.354s]   warnings.warn(
[4.621s] /usr/lib/python3.10/distutils/dist.py:274: UserWarning: Unknown distribution option: 'tests_require'
[4.621s]   warnings.warn(msg)
[4.837s] running egg_info
[4.871s] writing ../../build/record/record.egg-info/PKG-INFO
[4.872s] writing dependency_links to ../../build/record/record.egg-info/dependency_links.txt
[4.873s] writing entry points to ../../build/record/record.egg-info/entry_points.txt
[4.874s] writing requirements to ../../build/record/record.egg-info/requires.txt
[4.874s] writing top-level names to ../../build/record/record.egg-info/top_level.txt
[4.946s] reading manifest file '../../build/record/record.egg-info/SOURCES.txt'
[4.948s] writing manifest file '../../build/record/record.egg-info/SOURCES.txt'
[4.949s] running build
[4.949s] running build_py
[4.950s] running install
[4.950s] running install_lib
[4.990s] running install_data
[4.990s] running install_egg_info
[5.040s] removing '/workspace/install/record/lib/python3.10/site-packages/record-0.0.0-py3.10.egg-info' (and everything under it)
[5.041s] Copying ../../build/record/record.egg-info to /workspace/install/record/lib/python3.10/site-packages/record-0.0.0-py3.10.egg-info
[5.046s] running install_scripts
[5.122s] Installing record_node script to /workspace/install/record/lib/record
[5.123s] writing list of installed files to '/workspace/build/record/install.log'
[5.496s] Invoked command in '/workspace/src/record' returned '0': PYTHONPATH=/workspace/build/record/prefix_override:/usr/lib/python3/dist-packages/colcon_core/task/python/colcon_distutils_commands:/workspace/install/record/lib/python3.10/site-packages:${PYTHONPATH} /usr/bin/python3 -W ignore:setup.py install is deprecated setup.py egg_info --egg-base ../../build/record build --build-base /workspace/build/record/build install --record /workspace/build/record/install.log --single-version-externally-managed install_data
