[2.536s] Invoking command in '/workspace/src/uwb_nls': PYTHONPATH=/workspace/build/uwb_nls/prefix_override:/usr/lib/python3/dist-packages/colcon_core/task/python/colcon_distutils_commands:/workspace/install/uwb_nls/lib/python3.10/site-packages:${PYTHONPATH} /usr/bin/python3 -W ignore:setup.py install is deprecated -W ignore:easy_install command is deprecated setup.py egg_info --egg-base ../../build/uwb_nls build --build-base /workspace/build/uwb_nls/build install --record /workspace/build/uwb_nls/install.log --single-version-externally-managed install_data
[2.853s] running egg_info
[2.854s] writing ../../build/uwb_nls/uwb_nls.egg-info/PKG-INFO
[2.854s] writing dependency_links to ../../build/uwb_nls/uwb_nls.egg-info/dependency_links.txt
[2.855s] writing entry points to ../../build/uwb_nls/uwb_nls.egg-info/entry_points.txt
[2.855s] writing requirements to ../../build/uwb_nls/uwb_nls.egg-info/requires.txt
[2.855s] writing top-level names to ../../build/uwb_nls/uwb_nls.egg-info/top_level.txt
[2.857s] reading manifest file '../../build/uwb_nls/uwb_nls.egg-info/SOURCES.txt'
[2.859s] writing manifest file '../../build/uwb_nls/uwb_nls.egg-info/SOURCES.txt'
[2.860s] running build
[2.860s] running build_py
[2.861s] copying uwb_nls/uwb_visualization.py -> /workspace/build/uwb_nls/build/lib/uwb_nls
[2.862s] running install
[2.862s] running install_lib
[2.863s] copying /workspace/build/uwb_nls/build/lib/uwb_nls/uwb_visualization.py -> /workspace/install/uwb_nls/lib/python3.10/site-packages/uwb_nls
[2.864s] byte-compiling /workspace/install/uwb_nls/lib/python3.10/site-packages/uwb_nls/uwb_visualization.py to uwb_visualization.cpython-310.pyc
[2.864s] running install_data
[2.865s] running install_egg_info
[2.866s] removing '/workspace/install/uwb_nls/lib/python3.10/site-packages/uwb_nls-0.0.0-py3.10.egg-info' (and everything under it)
[2.867s] Copying ../../build/uwb_nls/uwb_nls.egg-info to /workspace/install/uwb_nls/lib/python3.10/site-packages/uwb_nls-0.0.0-py3.10.egg-info
[2.868s] running install_scripts
[2.893s] Installing filter_node_nls script to /workspace/install/uwb_nls/lib/uwb_nls
[2.894s] Installing position_nls script to /workspace/install/uwb_nls/lib/uwb_nls
[2.894s] Installing visualization_all script to /workspace/install/uwb_nls/lib/uwb_nls
[2.894s] writing list of installed files to '/workspace/build/uwb_nls/install.log'
[2.936s] Invoked command in '/workspace/src/uwb_nls' returned '0': PYTHONPATH=/workspace/build/uwb_nls/prefix_override:/usr/lib/python3/dist-packages/colcon_core/task/python/colcon_distutils_commands:/workspace/install/uwb_nls/lib/python3.10/site-packages:${PYTHONPATH} /usr/bin/python3 -W ignore:setup.py install is deprecated -W ignore:easy_install command is deprecated setup.py egg_info --egg-base ../../build/uwb_nls build --build-base /workspace/build/uwb_nls/build install --record /workspace/build/uwb_nls/install.log --single-version-externally-managed install_data
