[0.229s] Invoking command in '/workspace/build/rc_receiver_if': CMAKE_PREFIX_PATH=${CMAKE_PREFIX_PATH}:/workspace/install/visualization:/workspace/install/uwb_nls:/workspace/install/ultrasonic:/workspace/install/track:/workspace/install/record:/workspace/install/rc_receiver:/workspace/install/pixhawk_control:/workspace/install/motor:/workspace/install/camera:/opt/ros/humble /usr/local/bin/cmake --build /workspace/build/rc_receiver_if -- -j8 -l8
[2.541s] [  3%] Built target rc_receiver_if__cpp
[2.543s] [ 12%] Built target rc_receiver_if__rosidl_generator_c
[2.544s] [ 12%] Built target ament_cmake_python_copy_rc_receiver_if
[2.544s] [ 22%] Built target rc_receiver_if__rosidl_typesupport_fastrtps_cpp
[2.545s] [ 35%] Built target rc_receiver_if__rosidl_typesupport_fastrtps_c
[2.545s] [ 41%] Built target rc_receiver_if__rosidl_typesupport_introspection_c
[2.547s] [ 51%] Built target rc_receiver_if__rosidl_typesupport_cpp
[2.547s] [ 61%] Built target rc_receiver_if__rosidl_typesupport_introspection_cpp
[2.549s] [ 70%] Built target rc_receiver_if__rosidl_typesupport_c
[2.549s] [ 70%] Built target rc_receiver_if
[2.549s] [ 74%] Built target rc_receiver_if__py
[2.549s] [ 80%] Built target rc_receiver_if__rosidl_generator_py
[2.550s] [ 87%] Built target rc_receiver_if__rosidl_typesupport_fastrtps_c__pyext
[2.550s] [ 93%] Built target rc_receiver_if__rosidl_typesupport_introspection_c__pyext
[2.550s] [100%] Built target rc_receiver_if__rosidl_typesupport_c__pyext
[2.550s] running egg_info
[2.550s] writing rc_receiver_if.egg-info/PKG-INFO
[2.550s] writing dependency_links to rc_receiver_if.egg-info/dependency_links.txt
[2.550s] writing top-level names to rc_receiver_if.egg-info/top_level.txt
[2.551s] reading manifest file 'rc_receiver_if.egg-info/SOURCES.txt'
[2.551s] writing manifest file 'rc_receiver_if.egg-info/SOURCES.txt'
[2.551s] [100%] Built target ament_cmake_python_build_rc_receiver_if_egg
[2.551s] /usr/local/lib/python3.10/dist-packages/_distutils_hack/__init__.py:53: UserWarning: Reliance on distutils from stdlib is deprecated. Users must rely on setuptools to provide the distutils module. Avoid importing distutils or import setuptools first, and avoid setting SETUPTOOLS_USE_DISTUTILS=stdlib. Register concerns at https://github.com/pypa/setuptools/issues/new?template=distutils-deprecation.yml
[2.551s]   warnings.warn(
[3.173s] Invoked command in '/workspace/build/rc_receiver_if' returned '0': CMAKE_PREFIX_PATH=${CMAKE_PREFIX_PATH}:/workspace/install/visualization:/workspace/install/uwb_nls:/workspace/install/ultrasonic:/workspace/install/track:/workspace/install/record:/workspace/install/rc_receiver:/workspace/install/pixhawk_control:/workspace/install/motor:/workspace/install/camera:/opt/ros/humble /usr/local/bin/cmake --build /workspace/build/rc_receiver_if -- -j8 -l8
[3.806s] Invoking command in '/workspace/build/rc_receiver_if': CMAKE_PREFIX_PATH=${CMAKE_PREFIX_PATH}:/workspace/install/visualization:/workspace/install/uwb_nls:/workspace/install/ultrasonic:/workspace/install/track:/workspace/install/record:/workspace/install/rc_receiver:/workspace/install/pixhawk_control:/workspace/install/motor:/workspace/install/camera:/opt/ros/humble /usr/local/bin/cmake --install /workspace/build/rc_receiver_if
[4.051s] -- Install configuration: ""
[4.052s] -- Up-to-date: /workspace/install/rc_receiver_if/share/ament_index/resource_index/rosidl_interfaces/rc_receiver_if
[4.052s] -- Up-to-date: /workspace/install/rc_receiver_if/include/rc_receiver_if/rc_receiver_if
[4.052s] -- Up-to-date: /workspace/install/rc_receiver_if/include/rc_receiver_if/rc_receiver_if/msg
[4.053s] -- Up-to-date: /workspace/install/rc_receiver_if/include/rc_receiver_if/rc_receiver_if/msg/rosidl_generator_c__visibility_control.h
[4.053s] -- Up-to-date: /workspace/install/rc_receiver_if/include/rc_receiver_if/rc_receiver_if/msg/detail
[4.054s] -- Up-to-date: /workspace/install/rc_receiver_if/include/rc_receiver_if/rc_receiver_if/msg/detail/receiver_data__functions.c
[4.054s] -- Up-to-date: /workspace/install/rc_receiver_if/include/rc_receiver_if/rc_receiver_if/msg/detail/receiver_data__type_support.h
[4.054s] -- Up-to-date: /workspace/install/rc_receiver_if/include/rc_receiver_if/rc_receiver_if/msg/detail/receiver_data__struct.h
[4.056s] -- Up-to-date: /workspace/install/rc_receiver_if/include/rc_receiver_if/rc_receiver_if/msg/detail/receiver_data__functions.h
[4.057s] -- Up-to-date: /workspace/install/rc_receiver_if/include/rc_receiver_if/rc_receiver_if/msg/receiver_data.h
[4.057s] -- Up-to-date: /workspace/install/rc_receiver_if/share/rc_receiver_if/environment/library_path.sh
[4.057s] -- Up-to-date: /workspace/install/rc_receiver_if/share/rc_receiver_if/environment/library_path.dsv
[4.060s] -- Up-to-date: /workspace/install/rc_receiver_if/lib/librc_receiver_if__rosidl_generator_c.so
[4.060s] -- Up-to-date: /workspace/install/rc_receiver_if/include/rc_receiver_if/rc_receiver_if
[4.061s] -- Up-to-date: /workspace/install/rc_receiver_if/include/rc_receiver_if/rc_receiver_if/msg
[4.061s] -- Up-to-date: /workspace/install/rc_receiver_if/include/rc_receiver_if/rc_receiver_if/msg/detail
[4.061s] -- Up-to-date: /workspace/install/rc_receiver_if/include/rc_receiver_if/rc_receiver_if/msg/detail/receiver_data__rosidl_typesupport_fastrtps_c.h
[4.062s] -- Up-to-date: /workspace/install/rc_receiver_if/include/rc_receiver_if/rc_receiver_if/msg/rosidl_typesupport_fastrtps_c__visibility_control.h
[4.062s] -- Up-to-date: /workspace/install/rc_receiver_if/lib/librc_receiver_if__rosidl_typesupport_fastrtps_c.so
[4.062s] -- Up-to-date: /workspace/install/rc_receiver_if/include/rc_receiver_if/rc_receiver_if
[4.062s] -- Up-to-date: /workspace/install/rc_receiver_if/include/rc_receiver_if/rc_receiver_if/msg
[4.063s] -- Up-to-date: /workspace/install/rc_receiver_if/include/rc_receiver_if/rc_receiver_if/msg/detail
[4.063s] -- Up-to-date: /workspace/install/rc_receiver_if/include/rc_receiver_if/rc_receiver_if/msg/detail/receiver_data__rosidl_typesupport_introspection_c.h
[4.074s] -- Up-to-date: /workspace/install/rc_receiver_if/include/rc_receiver_if/rc_receiver_if/msg/detail/receiver_data__type_support.c
[4.074s] -- Up-to-date: /workspace/install/rc_receiver_if/include/rc_receiver_if/rc_receiver_if/msg/rosidl_typesupport_introspection_c__visibility_control.h
[4.076s] -- Up-to-date: /workspace/install/rc_receiver_if/lib/librc_receiver_if__rosidl_typesupport_introspection_c.so
[4.076s] -- Up-to-date: /workspace/install/rc_receiver_if/lib/librc_receiver_if__rosidl_typesupport_c.so
[4.077s] -- Up-to-date: /workspace/install/rc_receiver_if/include/rc_receiver_if/rc_receiver_if
[4.077s] -- Up-to-date: /workspace/install/rc_receiver_if/include/rc_receiver_if/rc_receiver_if/msg
[4.077s] -- Up-to-date: /workspace/install/rc_receiver_if/include/rc_receiver_if/rc_receiver_if/msg/detail
[4.077s] -- Up-to-date: /workspace/install/rc_receiver_if/include/rc_receiver_if/rc_receiver_if/msg/detail/receiver_data__struct.hpp
[4.077s] -- Up-to-date: /workspace/install/rc_receiver_if/include/rc_receiver_if/rc_receiver_if/msg/detail/receiver_data__type_support.hpp
[4.077s] -- Up-to-date: /workspace/install/rc_receiver_if/include/rc_receiver_if/rc_receiver_if/msg/detail/receiver_data__traits.hpp
[4.077s] -- Up-to-date: /workspace/install/rc_receiver_if/include/rc_receiver_if/rc_receiver_if/msg/detail/receiver_data__builder.hpp
[4.077s] -- Up-to-date: /workspace/install/rc_receiver_if/include/rc_receiver_if/rc_receiver_if/msg/receiver_data.hpp
[4.078s] -- Up-to-date: /workspace/install/rc_receiver_if/include/rc_receiver_if/rc_receiver_if/msg/rosidl_generator_cpp__visibility_control.hpp
[4.078s] -- Up-to-date: /workspace/install/rc_receiver_if/include/rc_receiver_if/rc_receiver_if
[4.078s] -- Up-to-date: /workspace/install/rc_receiver_if/include/rc_receiver_if/rc_receiver_if/msg
[4.078s] -- Up-to-date: /workspace/install/rc_receiver_if/include/rc_receiver_if/rc_receiver_if/msg/rosidl_typesupport_fastrtps_cpp__visibility_control.h
[4.078s] -- Up-to-date: /workspace/install/rc_receiver_if/include/rc_receiver_if/rc_receiver_if/msg/detail
[4.078s] -- Up-to-date: /workspace/install/rc_receiver_if/include/rc_receiver_if/rc_receiver_if/msg/detail/receiver_data__rosidl_typesupport_fastrtps_cpp.hpp
[4.078s] -- Up-to-date: /workspace/install/rc_receiver_if/include/rc_receiver_if/rc_receiver_if/msg/detail/dds_fastrtps
[4.079s] -- Up-to-date: /workspace/install/rc_receiver_if/lib/librc_receiver_if__rosidl_typesupport_fastrtps_cpp.so
[4.079s] -- Up-to-date: /workspace/install/rc_receiver_if/include/rc_receiver_if/rc_receiver_if
[4.079s] -- Up-to-date: /workspace/install/rc_receiver_if/include/rc_receiver_if/rc_receiver_if/msg
[4.079s] -- Up-to-date: /workspace/install/rc_receiver_if/include/rc_receiver_if/rc_receiver_if/msg/detail
[4.079s] -- Up-to-date: /workspace/install/rc_receiver_if/include/rc_receiver_if/rc_receiver_if/msg/detail/receiver_data__type_support.cpp
[4.079s] -- Up-to-date: /workspace/install/rc_receiver_if/include/rc_receiver_if/rc_receiver_if/msg/detail/receiver_data__rosidl_typesupport_introspection_cpp.hpp
[4.080s] -- Up-to-date: /workspace/install/rc_receiver_if/lib/librc_receiver_if__rosidl_typesupport_introspection_cpp.so
[4.080s] -- Up-to-date: /workspace/install/rc_receiver_if/lib/librc_receiver_if__rosidl_typesupport_cpp.so
[4.080s] -- Up-to-date: /workspace/install/rc_receiver_if/share/rc_receiver_if/environment/pythonpath.sh
[4.081s] -- Up-to-date: /workspace/install/rc_receiver_if/share/rc_receiver_if/environment/pythonpath.dsv
[4.081s] -- Up-to-date: /workspace/install/rc_receiver_if/local/lib/python3.10/dist-packages/rc_receiver_if-0.0.0-py3.10.egg-info
[4.081s] -- Installing: /workspace/install/rc_receiver_if/local/lib/python3.10/dist-packages/rc_receiver_if-0.0.0-py3.10.egg-info/SOURCES.txt
[4.082s] -- Installing: /workspace/install/rc_receiver_if/local/lib/python3.10/dist-packages/rc_receiver_if-0.0.0-py3.10.egg-info/top_level.txt
[4.082s] -- Installing: /workspace/install/rc_receiver_if/local/lib/python3.10/dist-packages/rc_receiver_if-0.0.0-py3.10.egg-info/dependency_links.txt
[4.082s] -- Installing: /workspace/install/rc_receiver_if/local/lib/python3.10/dist-packages/rc_receiver_if-0.0.0-py3.10.egg-info/PKG-INFO
[4.083s] -- Up-to-date: /workspace/install/rc_receiver_if/local/lib/python3.10/dist-packages/rc_receiver_if
[4.083s] -- Up-to-date: /workspace/install/rc_receiver_if/local/lib/python3.10/dist-packages/rc_receiver_if/_rc_receiver_if_s.ep.rosidl_typesupport_fastrtps_c.c
[4.083s] -- Up-to-date: /workspace/install/rc_receiver_if/local/lib/python3.10/dist-packages/rc_receiver_if/rc_receiver_if_s__rosidl_typesupport_c.cpython-310-aarch64-linux-gnu.so
[4.083s] -- Up-to-date: /workspace/install/rc_receiver_if/local/lib/python3.10/dist-packages/rc_receiver_if/librc_receiver_if__rosidl_generator_py.so
[4.083s] -- Up-to-date: /workspace/install/rc_receiver_if/local/lib/python3.10/dist-packages/rc_receiver_if/msg
[4.084s] -- Up-to-date: /workspace/install/rc_receiver_if/local/lib/python3.10/dist-packages/rc_receiver_if/msg/_receiver_data.py
[4.084s] -- Up-to-date: /workspace/install/rc_receiver_if/local/lib/python3.10/dist-packages/rc_receiver_if/msg/_receiver_data_s.c
[4.084s] -- Up-to-date: /workspace/install/rc_receiver_if/local/lib/python3.10/dist-packages/rc_receiver_if/msg/__init__.py
[4.084s] -- Up-to-date: /workspace/install/rc_receiver_if/local/lib/python3.10/dist-packages/rc_receiver_if/rc_receiver_if_s__rosidl_typesupport_fastrtps_c.cpython-310-aarch64-linux-gnu.so
[4.085s] -- Up-to-date: /workspace/install/rc_receiver_if/local/lib/python3.10/dist-packages/rc_receiver_if/_rc_receiver_if_s.ep.rosidl_typesupport_c.c
[4.085s] -- Up-to-date: /workspace/install/rc_receiver_if/local/lib/python3.10/dist-packages/rc_receiver_if/__init__.py
[4.094s] -- Up-to-date: /workspace/install/rc_receiver_if/local/lib/python3.10/dist-packages/rc_receiver_if/_rc_receiver_if_s.ep.rosidl_typesupport_introspection_c.c
[4.094s] -- Up-to-date: /workspace/install/rc_receiver_if/local/lib/python3.10/dist-packages/rc_receiver_if/rc_receiver_if_s__rosidl_typesupport_introspection_c.cpython-310-aarch64-linux-gnu.so
[4.210s] Listing '/workspace/install/rc_receiver_if/local/lib/python3.10/dist-packages/rc_receiver_if'...
[4.213s] Listing '/workspace/install/rc_receiver_if/local/lib/python3.10/dist-packages/rc_receiver_if/msg'...
[4.214s] -- Up-to-date: /workspace/install/rc_receiver_if/local/lib/python3.10/dist-packages/rc_receiver_if/rc_receiver_if_s__rosidl_typesupport_fastrtps_c.cpython-310-aarch64-linux-gnu.so
[4.214s] -- Up-to-date: /workspace/install/rc_receiver_if/local/lib/python3.10/dist-packages/rc_receiver_if/rc_receiver_if_s__rosidl_typesupport_introspection_c.cpython-310-aarch64-linux-gnu.so
[4.214s] -- Up-to-date: /workspace/install/rc_receiver_if/local/lib/python3.10/dist-packages/rc_receiver_if/rc_receiver_if_s__rosidl_typesupport_c.cpython-310-aarch64-linux-gnu.so
[4.215s] -- Up-to-date: /workspace/install/rc_receiver_if/lib/librc_receiver_if__rosidl_generator_py.so
[4.223s] -- Up-to-date: /workspace/install/rc_receiver_if/share/rc_receiver_if/msg/ReceiverData.idl
[4.223s] -- Up-to-date: /workspace/install/rc_receiver_if/share/rc_receiver_if/msg/ReceiverData.msg
[4.224s] -- Up-to-date: /workspace/install/rc_receiver_if/share/ament_index/resource_index/package_run_dependencies/rc_receiver_if
[4.224s] -- Up-to-date: /workspace/install/rc_receiver_if/share/ament_index/resource_index/parent_prefix_path/rc_receiver_if
[4.224s] -- Up-to-date: /workspace/install/rc_receiver_if/share/rc_receiver_if/environment/ament_prefix_path.sh
[4.224s] -- Up-to-date: /workspace/install/rc_receiver_if/share/rc_receiver_if/environment/ament_prefix_path.dsv
[4.224s] -- Up-to-date: /workspace/install/rc_receiver_if/share/rc_receiver_if/environment/path.sh
[4.224s] -- Up-to-date: /workspace/install/rc_receiver_if/share/rc_receiver_if/environment/path.dsv
[4.224s] -- Up-to-date: /workspace/install/rc_receiver_if/share/rc_receiver_if/local_setup.bash
[4.225s] -- Up-to-date: /workspace/install/rc_receiver_if/share/rc_receiver_if/local_setup.sh
[4.225s] -- Up-to-date: /workspace/install/rc_receiver_if/share/rc_receiver_if/local_setup.zsh
[4.225s] -- Up-to-date: /workspace/install/rc_receiver_if/share/rc_receiver_if/local_setup.dsv
[4.225s] -- Installing: /workspace/install/rc_receiver_if/share/rc_receiver_if/package.dsv
[4.225s] -- Up-to-date: /workspace/install/rc_receiver_if/share/ament_index/resource_index/packages/rc_receiver_if
[4.225s] -- Up-to-date: /workspace/install/rc_receiver_if/share/rc_receiver_if/cmake/export_rc_receiver_if__rosidl_generator_cExport.cmake
[4.225s] -- Up-to-date: /workspace/install/rc_receiver_if/share/rc_receiver_if/cmake/export_rc_receiver_if__rosidl_generator_cExport-noconfig.cmake
[4.226s] -- Up-to-date: /workspace/install/rc_receiver_if/share/rc_receiver_if/cmake/export_rc_receiver_if__rosidl_typesupport_fastrtps_cExport.cmake
[4.233s] -- Up-to-date: /workspace/install/rc_receiver_if/share/rc_receiver_if/cmake/export_rc_receiver_if__rosidl_typesupport_fastrtps_cExport-noconfig.cmake
[4.234s] -- Up-to-date: /workspace/install/rc_receiver_if/share/rc_receiver_if/cmake/rc_receiver_if__rosidl_typesupport_introspection_cExport.cmake
[4.235s] -- Up-to-date: /workspace/install/rc_receiver_if/share/rc_receiver_if/cmake/rc_receiver_if__rosidl_typesupport_introspection_cExport-noconfig.cmake
[4.235s] -- Up-to-date: /workspace/install/rc_receiver_if/share/rc_receiver_if/cmake/rc_receiver_if__rosidl_typesupport_cExport.cmake
[4.235s] -- Up-to-date: /workspace/install/rc_receiver_if/share/rc_receiver_if/cmake/rc_receiver_if__rosidl_typesupport_cExport-noconfig.cmake
[4.235s] -- Up-to-date: /workspace/install/rc_receiver_if/share/rc_receiver_if/cmake/export_rc_receiver_if__rosidl_generator_cppExport.cmake
[4.235s] -- Up-to-date: /workspace/install/rc_receiver_if/share/rc_receiver_if/cmake/export_rc_receiver_if__rosidl_typesupport_fastrtps_cppExport.cmake
[4.236s] -- Up-to-date: /workspace/install/rc_receiver_if/share/rc_receiver_if/cmake/export_rc_receiver_if__rosidl_typesupport_fastrtps_cppExport-noconfig.cmake
[4.236s] -- Up-to-date: /workspace/install/rc_receiver_if/share/rc_receiver_if/cmake/rc_receiver_if__rosidl_typesupport_introspection_cppExport.cmake
[4.236s] -- Up-to-date: /workspace/install/rc_receiver_if/share/rc_receiver_if/cmake/rc_receiver_if__rosidl_typesupport_introspection_cppExport-noconfig.cmake
[4.236s] -- Up-to-date: /workspace/install/rc_receiver_if/share/rc_receiver_if/cmake/rc_receiver_if__rosidl_typesupport_cppExport.cmake
[4.236s] -- Up-to-date: /workspace/install/rc_receiver_if/share/rc_receiver_if/cmake/rc_receiver_if__rosidl_typesupport_cppExport-noconfig.cmake
[4.237s] -- Up-to-date: /workspace/install/rc_receiver_if/share/rc_receiver_if/cmake/export_rc_receiver_if__rosidl_generator_pyExport.cmake
[4.242s] -- Up-to-date: /workspace/install/rc_receiver_if/share/rc_receiver_if/cmake/export_rc_receiver_if__rosidl_generator_pyExport-noconfig.cmake
[4.243s] -- Up-to-date: /workspace/install/rc_receiver_if/share/rc_receiver_if/cmake/rosidl_cmake-extras.cmake
[4.243s] -- Up-to-date: /workspace/install/rc_receiver_if/share/rc_receiver_if/cmake/ament_cmake_export_include_directories-extras.cmake
[4.243s] -- Up-to-date: /workspace/install/rc_receiver_if/share/rc_receiver_if/cmake/ament_cmake_export_libraries-extras.cmake
[4.243s] -- Up-to-date: /workspace/install/rc_receiver_if/share/rc_receiver_if/cmake/ament_cmake_export_targets-extras.cmake
[4.243s] -- Up-to-date: /workspace/install/rc_receiver_if/share/rc_receiver_if/cmake/rosidl_cmake_export_typesupport_targets-extras.cmake
[4.243s] -- Up-to-date: /workspace/install/rc_receiver_if/share/rc_receiver_if/cmake/ament_cmake_export_dependencies-extras.cmake
[4.243s] -- Up-to-date: /workspace/install/rc_receiver_if/share/rc_receiver_if/cmake/rosidl_cmake_export_typesupport_libraries-extras.cmake
[4.244s] -- Up-to-date: /workspace/install/rc_receiver_if/share/rc_receiver_if/cmake/rc_receiver_ifConfig.cmake
[4.244s] -- Up-to-date: /workspace/install/rc_receiver_if/share/rc_receiver_if/cmake/rc_receiver_ifConfig-version.cmake
[4.244s] -- Up-to-date: /workspace/install/rc_receiver_if/share/rc_receiver_if/package.xml
[4.318s] Invoked command in '/workspace/build/rc_receiver_if' returned '0': CMAKE_PREFIX_PATH=${CMAKE_PREFIX_PATH}:/workspace/install/visualization:/workspace/install/uwb_nls:/workspace/install/ultrasonic:/workspace/install/track:/workspace/install/record:/workspace/install/rc_receiver:/workspace/install/pixhawk_control:/workspace/install/motor:/workspace/install/camera:/opt/ros/humble /usr/local/bin/cmake --install /workspace/build/rc_receiver_if
