[  1%] Built target dynamixel_sdk_custom_interfaces__cpp
[ 12%] Built target dynamixel_sdk_custom_interfaces__rosidl_generator_c
[ 12%] Built target ament_cmake_python_copy_dynamixel_sdk_custom_interfaces
[ 23%] Built target dynamixel_sdk_custom_interfaces__rosidl_typesupport_cpp
[ 34%] Built target dynamixel_sdk_custom_interfaces__rosidl_typesupport_fastrtps_cpp
[ 46%] Built target dynamixel_sdk_custom_interfaces__rosidl_typesupport_introspection_c
[ 57%] Built target dynamixel_sdk_custom_interfaces__rosidl_typesupport_fastrtps_c
[ 68%] Built target dynamixel_sdk_custom_interfaces__rosidl_typesupport_c
[ 79%] Built target dynamixel_sdk_custom_interfaces__rosidl_typesupport_introspection_cpp
[ 79%] Built target dynamixel_sdk_custom_interfaces
[ 80%] Built target dynamixel_sdk_custom_interfaces__py
[ 90%] Built target dynamixel_sdk_custom_interfaces__rosidl_generator_py
[ 96%] Built target dynamixel_sdk_custom_interfaces__rosidl_typesupport_c__pyext
[ 96%] Built target dynamixel_sdk_custom_interfaces__rosidl_typesupport_fastrtps_c__pyext
[100%] Built target dynamixel_sdk_custom_interfaces__rosidl_typesupport_introspection_c__pyext
running egg_info
writing dynamixel_sdk_custom_interfaces.egg-info/PKG-INFO
writing dependency_links to dynamixel_sdk_custom_interfaces.egg-info/dependency_links.txt
writing top-level names to dynamixel_sdk_custom_interfaces.egg-info/top_level.txt
reading manifest file 'dynamixel_sdk_custom_interfaces.egg-info/SOURCES.txt'
writing manifest file 'dynamixel_sdk_custom_interfaces.egg-info/SOURCES.txt'
[100%] Built target ament_cmake_python_build_dynamixel_sdk_custom_interfaces_egg
