/workspace/install/track/lib/python3.10/site-packages/track/ByteTrack.py
/workspace/install/track/lib/python3.10/site-packages/track/bytetrack.py
/workspace/install/track/lib/python3.10/site-packages/track/matching.py
/workspace/install/track/lib/python3.10/site-packages/track/basetrack.py
/workspace/install/track/lib/python3.10/site-packages/track/depth.py
/workspace/install/track/lib/python3.10/site-packages/track/kalman_filter.py
/workspace/install/track/lib/python3.10/site-packages/track/YOLO.py
/workspace/install/track/lib/python3.10/site-packages/track/testa.py
/workspace/install/track/lib/python3.10/site-packages/track/test.py
/workspace/install/track/lib/python3.10/site-packages/track/testb.py
/workspace/install/track/lib/python3.10/site-packages/track/__init__.py
/workspace/install/track/lib/python3.10/site-packages/track/byte_tracker.py
/workspace/install/track/lib/python3.10/site-packages/track/__pycache__/ByteTrack.cpython-310.pyc
/workspace/install/track/lib/python3.10/site-packages/track/__pycache__/bytetrack.cpython-310.pyc
/workspace/install/track/lib/python3.10/site-packages/track/__pycache__/matching.cpython-310.pyc
/workspace/install/track/lib/python3.10/site-packages/track/__pycache__/basetrack.cpython-310.pyc
/workspace/install/track/lib/python3.10/site-packages/track/__pycache__/depth.cpython-310.pyc
/workspace/install/track/lib/python3.10/site-packages/track/__pycache__/kalman_filter.cpython-310.pyc
/workspace/install/track/lib/python3.10/site-packages/track/__pycache__/YOLO.cpython-310.pyc
/workspace/install/track/lib/python3.10/site-packages/track/__pycache__/testa.cpython-310.pyc
/workspace/install/track/lib/python3.10/site-packages/track/__pycache__/test.cpython-310.pyc
/workspace/install/track/lib/python3.10/site-packages/track/__pycache__/testb.cpython-310.pyc
/workspace/install/track/lib/python3.10/site-packages/track/__pycache__/__init__.cpython-310.pyc
/workspace/install/track/lib/python3.10/site-packages/track/__pycache__/byte_tracker.cpython-310.pyc
/workspace/install/track/share/ament_index/resource_index/packages/track
/workspace/install/track/share/track/package.xml
/workspace/install/track/lib/python3.10/site-packages/track-0.0.0-py3.10.egg-info/SOURCES.txt
/workspace/install/track/lib/python3.10/site-packages/track-0.0.0-py3.10.egg-info/top_level.txt
/workspace/install/track/lib/python3.10/site-packages/track-0.0.0-py3.10.egg-info/requires.txt
/workspace/install/track/lib/python3.10/site-packages/track-0.0.0-py3.10.egg-info/zip-safe
/workspace/install/track/lib/python3.10/site-packages/track-0.0.0-py3.10.egg-info/entry_points.txt
/workspace/install/track/lib/python3.10/site-packages/track-0.0.0-py3.10.egg-info/dependency_links.txt
/workspace/install/track/lib/python3.10/site-packages/track-0.0.0-py3.10.egg-info/PKG-INFO
/workspace/install/track/lib/track/ByteTrack
/workspace/install/track/lib/track/YOLO
/workspace/install/track/lib/track/bytetrack
/workspace/install/track/lib/track/depth
/workspace/install/track/lib/track/testa
