[3.947s] Invoking command in '/workspace/src/visualization': PYTHONPATH=/workspace/build/visualization/prefix_override:/usr/lib/python3/dist-packages/colcon_core/task/python/colcon_distutils_commands:/workspace/install/visualization/lib/python3.10/site-packages:${PYTHONPATH} /usr/bin/python3 -W ignore:setup.py install is deprecated setup.py egg_info --egg-base ../../build/visualization build --build-base /workspace/build/visualization/build install --record /workspace/build/visualization/install.log --single-version-externally-managed install_data
[4.028s] /usr/local/lib/python3.10/dist-packages/_distutils_hack/__init__.py:53: UserWarning: Reliance on distutils from stdlib is deprecated. Users must rely on setuptools to provide the distutils module. Avoid importing distutils or import setuptools first, and avoid setting SETUPTOOLS_USE_DISTUTILS=stdlib. Register concerns at https://github.com/pypa/setuptools/issues/new?template=distutils-deprecation.yml
[4.029s]   warnings.warn(
[4.390s] /usr/lib/python3.10/distutils/dist.py:274: UserWarning: Unknown distribution option: 'tests_require'
[4.390s]   warnings.warn(msg)
[4.648s] running egg_info
[4.689s] writing ../../build/visualization/visualization.egg-info/PKG-INFO
[4.690s] writing dependency_links to ../../build/visualization/visualization.egg-info/dependency_links.txt
[4.692s] writing entry points to ../../build/visualization/visualization.egg-info/entry_points.txt
[4.692s] writing requirements to ../../build/visualization/visualization.egg-info/requires.txt
[4.692s] writing top-level names to ../../build/visualization/visualization.egg-info/top_level.txt
[4.785s] reading manifest file '../../build/visualization/visualization.egg-info/SOURCES.txt'
[4.787s] writing manifest file '../../build/visualization/visualization.egg-info/SOURCES.txt'
[4.788s] running build
[4.788s] running build_py
[4.788s] running install
[4.789s] running install_lib
[4.840s] running install_data
[4.841s] running install_egg_info
[4.875s] removing '/workspace/install/visualization/lib/python3.10/site-packages/visualization-0.0.0-py3.10.egg-info' (and everything under it)
[4.875s] Copying ../../build/visualization/visualization.egg-info to /workspace/install/visualization/lib/python3.10/site-packages/visualization-0.0.0-py3.10.egg-info
[4.878s] running install_scripts
[4.963s] Installing sim_node script to /workspace/install/visualization/lib/visualization
[4.963s] Installing visual script to /workspace/install/visualization/lib/visualization
[4.964s] writing list of installed files to '/workspace/build/visualization/install.log'
[5.046s] Invoked command in '/workspace/src/visualization' returned '0': PYTHONPATH=/workspace/build/visualization/prefix_override:/usr/lib/python3/dist-packages/colcon_core/task/python/colcon_distutils_commands:/workspace/install/visualization/lib/python3.10/site-packages:${PYTHONPATH} /usr/bin/python3 -W ignore:setup.py install is deprecated setup.py egg_info --egg-base ../../build/visualization build --build-base /workspace/build/visualization/build install --record /workspace/build/visualization/install.log --single-version-externally-managed install_data
