[3.632s] Invoking command in '/workspace/src/ultrasonic': PYTHONPATH=/workspace/build/ultrasonic/prefix_override:/usr/lib/python3/dist-packages/colcon_core/task/python/colcon_distutils_commands:/workspace/install/ultrasonic/lib/python3.10/site-packages:${PYTHONPATH} /usr/bin/python3 -W ignore:setup.py install is deprecated setup.py egg_info --egg-base ../../build/ultrasonic build --build-base /workspace/build/ultrasonic/build install --record /workspace/build/ultrasonic/install.log --single-version-externally-managed install_data
[3.711s] /usr/local/lib/python3.10/dist-packages/_distutils_hack/__init__.py:53: UserWarning: Reliance on distutils from stdlib is deprecated. Users must rely on setuptools to provide the distutils module. Avoid importing distutils or import setuptools first, and avoid setting SETUPTOOLS_USE_DISTUTILS=stdlib. Register concerns at https://github.com/pypa/setuptools/issues/new?template=distutils-deprecation.yml
[3.711s]   warnings.warn(
[4.051s] /usr/lib/python3.10/distutils/dist.py:274: UserWarning: Unknown distribution option: 'tests_require'
[4.052s]   warnings.warn(msg)
[4.316s] running egg_info
[4.357s] writing ../../build/ultrasonic/ultrasonic.egg-info/PKG-INFO
[4.359s] writing dependency_links to ../../build/ultrasonic/ultrasonic.egg-info/dependency_links.txt
[4.360s] writing entry points to ../../build/ultrasonic/ultrasonic.egg-info/entry_points.txt
[4.360s] writing requirements to ../../build/ultrasonic/ultrasonic.egg-info/requires.txt
[4.361s] writing top-level names to ../../build/ultrasonic/ultrasonic.egg-info/top_level.txt
[4.451s] reading manifest file '../../build/ultrasonic/ultrasonic.egg-info/SOURCES.txt'
[4.452s] writing manifest file '../../build/ultrasonic/ultrasonic.egg-info/SOURCES.txt'
[4.453s] running build
[4.453s] running build_py
[4.454s] running install
[4.458s] running install_lib
[4.499s] running install_data
[4.502s] running install_egg_info
[4.558s] removing '/workspace/install/ultrasonic/lib/python3.10/site-packages/ultrasonic-0.0.0-py3.10.egg-info' (and everything under it)
[4.563s] Copying ../../build/ultrasonic/ultrasonic.egg-info to /workspace/install/ultrasonic/lib/python3.10/site-packages/ultrasonic-0.0.0-py3.10.egg-info
[4.567s] running install_scripts
[4.659s] Installing checker script to /workspace/install/ultrasonic/lib/ultrasonic
[4.660s] Installing obstacle script to /workspace/install/ultrasonic/lib/ultrasonic
[4.660s] Installing receiver script to /workspace/install/ultrasonic/lib/ultrasonic
[4.664s] Installing visualizer script to /workspace/install/ultrasonic/lib/ultrasonic
[4.665s] writing list of installed files to '/workspace/build/ultrasonic/install.log'
[4.747s] Invoked command in '/workspace/src/ultrasonic' returned '0': PYTHONPATH=/workspace/build/ultrasonic/prefix_override:/usr/lib/python3/dist-packages/colcon_core/task/python/colcon_distutils_commands:/workspace/install/ultrasonic/lib/python3.10/site-packages:${PYTHONPATH} /usr/bin/python3 -W ignore:setup.py install is deprecated setup.py egg_info --egg-base ../../build/ultrasonic build --build-base /workspace/build/ultrasonic/build install --record /workspace/build/ultrasonic/install.log --single-version-externally-managed install_data
