[2.094s] Invoking command in '/workspace/src/motor_control/rc_receiver': LD_LIBRARY_PATH=/workspace/install/rc_receiver_if/lib:/workspace/install/motor_if/lib:/opt/ros/humble/opt/rviz_ogre_vendor/lib:/opt/ros/humble/lib/aarch64-linux-gnu:/opt/ros/humble/lib:/usr/local/cuda/compat:/usr/local/cuda/lib64 PYTHONPATH=/workspace/build/rc_receiver/prefix_override:/usr/lib/python3/dist-packages/colcon_core/task/python/colcon_distutils_commands:/workspace/install/rc_receiver/lib/python3.10/site-packages:${PYTHONPATH} /usr/bin/python3 -W ignore:setup.py install is deprecated -W ignore:easy_install command is deprecated setup.py egg_info --egg-base ../../../build/rc_receiver build --build-base /workspace/build/rc_receiver/build install --record /workspace/build/rc_receiver/install.log --single-version-externally-managed install_data
[2.421s] /usr/local/lib/python3.10/dist-packages/setuptools/_distutils/dist.py:261: UserWarning: Unknown distribution option: 'tests_require'
[2.421s]   warnings.warn(msg)
[2.605s] running egg_info
[2.634s] writing ../../../build/rc_receiver/rc_receiver.egg-info/PKG-INFO
[2.635s] writing dependency_links to ../../../build/rc_receiver/rc_receiver.egg-info/dependency_links.txt
[2.635s] writing entry points to ../../../build/rc_receiver/rc_receiver.egg-info/entry_points.txt
[2.636s] writing requirements to ../../../build/rc_receiver/rc_receiver.egg-info/requires.txt
[2.636s] writing top-level names to ../../../build/rc_receiver/rc_receiver.egg-info/top_level.txt
[2.697s] reading manifest file '../../../build/rc_receiver/rc_receiver.egg-info/SOURCES.txt'
[2.698s] adding license file 'LICENSE'
[2.700s] writing manifest file '../../../build/rc_receiver/rc_receiver.egg-info/SOURCES.txt'
[2.700s] running build
[2.700s] running build_py
[2.701s] copying rc_receiver/__init__.py -> /workspace/build/rc_receiver/build/lib/rc_receiver
[2.701s] copying rc_receiver/rc_receiver.py -> /workspace/build/rc_receiver/build/lib/rc_receiver
[2.702s] running install
[2.710s] running install_lib
[2.741s] running install_data
[2.741s] copying resource/rc_receiver -> /workspace/install/rc_receiver/share/ament_index/resource_index/packages
[2.741s] copying package.xml -> /workspace/install/rc_receiver/share/rc_receiver
[2.742s] running install_egg_info
[2.774s] removing '/workspace/install/rc_receiver/lib/python3.10/site-packages/rc_receiver-0.0.0-py3.10.egg-info' (and everything under it)
[2.775s] Copying ../../../build/rc_receiver/rc_receiver.egg-info to /workspace/install/rc_receiver/lib/python3.10/site-packages/rc_receiver-0.0.0-py3.10.egg-info
[2.777s] running install_scripts
[3.018s] Installing rc_receiver script to /workspace/install/rc_receiver/lib/rc_receiver
[3.019s] writing list of installed files to '/workspace/build/rc_receiver/install.log'
[3.111s] Invoked command in '/workspace/src/motor_control/rc_receiver' returned '0': LD_LIBRARY_PATH=/workspace/install/rc_receiver_if/lib:/workspace/install/motor_if/lib:/opt/ros/humble/opt/rviz_ogre_vendor/lib:/opt/ros/humble/lib/aarch64-linux-gnu:/opt/ros/humble/lib:/usr/local/cuda/compat:/usr/local/cuda/lib64 PYTHONPATH=/workspace/build/rc_receiver/prefix_override:/usr/lib/python3/dist-packages/colcon_core/task/python/colcon_distutils_commands:/workspace/install/rc_receiver/lib/python3.10/site-packages:${PYTHONPATH} /usr/bin/python3 -W ignore:setup.py install is deprecated -W ignore:easy_install command is deprecated setup.py egg_info --egg-base ../../../build/rc_receiver build --build-base /workspace/build/rc_receiver/build install --record /workspace/build/rc_receiver/install.log --single-version-externally-managed install_data
