[2.662s] Invoking command in '/workspace/src/us_pkg8': PYTHONPATH=/workspace/build/us_pkg8/prefix_override:/usr/lib/python3/dist-packages/colcon_core/task/python/colcon_distutils_commands:/workspace/install/us_pkg8/lib/python3.10/site-packages:${PYTHONPATH} /usr/bin/python3 -W ignore:setup.py install is deprecated -W ignore:easy_install command is deprecated setup.py egg_info --egg-base ../../build/us_pkg8 build --build-base /workspace/build/us_pkg8/build install --record /workspace/build/us_pkg8/install.log --single-version-externally-managed install_data
[2.997s] running egg_info
[2.997s] writing ../../build/us_pkg8/us_pkg8.egg-info/PKG-INFO
[2.998s] writing dependency_links to ../../build/us_pkg8/us_pkg8.egg-info/dependency_links.txt
[2.998s] writing entry points to ../../build/us_pkg8/us_pkg8.egg-info/entry_points.txt
[2.998s] writing requirements to ../../build/us_pkg8/us_pkg8.egg-info/requires.txt
[2.999s] writing top-level names to ../../build/us_pkg8/us_pkg8.egg-info/top_level.txt
[3.001s] reading manifest file '../../build/us_pkg8/us_pkg8.egg-info/SOURCES.txt'
[3.003s] writing manifest file '../../build/us_pkg8/us_pkg8.egg-info/SOURCES.txt'
[3.003s] running build
[3.003s] running build_py
[3.003s] running install
[3.004s] running install_lib
[3.006s] running install_data
[3.006s] running install_egg_info
[3.013s] removing '/workspace/install/us_pkg8/lib/python3.10/site-packages/us_pkg8-0.0.0-py3.10.egg-info' (and everything under it)
[3.015s] Copying ../../build/us_pkg8/us_pkg8.egg-info to /workspace/install/us_pkg8/lib/python3.10/site-packages/us_pkg8-0.0.0-py3.10.egg-info
[3.015s] running install_scripts
[3.044s] Installing us_modbus_receiver_node script to /workspace/install/us_pkg8/lib/us_pkg8
[3.045s] Installing us_modbus_receiver_node2 script to /workspace/install/us_pkg8/lib/us_pkg8
[3.045s] Installing us_show_node script to /workspace/install/us_pkg8/lib/us_pkg8
[3.046s] Installing us_uart_receiver_node script to /workspace/install/us_pkg8/lib/us_pkg8
[3.046s] writing list of installed files to '/workspace/build/us_pkg8/install.log'
[3.088s] Invoked command in '/workspace/src/us_pkg8' returned '0': PYTHONPATH=/workspace/build/us_pkg8/prefix_override:/usr/lib/python3/dist-packages/colcon_core/task/python/colcon_distutils_commands:/workspace/install/us_pkg8/lib/python3.10/site-packages:${PYTHONPATH} /usr/bin/python3 -W ignore:setup.py install is deprecated -W ignore:easy_install command is deprecated setup.py egg_info --egg-base ../../build/us_pkg8 build --build-base /workspace/build/us_pkg8/build install --record /workspace/build/us_pkg8/install.log --single-version-externally-managed install_data
