[0.012s] Invoking command in '/home/jimmy/work/build/dynamixel_sdk': CMAKE_PREFIX_PATH=/opt/ros/humble /usr/bin/cmake /home/jimmy/work/docker/DynamixelSDK/dynamixel_sdk -DCMAKE_INSTALL_PREFIX=/home/jimmy/work/install/dynamixel_sdk
[0.167s] -- The C compiler identification is GNU 11.4.0
[0.209s] -- The CXX compiler identification is GNU 11.4.0
[0.217s] -- Detecting C compiler ABI info
[0.259s] -- Detecting C compiler ABI info - done
[0.265s] -- Check for working C compiler: /usr/bin/cc - skipped
[0.265s] -- Detecting C compile features
[0.266s] -- Detecting C compile features - done
[0.269s] -- Detecting CXX compiler ABI info
[0.314s] -- Detecting CXX compiler ABI info - done
[0.327s] -- Check for working CXX compiler: /usr/bin/c++ - skipped
[0.328s] -- Detecting CXX compile features
[0.328s] -- Detecting CXX compile features - done
[0.328s] -- Found ament_cmake: 1.3.10 (/opt/ros/humble/share/ament_cmake/cmake)
[0.420s] -- Found Python3: /usr/bin/python3 (found version "3.10.12") found components: Interpreter 
[0.538s] -- Configuring done
[0.541s] -- Generating done
[0.541s] -- Build files have been written to: /home/jimmy/work/build/dynamixel_sdk
[0.547s] Invoked command in '/home/jimmy/work/build/dynamixel_sdk' returned '0': CMAKE_PREFIX_PATH=/opt/ros/humble /usr/bin/cmake /home/jimmy/work/docker/DynamixelSDK/dynamixel_sdk -DCMAKE_INSTALL_PREFIX=/home/jimmy/work/install/dynamixel_sdk
[0.547s] Invoking command in '/home/jimmy/work/build/dynamixel_sdk': CMAKE_PREFIX_PATH=/opt/ros/humble /usr/bin/cmake --build /home/jimmy/work/build/dynamixel_sdk -- -j20 -l20
[0.573s] [ 10%] [32mBuilding CXX object CMakeFiles/dynamixel_sdk.dir/src/dynamixel_sdk/protocol1_packet_handler.cpp.o[0m
[0.573s] [ 20%] [32mBuilding CXX object CMakeFiles/dynamixel_sdk.dir/src/dynamixel_sdk/group_sync_read.cpp.o[0m
[0.573s] [ 30%] [32mBuilding CXX object CMakeFiles/dynamixel_sdk.dir/src/dynamixel_sdk/group_bulk_write.cpp.o[0m
[0.574s] [ 40%] [32mBuilding CXX object CMakeFiles/dynamixel_sdk.dir/src/dynamixel_sdk/packet_handler.cpp.o[0m
[0.575s] [ 50%] [32mBuilding CXX object CMakeFiles/dynamixel_sdk.dir/src/dynamixel_sdk/protocol2_packet_handler.cpp.o[0m
[0.575s] [ 60%] [32mBuilding CXX object CMakeFiles/dynamixel_sdk.dir/src/dynamixel_sdk/group_sync_write.cpp.o[0m
[0.575s] [ 70%] [32mBuilding CXX object CMakeFiles/dynamixel_sdk.dir/src/dynamixel_sdk/group_bulk_read.cpp.o[0m
[0.576s] [ 80%] [32mBuilding CXX object CMakeFiles/dynamixel_sdk.dir/src/dynamixel_sdk/port_handler.cpp.o[0m
[0.576s] [ 90%] [32mBuilding CXX object CMakeFiles/dynamixel_sdk.dir/src/dynamixel_sdk/port_handler_linux.cpp.o[0m
[0.922s] [100%] [32m[1mLinking CXX shared library libdynamixel_sdk.so[0m
[0.977s] [100%] Built target dynamixel_sdk
[0.983s] Invoked command in '/home/jimmy/work/build/dynamixel_sdk' returned '0': CMAKE_PREFIX_PATH=/opt/ros/humble /usr/bin/cmake --build /home/jimmy/work/build/dynamixel_sdk -- -j20 -l20
[1.010s] Invoking command in '/home/jimmy/work/build/dynamixel_sdk': CMAKE_PREFIX_PATH=/opt/ros/humble /usr/bin/cmake --install /home/jimmy/work/build/dynamixel_sdk
[1.013s] -- Install configuration: ""
[1.014s] -- Installing: /home/jimmy/work/install/dynamixel_sdk/include/
[1.014s] -- Installing: /home/jimmy/work/install/dynamixel_sdk/include//dynamixel_sdk
[1.014s] -- Installing: /home/jimmy/work/install/dynamixel_sdk/include//dynamixel_sdk/protocol1_packet_handler.h
[1.014s] -- Installing: /home/jimmy/work/install/dynamixel_sdk/include//dynamixel_sdk/port_handler_windows.h
[1.014s] -- Installing: /home/jimmy/work/install/dynamixel_sdk/include//dynamixel_sdk/port_handler_arduino.h
[1.014s] -- Installing: /home/jimmy/work/install/dynamixel_sdk/include//dynamixel_sdk/port_handler_linux.h
[1.014s] -- Installing: /home/jimmy/work/install/dynamixel_sdk/include//dynamixel_sdk/group_bulk_read.h
[1.014s] -- Installing: /home/jimmy/work/install/dynamixel_sdk/include//dynamixel_sdk/protocol2_packet_handler.h
[1.014s] -- Installing: /home/jimmy/work/install/dynamixel_sdk/include//dynamixel_sdk/group_sync_write.h
[1.014s] -- Installing: /home/jimmy/work/install/dynamixel_sdk/include//dynamixel_sdk/group_bulk_write.h
[1.014s] -- Installing: /home/jimmy/work/install/dynamixel_sdk/include//dynamixel_sdk/dynamixel_sdk.h
[1.014s] -- Installing: /home/jimmy/work/install/dynamixel_sdk/include//dynamixel_sdk/group_sync_read.h
[1.014s] -- Installing: /home/jimmy/work/install/dynamixel_sdk/include//dynamixel_sdk/port_handler.h
[1.014s] -- Installing: /home/jimmy/work/install/dynamixel_sdk/include//dynamixel_sdk/packet_handler.h
[1.015s] -- Installing: /home/jimmy/work/install/dynamixel_sdk/include//dynamixel_sdk/port_handler_mac.h
[1.015s] -- Installing: /home/jimmy/work/install/dynamixel_sdk/lib/libdynamixel_sdk.so
[1.015s] -- Installing: /home/jimmy/work/install/dynamixel_sdk/share/dynamixel_sdk/environment/library_path.sh
[1.015s] -- Installing: /home/jimmy/work/install/dynamixel_sdk/share/dynamixel_sdk/environment/library_path.dsv
[1.015s] -- Installing: /home/jimmy/work/install/dynamixel_sdk/share/ament_index/resource_index/package_run_dependencies/dynamixel_sdk
[1.015s] -- Installing: /home/jimmy/work/install/dynamixel_sdk/share/ament_index/resource_index/parent_prefix_path/dynamixel_sdk
[1.015s] -- Installing: /home/jimmy/work/install/dynamixel_sdk/share/dynamixel_sdk/environment/ament_prefix_path.sh
[1.015s] -- Installing: /home/jimmy/work/install/dynamixel_sdk/share/dynamixel_sdk/environment/ament_prefix_path.dsv
[1.015s] -- Installing: /home/jimmy/work/install/dynamixel_sdk/share/dynamixel_sdk/environment/path.sh
[1.015s] -- Installing: /home/jimmy/work/install/dynamixel_sdk/share/dynamixel_sdk/environment/path.dsv
[1.015s] -- Installing: /home/jimmy/work/install/dynamixel_sdk/share/dynamixel_sdk/local_setup.bash
[1.015s] -- Installing: /home/jimmy/work/install/dynamixel_sdk/share/dynamixel_sdk/local_setup.sh
[1.015s] -- Installing: /home/jimmy/work/install/dynamixel_sdk/share/dynamixel_sdk/local_setup.zsh
[1.015s] -- Installing: /home/jimmy/work/install/dynamixel_sdk/share/dynamixel_sdk/local_setup.dsv
[1.015s] -- Installing: /home/jimmy/work/install/dynamixel_sdk/share/dynamixel_sdk/package.dsv
[1.015s] -- Installing: /home/jimmy/work/install/dynamixel_sdk/share/ament_index/resource_index/packages/dynamixel_sdk
[1.015s] -- Installing: /home/jimmy/work/install/dynamixel_sdk/share/dynamixel_sdk/cmake/ament_cmake_export_include_directories-extras.cmake
[1.015s] -- Installing: /home/jimmy/work/install/dynamixel_sdk/share/dynamixel_sdk/cmake/ament_cmake_export_libraries-extras.cmake
[1.015s] -- Installing: /home/jimmy/work/install/dynamixel_sdk/share/dynamixel_sdk/cmake/dynamixel_sdkConfig.cmake
[1.015s] -- Installing: /home/jimmy/work/install/dynamixel_sdk/share/dynamixel_sdk/cmake/dynamixel_sdkConfig-version.cmake
[1.015s] -- Installing: /home/jimmy/work/install/dynamixel_sdk/share/dynamixel_sdk/package.xml
[1.017s] Invoked command in '/home/jimmy/work/build/dynamixel_sdk' returned '0': CMAKE_PREFIX_PATH=/opt/ros/humble /usr/bin/cmake --install /home/jimmy/work/build/dynamixel_sdk
