[0.691s] Invoking command in '/workspace/src/us_pkg8': PYTHONPATH=/workspace/build/us_pkg8/prefix_override:/usr/lib/python3/dist-packages/colcon_core/task/python/colcon_distutils_commands:/workspace/install/us_pkg8/lib/python3.10/site-packages:${PYTHONPATH} /usr/bin/python3 -W ignore:setup.py install is deprecated -W ignore:easy_install command is deprecated setup.py egg_info --egg-base ../../build/us_pkg8 build --build-base /workspace/build/us_pkg8/build install --record /workspace/build/us_pkg8/install.log --single-version-externally-managed install_data
[0.784s] running egg_info
[0.784s] creating ../../build/us_pkg8/us_pkg8.egg-info
[0.785s] writing ../../build/us_pkg8/us_pkg8.egg-info/PKG-INFO
[0.785s] writing dependency_links to ../../build/us_pkg8/us_pkg8.egg-info/dependency_links.txt
[0.785s] writing entry points to ../../build/us_pkg8/us_pkg8.egg-info/entry_points.txt
[0.785s] writing requirements to ../../build/us_pkg8/us_pkg8.egg-info/requires.txt
[0.785s] writing top-level names to ../../build/us_pkg8/us_pkg8.egg-info/top_level.txt
[0.785s] writing manifest file '../../build/us_pkg8/us_pkg8.egg-info/SOURCES.txt'
[0.785s] reading manifest file '../../build/us_pkg8/us_pkg8.egg-info/SOURCES.txt'
[0.785s] writing manifest file '../../build/us_pkg8/us_pkg8.egg-info/SOURCES.txt'
[0.785s] running build
[0.785s] running build_py
[0.785s] creating /workspace/build/us_pkg8/build
[0.785s] creating /workspace/build/us_pkg8/build/lib
[0.786s] creating /workspace/build/us_pkg8/build/lib/us_pkg8
[0.786s] copying us_pkg8/us_receiver_node.py -> /workspace/build/us_pkg8/build/lib/us_pkg8
[0.786s] copying us_pkg8/us_modbus_receiver_node.py -> /workspace/build/us_pkg8/build/lib/us_pkg8
[0.786s] copying us_pkg8/us_show_node.py -> /workspace/build/us_pkg8/build/lib/us_pkg8
[0.786s] copying us_pkg8/test.py -> /workspace/build/us_pkg8/build/lib/us_pkg8
[0.786s] copying us_pkg8/__init__.py -> /workspace/build/us_pkg8/build/lib/us_pkg8
[0.786s] copying us_pkg8/us_uart_receiver_node.py -> /workspace/build/us_pkg8/build/lib/us_pkg8
[0.786s] copying us_pkg8/us_modbus_receiver_node2.py -> /workspace/build/us_pkg8/build/lib/us_pkg8
[0.786s] running install
[0.786s] running install_lib
[0.786s] creating /workspace/install/us_pkg8/lib/python3.10/site-packages/us_pkg8
[0.786s] copying /workspace/build/us_pkg8/build/lib/us_pkg8/us_receiver_node.py -> /workspace/install/us_pkg8/lib/python3.10/site-packages/us_pkg8
[0.786s] copying /workspace/build/us_pkg8/build/lib/us_pkg8/us_modbus_receiver_node.py -> /workspace/install/us_pkg8/lib/python3.10/site-packages/us_pkg8
[0.786s] copying /workspace/build/us_pkg8/build/lib/us_pkg8/us_show_node.py -> /workspace/install/us_pkg8/lib/python3.10/site-packages/us_pkg8
[0.786s] copying /workspace/build/us_pkg8/build/lib/us_pkg8/test.py -> /workspace/install/us_pkg8/lib/python3.10/site-packages/us_pkg8
[0.786s] copying /workspace/build/us_pkg8/build/lib/us_pkg8/__init__.py -> /workspace/install/us_pkg8/lib/python3.10/site-packages/us_pkg8
[0.786s] copying /workspace/build/us_pkg8/build/lib/us_pkg8/us_uart_receiver_node.py -> /workspace/install/us_pkg8/lib/python3.10/site-packages/us_pkg8
[0.786s] copying /workspace/build/us_pkg8/build/lib/us_pkg8/us_modbus_receiver_node2.py -> /workspace/install/us_pkg8/lib/python3.10/site-packages/us_pkg8
[0.787s] byte-compiling /workspace/install/us_pkg8/lib/python3.10/site-packages/us_pkg8/us_receiver_node.py to us_receiver_node.cpython-310.pyc
[0.787s] byte-compiling /workspace/install/us_pkg8/lib/python3.10/site-packages/us_pkg8/us_modbus_receiver_node.py to us_modbus_receiver_node.cpython-310.pyc
[0.787s] byte-compiling /workspace/install/us_pkg8/lib/python3.10/site-packages/us_pkg8/us_show_node.py to us_show_node.cpython-310.pyc
[0.788s] byte-compiling /workspace/install/us_pkg8/lib/python3.10/site-packages/us_pkg8/test.py to test.cpython-310.pyc
[0.788s] byte-compiling /workspace/install/us_pkg8/lib/python3.10/site-packages/us_pkg8/__init__.py to __init__.cpython-310.pyc
[0.788s] byte-compiling /workspace/install/us_pkg8/lib/python3.10/site-packages/us_pkg8/us_uart_receiver_node.py to us_uart_receiver_node.cpython-310.pyc
[0.788s] byte-compiling /workspace/install/us_pkg8/lib/python3.10/site-packages/us_pkg8/us_modbus_receiver_node2.py to us_modbus_receiver_node2.cpython-310.pyc
[0.788s] running install_data
[0.788s] creating /workspace/install/us_pkg8/share/ament_index
[0.788s] creating /workspace/install/us_pkg8/share/ament_index/resource_index
[0.788s] creating /workspace/install/us_pkg8/share/ament_index/resource_index/packages
[0.788s] copying resource/us_pkg8 -> /workspace/install/us_pkg8/share/ament_index/resource_index/packages
[0.789s] copying package.xml -> /workspace/install/us_pkg8/share/us_pkg8
[0.789s] running install_egg_info
[0.790s] Copying ../../build/us_pkg8/us_pkg8.egg-info to /workspace/install/us_pkg8/lib/python3.10/site-packages/us_pkg8-0.0.0-py3.10.egg-info
[0.790s] running install_scripts
[0.800s] Installing us_modbus_receiver_node script to /workspace/install/us_pkg8/lib/us_pkg8
[0.800s] Installing us_modbus_receiver_node2 script to /workspace/install/us_pkg8/lib/us_pkg8
[0.800s] Installing us_show_node script to /workspace/install/us_pkg8/lib/us_pkg8
[0.800s] Installing us_uart_receiver_node script to /workspace/install/us_pkg8/lib/us_pkg8
[0.800s] writing list of installed files to '/workspace/build/us_pkg8/install.log'
[0.814s] Invoked command in '/workspace/src/us_pkg8' returned '0': PYTHONPATH=/workspace/build/us_pkg8/prefix_override:/usr/lib/python3/dist-packages/colcon_core/task/python/colcon_distutils_commands:/workspace/install/us_pkg8/lib/python3.10/site-packages:${PYTHONPATH} /usr/bin/python3 -W ignore:setup.py install is deprecated -W ignore:easy_install command is deprecated setup.py egg_info --egg-base ../../build/us_pkg8 build --build-base /workspace/build/us_pkg8/build install --record /workspace/build/us_pkg8/install.log --single-version-externally-managed install_data
