[2.921s] Invoking command in '/workspace/src/ultrasonic': PYTHONPATH=/workspace/build/ultrasonic/prefix_override:/usr/lib/python3/dist-packages/colcon_core/task/python/colcon_distutils_commands:/workspace/install/ultrasonic/lib/python3.10/site-packages:${PYTHONPATH} /usr/bin/python3 -W ignore:setup.py install is deprecated setup.py egg_info --egg-base ../../build/ultrasonic build --build-base /workspace/build/ultrasonic/build install --record /workspace/build/ultrasonic/install.log --single-version-externally-managed install_data
[2.991s] /usr/local/lib/python3.10/dist-packages/_distutils_hack/__init__.py:53: UserWarning: Reliance on distutils from stdlib is deprecated. Users must rely on setuptools to provide the distutils module. Avoid importing distutils or import setuptools first, and avoid setting SETUPTOOLS_USE_DISTUTILS=stdlib. Register concerns at https://github.com/pypa/setuptools/issues/new?template=distutils-deprecation.yml
[2.992s]   warnings.warn(
[3.321s] /usr/lib/python3.10/distutils/dist.py:274: UserWarning: Unknown distribution option: 'tests_require'
[3.322s]   warnings.warn(msg)
[3.572s] running egg_info
[3.620s] writing ../../build/ultrasonic/ultrasonic.egg-info/PKG-INFO
[3.620s] writing dependency_links to ../../build/ultrasonic/ultrasonic.egg-info/dependency_links.txt
[3.620s] writing entry points to ../../build/ultrasonic/ultrasonic.egg-info/entry_points.txt
[3.621s] writing requirements to ../../build/ultrasonic/ultrasonic.egg-info/requires.txt
[3.621s] writing top-level names to ../../build/ultrasonic/ultrasonic.egg-info/top_level.txt
[3.698s] reading manifest file '../../build/ultrasonic/ultrasonic.egg-info/SOURCES.txt'
[3.700s] writing manifest file '../../build/ultrasonic/ultrasonic.egg-info/SOURCES.txt'
[3.701s] running build
[3.701s] running build_py
[3.702s] running install
[3.703s] running install_lib
[3.745s] running install_data
[3.746s] running install_egg_info
[3.793s] removing '/workspace/install/ultrasonic/lib/python3.10/site-packages/ultrasonic-0.0.0-py3.10.egg-info' (and everything under it)
[3.794s] Copying ../../build/ultrasonic/ultrasonic.egg-info to /workspace/install/ultrasonic/lib/python3.10/site-packages/ultrasonic-0.0.0-py3.10.egg-info
[3.795s] running install_scripts
[3.883s] Installing checker script to /workspace/install/ultrasonic/lib/ultrasonic
[3.883s] Installing obstacle script to /workspace/install/ultrasonic/lib/ultrasonic
[3.884s] Installing receiver script to /workspace/install/ultrasonic/lib/ultrasonic
[3.884s] Installing visualizer script to /workspace/install/ultrasonic/lib/ultrasonic
[3.884s] writing list of installed files to '/workspace/build/ultrasonic/install.log'
[3.983s] Invoked command in '/workspace/src/ultrasonic' returned '0': PYTHONPATH=/workspace/build/ultrasonic/prefix_override:/usr/lib/python3/dist-packages/colcon_core/task/python/colcon_distutils_commands:/workspace/install/ultrasonic/lib/python3.10/site-packages:${PYTHONPATH} /usr/bin/python3 -W ignore:setup.py install is deprecated setup.py egg_info --egg-base ../../build/ultrasonic build --build-base /workspace/build/ultrasonic/build install --record /workspace/build/ultrasonic/install.log --single-version-externally-managed install_data
