[0.774s] Invoking command in '/workspace/src/camera': PYTHONPATH=/workspace/build/camera/prefix_override:/usr/lib/python3/dist-packages/colcon_core/task/python/colcon_distutils_commands:/workspace/install/camera/lib/python3.10/site-packages:${PYTHONPATH} /usr/bin/python3 -W ignore:setup.py install is deprecated -W ignore:easy_install command is deprecated setup.py egg_info --egg-base ../../build/camera build --build-base /workspace/build/camera/build install --record /workspace/build/camera/install.log --single-version-externally-managed install_data
[0.869s] running egg_info
[0.870s] creating ../../build/camera/camera.egg-info
[0.870s] writing ../../build/camera/camera.egg-info/PKG-INFO
[0.870s] writing dependency_links to ../../build/camera/camera.egg-info/dependency_links.txt
[0.870s] writing entry points to ../../build/camera/camera.egg-info/entry_points.txt
[0.870s] writing requirements to ../../build/camera/camera.egg-info/requires.txt
[0.870s] writing top-level names to ../../build/camera/camera.egg-info/top_level.txt
[0.870s] writing manifest file '../../build/camera/camera.egg-info/SOURCES.txt'
[0.870s] reading manifest file '../../build/camera/camera.egg-info/SOURCES.txt'
[0.871s] writing manifest file '../../build/camera/camera.egg-info/SOURCES.txt'
[0.871s] running build
[0.871s] running build_py
[0.871s] creating /workspace/build/camera/build
[0.871s] creating /workspace/build/camera/build/lib
[0.871s] creating /workspace/build/camera/build/lib/camera
[0.871s] copying camera/realsense.py -> /workspace/build/camera/build/lib/camera
[0.871s] copying camera/__init__.py -> /workspace/build/camera/build/lib/camera
[0.871s] running install
[0.871s] running install_lib
[0.872s] creating /workspace/install/camera/lib/python3.10/site-packages/camera
[0.872s] copying /workspace/build/camera/build/lib/camera/realsense.py -> /workspace/install/camera/lib/python3.10/site-packages/camera
[0.872s] copying /workspace/build/camera/build/lib/camera/__init__.py -> /workspace/install/camera/lib/python3.10/site-packages/camera
[0.872s] byte-compiling /workspace/install/camera/lib/python3.10/site-packages/camera/realsense.py to realsense.cpython-310.pyc
[0.872s] byte-compiling /workspace/install/camera/lib/python3.10/site-packages/camera/__init__.py to __init__.cpython-310.pyc
[0.873s] running install_data
[0.873s] creating /workspace/install/camera/share/ament_index
[0.873s] creating /workspace/install/camera/share/ament_index/resource_index
[0.873s] creating /workspace/install/camera/share/ament_index/resource_index/packages
[0.873s] copying resource/camera -> /workspace/install/camera/share/ament_index/resource_index/packages
[0.873s] copying package.xml -> /workspace/install/camera/share/camera
[0.873s] running install_egg_info
[0.874s] Copying ../../build/camera/camera.egg-info to /workspace/install/camera/lib/python3.10/site-packages/camera-0.0.0-py3.10.egg-info
[0.874s] running install_scripts
[0.883s] Installing realsense script to /workspace/install/camera/lib/camera
[0.883s] writing list of installed files to '/workspace/build/camera/install.log'
[0.902s] Invoked command in '/workspace/src/camera' returned '0': PYTHONPATH=/workspace/build/camera/prefix_override:/usr/lib/python3/dist-packages/colcon_core/task/python/colcon_distutils_commands:/workspace/install/camera/lib/python3.10/site-packages:${PYTHONPATH} /usr/bin/python3 -W ignore:setup.py install is deprecated -W ignore:easy_install command is deprecated setup.py egg_info --egg-base ../../build/camera build --build-base /workspace/build/camera/build install --record /workspace/build/camera/install.log --single-version-externally-managed install_data
