[5.269s] Invoking command in '/workspace/src/motor_control/motor': PYTHONPATH=/workspace/build/motor/prefix_override:/usr/lib/python3/dist-packages/colcon_core/task/python/colcon_distutils_commands:/workspace/install/motor/lib/python3.10/site-packages:${PYTHONPATH} /usr/bin/python3 -W ignore:setup.py install is deprecated setup.py egg_info --egg-base ../../../build/motor build --build-base /workspace/build/motor/build install --record /workspace/build/motor/install.log --single-version-externally-managed install_data
[5.352s] /usr/local/lib/python3.10/dist-packages/_distutils_hack/__init__.py:53: UserWarning: Reliance on distutils from stdlib is deprecated. Users must rely on setuptools to provide the distutils module. Avoid importing distutils or import setuptools first, and avoid setting SETUPTOOLS_USE_DISTUTILS=stdlib. Register concerns at https://github.com/pypa/setuptools/issues/new?template=distutils-deprecation.yml
[5.353s]   warnings.warn(
[5.687s] /usr/lib/python3.10/distutils/dist.py:274: UserWarning: Unknown distribution option: 'tests_require'
[5.688s]   warnings.warn(msg)
[5.970s] running egg_info
[6.014s] writing ../../../build/motor/motor.egg-info/PKG-INFO
[6.033s] writing dependency_links to ../../../build/motor/motor.egg-info/dependency_links.txt
[6.034s] writing entry points to ../../../build/motor/motor.egg-info/entry_points.txt
[6.035s] writing requirements to ../../../build/motor/motor.egg-info/requires.txt
[6.036s] writing top-level names to ../../../build/motor/motor.egg-info/top_level.txt
[6.110s] reading manifest file '../../../build/motor/motor.egg-info/SOURCES.txt'
[6.112s] writing manifest file '../../../build/motor/motor.egg-info/SOURCES.txt'
[6.113s] running build
[6.113s] running build_py
[6.114s] running install
[6.115s] running install_lib
[6.165s] running install_data
[6.165s] running install_egg_info
[6.214s] removing '/workspace/install/motor/lib/python3.10/site-packages/motor-0.0.0-py3.10.egg-info' (and everything under it)
[6.215s] Copying ../../../build/motor/motor.egg-info to /workspace/install/motor/lib/python3.10/site-packages/motor-0.0.0-py3.10.egg-info
[6.217s] running install_scripts
[6.310s] Installing find_motor script to /workspace/install/motor/lib/motor
[6.311s] Installing motor_drive_node script to /workspace/install/motor/lib/motor
[6.312s] writing list of installed files to '/workspace/build/motor/install.log'
[6.661s] Invoked command in '/workspace/src/motor_control/motor' returned '0': PYTHONPATH=/workspace/build/motor/prefix_override:/usr/lib/python3/dist-packages/colcon_core/task/python/colcon_distutils_commands:/workspace/install/motor/lib/python3.10/site-packages:${PYTHONPATH} /usr/bin/python3 -W ignore:setup.py install is deprecated setup.py egg_info --egg-base ../../../build/motor build --build-base /workspace/build/motor/build install --record /workspace/build/motor/install.log --single-version-externally-managed install_data
