/workspace/src/uwb_nls/install/uwb_nls/lib/python3.10/site-packages/uwb_nls/nposition_filter.py
/workspace/src/uwb_nls/install/uwb_nls/lib/python3.10/site-packages/uwb_nls/new_receiver.py
/workspace/src/uwb_nls/install/uwb_nls/lib/python3.10/site-packages/uwb_nls/uwb_ransac_filter.py
/workspace/src/uwb_nls/install/uwb_nls/lib/python3.10/site-packages/uwb_nls/nposition_nls.py
/workspace/src/uwb_nls/install/uwb_nls/lib/python3.10/site-packages/uwb_nls/uwb_visualization.py
/workspace/src/uwb_nls/install/uwb_nls/lib/python3.10/site-packages/uwb_nls/position_nls.py
/workspace/src/uwb_nls/install/uwb_nls/lib/python3.10/site-packages/uwb_nls/uwb_receiver.py
/workspace/src/uwb_nls/install/uwb_nls/lib/python3.10/site-packages/uwb_nls/nvisual.py
/workspace/src/uwb_nls/install/uwb_nls/lib/python3.10/site-packages/uwb_nls/__init__.py
/workspace/src/uwb_nls/install/uwb_nls/lib/python3.10/site-packages/uwb_nls/uwb_last_filter_nls.py
/workspace/src/uwb_nls/install/uwb_nls/lib/python3.10/site-packages/uwb_nls/uwb_filter.py
/workspace/src/uwb_nls/install/uwb_nls/lib/python3.10/site-packages/uwb_nls/nreceiver.py
/workspace/src/uwb_nls/install/uwb_nls/lib/python3.10/site-packages/uwb_nls/__pycache__/nposition_filter.cpython-310.pyc
/workspace/src/uwb_nls/install/uwb_nls/lib/python3.10/site-packages/uwb_nls/__pycache__/new_receiver.cpython-310.pyc
/workspace/src/uwb_nls/install/uwb_nls/lib/python3.10/site-packages/uwb_nls/__pycache__/uwb_ransac_filter.cpython-310.pyc
/workspace/src/uwb_nls/install/uwb_nls/lib/python3.10/site-packages/uwb_nls/__pycache__/nposition_nls.cpython-310.pyc
/workspace/src/uwb_nls/install/uwb_nls/lib/python3.10/site-packages/uwb_nls/__pycache__/uwb_visualization.cpython-310.pyc
/workspace/src/uwb_nls/install/uwb_nls/lib/python3.10/site-packages/uwb_nls/__pycache__/position_nls.cpython-310.pyc
/workspace/src/uwb_nls/install/uwb_nls/lib/python3.10/site-packages/uwb_nls/__pycache__/uwb_receiver.cpython-310.pyc
/workspace/src/uwb_nls/install/uwb_nls/lib/python3.10/site-packages/uwb_nls/__pycache__/nvisual.cpython-310.pyc
/workspace/src/uwb_nls/install/uwb_nls/lib/python3.10/site-packages/uwb_nls/__pycache__/__init__.cpython-310.pyc
/workspace/src/uwb_nls/install/uwb_nls/lib/python3.10/site-packages/uwb_nls/__pycache__/uwb_last_filter_nls.cpython-310.pyc
/workspace/src/uwb_nls/install/uwb_nls/lib/python3.10/site-packages/uwb_nls/__pycache__/uwb_filter.cpython-310.pyc
/workspace/src/uwb_nls/install/uwb_nls/lib/python3.10/site-packages/uwb_nls/__pycache__/nreceiver.cpython-310.pyc
/workspace/src/uwb_nls/install/uwb_nls/share/ament_index/resource_index/packages/uwb_nls
/workspace/src/uwb_nls/install/uwb_nls/share/uwb_nls/package.xml
/workspace/src/uwb_nls/install/uwb_nls/lib/python3.10/site-packages/uwb_nls-0.0.0-py3.10.egg-info/dependency_links.txt
/workspace/src/uwb_nls/install/uwb_nls/lib/python3.10/site-packages/uwb_nls-0.0.0-py3.10.egg-info/entry_points.txt
/workspace/src/uwb_nls/install/uwb_nls/lib/python3.10/site-packages/uwb_nls-0.0.0-py3.10.egg-info/PKG-INFO
/workspace/src/uwb_nls/install/uwb_nls/lib/python3.10/site-packages/uwb_nls-0.0.0-py3.10.egg-info/top_level.txt
/workspace/src/uwb_nls/install/uwb_nls/lib/python3.10/site-packages/uwb_nls-0.0.0-py3.10.egg-info/SOURCES.txt
/workspace/src/uwb_nls/install/uwb_nls/lib/python3.10/site-packages/uwb_nls-0.0.0-py3.10.egg-info/requires.txt
/workspace/src/uwb_nls/install/uwb_nls/lib/python3.10/site-packages/uwb_nls-0.0.0-py3.10.egg-info/zip-safe
/workspace/src/uwb_nls/install/uwb_nls/lib/uwb_nls/first_filter
/workspace/src/uwb_nls/install/uwb_nls/lib/uwb_nls/last_filter_nls
/workspace/src/uwb_nls/install/uwb_nls/lib/uwb_nls/nposition
/workspace/src/uwb_nls/install/uwb_nls/lib/uwb_nls/nposition_filter
/workspace/src/uwb_nls/install/uwb_nls/lib/uwb_nls/nreceiver
/workspace/src/uwb_nls/install/uwb_nls/lib/uwb_nls/nvisual
/workspace/src/uwb_nls/install/uwb_nls/lib/uwb_nls/position_nls
/workspace/src/uwb_nls/install/uwb_nls/lib/uwb_nls/receiver
/workspace/src/uwb_nls/install/uwb_nls/lib/uwb_nls/visualization_all
