[5.941s] Invoking command in '/workspace/src/track': PYTHONPATH=/workspace/build/track/prefix_override:/usr/lib/python3/dist-packages/colcon_core/task/python/colcon_distutils_commands:/workspace/install/track/lib/python3.10/site-packages:${PYTHONPATH} /usr/bin/python3 -W ignore:setup.py install is deprecated setup.py egg_info --egg-base ../../build/track build --build-base /workspace/build/track/build install --record /workspace/build/track/install.log --single-version-externally-managed install_data
[6.067s] /usr/local/lib/python3.10/dist-packages/_distutils_hack/__init__.py:53: UserWarning: Reliance on distutils from stdlib is deprecated. Users must rely on setuptools to provide the distutils module. Avoid importing distutils or import setuptools first, and avoid setting SETUPTOOLS_USE_DISTUTILS=stdlib. Register concerns at https://github.com/pypa/setuptools/issues/new?template=distutils-deprecation.yml
[6.067s]   warnings.warn(
[6.485s] /usr/lib/python3.10/distutils/dist.py:274: UserWarning: Unknown distribution option: 'tests_require'
[6.486s]   warnings.warn(msg)
[6.800s] running egg_info
[6.841s] writing ../../build/track/track.egg-info/PKG-INFO
[6.843s] writing dependency_links to ../../build/track/track.egg-info/dependency_links.txt
[6.844s] writing entry points to ../../build/track/track.egg-info/entry_points.txt
[6.844s] writing requirements to ../../build/track/track.egg-info/requires.txt
[6.845s] writing top-level names to ../../build/track/track.egg-info/top_level.txt
[7.015s] reading manifest file '../../build/track/track.egg-info/SOURCES.txt'
[7.016s] writing manifest file '../../build/track/track.egg-info/SOURCES.txt'
[7.016s] running build
[7.016s] running build_py
[7.017s] running install
[7.019s] running install_lib
[7.129s] running install_data
[7.133s] running install_egg_info
[7.195s] removing '/workspace/install/track/lib/python3.10/site-packages/track-0.0.0-py3.10.egg-info' (and everything under it)
[7.197s] Copying ../../build/track/track.egg-info to /workspace/install/track/lib/python3.10/site-packages/track-0.0.0-py3.10.egg-info
[7.200s] running install_scripts
[7.342s] Installing ByteTrack script to /workspace/install/track/lib/track
[7.343s] Installing YOLO script to /workspace/install/track/lib/track
[7.343s] Installing bytetrack script to /workspace/install/track/lib/track
[7.344s] Installing depth script to /workspace/install/track/lib/track
[7.344s] Installing testa script to /workspace/install/track/lib/track
[7.346s] writing list of installed files to '/workspace/build/track/install.log'
[7.928s] Invoked command in '/workspace/src/track' returned '0': PYTHONPATH=/workspace/build/track/prefix_override:/usr/lib/python3/dist-packages/colcon_core/task/python/colcon_distutils_commands:/workspace/install/track/lib/python3.10/site-packages:${PYTHONPATH} /usr/bin/python3 -W ignore:setup.py install is deprecated setup.py egg_info --egg-base ../../build/track build --build-base /workspace/build/track/build install --record /workspace/build/track/install.log --single-version-externally-managed install_data
