[6.113s] Invoking command in '/workspace/src/motor_control/motor': PYTHONPATH=/workspace/build/motor/prefix_override:/usr/lib/python3/dist-packages/colcon_core/task/python/colcon_distutils_commands:/workspace/install/motor/lib/python3.10/site-packages:${PYTHONPATH} /usr/bin/python3 -W ignore:setup.py install is deprecated setup.py egg_info --egg-base ../../../build/motor build --build-base /workspace/build/motor/build install --record /workspace/build/motor/install.log --single-version-externally-managed install_data
[6.217s] /usr/local/lib/python3.10/dist-packages/_distutils_hack/__init__.py:53: UserWarning: Reliance on distutils from stdlib is deprecated. Users must rely on setuptools to provide the distutils module. Avoid importing distutils or import setuptools first, and avoid setting SETUPTOOLS_USE_DISTUTILS=stdlib. Register concerns at https://github.com/pypa/setuptools/issues/new?template=distutils-deprecation.yml
[6.218s]   warnings.warn(
[6.612s] /usr/lib/python3.10/distutils/dist.py:274: UserWarning: Unknown distribution option: 'tests_require'
[6.612s]   warnings.warn(msg)
[7.003s] running egg_info
[7.047s] writing ../../../build/motor/motor.egg-info/PKG-INFO
[7.049s] writing dependency_links to ../../../build/motor/motor.egg-info/dependency_links.txt
[7.049s] writing entry points to ../../../build/motor/motor.egg-info/entry_points.txt
[7.050s] writing requirements to ../../../build/motor/motor.egg-info/requires.txt
[7.050s] writing top-level names to ../../../build/motor/motor.egg-info/top_level.txt
[7.154s] reading manifest file '../../../build/motor/motor.egg-info/SOURCES.txt'
[7.158s] writing manifest file '../../../build/motor/motor.egg-info/SOURCES.txt'
[7.158s] running build
[7.158s] running build_py
[7.159s] running install
[7.160s] running install_lib
[7.236s] running install_data
[7.237s] running install_egg_info
[7.289s] removing '/workspace/install/motor/lib/python3.10/site-packages/motor-0.0.0-py3.10.egg-info' (and everything under it)
[7.297s] Copying ../../../build/motor/motor.egg-info to /workspace/install/motor/lib/python3.10/site-packages/motor-0.0.0-py3.10.egg-info
[7.297s] running install_scripts
[7.435s] Installing find_motor script to /workspace/install/motor/lib/motor
[7.435s] Installing motor_drive_node script to /workspace/install/motor/lib/motor
[7.436s] writing list of installed files to '/workspace/build/motor/install.log'
[8.167s] Invoked command in '/workspace/src/motor_control/motor' returned '0': PYTHONPATH=/workspace/build/motor/prefix_override:/usr/lib/python3/dist-packages/colcon_core/task/python/colcon_distutils_commands:/workspace/install/motor/lib/python3.10/site-packages:${PYTHONPATH} /usr/bin/python3 -W ignore:setup.py install is deprecated setup.py egg_info --egg-base ../../../build/motor build --build-base /workspace/build/motor/build install --record /workspace/build/motor/install.log --single-version-externally-managed install_data
