running egg_info
creating ../../build/us_pkg8/us_pkg8.egg-info
writing ../../build/us_pkg8/us_pkg8.egg-info/PKG-INFO
writing dependency_links to ../../build/us_pkg8/us_pkg8.egg-info/dependency_links.txt
writing entry points to ../../build/us_pkg8/us_pkg8.egg-info/entry_points.txt
writing requirements to ../../build/us_pkg8/us_pkg8.egg-info/requires.txt
writing top-level names to ../../build/us_pkg8/us_pkg8.egg-info/top_level.txt
writing manifest file '../../build/us_pkg8/us_pkg8.egg-info/SOURCES.txt'
reading manifest file '../../build/us_pkg8/us_pkg8.egg-info/SOURCES.txt'
writing manifest file '../../build/us_pkg8/us_pkg8.egg-info/SOURCES.txt'
running build
running build_py
creating /workspace/build/us_pkg8/build
creating /workspace/build/us_pkg8/build/lib
creating /workspace/build/us_pkg8/build/lib/us_pkg8
copying us_pkg8/test.py -> /workspace/build/us_pkg8/build/lib/us_pkg8
copying us_pkg8/us_modbus_receiver_node2.py -> /workspace/build/us_pkg8/build/lib/us_pkg8
copying us_pkg8/us_modbus_receiver_node.py -> /workspace/build/us_pkg8/build/lib/us_pkg8
copying us_pkg8/us_receiver_node.py -> /workspace/build/us_pkg8/build/lib/us_pkg8
copying us_pkg8/__init__.py -> /workspace/build/us_pkg8/build/lib/us_pkg8
copying us_pkg8/us_show_node.py -> /workspace/build/us_pkg8/build/lib/us_pkg8
copying us_pkg8/us_uart_receiver_node.py -> /workspace/build/us_pkg8/build/lib/us_pkg8
running install
running install_lib
creating /workspace/install/us_pkg8/lib/python3.10/site-packages/us_pkg8
copying /workspace/build/us_pkg8/build/lib/us_pkg8/test.py -> /workspace/install/us_pkg8/lib/python3.10/site-packages/us_pkg8
copying /workspace/build/us_pkg8/build/lib/us_pkg8/us_modbus_receiver_node2.py -> /workspace/install/us_pkg8/lib/python3.10/site-packages/us_pkg8
copying /workspace/build/us_pkg8/build/lib/us_pkg8/us_modbus_receiver_node.py -> /workspace/install/us_pkg8/lib/python3.10/site-packages/us_pkg8
copying /workspace/build/us_pkg8/build/lib/us_pkg8/us_receiver_node.py -> /workspace/install/us_pkg8/lib/python3.10/site-packages/us_pkg8
copying /workspace/build/us_pkg8/build/lib/us_pkg8/__init__.py -> /workspace/install/us_pkg8/lib/python3.10/site-packages/us_pkg8
copying /workspace/build/us_pkg8/build/lib/us_pkg8/us_show_node.py -> /workspace/install/us_pkg8/lib/python3.10/site-packages/us_pkg8
copying /workspace/build/us_pkg8/build/lib/us_pkg8/us_uart_receiver_node.py -> /workspace/install/us_pkg8/lib/python3.10/site-packages/us_pkg8
byte-compiling /workspace/install/us_pkg8/lib/python3.10/site-packages/us_pkg8/test.py to test.cpython-310.pyc
byte-compiling /workspace/install/us_pkg8/lib/python3.10/site-packages/us_pkg8/us_modbus_receiver_node2.py to us_modbus_receiver_node2.cpython-310.pyc
byte-compiling /workspace/install/us_pkg8/lib/python3.10/site-packages/us_pkg8/us_modbus_receiver_node.py to us_modbus_receiver_node.cpython-310.pyc
byte-compiling /workspace/install/us_pkg8/lib/python3.10/site-packages/us_pkg8/us_receiver_node.py to us_receiver_node.cpython-310.pyc
byte-compiling /workspace/install/us_pkg8/lib/python3.10/site-packages/us_pkg8/__init__.py to __init__.cpython-310.pyc
byte-compiling /workspace/install/us_pkg8/lib/python3.10/site-packages/us_pkg8/us_show_node.py to us_show_node.cpython-310.pyc
byte-compiling /workspace/install/us_pkg8/lib/python3.10/site-packages/us_pkg8/us_uart_receiver_node.py to us_uart_receiver_node.cpython-310.pyc
running install_data
creating /workspace/install/us_pkg8/share/ament_index
creating /workspace/install/us_pkg8/share/ament_index/resource_index
creating /workspace/install/us_pkg8/share/ament_index/resource_index/packages
copying resource/us_pkg8 -> /workspace/install/us_pkg8/share/ament_index/resource_index/packages
copying package.xml -> /workspace/install/us_pkg8/share/us_pkg8
running install_egg_info
Copying ../../build/us_pkg8/us_pkg8.egg-info to /workspace/install/us_pkg8/lib/python3.10/site-packages/us_pkg8-0.0.0-py3.10.egg-info
running install_scripts
Installing us_modbus_receiver_node script to /workspace/install/us_pkg8/lib/us_pkg8
Installing us_modbus_receiver_node2 script to /workspace/install/us_pkg8/lib/us_pkg8
Installing us_show_node script to /workspace/install/us_pkg8/lib/us_pkg8
Installing us_uart_receiver_node script to /workspace/install/us_pkg8/lib/us_pkg8
writing list of installed files to '/workspace/build/us_pkg8/install.log'
