[1.740s] Invoking command in '/workspace/src/us_pkg8': PYTHONPATH=/workspace/build/us_pkg8/prefix_override:/usr/lib/python3/dist-packages/colcon_core/task/python/colcon_distutils_commands:/workspace/install/us_pkg8/lib/python3.10/site-packages:${PYTHONPATH} /usr/bin/python3 -W ignore:setup.py install is deprecated -W ignore:easy_install command is deprecated setup.py egg_info --egg-base ../../build/us_pkg8 build --build-base /workspace/build/us_pkg8/build install --record /workspace/build/us_pkg8/install.log --single-version-externally-managed install_data
[1.935s] running egg_info
[1.935s] creating ../../build/us_pkg8/us_pkg8.egg-info
[1.935s] writing ../../build/us_pkg8/us_pkg8.egg-info/PKG-INFO
[1.936s] writing dependency_links to ../../build/us_pkg8/us_pkg8.egg-info/dependency_links.txt
[1.936s] writing entry points to ../../build/us_pkg8/us_pkg8.egg-info/entry_points.txt
[1.936s] writing requirements to ../../build/us_pkg8/us_pkg8.egg-info/requires.txt
[1.936s] writing top-level names to ../../build/us_pkg8/us_pkg8.egg-info/top_level.txt
[1.936s] writing manifest file '../../build/us_pkg8/us_pkg8.egg-info/SOURCES.txt'
[1.938s] reading manifest file '../../build/us_pkg8/us_pkg8.egg-info/SOURCES.txt'
[1.938s] writing manifest file '../../build/us_pkg8/us_pkg8.egg-info/SOURCES.txt'
[1.938s] running build
[1.939s] running build_py
[1.939s] creating /workspace/build/us_pkg8/build
[1.939s] creating /workspace/build/us_pkg8/build/lib
[1.939s] creating /workspace/build/us_pkg8/build/lib/us_pkg8
[1.939s] copying us_pkg8/test.py -> /workspace/build/us_pkg8/build/lib/us_pkg8
[1.939s] copying us_pkg8/us_modbus_receiver_node2.py -> /workspace/build/us_pkg8/build/lib/us_pkg8
[1.939s] copying us_pkg8/us_modbus_receiver_node.py -> /workspace/build/us_pkg8/build/lib/us_pkg8
[1.940s] copying us_pkg8/us_receiver_node.py -> /workspace/build/us_pkg8/build/lib/us_pkg8
[1.940s] copying us_pkg8/__init__.py -> /workspace/build/us_pkg8/build/lib/us_pkg8
[1.940s] copying us_pkg8/us_show_node.py -> /workspace/build/us_pkg8/build/lib/us_pkg8
[1.940s] copying us_pkg8/us_uart_receiver_node.py -> /workspace/build/us_pkg8/build/lib/us_pkg8
[1.940s] running install
[1.940s] running install_lib
[1.941s] creating /workspace/install/us_pkg8/lib/python3.10/site-packages/us_pkg8
[1.941s] copying /workspace/build/us_pkg8/build/lib/us_pkg8/test.py -> /workspace/install/us_pkg8/lib/python3.10/site-packages/us_pkg8
[1.941s] copying /workspace/build/us_pkg8/build/lib/us_pkg8/us_modbus_receiver_node2.py -> /workspace/install/us_pkg8/lib/python3.10/site-packages/us_pkg8
[1.941s] copying /workspace/build/us_pkg8/build/lib/us_pkg8/us_modbus_receiver_node.py -> /workspace/install/us_pkg8/lib/python3.10/site-packages/us_pkg8
[1.942s] copying /workspace/build/us_pkg8/build/lib/us_pkg8/us_receiver_node.py -> /workspace/install/us_pkg8/lib/python3.10/site-packages/us_pkg8
[1.942s] copying /workspace/build/us_pkg8/build/lib/us_pkg8/__init__.py -> /workspace/install/us_pkg8/lib/python3.10/site-packages/us_pkg8
[1.942s] copying /workspace/build/us_pkg8/build/lib/us_pkg8/us_show_node.py -> /workspace/install/us_pkg8/lib/python3.10/site-packages/us_pkg8
[1.942s] copying /workspace/build/us_pkg8/build/lib/us_pkg8/us_uart_receiver_node.py -> /workspace/install/us_pkg8/lib/python3.10/site-packages/us_pkg8
[1.942s] byte-compiling /workspace/install/us_pkg8/lib/python3.10/site-packages/us_pkg8/test.py to test.cpython-310.pyc
[1.943s] byte-compiling /workspace/install/us_pkg8/lib/python3.10/site-packages/us_pkg8/us_modbus_receiver_node2.py to us_modbus_receiver_node2.cpython-310.pyc
[1.944s] byte-compiling /workspace/install/us_pkg8/lib/python3.10/site-packages/us_pkg8/us_modbus_receiver_node.py to us_modbus_receiver_node.cpython-310.pyc
[1.945s] byte-compiling /workspace/install/us_pkg8/lib/python3.10/site-packages/us_pkg8/us_receiver_node.py to us_receiver_node.cpython-310.pyc
[1.945s] byte-compiling /workspace/install/us_pkg8/lib/python3.10/site-packages/us_pkg8/__init__.py to __init__.cpython-310.pyc
[1.946s] byte-compiling /workspace/install/us_pkg8/lib/python3.10/site-packages/us_pkg8/us_show_node.py to us_show_node.cpython-310.pyc
[1.946s] byte-compiling /workspace/install/us_pkg8/lib/python3.10/site-packages/us_pkg8/us_uart_receiver_node.py to us_uart_receiver_node.cpython-310.pyc
[1.948s] running install_data
[1.948s] creating /workspace/install/us_pkg8/share/ament_index
[1.948s] creating /workspace/install/us_pkg8/share/ament_index/resource_index
[1.948s] creating /workspace/install/us_pkg8/share/ament_index/resource_index/packages
[1.949s] copying resource/us_pkg8 -> /workspace/install/us_pkg8/share/ament_index/resource_index/packages
[1.949s] copying package.xml -> /workspace/install/us_pkg8/share/us_pkg8
[1.950s] running install_egg_info
[1.952s] Copying ../../build/us_pkg8/us_pkg8.egg-info to /workspace/install/us_pkg8/lib/python3.10/site-packages/us_pkg8-0.0.0-py3.10.egg-info
[1.953s] running install_scripts
[1.971s] Installing us_modbus_receiver_node script to /workspace/install/us_pkg8/lib/us_pkg8
[1.971s] Installing us_modbus_receiver_node2 script to /workspace/install/us_pkg8/lib/us_pkg8
[1.971s] Installing us_show_node script to /workspace/install/us_pkg8/lib/us_pkg8
[1.971s] Installing us_uart_receiver_node script to /workspace/install/us_pkg8/lib/us_pkg8
[1.971s] writing list of installed files to '/workspace/build/us_pkg8/install.log'
[2.012s] Invoked command in '/workspace/src/us_pkg8' returned '0': PYTHONPATH=/workspace/build/us_pkg8/prefix_override:/usr/lib/python3/dist-packages/colcon_core/task/python/colcon_distutils_commands:/workspace/install/us_pkg8/lib/python3.10/site-packages:${PYTHONPATH} /usr/bin/python3 -W ignore:setup.py install is deprecated -W ignore:easy_install command is deprecated setup.py egg_info --egg-base ../../build/us_pkg8 build --build-base /workspace/build/us_pkg8/build install --record /workspace/build/us_pkg8/install.log --single-version-externally-managed install_data
