[5.630s] Invoking command in '/workspace/src/motor_control/motor': PYTHONPATH=/workspace/build/motor/prefix_override:/usr/lib/python3/dist-packages/colcon_core/task/python/colcon_distutils_commands:/workspace/install/motor/lib/python3.10/site-packages:${PYTHONPATH} /usr/bin/python3 -W ignore:setup.py install is deprecated setup.py egg_info --egg-base ../../../build/motor build --build-base /workspace/build/motor/build install --record /workspace/build/motor/install.log --single-version-externally-managed install_data
[5.713s] /usr/local/lib/python3.10/dist-packages/_distutils_hack/__init__.py:53: UserWarning: Reliance on distutils from stdlib is deprecated. Users must rely on setuptools to provide the distutils module. Avoid importing distutils or import setuptools first, and avoid setting SETUPTOOLS_USE_DISTUTILS=stdlib. Register concerns at https://github.com/pypa/setuptools/issues/new?template=distutils-deprecation.yml
[5.714s]   warnings.warn(
[6.188s] /usr/lib/python3.10/distutils/dist.py:274: UserWarning: Unknown distribution option: 'tests_require'
[6.189s]   warnings.warn(msg)
[6.510s] running egg_info
[6.552s] writing ../../../build/motor/motor.egg-info/PKG-INFO
[6.553s] writing dependency_links to ../../../build/motor/motor.egg-info/dependency_links.txt
[6.554s] writing entry points to ../../../build/motor/motor.egg-info/entry_points.txt
[6.555s] writing requirements to ../../../build/motor/motor.egg-info/requires.txt
[6.556s] writing top-level names to ../../../build/motor/motor.egg-info/top_level.txt
[6.647s] reading manifest file '../../../build/motor/motor.egg-info/SOURCES.txt'
[6.650s] writing manifest file '../../../build/motor/motor.egg-info/SOURCES.txt'
[6.653s] running build
[6.653s] running build_py
[6.653s] running install
[6.654s] running install_lib
[6.700s] running install_data
[6.701s] running install_egg_info
[6.750s] removing '/workspace/install/motor/lib/python3.10/site-packages/motor-0.0.0-py3.10.egg-info' (and everything under it)
[6.769s] Copying ../../../build/motor/motor.egg-info to /workspace/install/motor/lib/python3.10/site-packages/motor-0.0.0-py3.10.egg-info
[6.770s] running install_scripts
[6.868s] Installing find_motor script to /workspace/install/motor/lib/motor
[6.868s] Installing motor_drive_node script to /workspace/install/motor/lib/motor
[6.870s] writing list of installed files to '/workspace/build/motor/install.log'
[7.195s] Invoked command in '/workspace/src/motor_control/motor' returned '0': PYTHONPATH=/workspace/build/motor/prefix_override:/usr/lib/python3/dist-packages/colcon_core/task/python/colcon_distutils_commands:/workspace/install/motor/lib/python3.10/site-packages:${PYTHONPATH} /usr/bin/python3 -W ignore:setup.py install is deprecated setup.py egg_info --egg-base ../../../build/motor build --build-base /workspace/build/motor/build install --record /workspace/build/motor/install.log --single-version-externally-managed install_data
