[5.149s] Invoking command in '/workspace/src/track': PYTHONPATH=/workspace/build/track/prefix_override:/usr/lib/python3/dist-packages/colcon_core/task/python/colcon_distutils_commands:/workspace/install/track/lib/python3.10/site-packages:${PYTHONPATH} /usr/bin/python3 -W ignore:setup.py install is deprecated setup.py egg_info --egg-base ../../build/track build --build-base /workspace/build/track/build install --record /workspace/build/track/install.log --single-version-externally-managed install_data
[5.238s] /usr/local/lib/python3.10/dist-packages/_distutils_hack/__init__.py:53: UserWarning: Reliance on distutils from stdlib is deprecated. Users must rely on setuptools to provide the distutils module. Avoid importing distutils or import setuptools first, and avoid setting SETUPTOOLS_USE_DISTUTILS=stdlib. Register concerns at https://github.com/pypa/setuptools/issues/new?template=distutils-deprecation.yml
[5.245s]   warnings.warn(
[5.603s] /usr/lib/python3.10/distutils/dist.py:274: UserWarning: Unknown distribution option: 'tests_require'
[5.604s]   warnings.warn(msg)
[5.933s] running egg_info
[5.980s] writing ../../build/track/track.egg-info/PKG-INFO
[5.981s] writing dependency_links to ../../build/track/track.egg-info/dependency_links.txt
[5.982s] writing entry points to ../../build/track/track.egg-info/entry_points.txt
[5.983s] writing requirements to ../../build/track/track.egg-info/requires.txt
[5.983s] writing top-level names to ../../build/track/track.egg-info/top_level.txt
[6.091s] reading manifest file '../../build/track/track.egg-info/SOURCES.txt'
[6.094s] writing manifest file '../../build/track/track.egg-info/SOURCES.txt'
[6.094s] running build
[6.094s] running build_py
[6.096s] running install
[6.098s] running install_lib
[6.154s] running install_data
[6.154s] running install_egg_info
[6.209s] removing '/workspace/install/track/lib/python3.10/site-packages/track-0.0.0-py3.10.egg-info' (and everything under it)
[6.214s] Copying ../../build/track/track.egg-info to /workspace/install/track/lib/python3.10/site-packages/track-0.0.0-py3.10.egg-info
[6.227s] running install_scripts
[6.319s] Installing ByteTrack script to /workspace/install/track/lib/track
[6.320s] Installing YOLO script to /workspace/install/track/lib/track
[6.320s] Installing bytetrack script to /workspace/install/track/lib/track
[6.321s] Installing depth script to /workspace/install/track/lib/track
[6.321s] Installing testa script to /workspace/install/track/lib/track
[6.323s] writing list of installed files to '/workspace/build/track/install.log'
[6.601s] Invoked command in '/workspace/src/track' returned '0': PYTHONPATH=/workspace/build/track/prefix_override:/usr/lib/python3/dist-packages/colcon_core/task/python/colcon_distutils_commands:/workspace/install/track/lib/python3.10/site-packages:${PYTHONPATH} /usr/bin/python3 -W ignore:setup.py install is deprecated setup.py egg_info --egg-base ../../build/track build --build-base /workspace/build/track/build install --record /workspace/build/track/install.log --single-version-externally-managed install_data
