[0.576s] Invoking command in '/home/jimmy/work/docker/DynamixelSDK/control_motor': PYTHONPATH=/home/jimmy/work/build/control_motor/prefix_override:/usr/lib/python3/dist-packages/colcon_core/task/python/colcon_distutils_commands:/home/jimmy/work/install/control_motor/lib/python3.10/site-packages:${PYTHONPATH} /usr/bin/python3 -W ignore:setup.py install is deprecated setup.py egg_info --egg-base ../../../build/control_motor build --build-base /home/jimmy/work/build/control_motor/build install --record /home/jimmy/work/build/control_motor/install.log --single-version-externally-managed install_data
[0.724s] running egg_info
[0.724s] writing ../../../build/control_motor/control_motor.egg-info/PKG-INFO
[0.724s] writing dependency_links to ../../../build/control_motor/control_motor.egg-info/dependency_links.txt
[0.724s] writing entry points to ../../../build/control_motor/control_motor.egg-info/entry_points.txt
[0.724s] writing requirements to ../../../build/control_motor/control_motor.egg-info/requires.txt
[0.724s] writing top-level names to ../../../build/control_motor/control_motor.egg-info/top_level.txt
[0.725s] reading manifest file '../../../build/control_motor/control_motor.egg-info/SOURCES.txt'
[0.726s] writing manifest file '../../../build/control_motor/control_motor.egg-info/SOURCES.txt'
[0.726s] running build
[0.726s] running build_py
[0.726s] copying control_motor/Twist2Speed.py -> /home/jimmy/work/build/control_motor/build/lib/control_motor
[0.726s] running install
[0.726s] running install_lib
[0.727s] copying /home/jimmy/work/build/control_motor/build/lib/control_motor/Twist2Speed.py -> /home/jimmy/work/install/control_motor/lib/python3.10/site-packages/control_motor
[0.727s] byte-compiling /home/jimmy/work/install/control_motor/lib/python3.10/site-packages/control_motor/Twist2Speed.py to Twist2Speed.cpython-310.pyc
[0.728s] byte-compiling /home/jimmy/work/install/control_motor/lib/python3.10/site-packages/control_motor/motor_control.py to motor_control.cpython-310.pyc
[0.728s] Sorry: IndentationError: expected an indented block after function definition on line 33 (motor_control.py, line 36)
[0.728s] running install_data
[0.728s] running install_egg_info
[0.729s] removing '/home/jimmy/work/install/control_motor/lib/python3.10/site-packages/control_motor-0.0.0-py3.10.egg-info' (and everything under it)
[0.729s] Copying ../../../build/control_motor/control_motor.egg-info to /home/jimmy/work/install/control_motor/lib/python3.10/site-packages/control_motor-0.0.0-py3.10.egg-info
[0.730s] running install_scripts
[0.742s] Installing Twist2Speed script to /home/jimmy/work/install/control_motor/lib/control_motor
[0.742s] Installing control_dual script to /home/jimmy/work/install/control_motor/lib/control_motor
[0.742s] writing list of installed files to '/home/jimmy/work/build/control_motor/install.log'
[0.761s] Invoked command in '/home/jimmy/work/docker/DynamixelSDK/control_motor' returned '0': PYTHONPATH=/home/jimmy/work/build/control_motor/prefix_override:/usr/lib/python3/dist-packages/colcon_core/task/python/colcon_distutils_commands:/home/jimmy/work/install/control_motor/lib/python3.10/site-packages:${PYTHONPATH} /usr/bin/python3 -W ignore:setup.py install is deprecated setup.py egg_info --egg-base ../../../build/control_motor build --build-base /home/jimmy/work/build/control_motor/build install --record /home/jimmy/work/build/control_motor/install.log --single-version-externally-managed install_data
