[2.634s] Invoking command in '/workspace/src/us_pkg8': PYTHONPATH=/workspace/build/us_pkg8/prefix_override:/usr/lib/python3/dist-packages/colcon_core/task/python/colcon_distutils_commands:/workspace/install/us_pkg8/lib/python3.10/site-packages:${PYTHONPATH} /usr/bin/python3 -W ignore:setup.py install is deprecated -W ignore:easy_install command is deprecated setup.py egg_info --egg-base ../../build/us_pkg8 build --build-base /workspace/build/us_pkg8/build install --record /workspace/build/us_pkg8/install.log --single-version-externally-managed install_data
[2.942s] running egg_info
[2.943s] writing ../../build/us_pkg8/us_pkg8.egg-info/PKG-INFO
[2.944s] writing dependency_links to ../../build/us_pkg8/us_pkg8.egg-info/dependency_links.txt
[2.945s] writing entry points to ../../build/us_pkg8/us_pkg8.egg-info/entry_points.txt
[2.945s] writing requirements to ../../build/us_pkg8/us_pkg8.egg-info/requires.txt
[2.945s] writing top-level names to ../../build/us_pkg8/us_pkg8.egg-info/top_level.txt
[2.947s] reading manifest file '../../build/us_pkg8/us_pkg8.egg-info/SOURCES.txt'
[2.949s] writing manifest file '../../build/us_pkg8/us_pkg8.egg-info/SOURCES.txt'
[2.949s] running build
[2.949s] running build_py
[2.949s] running install
[2.950s] running install_lib
[2.952s] running install_data
[2.952s] running install_egg_info
[2.954s] removing '/workspace/install/us_pkg8/lib/python3.10/site-packages/us_pkg8-0.0.0-py3.10.egg-info' (and everything under it)
[2.955s] Copying ../../build/us_pkg8/us_pkg8.egg-info to /workspace/install/us_pkg8/lib/python3.10/site-packages/us_pkg8-0.0.0-py3.10.egg-info
[2.958s] running install_scripts
[2.990s] Installing us_modbus_receiver_node script to /workspace/install/us_pkg8/lib/us_pkg8
[2.991s] Installing us_modbus_receiver_node2 script to /workspace/install/us_pkg8/lib/us_pkg8
[2.991s] Installing us_show_node script to /workspace/install/us_pkg8/lib/us_pkg8
[2.991s] Installing us_uart_receiver_node script to /workspace/install/us_pkg8/lib/us_pkg8
[2.992s] writing list of installed files to '/workspace/build/us_pkg8/install.log'
[3.042s] Invoked command in '/workspace/src/us_pkg8' returned '0': PYTHONPATH=/workspace/build/us_pkg8/prefix_override:/usr/lib/python3/dist-packages/colcon_core/task/python/colcon_distutils_commands:/workspace/install/us_pkg8/lib/python3.10/site-packages:${PYTHONPATH} /usr/bin/python3 -W ignore:setup.py install is deprecated -W ignore:easy_install command is deprecated setup.py egg_info --egg-base ../../build/us_pkg8 build --build-base /workspace/build/us_pkg8/build install --record /workspace/build/us_pkg8/install.log --single-version-externally-managed install_data
