[0.204s] Invoking command in '/workspace/build/rc_receiver_if': CMAKE_PREFIX_PATH=${CMAKE_PREFIX_PATH}:/workspace/install/visualization:/workspace/install/uwb_nls:/workspace/install/ultrasonic:/workspace/install/track:/workspace/install/record:/workspace/install/rc_receiver:/workspace/install/pixhawk_control:/workspace/install/motor:/workspace/install/camera /usr/local/bin/cmake --build /workspace/build/rc_receiver_if -- -j8 -l8
[2.309s] -- Found ament_cmake: 1.3.10 (/opt/ros/humble/install/share/ament_cmake/cmake)
[2.311s] -- Found rosidl_default_generators: 1.2.0 (/opt/ros/humble/install/share/rosidl_default_generators/cmake)
[2.312s] -- Using all available rosidl_typesupport_c: rosidl_typesupport_fastrtps_c;rosidl_typesupport_introspection_c
[2.312s] -- Found rosidl_adapter: 3.1.5 (/opt/ros/humble/install/share/rosidl_adapter/cmake)
[2.312s] -- Using all available rosidl_typesupport_cpp: rosidl_typesupport_fastrtps_cpp;rosidl_typesupport_introspection_cpp
[2.375s] -- Found ament_cmake_ros: 0.10.0 (/opt/ros/humble/install/share/ament_cmake_ros/cmake)
[3.816s] -- Using all available rosidl_typesupport_c: rosidl_typesupport_fastrtps_c;rosidl_typesupport_introspection_c
[5.967s] -- Using all available rosidl_typesupport_cpp: rosidl_typesupport_fastrtps_cpp;rosidl_typesupport_introspection_cpp
[6.006s] [33mCMake Warning (dev) at /opt/ros/humble/install/share/rosidl_generator_py/cmake/rosidl_generator_py_generate_interfaces.cmake:20 (find_package):
[6.007s]   Policy CMP0148 is not set: The FindPythonInterp and FindPythonLibs modules
[6.007s]   are removed.  Run "cmake --help-policy CMP0148" for policy details.  Use
[6.007s]   the cmake_policy command to set the policy and suppress this warning.
[6.007s] 
[6.007s] Call Stack (most recent call first):
[6.007s]   /opt/ros/humble/install/share/ament_cmake_core/cmake/core/ament_execute_extensions.cmake:48 (include)
[6.007s]   /opt/ros/humble/install/share/rosidl_cmake/cmake/rosidl_generate_interfaces.cmake:286 (ament_execute_extensions)
[6.007s]   CMakeLists.txt:18 (rosidl_generate_interfaces)
[6.007s] This warning is for project developers.  Use -Wno-dev to suppress it.
[6.008s] [0m
[6.050s] -- Found python_cmake_module: 0.10.0 (/opt/ros/humble/install/share/python_cmake_module/cmake)
[6.053s] [33mCMake Warning (dev) at /opt/ros/humble/install/share/python_cmake_module/cmake/Modules/FindPythonExtra.cmake:52 (find_package):
[6.053s]   Policy CMP0148 is not set: The FindPythonInterp and FindPythonLibs modules
[6.054s]   are removed.  Run "cmake --help-policy CMP0148" for policy details.  Use
[6.054s]   the cmake_policy command to set the policy and suppress this warning.
[6.054s] 
[6.054s] Call Stack (most recent call first):
[6.054s]   /opt/ros/humble/install/share/rosidl_generator_py/cmake/rosidl_generator_py_generate_interfaces.cmake:23 (find_package)
[6.054s]   /opt/ros/humble/install/share/ament_cmake_core/cmake/core/ament_execute_extensions.cmake:48 (include)
[6.055s]   /opt/ros/humble/install/share/rosidl_cmake/cmake/rosidl_generate_interfaces.cmake:286 (ament_execute_extensions)
[6.055s]   CMakeLists.txt:18 (rosidl_generate_interfaces)
[6.055s] This warning is for project developers.  Use -Wno-dev to suppress it.
[6.055s] [0m
[6.138s] [33mCMake Warning (dev) at /opt/ros/humble/install/share/python_cmake_module/cmake/Modules/FindPythonExtra.cmake:140 (find_package):
[6.139s]   Policy CMP0148 is not set: The FindPythonInterp and FindPythonLibs modules
[6.139s]   are removed.  Run "cmake --help-policy CMP0148" for policy details.  Use
[6.139s]   the cmake_policy command to set the policy and suppress this warning.
[6.139s] 
[6.139s] Call Stack (most recent call first):
[6.139s]   /opt/ros/humble/install/share/rosidl_generator_py/cmake/rosidl_generator_py_generate_interfaces.cmake:23 (find_package)
[6.139s]   /opt/ros/humble/install/share/ament_cmake_core/cmake/core/ament_execute_extensions.cmake:48 (include)
[6.139s]   /opt/ros/humble/install/share/rosidl_cmake/cmake/rosidl_generate_interfaces.cmake:286 (ament_execute_extensions)
[6.139s]   CMakeLists.txt:18 (rosidl_generate_interfaces)
[6.140s] This warning is for project developers.  Use -Wno-dev to suppress it.
[6.140s] [0m
[6.167s] -- Using PYTHON_EXECUTABLE: /usr/local/bin/python3
[6.168s] -- Using PYTHON_INCLUDE_DIRS: /usr/include/python3.10
[6.169s] -- Using PYTHON_LIBRARIES: /usr/lib/aarch64-linux-gnu/libpython3.10.so
[6.236s] -- Found ament_lint_auto: 0.12.11 (/opt/ros/humble/install/share/ament_lint_auto/cmake)
[6.440s] -- Added test 'lint_cmake' to check CMake code style
[6.445s] -- Added test 'xmllint' to check XML markup files
[6.453s] -- Configuring done (6.0s)
[6.653s] -- Generating done (0.2s)
[6.672s] -- Build files have been written to: /workspace/build/rc_receiver_if
[6.737s] [  3%] [34m[1mGenerating C code for ROS interfaces[0m
[6.792s] [  6%] [34m[1mGenerating C++ code for ROS interfaces[0m
[6.870s] [  6%] Built target ament_cmake_python_copy_rc_receiver_if
[7.385s] running egg_info
[7.425s] writing rc_receiver_if.egg-info/PKG-INFO
[7.425s] writing dependency_links to rc_receiver_if.egg-info/dependency_links.txt
[7.425s] writing top-level names to rc_receiver_if.egg-info/top_level.txt
[7.537s] reading manifest file 'rc_receiver_if.egg-info/SOURCES.txt'
[7.542s] writing manifest file 'rc_receiver_if.egg-info/SOURCES.txt'
[7.555s] [  6%] Built target rc_receiver_if__cpp
[7.571s] [  9%] [34m[1mGenerating C++ introspection for ROS interfaces[0m
[7.591s] [ 12%] [34m[1mGenerating C++ type support for eProsima Fast-RTPS[0m
[7.601s] [ 16%] [32mBuilding C object CMakeFiles/rc_receiver_if__rosidl_generator_c.dir/rosidl_generator_c/rc_receiver_if/msg/detail/receiver_data__functions.c.o[0m
[7.602s] [ 19%] [34m[1mGenerating C++ type support dispatch for ROS interfaces[0m
[7.674s] [ 19%] Built target ament_cmake_python_build_rc_receiver_if_egg
[7.745s] [ 22%] [32m[1mLinking C shared library librc_receiver_if__rosidl_generator_c.so[0m
[7.876s] [ 22%] Built target rc_receiver_if__rosidl_generator_c
[7.890s] [ 25%] [34m[1mGenerating C type support for eProsima Fast-RTPS[0m
[7.931s] [ 29%] [34m[1mGenerating C introspection for ROS interfaces[0m
[7.934s] [ 32%] [34m[1mGenerating C type support dispatch for ROS interfaces[0m
[8.359s] [ 35%] [32mBuilding CXX object CMakeFiles/rc_receiver_if__rosidl_typesupport_introspection_cpp.dir/rosidl_typesupport_introspection_cpp/rc_receiver_if/msg/detail/receiver_data__type_support.cpp.o[0m
[8.440s] [ 38%] [32mBuilding CXX object CMakeFiles/rc_receiver_if__rosidl_typesupport_fastrtps_cpp.dir/rosidl_typesupport_fastrtps_cpp/rc_receiver_if/msg/detail/dds_fastrtps/receiver_data__type_support.cpp.o[0m
[8.529s] [ 41%] [32mBuilding CXX object CMakeFiles/rc_receiver_if__rosidl_typesupport_cpp.dir/rosidl_typesupport_cpp/rc_receiver_if/msg/receiver_data__type_support.cpp.o[0m
[8.764s] [ 45%] [32mBuilding CXX object CMakeFiles/rc_receiver_if__rosidl_typesupport_c.dir/rosidl_typesupport_c/rc_receiver_if/msg/receiver_data__type_support.cpp.o[0m
[8.887s] [ 48%] [32mBuilding C object CMakeFiles/rc_receiver_if__rosidl_typesupport_introspection_c.dir/rosidl_typesupport_introspection_c/rc_receiver_if/msg/detail/receiver_data__type_support.c.o[0m
[8.966s] [ 51%] [32m[1mLinking CXX shared library librc_receiver_if__rosidl_typesupport_c.so[0m
[9.142s] [ 54%] [32m[1mLinking C shared library librc_receiver_if__rosidl_typesupport_introspection_c.so[0m
[9.242s] [ 58%] [32mBuilding CXX object CMakeFiles/rc_receiver_if__rosidl_typesupport_fastrtps_c.dir/rosidl_typesupport_fastrtps_c/rc_receiver_if/msg/detail/receiver_data__type_support_c.cpp.o[0m
[9.301s] [ 58%] Built target rc_receiver_if__rosidl_typesupport_introspection_c
[9.321s] [ 58%] Built target rc_receiver_if__rosidl_typesupport_c
[10.074s] [ 61%] [32m[1mLinking CXX shared library librc_receiver_if__rosidl_typesupport_fastrtps_cpp.so[0m
[10.130s] [ 64%] [32m[1mLinking CXX shared library librc_receiver_if__rosidl_typesupport_cpp.so[0m
[10.450s] [ 64%] Built target rc_receiver_if__rosidl_typesupport_cpp
[10.557s] [ 64%] Built target rc_receiver_if__rosidl_typesupport_fastrtps_cpp
[10.929s] [ 67%] [32m[1mLinking CXX shared library librc_receiver_if__rosidl_typesupport_introspection_cpp.so[0m
[11.358s] [ 70%] [32m[1mLinking CXX shared library librc_receiver_if__rosidl_typesupport_fastrtps_c.so[0m
[11.424s] [ 70%] Built target rc_receiver_if__rosidl_typesupport_introspection_cpp
[11.707s] [ 70%] Built target rc_receiver_if__rosidl_typesupport_fastrtps_c
[11.900s] [ 70%] Built target rc_receiver_if
[11.996s] [ 74%] [34m[1mGenerating Python code for ROS interfaces[0m
[13.492s] [ 74%] Built target rc_receiver_if__py
[13.568s] [ 77%] [32mBuilding C object CMakeFiles/rc_receiver_if__rosidl_generator_py.dir/rosidl_generator_py/rc_receiver_if/msg/_receiver_data_s.c.o[0m
[14.004s] [ 80%] [32m[1mLinking C shared library rosidl_generator_py/rc_receiver_if/librc_receiver_if__rosidl_generator_py.so[0m
[14.214s] [ 80%] Built target rc_receiver_if__rosidl_generator_py
[14.322s] [ 83%] [32mBuilding C object CMakeFiles/rc_receiver_if__rosidl_typesupport_fastrtps_c__pyext.dir/rosidl_generator_py/rc_receiver_if/_rc_receiver_if_s.ep.rosidl_typesupport_fastrtps_c.c.o[0m
[14.324s] [ 87%] [32mBuilding C object CMakeFiles/rc_receiver_if__rosidl_typesupport_introspection_c__pyext.dir/rosidl_generator_py/rc_receiver_if/_rc_receiver_if_s.ep.rosidl_typesupport_introspection_c.c.o[0m
[14.399s] [ 90%] [32mBuilding C object CMakeFiles/rc_receiver_if__rosidl_typesupport_c__pyext.dir/rosidl_generator_py/rc_receiver_if/_rc_receiver_if_s.ep.rosidl_typesupport_c.c.o[0m
[14.768s] [ 93%] [32m[1mLinking C shared library rosidl_generator_py/rc_receiver_if/rc_receiver_if_s__rosidl_typesupport_introspection_c.cpython-310-aarch64-linux-gnu.so[0m
[14.883s] [ 96%] Built target rc_receiver_if__rosidl_typesupport_introspection_c__pyext
[14.885s] [ 96%] [32m[1mLinking C shared library rosidl_generator_py/rc_receiver_if/rc_receiver_if_s__rosidl_typesupport_fastrtps_c.cpython-310-aarch64-linux-gnu.so[0m
[15.003s] [100%] [32m[1mLinking C shared library rosidl_generator_py/rc_receiver_if/rc_receiver_if_s__rosidl_typesupport_c.cpython-310-aarch64-linux-gnu.so[0m
[15.066s] [100%] Built target rc_receiver_if__rosidl_typesupport_fastrtps_c__pyext
[15.094s] [100%] Built target rc_receiver_if__rosidl_typesupport_c__pyext
[15.189s] Invoked command in '/workspace/build/rc_receiver_if' returned '0': CMAKE_PREFIX_PATH=${CMAKE_PREFIX_PATH}:/workspace/install/visualization:/workspace/install/uwb_nls:/workspace/install/ultrasonic:/workspace/install/track:/workspace/install/record:/workspace/install/rc_receiver:/workspace/install/pixhawk_control:/workspace/install/motor:/workspace/install/camera /usr/local/bin/cmake --build /workspace/build/rc_receiver_if -- -j8 -l8
[16.198s] Invoking command in '/workspace/build/rc_receiver_if': CMAKE_PREFIX_PATH=${CMAKE_PREFIX_PATH}:/workspace/install/visualization:/workspace/install/uwb_nls:/workspace/install/ultrasonic:/workspace/install/track:/workspace/install/record:/workspace/install/rc_receiver:/workspace/install/pixhawk_control:/workspace/install/motor:/workspace/install/camera /usr/local/bin/cmake --install /workspace/build/rc_receiver_if
[16.349s] -- Install configuration: ""
[16.349s] -- Up-to-date: /workspace/install/rc_receiver_if/share/ament_index/resource_index/rosidl_interfaces/rc_receiver_if
[16.349s] -- Up-to-date: /workspace/install/rc_receiver_if/include/rc_receiver_if/rc_receiver_if
[16.349s] -- Up-to-date: /workspace/install/rc_receiver_if/include/rc_receiver_if/rc_receiver_if/msg
[16.358s] -- Up-to-date: /workspace/install/rc_receiver_if/include/rc_receiver_if/rc_receiver_if/msg/rosidl_generator_c__visibility_control.h
[16.359s] -- Up-to-date: /workspace/install/rc_receiver_if/include/rc_receiver_if/rc_receiver_if/msg/detail
[16.359s] -- Installing: /workspace/install/rc_receiver_if/include/rc_receiver_if/rc_receiver_if/msg/detail/receiver_data__functions.c
[16.359s] -- Installing: /workspace/install/rc_receiver_if/include/rc_receiver_if/rc_receiver_if/msg/detail/receiver_data__type_support.h
[16.360s] -- Installing: /workspace/install/rc_receiver_if/include/rc_receiver_if/rc_receiver_if/msg/detail/receiver_data__struct.h
[16.360s] -- Installing: /workspace/install/rc_receiver_if/include/rc_receiver_if/rc_receiver_if/msg/detail/receiver_data__functions.h
[16.360s] -- Installing: /workspace/install/rc_receiver_if/include/rc_receiver_if/rc_receiver_if/msg/receiver_data.h
[16.360s] -- Installing: /workspace/install/rc_receiver_if/share/rc_receiver_if/environment/library_path.sh
[16.360s] -- Installing: /workspace/install/rc_receiver_if/share/rc_receiver_if/environment/library_path.dsv
[16.360s] -- Installing: /workspace/install/rc_receiver_if/lib/librc_receiver_if__rosidl_generator_c.so
[16.360s] -- Set non-toolchain portion of runtime path of "/workspace/install/rc_receiver_if/lib/librc_receiver_if__rosidl_generator_c.so" to ""
[16.361s] -- Up-to-date: /workspace/install/rc_receiver_if/include/rc_receiver_if/rc_receiver_if
[16.361s] -- Up-to-date: /workspace/install/rc_receiver_if/include/rc_receiver_if/rc_receiver_if/msg
[16.361s] -- Up-to-date: /workspace/install/rc_receiver_if/include/rc_receiver_if/rc_receiver_if/msg/detail
[16.361s] -- Installing: /workspace/install/rc_receiver_if/include/rc_receiver_if/rc_receiver_if/msg/detail/receiver_data__rosidl_typesupport_fastrtps_c.h
[16.361s] -- Up-to-date: /workspace/install/rc_receiver_if/include/rc_receiver_if/rc_receiver_if/msg/rosidl_typesupport_fastrtps_c__visibility_control.h
[16.361s] -- Installing: /workspace/install/rc_receiver_if/lib/librc_receiver_if__rosidl_typesupport_fastrtps_c.so
[16.361s] -- Set non-toolchain portion of runtime path of "/workspace/install/rc_receiver_if/lib/librc_receiver_if__rosidl_typesupport_fastrtps_c.so" to ""
[16.364s] -- Up-to-date: /workspace/install/rc_receiver_if/include/rc_receiver_if/rc_receiver_if
[16.364s] -- Up-to-date: /workspace/install/rc_receiver_if/include/rc_receiver_if/rc_receiver_if/msg
[16.364s] -- Up-to-date: /workspace/install/rc_receiver_if/include/rc_receiver_if/rc_receiver_if/msg/detail
[16.364s] -- Installing: /workspace/install/rc_receiver_if/include/rc_receiver_if/rc_receiver_if/msg/detail/receiver_data__rosidl_typesupport_introspection_c.h
[16.364s] -- Installing: /workspace/install/rc_receiver_if/include/rc_receiver_if/rc_receiver_if/msg/detail/receiver_data__type_support.c
[16.365s] -- Up-to-date: /workspace/install/rc_receiver_if/include/rc_receiver_if/rc_receiver_if/msg/rosidl_typesupport_introspection_c__visibility_control.h
[16.365s] -- Installing: /workspace/install/rc_receiver_if/lib/librc_receiver_if__rosidl_typesupport_introspection_c.so
[16.365s] -- Set non-toolchain portion of runtime path of "/workspace/install/rc_receiver_if/lib/librc_receiver_if__rosidl_typesupport_introspection_c.so" to ""
[16.365s] -- Installing: /workspace/install/rc_receiver_if/lib/librc_receiver_if__rosidl_typesupport_c.so
[16.366s] -- Set non-toolchain portion of runtime path of "/workspace/install/rc_receiver_if/lib/librc_receiver_if__rosidl_typesupport_c.so" to ""
[16.366s] -- Up-to-date: /workspace/install/rc_receiver_if/include/rc_receiver_if/rc_receiver_if
[16.367s] -- Up-to-date: /workspace/install/rc_receiver_if/include/rc_receiver_if/rc_receiver_if/msg
[16.367s] -- Up-to-date: /workspace/install/rc_receiver_if/include/rc_receiver_if/rc_receiver_if/msg/detail
[16.367s] -- Installing: /workspace/install/rc_receiver_if/include/rc_receiver_if/rc_receiver_if/msg/detail/receiver_data__struct.hpp
[16.367s] -- Up-to-date: /workspace/install/rc_receiver_if/include/rc_receiver_if/rc_receiver_if/msg/detail/receiver_data__type_support.hpp
[16.367s] -- Installing: /workspace/install/rc_receiver_if/include/rc_receiver_if/rc_receiver_if/msg/detail/receiver_data__traits.hpp
[16.367s] -- Installing: /workspace/install/rc_receiver_if/include/rc_receiver_if/rc_receiver_if/msg/detail/receiver_data__builder.hpp
[16.367s] -- Installing: /workspace/install/rc_receiver_if/include/rc_receiver_if/rc_receiver_if/msg/receiver_data.hpp
[16.368s] -- Up-to-date: /workspace/install/rc_receiver_if/include/rc_receiver_if/rc_receiver_if/msg/rosidl_generator_cpp__visibility_control.hpp
[16.368s] -- Up-to-date: /workspace/install/rc_receiver_if/include/rc_receiver_if/rc_receiver_if
[16.368s] -- Up-to-date: /workspace/install/rc_receiver_if/include/rc_receiver_if/rc_receiver_if/msg
[16.368s] -- Up-to-date: /workspace/install/rc_receiver_if/include/rc_receiver_if/rc_receiver_if/msg/rosidl_typesupport_fastrtps_cpp__visibility_control.h
[16.368s] -- Up-to-date: /workspace/install/rc_receiver_if/include/rc_receiver_if/rc_receiver_if/msg/detail
[16.368s] -- Installing: /workspace/install/rc_receiver_if/include/rc_receiver_if/rc_receiver_if/msg/detail/receiver_data__rosidl_typesupport_fastrtps_cpp.hpp
[16.368s] -- Up-to-date: /workspace/install/rc_receiver_if/include/rc_receiver_if/rc_receiver_if/msg/detail/dds_fastrtps
[16.369s] -- Installing: /workspace/install/rc_receiver_if/lib/librc_receiver_if__rosidl_typesupport_fastrtps_cpp.so
[16.370s] -- Set non-toolchain portion of runtime path of "/workspace/install/rc_receiver_if/lib/librc_receiver_if__rosidl_typesupport_fastrtps_cpp.so" to ""
[16.370s] -- Up-to-date: /workspace/install/rc_receiver_if/include/rc_receiver_if/rc_receiver_if
[16.371s] -- Up-to-date: /workspace/install/rc_receiver_if/include/rc_receiver_if/rc_receiver_if/msg
[16.371s] -- Up-to-date: /workspace/install/rc_receiver_if/include/rc_receiver_if/rc_receiver_if/msg/detail
[16.371s] -- Installing: /workspace/install/rc_receiver_if/include/rc_receiver_if/rc_receiver_if/msg/detail/receiver_data__type_support.cpp
[16.373s] -- Installing: /workspace/install/rc_receiver_if/include/rc_receiver_if/rc_receiver_if/msg/detail/receiver_data__rosidl_typesupport_introspection_cpp.hpp
[16.377s] -- Installing: /workspace/install/rc_receiver_if/lib/librc_receiver_if__rosidl_typesupport_introspection_cpp.so
[16.377s] -- Set non-toolchain portion of runtime path of "/workspace/install/rc_receiver_if/lib/librc_receiver_if__rosidl_typesupport_introspection_cpp.so" to ""
[16.378s] -- Installing: /workspace/install/rc_receiver_if/lib/librc_receiver_if__rosidl_typesupport_cpp.so
[16.379s] -- Set non-toolchain portion of runtime path of "/workspace/install/rc_receiver_if/lib/librc_receiver_if__rosidl_typesupport_cpp.so" to ""
[16.379s] -- Up-to-date: /workspace/install/rc_receiver_if/share/rc_receiver_if/environment/pythonpath.sh
[16.379s] -- Installing: /workspace/install/rc_receiver_if/share/rc_receiver_if/environment/pythonpath.dsv
[16.379s] -- Up-to-date: /workspace/install/rc_receiver_if/local/lib/python3.10/dist-packages/rc_receiver_if-0.0.0-py3.10.egg-info
[16.380s] -- Installing: /workspace/install/rc_receiver_if/local/lib/python3.10/dist-packages/rc_receiver_if-0.0.0-py3.10.egg-info/SOURCES.txt
[16.380s] -- Installing: /workspace/install/rc_receiver_if/local/lib/python3.10/dist-packages/rc_receiver_if-0.0.0-py3.10.egg-info/top_level.txt
[16.380s] -- Installing: /workspace/install/rc_receiver_if/local/lib/python3.10/dist-packages/rc_receiver_if-0.0.0-py3.10.egg-info/dependency_links.txt
[16.380s] -- Installing: /workspace/install/rc_receiver_if/local/lib/python3.10/dist-packages/rc_receiver_if-0.0.0-py3.10.egg-info/PKG-INFO
[16.380s] -- Up-to-date: /workspace/install/rc_receiver_if/local/lib/python3.10/dist-packages/rc_receiver_if
[16.381s] -- Installing: /workspace/install/rc_receiver_if/local/lib/python3.10/dist-packages/rc_receiver_if/_rc_receiver_if_s.ep.rosidl_typesupport_fastrtps_c.c
[16.381s] -- Installing: /workspace/install/rc_receiver_if/local/lib/python3.10/dist-packages/rc_receiver_if/rc_receiver_if_s__rosidl_typesupport_c.cpython-310-aarch64-linux-gnu.so
[16.381s] -- Installing: /workspace/install/rc_receiver_if/local/lib/python3.10/dist-packages/rc_receiver_if/librc_receiver_if__rosidl_generator_py.so
[16.381s] -- Up-to-date: /workspace/install/rc_receiver_if/local/lib/python3.10/dist-packages/rc_receiver_if/msg
[16.381s] -- Installing: /workspace/install/rc_receiver_if/local/lib/python3.10/dist-packages/rc_receiver_if/msg/_receiver_data.py
[16.382s] -- Installing: /workspace/install/rc_receiver_if/local/lib/python3.10/dist-packages/rc_receiver_if/msg/_receiver_data_s.c
[16.382s] -- Installing: /workspace/install/rc_receiver_if/local/lib/python3.10/dist-packages/rc_receiver_if/msg/__init__.py
[16.382s] -- Installing: /workspace/install/rc_receiver_if/local/lib/python3.10/dist-packages/rc_receiver_if/rc_receiver_if_s__rosidl_typesupport_fastrtps_c.cpython-310-aarch64-linux-gnu.so
[16.382s] -- Installing: /workspace/install/rc_receiver_if/local/lib/python3.10/dist-packages/rc_receiver_if/_rc_receiver_if_s.ep.rosidl_typesupport_c.c
[16.382s] -- Installing: /workspace/install/rc_receiver_if/local/lib/python3.10/dist-packages/rc_receiver_if/__init__.py
[16.383s] -- Installing: /workspace/install/rc_receiver_if/local/lib/python3.10/dist-packages/rc_receiver_if/_rc_receiver_if_s.ep.rosidl_typesupport_introspection_c.c
[16.383s] -- Installing: /workspace/install/rc_receiver_if/local/lib/python3.10/dist-packages/rc_receiver_if/rc_receiver_if_s__rosidl_typesupport_introspection_c.cpython-310-aarch64-linux-gnu.so
[16.498s] Listing '/workspace/install/rc_receiver_if/local/lib/python3.10/dist-packages/rc_receiver_if'...
[16.500s] Compiling '/workspace/install/rc_receiver_if/local/lib/python3.10/dist-packages/rc_receiver_if/__init__.py'...
[16.500s] Listing '/workspace/install/rc_receiver_if/local/lib/python3.10/dist-packages/rc_receiver_if/msg'...
[16.508s] Compiling '/workspace/install/rc_receiver_if/local/lib/python3.10/dist-packages/rc_receiver_if/msg/__init__.py'...
[16.508s] Compiling '/workspace/install/rc_receiver_if/local/lib/python3.10/dist-packages/rc_receiver_if/msg/_receiver_data.py'...
[16.530s] -- Installing: /workspace/install/rc_receiver_if/local/lib/python3.10/dist-packages/rc_receiver_if/rc_receiver_if_s__rosidl_typesupport_fastrtps_c.cpython-310-aarch64-linux-gnu.so
[16.530s] -- Set non-toolchain portion of runtime path of "/workspace/install/rc_receiver_if/local/lib/python3.10/dist-packages/rc_receiver_if/rc_receiver_if_s__rosidl_typesupport_fastrtps_c.cpython-310-aarch64-linux-gnu.so" to ""
[16.531s] -- Installing: /workspace/install/rc_receiver_if/local/lib/python3.10/dist-packages/rc_receiver_if/rc_receiver_if_s__rosidl_typesupport_introspection_c.cpython-310-aarch64-linux-gnu.so
[16.532s] -- Set non-toolchain portion of runtime path of "/workspace/install/rc_receiver_if/local/lib/python3.10/dist-packages/rc_receiver_if/rc_receiver_if_s__rosidl_typesupport_introspection_c.cpython-310-aarch64-linux-gnu.so" to ""
[16.532s] -- Installing: /workspace/install/rc_receiver_if/local/lib/python3.10/dist-packages/rc_receiver_if/rc_receiver_if_s__rosidl_typesupport_c.cpython-310-aarch64-linux-gnu.so
[16.532s] -- Set non-toolchain portion of runtime path of "/workspace/install/rc_receiver_if/local/lib/python3.10/dist-packages/rc_receiver_if/rc_receiver_if_s__rosidl_typesupport_c.cpython-310-aarch64-linux-gnu.so" to ""
[16.532s] -- Installing: /workspace/install/rc_receiver_if/lib/librc_receiver_if__rosidl_generator_py.so
[16.533s] -- Set non-toolchain portion of runtime path of "/workspace/install/rc_receiver_if/lib/librc_receiver_if__rosidl_generator_py.so" to ""
[16.533s] -- Up-to-date: /workspace/install/rc_receiver_if/share/rc_receiver_if/msg/ReceiverData.idl
[16.533s] -- Up-to-date: /workspace/install/rc_receiver_if/share/rc_receiver_if/msg/ReceiverData.msg
[16.533s] -- Up-to-date: /workspace/install/rc_receiver_if/share/ament_index/resource_index/package_run_dependencies/rc_receiver_if
[16.534s] -- Installing: /workspace/install/rc_receiver_if/share/ament_index/resource_index/parent_prefix_path/rc_receiver_if
[16.534s] -- Installing: /workspace/install/rc_receiver_if/share/rc_receiver_if/environment/ament_prefix_path.sh
[16.535s] -- Installing: /workspace/install/rc_receiver_if/share/rc_receiver_if/environment/ament_prefix_path.dsv
[16.537s] -- Installing: /workspace/install/rc_receiver_if/share/rc_receiver_if/environment/path.sh
[16.538s] -- Installing: /workspace/install/rc_receiver_if/share/rc_receiver_if/environment/path.dsv
[16.538s] -- Up-to-date: /workspace/install/rc_receiver_if/share/rc_receiver_if/local_setup.bash
[16.538s] -- Up-to-date: /workspace/install/rc_receiver_if/share/rc_receiver_if/local_setup.sh
[16.538s] -- Up-to-date: /workspace/install/rc_receiver_if/share/rc_receiver_if/local_setup.zsh
[16.538s] -- Installing: /workspace/install/rc_receiver_if/share/rc_receiver_if/local_setup.dsv
[16.538s] -- Installing: /workspace/install/rc_receiver_if/share/rc_receiver_if/package.dsv
[16.538s] -- Up-to-date: /workspace/install/rc_receiver_if/share/ament_index/resource_index/packages/rc_receiver_if
[16.539s] -- Up-to-date: /workspace/install/rc_receiver_if/share/rc_receiver_if/cmake/export_rc_receiver_if__rosidl_generator_cExport.cmake
[16.539s] -- Up-to-date: /workspace/install/rc_receiver_if/share/rc_receiver_if/cmake/export_rc_receiver_if__rosidl_generator_cExport-noconfig.cmake
[16.539s] -- Up-to-date: /workspace/install/rc_receiver_if/share/rc_receiver_if/cmake/export_rc_receiver_if__rosidl_typesupport_fastrtps_cExport.cmake
[16.539s] -- Up-to-date: /workspace/install/rc_receiver_if/share/rc_receiver_if/cmake/export_rc_receiver_if__rosidl_typesupport_fastrtps_cExport-noconfig.cmake
[16.539s] -- Up-to-date: /workspace/install/rc_receiver_if/share/rc_receiver_if/cmake/rc_receiver_if__rosidl_typesupport_introspection_cExport.cmake
[16.539s] -- Up-to-date: /workspace/install/rc_receiver_if/share/rc_receiver_if/cmake/rc_receiver_if__rosidl_typesupport_introspection_cExport-noconfig.cmake
[16.539s] -- Up-to-date: /workspace/install/rc_receiver_if/share/rc_receiver_if/cmake/rc_receiver_if__rosidl_typesupport_cExport.cmake
[16.542s] -- Up-to-date: /workspace/install/rc_receiver_if/share/rc_receiver_if/cmake/rc_receiver_if__rosidl_typesupport_cExport-noconfig.cmake
[16.542s] -- Up-to-date: /workspace/install/rc_receiver_if/share/rc_receiver_if/cmake/export_rc_receiver_if__rosidl_generator_cppExport.cmake
[16.542s] -- Up-to-date: /workspace/install/rc_receiver_if/share/rc_receiver_if/cmake/export_rc_receiver_if__rosidl_typesupport_fastrtps_cppExport.cmake
[16.543s] -- Up-to-date: /workspace/install/rc_receiver_if/share/rc_receiver_if/cmake/export_rc_receiver_if__rosidl_typesupport_fastrtps_cppExport-noconfig.cmake
[16.543s] -- Up-to-date: /workspace/install/rc_receiver_if/share/rc_receiver_if/cmake/rc_receiver_if__rosidl_typesupport_introspection_cppExport.cmake
[16.543s] -- Up-to-date: /workspace/install/rc_receiver_if/share/rc_receiver_if/cmake/rc_receiver_if__rosidl_typesupport_introspection_cppExport-noconfig.cmake
[16.543s] -- Up-to-date: /workspace/install/rc_receiver_if/share/rc_receiver_if/cmake/rc_receiver_if__rosidl_typesupport_cppExport.cmake
[16.543s] -- Up-to-date: /workspace/install/rc_receiver_if/share/rc_receiver_if/cmake/rc_receiver_if__rosidl_typesupport_cppExport-noconfig.cmake
[16.543s] -- Up-to-date: /workspace/install/rc_receiver_if/share/rc_receiver_if/cmake/export_rc_receiver_if__rosidl_generator_pyExport.cmake
[16.543s] -- Up-to-date: /workspace/install/rc_receiver_if/share/rc_receiver_if/cmake/export_rc_receiver_if__rosidl_generator_pyExport-noconfig.cmake
[16.550s] -- Up-to-date: /workspace/install/rc_receiver_if/share/rc_receiver_if/cmake/rosidl_cmake-extras.cmake
[16.550s] -- Up-to-date: /workspace/install/rc_receiver_if/share/rc_receiver_if/cmake/ament_cmake_export_include_directories-extras.cmake
[16.551s] -- Up-to-date: /workspace/install/rc_receiver_if/share/rc_receiver_if/cmake/ament_cmake_export_libraries-extras.cmake
[16.551s] -- Up-to-date: /workspace/install/rc_receiver_if/share/rc_receiver_if/cmake/ament_cmake_export_targets-extras.cmake
[16.551s] -- Up-to-date: /workspace/install/rc_receiver_if/share/rc_receiver_if/cmake/rosidl_cmake_export_typesupport_targets-extras.cmake
[16.551s] -- Up-to-date: /workspace/install/rc_receiver_if/share/rc_receiver_if/cmake/ament_cmake_export_dependencies-extras.cmake
[16.551s] -- Up-to-date: /workspace/install/rc_receiver_if/share/rc_receiver_if/cmake/rosidl_cmake_export_typesupport_libraries-extras.cmake
[16.551s] -- Up-to-date: /workspace/install/rc_receiver_if/share/rc_receiver_if/cmake/rc_receiver_ifConfig.cmake
[16.551s] -- Up-to-date: /workspace/install/rc_receiver_if/share/rc_receiver_if/cmake/rc_receiver_ifConfig-version.cmake
[16.552s] -- Up-to-date: /workspace/install/rc_receiver_if/share/rc_receiver_if/package.xml
[16.592s] Invoked command in '/workspace/build/rc_receiver_if' returned '0': CMAKE_PREFIX_PATH=${CMAKE_PREFIX_PATH}:/workspace/install/visualization:/workspace/install/uwb_nls:/workspace/install/ultrasonic:/workspace/install/track:/workspace/install/record:/workspace/install/rc_receiver:/workspace/install/pixhawk_control:/workspace/install/motor:/workspace/install/camera /usr/local/bin/cmake --install /workspace/build/rc_receiver_if
