running egg_info
creating ../../build/uwb/uwb.egg-info
writing ../../build/uwb/uwb.egg-info/PKG-INFO
writing dependency_links to ../../build/uwb/uwb.egg-info/dependency_links.txt
writing entry points to ../../build/uwb/uwb.egg-info/entry_points.txt
writing requirements to ../../build/uwb/uwb.egg-info/requires.txt
writing top-level names to ../../build/uwb/uwb.egg-info/top_level.txt
writing manifest file '../../build/uwb/uwb.egg-info/SOURCES.txt'
reading manifest file '../../build/uwb/uwb.egg-info/SOURCES.txt'
writing manifest file '../../build/uwb/uwb.egg-info/SOURCES.txt'
running build
running build_py
creating /workspace/build/uwb/build
creating /workspace/build/uwb/build/lib
creating /workspace/build/uwb/build/lib/uwb
copying uwb/uwb_position.py -> /workspace/build/uwb/build/lib/uwb
copying uwb/position_nls.py -> /workspace/build/uwb/build/lib/uwb
copying uwb/__init__.py -> /workspace/build/uwb/build/lib/uwb
copying uwb/uwb_localization.py -> /workspace/build/uwb/build/lib/uwb
copying uwb/uwb_filter.py -> /workspace/build/uwb/build/lib/uwb
copying uwb/uwb_visualization.py -> /workspace/build/uwb/build/lib/uwb
copying uwb/uwb_receiver.py -> /workspace/build/uwb/build/lib/uwb
copying uwb/uwb_last_filter.py -> /workspace/build/uwb/build/lib/uwb
running install
running install_lib
creating /workspace/install/uwb/lib/python3.10/site-packages/uwb
copying /workspace/build/uwb/build/lib/uwb/uwb_position.py -> /workspace/install/uwb/lib/python3.10/site-packages/uwb
copying /workspace/build/uwb/build/lib/uwb/position_nls.py -> /workspace/install/uwb/lib/python3.10/site-packages/uwb
copying /workspace/build/uwb/build/lib/uwb/__init__.py -> /workspace/install/uwb/lib/python3.10/site-packages/uwb
copying /workspace/build/uwb/build/lib/uwb/uwb_localization.py -> /workspace/install/uwb/lib/python3.10/site-packages/uwb
copying /workspace/build/uwb/build/lib/uwb/uwb_filter.py -> /workspace/install/uwb/lib/python3.10/site-packages/uwb
copying /workspace/build/uwb/build/lib/uwb/uwb_visualization.py -> /workspace/install/uwb/lib/python3.10/site-packages/uwb
copying /workspace/build/uwb/build/lib/uwb/uwb_receiver.py -> /workspace/install/uwb/lib/python3.10/site-packages/uwb
copying /workspace/build/uwb/build/lib/uwb/uwb_last_filter.py -> /workspace/install/uwb/lib/python3.10/site-packages/uwb
byte-compiling /workspace/install/uwb/lib/python3.10/site-packages/uwb/uwb_position.py to uwb_position.cpython-310.pyc
byte-compiling /workspace/install/uwb/lib/python3.10/site-packages/uwb/position_nls.py to position_nls.cpython-310.pyc
byte-compiling /workspace/install/uwb/lib/python3.10/site-packages/uwb/__init__.py to __init__.cpython-310.pyc
byte-compiling /workspace/install/uwb/lib/python3.10/site-packages/uwb/uwb_localization.py to uwb_localization.cpython-310.pyc
byte-compiling /workspace/install/uwb/lib/python3.10/site-packages/uwb/uwb_filter.py to uwb_filter.cpython-310.pyc
byte-compiling /workspace/install/uwb/lib/python3.10/site-packages/uwb/uwb_visualization.py to uwb_visualization.cpython-310.pyc
byte-compiling /workspace/install/uwb/lib/python3.10/site-packages/uwb/uwb_receiver.py to uwb_receiver.cpython-310.pyc
byte-compiling /workspace/install/uwb/lib/python3.10/site-packages/uwb/uwb_last_filter.py to uwb_last_filter.cpython-310.pyc
running install_data
creating /workspace/install/uwb/share/ament_index
creating /workspace/install/uwb/share/ament_index/resource_index
creating /workspace/install/uwb/share/ament_index/resource_index/packages
copying resource/uwb -> /workspace/install/uwb/share/ament_index/resource_index/packages
copying package.xml -> /workspace/install/uwb/share/uwb
running install_egg_info
Copying ../../build/uwb/uwb.egg-info to /workspace/install/uwb/lib/python3.10/site-packages/uwb-0.0.0-py3.10.egg-info
running install_scripts
Installing filter script to /workspace/install/uwb/lib/uwb
Installing last_filter script to /workspace/install/uwb/lib/uwb
Installing localization script to /workspace/install/uwb/lib/uwb
Installing position_nls script to /workspace/install/uwb/lib/uwb
Installing receiver script to /workspace/install/uwb/lib/uwb
Installing visualization script to /workspace/install/uwb/lib/uwb
writing list of installed files to '/workspace/build/uwb/install.log'
