[1.737s] Invoking command in '/workspace/src/uwb': PYTHONPATH=/workspace/build/uwb/prefix_override:/usr/lib/python3/dist-packages/colcon_core/task/python/colcon_distutils_commands:/workspace/install/uwb/lib/python3.10/site-packages:${PYTHONPATH} /usr/bin/python3 -W ignore:setup.py install is deprecated -W ignore:easy_install command is deprecated setup.py egg_info --egg-base ../../build/uwb build --build-base /workspace/build/uwb/build install --record /workspace/build/uwb/install.log --single-version-externally-managed install_data
[1.952s] running egg_info
[1.953s] creating ../../build/uwb/uwb.egg-info
[1.955s] writing ../../build/uwb/uwb.egg-info/PKG-INFO
[1.955s] writing dependency_links to ../../build/uwb/uwb.egg-info/dependency_links.txt
[1.955s] writing entry points to ../../build/uwb/uwb.egg-info/entry_points.txt
[1.955s] writing requirements to ../../build/uwb/uwb.egg-info/requires.txt
[1.955s] writing top-level names to ../../build/uwb/uwb.egg-info/top_level.txt
[1.955s] writing manifest file '../../build/uwb/uwb.egg-info/SOURCES.txt'
[1.958s] reading manifest file '../../build/uwb/uwb.egg-info/SOURCES.txt'
[1.959s] writing manifest file '../../build/uwb/uwb.egg-info/SOURCES.txt'
[1.959s] running build
[1.959s] running build_py
[1.960s] creating /workspace/build/uwb/build
[1.960s] creating /workspace/build/uwb/build/lib
[1.960s] creating /workspace/build/uwb/build/lib/uwb
[1.960s] copying uwb/uwb_position.py -> /workspace/build/uwb/build/lib/uwb
[1.960s] copying uwb/position_nls.py -> /workspace/build/uwb/build/lib/uwb
[1.960s] copying uwb/__init__.py -> /workspace/build/uwb/build/lib/uwb
[1.960s] copying uwb/uwb_localization.py -> /workspace/build/uwb/build/lib/uwb
[1.960s] copying uwb/uwb_filter.py -> /workspace/build/uwb/build/lib/uwb
[1.960s] copying uwb/uwb_visualization.py -> /workspace/build/uwb/build/lib/uwb
[1.961s] copying uwb/uwb_receiver.py -> /workspace/build/uwb/build/lib/uwb
[1.961s] copying uwb/uwb_last_filter.py -> /workspace/build/uwb/build/lib/uwb
[1.961s] running install
[1.961s] running install_lib
[1.962s] creating /workspace/install/uwb/lib/python3.10/site-packages/uwb
[1.962s] copying /workspace/build/uwb/build/lib/uwb/uwb_position.py -> /workspace/install/uwb/lib/python3.10/site-packages/uwb
[1.962s] copying /workspace/build/uwb/build/lib/uwb/position_nls.py -> /workspace/install/uwb/lib/python3.10/site-packages/uwb
[1.962s] copying /workspace/build/uwb/build/lib/uwb/__init__.py -> /workspace/install/uwb/lib/python3.10/site-packages/uwb
[1.962s] copying /workspace/build/uwb/build/lib/uwb/uwb_localization.py -> /workspace/install/uwb/lib/python3.10/site-packages/uwb
[1.962s] copying /workspace/build/uwb/build/lib/uwb/uwb_filter.py -> /workspace/install/uwb/lib/python3.10/site-packages/uwb
[1.963s] copying /workspace/build/uwb/build/lib/uwb/uwb_visualization.py -> /workspace/install/uwb/lib/python3.10/site-packages/uwb
[1.963s] copying /workspace/build/uwb/build/lib/uwb/uwb_receiver.py -> /workspace/install/uwb/lib/python3.10/site-packages/uwb
[1.963s] copying /workspace/build/uwb/build/lib/uwb/uwb_last_filter.py -> /workspace/install/uwb/lib/python3.10/site-packages/uwb
[1.963s] byte-compiling /workspace/install/uwb/lib/python3.10/site-packages/uwb/uwb_position.py to uwb_position.cpython-310.pyc
[1.963s] byte-compiling /workspace/install/uwb/lib/python3.10/site-packages/uwb/position_nls.py to position_nls.cpython-310.pyc
[1.964s] byte-compiling /workspace/install/uwb/lib/python3.10/site-packages/uwb/__init__.py to __init__.cpython-310.pyc
[1.964s] byte-compiling /workspace/install/uwb/lib/python3.10/site-packages/uwb/uwb_localization.py to uwb_localization.cpython-310.pyc
[1.964s] byte-compiling /workspace/install/uwb/lib/python3.10/site-packages/uwb/uwb_filter.py to uwb_filter.cpython-310.pyc
[1.964s] byte-compiling /workspace/install/uwb/lib/python3.10/site-packages/uwb/uwb_visualization.py to uwb_visualization.cpython-310.pyc
[1.964s] byte-compiling /workspace/install/uwb/lib/python3.10/site-packages/uwb/uwb_receiver.py to uwb_receiver.cpython-310.pyc
[1.965s] byte-compiling /workspace/install/uwb/lib/python3.10/site-packages/uwb/uwb_last_filter.py to uwb_last_filter.cpython-310.pyc
[1.966s] running install_data
[1.966s] creating /workspace/install/uwb/share/ament_index
[1.966s] creating /workspace/install/uwb/share/ament_index/resource_index
[1.966s] creating /workspace/install/uwb/share/ament_index/resource_index/packages
[1.966s] copying resource/uwb -> /workspace/install/uwb/share/ament_index/resource_index/packages
[1.966s] copying package.xml -> /workspace/install/uwb/share/uwb
[1.966s] running install_egg_info
[1.966s] Copying ../../build/uwb/uwb.egg-info to /workspace/install/uwb/lib/python3.10/site-packages/uwb-0.0.0-py3.10.egg-info
[1.966s] running install_scripts
[1.982s] Installing filter script to /workspace/install/uwb/lib/uwb
[1.982s] Installing last_filter script to /workspace/install/uwb/lib/uwb
[1.983s] Installing localization script to /workspace/install/uwb/lib/uwb
[1.983s] Installing position_nls script to /workspace/install/uwb/lib/uwb
[1.983s] Installing receiver script to /workspace/install/uwb/lib/uwb
[1.983s] Installing visualization script to /workspace/install/uwb/lib/uwb
[1.983s] writing list of installed files to '/workspace/build/uwb/install.log'
[2.040s] Invoked command in '/workspace/src/uwb' returned '0': PYTHONPATH=/workspace/build/uwb/prefix_override:/usr/lib/python3/dist-packages/colcon_core/task/python/colcon_distutils_commands:/workspace/install/uwb/lib/python3.10/site-packages:${PYTHONPATH} /usr/bin/python3 -W ignore:setup.py install is deprecated -W ignore:easy_install command is deprecated setup.py egg_info --egg-base ../../build/uwb build --build-base /workspace/build/uwb/build install --record /workspace/build/uwb/install.log --single-version-externally-managed install_data
