[3.202s] Invoking command in '/workspace/src/visualization': PYTHONPATH=/workspace/build/visualization/prefix_override:/usr/lib/python3/dist-packages/colcon_core/task/python/colcon_distutils_commands:/workspace/install/visualization/lib/python3.10/site-packages:${PYTHONPATH} /usr/bin/python3 -W ignore:setup.py install is deprecated -W ignore:easy_install command is deprecated setup.py egg_info --egg-base ../../build/visualization build --build-base /workspace/build/visualization/build install --record /workspace/build/visualization/install.log --single-version-externally-managed install_data
[3.905s] /usr/local/lib/python3.10/dist-packages/setuptools/_distutils/dist.py:261: UserWarning: Unknown distribution option: 'tests_require'
[3.906s]   warnings.warn(msg)
[4.475s] running egg_info
[4.492s] creating ../../build/visualization/visualization.egg-info
[4.608s] writing ../../build/visualization/visualization.egg-info/PKG-INFO
[4.626s] writing dependency_links to ../../build/visualization/visualization.egg-info/dependency_links.txt
[4.626s] writing entry points to ../../build/visualization/visualization.egg-info/entry_points.txt
[4.626s] writing requirements to ../../build/visualization/visualization.egg-info/requires.txt
[4.626s] writing top-level names to ../../build/visualization/visualization.egg-info/top_level.txt
[4.641s] writing manifest file '../../build/visualization/visualization.egg-info/SOURCES.txt'
[4.828s] reading manifest file '../../build/visualization/visualization.egg-info/SOURCES.txt'
[4.831s] writing manifest file '../../build/visualization/visualization.egg-info/SOURCES.txt'
[4.831s] running build
[4.831s] running build_py
[4.834s] creating /workspace/build/visualization/build/lib/visualization
[4.834s] copying visualization/visual.py -> /workspace/build/visualization/build/lib/visualization
[4.834s] copying visualization/__init__.py -> /workspace/build/visualization/build/lib/visualization
[4.834s] copying visualization/sim_node.py -> /workspace/build/visualization/build/lib/visualization
[4.835s] running install
[4.854s] running install_lib
[4.901s] creating /workspace/install/visualization/lib/python3.10/site-packages/visualization
[4.901s] copying /workspace/build/visualization/build/lib/visualization/visual.py -> /workspace/install/visualization/lib/python3.10/site-packages/visualization
[4.902s] copying /workspace/build/visualization/build/lib/visualization/__init__.py -> /workspace/install/visualization/lib/python3.10/site-packages/visualization
[4.904s] copying /workspace/build/visualization/build/lib/visualization/sim_node.py -> /workspace/install/visualization/lib/python3.10/site-packages/visualization
[4.906s] byte-compiling /workspace/install/visualization/lib/python3.10/site-packages/visualization/visual.py to visual.cpython-310.pyc
[4.914s] byte-compiling /workspace/install/visualization/lib/python3.10/site-packages/visualization/__init__.py to __init__.cpython-310.pyc
[4.915s] byte-compiling /workspace/install/visualization/lib/python3.10/site-packages/visualization/sim_node.py to sim_node.cpython-310.pyc
[4.917s] running install_data
[4.918s] creating /workspace/install/visualization/share/ament_index/resource_index/packages
[4.918s] copying resource/visualization -> /workspace/install/visualization/share/ament_index/resource_index/packages
[4.919s] copying package.xml -> /workspace/install/visualization/share/visualization
[4.919s] creating /workspace/install/visualization/share/visualization/launch
[4.920s] copying launch/main_launch.py -> /workspace/install/visualization/share/visualization/launch
[4.922s] running install_egg_info
[4.995s] Copying ../../build/visualization/visualization.egg-info to /workspace/install/visualization/lib/python3.10/site-packages/visualization-0.0.0-py3.10.egg-info
[4.997s] running install_scripts
[5.676s] Installing sim_node script to /workspace/install/visualization/lib/visualization
[5.679s] Installing visual script to /workspace/install/visualization/lib/visualization
[5.680s] writing list of installed files to '/workspace/build/visualization/install.log'
[5.874s] Invoked command in '/workspace/src/visualization' returned '0': PYTHONPATH=/workspace/build/visualization/prefix_override:/usr/lib/python3/dist-packages/colcon_core/task/python/colcon_distutils_commands:/workspace/install/visualization/lib/python3.10/site-packages:${PYTHONPATH} /usr/bin/python3 -W ignore:setup.py install is deprecated -W ignore:easy_install command is deprecated setup.py egg_info --egg-base ../../build/visualization build --build-base /workspace/build/visualization/build install --record /workspace/build/visualization/install.log --single-version-externally-managed install_data
