[2.721s] Invoking command in '/workspace/src/track': PYTHONPATH=/workspace/build/track/prefix_override:/usr/lib/python3/dist-packages/colcon_core/task/python/colcon_distutils_commands:/workspace/install/track/lib/python3.10/site-packages:${PYTHONPATH} /usr/bin/python3 -W ignore:setup.py install is deprecated -W ignore:easy_install command is deprecated setup.py egg_info --egg-base ../../build/track build --build-base /workspace/build/track/build install --record /workspace/build/track/install.log --single-version-externally-managed install_data
[3.127s] running egg_info
[3.128s] writing ../../build/track/track.egg-info/PKG-INFO
[3.128s] writing dependency_links to ../../build/track/track.egg-info/dependency_links.txt
[3.128s] writing entry points to ../../build/track/track.egg-info/entry_points.txt
[3.128s] writing requirements to ../../build/track/track.egg-info/requires.txt
[3.129s] writing top-level names to ../../build/track/track.egg-info/top_level.txt
[3.132s] reading manifest file '../../build/track/track.egg-info/SOURCES.txt'
[3.133s] writing manifest file '../../build/track/track.egg-info/SOURCES.txt'
[3.133s] running build
[3.133s] running build_py
[3.135s] running install
[3.135s] running install_lib
[3.138s] running install_data
[3.138s] running install_egg_info
[3.141s] removing '/workspace/install/track/lib/python3.10/site-packages/track-0.0.0-py3.10.egg-info' (and everything under it)
[3.141s] Copying ../../build/track/track.egg-info to /workspace/install/track/lib/python3.10/site-packages/track-0.0.0-py3.10.egg-info
[3.142s] running install_scripts
[3.168s] Installing byte_old script to /workspace/install/track/lib/track
[3.168s] Installing bytetrack script to /workspace/install/track/lib/track
[3.168s] Installing open_rs script to /workspace/install/track/lib/track
[3.168s] Installing test script to /workspace/install/track/lib/track
[3.169s] Installing track_point_sub script to /workspace/install/track/lib/track
[3.169s] writing list of installed files to '/workspace/build/track/install.log'
[3.194s] Invoked command in '/workspace/src/track' returned '0': PYTHONPATH=/workspace/build/track/prefix_override:/usr/lib/python3/dist-packages/colcon_core/task/python/colcon_distutils_commands:/workspace/install/track/lib/python3.10/site-packages:${PYTHONPATH} /usr/bin/python3 -W ignore:setup.py install is deprecated -W ignore:easy_install command is deprecated setup.py egg_info --egg-base ../../build/track build --build-base /workspace/build/track/build install --record /workspace/build/track/install.log --single-version-externally-managed install_data
