[0.367s] Invoking command in '/home/jimmy/work/docker/DynamixelSDK/control_motor': PYTHONPATH=/home/jimmy/work/docker/build/control_motor/prefix_override:/usr/lib/python3/dist-packages/colcon_core/task/python/colcon_distutils_commands:/home/jimmy/work/docker/install/control_motor/lib/python3.10/site-packages:${PYTHONPATH} /usr/bin/python3 -W ignore:setup.py install is deprecated setup.py egg_info --egg-base ../../build/control_motor build --build-base /home/jimmy/work/docker/build/control_motor/build install --record /home/jimmy/work/docker/build/control_motor/install.log --single-version-externally-managed install_data
[0.518s] running egg_info
[0.518s] creating ../../build/control_motor/control_motor.egg-info
[0.518s] writing ../../build/control_motor/control_motor.egg-info/PKG-INFO
[0.518s] writing dependency_links to ../../build/control_motor/control_motor.egg-info/dependency_links.txt
[0.518s] writing entry points to ../../build/control_motor/control_motor.egg-info/entry_points.txt
[0.518s] writing requirements to ../../build/control_motor/control_motor.egg-info/requires.txt
[0.518s] writing top-level names to ../../build/control_motor/control_motor.egg-info/top_level.txt
[0.518s] writing manifest file '../../build/control_motor/control_motor.egg-info/SOURCES.txt'
[0.520s] reading manifest file '../../build/control_motor/control_motor.egg-info/SOURCES.txt'
[0.520s] writing manifest file '../../build/control_motor/control_motor.egg-info/SOURCES.txt'
[0.520s] running build
[0.520s] running build_py
[0.520s] creating /home/jimmy/work/docker/build/control_motor/build
[0.520s] creating /home/jimmy/work/docker/build/control_motor/build/lib
[0.520s] creating /home/jimmy/work/docker/build/control_motor/build/lib/control_motor
[0.520s] copying control_motor/Twist2Speed.py -> /home/jimmy/work/docker/build/control_motor/build/lib/control_motor
[0.520s] copying control_motor/control_dual.py -> /home/jimmy/work/docker/build/control_motor/build/lib/control_motor
[0.520s] copying control_motor/__init__.py -> /home/jimmy/work/docker/build/control_motor/build/lib/control_motor
[0.520s] running install
[0.521s] running install_lib
[0.521s] creating /home/jimmy/work/docker/install/control_motor/lib/python3.10/site-packages/control_motor
[0.521s] copying /home/jimmy/work/docker/build/control_motor/build/lib/control_motor/Twist2Speed.py -> /home/jimmy/work/docker/install/control_motor/lib/python3.10/site-packages/control_motor
[0.521s] copying /home/jimmy/work/docker/build/control_motor/build/lib/control_motor/control_dual.py -> /home/jimmy/work/docker/install/control_motor/lib/python3.10/site-packages/control_motor
[0.521s] copying /home/jimmy/work/docker/build/control_motor/build/lib/control_motor/__init__.py -> /home/jimmy/work/docker/install/control_motor/lib/python3.10/site-packages/control_motor
[0.521s] byte-compiling /home/jimmy/work/docker/install/control_motor/lib/python3.10/site-packages/control_motor/Twist2Speed.py to Twist2Speed.cpython-310.pyc
[0.522s] byte-compiling /home/jimmy/work/docker/install/control_motor/lib/python3.10/site-packages/control_motor/control_dual.py to control_dual.cpython-310.pyc
[0.522s] byte-compiling /home/jimmy/work/docker/install/control_motor/lib/python3.10/site-packages/control_motor/__init__.py to __init__.cpython-310.pyc
[0.522s] running install_data
[0.523s] creating /home/jimmy/work/docker/install/control_motor/share/ament_index
[0.523s] creating /home/jimmy/work/docker/install/control_motor/share/ament_index/resource_index
[0.523s] creating /home/jimmy/work/docker/install/control_motor/share/ament_index/resource_index/packages
[0.523s] copying resource/control_motor -> /home/jimmy/work/docker/install/control_motor/share/ament_index/resource_index/packages
[0.523s] copying package.xml -> /home/jimmy/work/docker/install/control_motor/share/control_motor
[0.523s] creating /home/jimmy/work/docker/install/control_motor/share/control_motor/launch
[0.523s] copying launch/control_dual_launch.py -> /home/jimmy/work/docker/install/control_motor/share/control_motor/launch
[0.523s] creating /home/jimmy/work/docker/install/control_motor/share/control_motor/config
[0.523s] running install_egg_info
[0.524s] Copying ../../build/control_motor/control_motor.egg-info to /home/jimmy/work/docker/install/control_motor/lib/python3.10/site-packages/control_motor-0.0.0-py3.10.egg-info
[0.525s] running install_scripts
[0.537s] Installing Twist2Speed script to /home/jimmy/work/docker/install/control_motor/lib/control_motor
[0.538s] Installing control_dual script to /home/jimmy/work/docker/install/control_motor/lib/control_motor
[0.538s] writing list of installed files to '/home/jimmy/work/docker/build/control_motor/install.log'
[0.556s] Invoked command in '/home/jimmy/work/docker/DynamixelSDK/control_motor' returned '0': PYTHONPATH=/home/jimmy/work/docker/build/control_motor/prefix_override:/usr/lib/python3/dist-packages/colcon_core/task/python/colcon_distutils_commands:/home/jimmy/work/docker/install/control_motor/lib/python3.10/site-packages:${PYTHONPATH} /usr/bin/python3 -W ignore:setup.py install is deprecated setup.py egg_info --egg-base ../../build/control_motor build --build-base /home/jimmy/work/docker/build/control_motor/build install --record /home/jimmy/work/docker/build/control_motor/install.log --single-version-externally-managed install_data
