[5.961s] Invoking command in '/workspace/src/motor_control/motor': PYTHONPATH=/workspace/build/motor/prefix_override:/usr/lib/python3/dist-packages/colcon_core/task/python/colcon_distutils_commands:/workspace/install/motor/lib/python3.10/site-packages:${PYTHONPATH} /usr/bin/python3 -W ignore:setup.py install is deprecated setup.py egg_info --egg-base ../../../build/motor build --build-base /workspace/build/motor/build install --record /workspace/build/motor/install.log --single-version-externally-managed install_data
[6.082s] /usr/local/lib/python3.10/dist-packages/_distutils_hack/__init__.py:53: UserWarning: Reliance on distutils from stdlib is deprecated. Users must rely on setuptools to provide the distutils module. Avoid importing distutils or import setuptools first, and avoid setting SETUPTOOLS_USE_DISTUTILS=stdlib. Register concerns at https://github.com/pypa/setuptools/issues/new?template=distutils-deprecation.yml
[6.082s]   warnings.warn(
[6.630s] /usr/lib/python3.10/distutils/dist.py:274: UserWarning: Unknown distribution option: 'tests_require'
[6.630s]   warnings.warn(msg)
[7.092s] running egg_info
[7.178s] writing ../../../build/motor/motor.egg-info/PKG-INFO
[7.178s] writing dependency_links to ../../../build/motor/motor.egg-info/dependency_links.txt
[7.179s] writing entry points to ../../../build/motor/motor.egg-info/entry_points.txt
[7.179s] writing requirements to ../../../build/motor/motor.egg-info/requires.txt
[7.179s] writing top-level names to ../../../build/motor/motor.egg-info/top_level.txt
[7.333s] reading manifest file '../../../build/motor/motor.egg-info/SOURCES.txt'
[7.350s] writing manifest file '../../../build/motor/motor.egg-info/SOURCES.txt'
[7.350s] running build
[7.350s] running build_py
[7.356s] running install
[7.357s] running install_lib
[7.456s] running install_data
[7.456s] running install_egg_info
[7.570s] removing '/workspace/install/motor/lib/python3.10/site-packages/motor-0.0.0-py3.10.egg-info' (and everything under it)
[7.571s] Copying ../../../build/motor/motor.egg-info to /workspace/install/motor/lib/python3.10/site-packages/motor-0.0.0-py3.10.egg-info
[7.574s] running install_scripts
[7.692s] Installing find_motor script to /workspace/install/motor/lib/motor
[7.693s] Installing motor_drive_node script to /workspace/install/motor/lib/motor
[7.693s] writing list of installed files to '/workspace/build/motor/install.log'
[7.996s] Invoked command in '/workspace/src/motor_control/motor' returned '0': PYTHONPATH=/workspace/build/motor/prefix_override:/usr/lib/python3/dist-packages/colcon_core/task/python/colcon_distutils_commands:/workspace/install/motor/lib/python3.10/site-packages:${PYTHONPATH} /usr/bin/python3 -W ignore:setup.py install is deprecated setup.py egg_info --egg-base ../../../build/motor build --build-base /workspace/build/motor/build install --record /workspace/build/motor/install.log --single-version-externally-managed install_data
