[0.317s] Invoking command in '/home/jimmy/work/docker/DynamixelSDK/control_motor': PYTHONPATH=/home/jimmy/work/docker/DynamixelSDK/control_motor/build/control_motor/prefix_override:/usr/lib/python3/dist-packages/colcon_core/task/python/colcon_distutils_commands:/home/jimmy/work/docker/DynamixelSDK/control_motor/install/control_motor/lib/python3.10/site-packages:${PYTHONPATH} /usr/bin/python3 -W ignore:setup.py install is deprecated setup.py egg_info --egg-base build/control_motor build --build-base /home/jimmy/work/docker/DynamixelSDK/control_motor/build/control_motor/build install --record /home/jimmy/work/docker/DynamixelSDK/control_motor/build/control_motor/install.log --single-version-externally-managed install_data
[0.447s] running egg_info
[0.447s] creating build/control_motor/control_motor.egg-info
[0.447s] writing build/control_motor/control_motor.egg-info/PKG-INFO
[0.447s] writing dependency_links to build/control_motor/control_motor.egg-info/dependency_links.txt
[0.447s] writing entry points to build/control_motor/control_motor.egg-info/entry_points.txt
[0.448s] writing requirements to build/control_motor/control_motor.egg-info/requires.txt
[0.448s] writing top-level names to build/control_motor/control_motor.egg-info/top_level.txt
[0.448s] writing manifest file 'build/control_motor/control_motor.egg-info/SOURCES.txt'
[0.449s] reading manifest file 'build/control_motor/control_motor.egg-info/SOURCES.txt'
[0.449s] writing manifest file 'build/control_motor/control_motor.egg-info/SOURCES.txt'
[0.449s] running build
[0.449s] running build_py
[0.449s] creating /home/jimmy/work/docker/DynamixelSDK/control_motor/build/control_motor/build
[0.449s] creating /home/jimmy/work/docker/DynamixelSDK/control_motor/build/control_motor/build/lib
[0.449s] creating /home/jimmy/work/docker/DynamixelSDK/control_motor/build/control_motor/build/lib/control_motor
[0.449s] copying control_motor/Twist2Speed.py -> /home/jimmy/work/docker/DynamixelSDK/control_motor/build/control_motor/build/lib/control_motor
[0.449s] copying control_motor/control_dual.py -> /home/jimmy/work/docker/DynamixelSDK/control_motor/build/control_motor/build/lib/control_motor
[0.449s] copying control_motor/__init__.py -> /home/jimmy/work/docker/DynamixelSDK/control_motor/build/control_motor/build/lib/control_motor
[0.449s] running install
[0.449s] running install_lib
[0.450s] creating /home/jimmy/work/docker/DynamixelSDK/control_motor/install/control_motor/lib/python3.10/site-packages/control_motor
[0.450s] copying /home/jimmy/work/docker/DynamixelSDK/control_motor/build/control_motor/build/lib/control_motor/Twist2Speed.py -> /home/jimmy/work/docker/DynamixelSDK/control_motor/install/control_motor/lib/python3.10/site-packages/control_motor
[0.450s] copying /home/jimmy/work/docker/DynamixelSDK/control_motor/build/control_motor/build/lib/control_motor/control_dual.py -> /home/jimmy/work/docker/DynamixelSDK/control_motor/install/control_motor/lib/python3.10/site-packages/control_motor
[0.450s] copying /home/jimmy/work/docker/DynamixelSDK/control_motor/build/control_motor/build/lib/control_motor/__init__.py -> /home/jimmy/work/docker/DynamixelSDK/control_motor/install/control_motor/lib/python3.10/site-packages/control_motor
[0.450s] byte-compiling /home/jimmy/work/docker/DynamixelSDK/control_motor/install/control_motor/lib/python3.10/site-packages/control_motor/Twist2Speed.py to Twist2Speed.cpython-310.pyc
[0.450s] byte-compiling /home/jimmy/work/docker/DynamixelSDK/control_motor/install/control_motor/lib/python3.10/site-packages/control_motor/control_dual.py to control_dual.cpython-310.pyc
[0.451s] byte-compiling /home/jimmy/work/docker/DynamixelSDK/control_motor/install/control_motor/lib/python3.10/site-packages/control_motor/__init__.py to __init__.cpython-310.pyc
[0.451s] running install_data
[0.451s] creating /home/jimmy/work/docker/DynamixelSDK/control_motor/install/control_motor/share/ament_index
[0.451s] creating /home/jimmy/work/docker/DynamixelSDK/control_motor/install/control_motor/share/ament_index/resource_index
[0.451s] creating /home/jimmy/work/docker/DynamixelSDK/control_motor/install/control_motor/share/ament_index/resource_index/packages
[0.451s] copying resource/control_motor -> /home/jimmy/work/docker/DynamixelSDK/control_motor/install/control_motor/share/ament_index/resource_index/packages
[0.451s] copying package.xml -> /home/jimmy/work/docker/DynamixelSDK/control_motor/install/control_motor/share/control_motor
[0.451s] creating /home/jimmy/work/docker/DynamixelSDK/control_motor/install/control_motor/share/control_motor/launch
[0.451s] copying launch/control_dual_launch.py -> /home/jimmy/work/docker/DynamixelSDK/control_motor/install/control_motor/share/control_motor/launch
[0.451s] creating /home/jimmy/work/docker/DynamixelSDK/control_motor/install/control_motor/share/control_motor/config
[0.451s] running install_egg_info
[0.452s] Copying build/control_motor/control_motor.egg-info to /home/jimmy/work/docker/DynamixelSDK/control_motor/install/control_motor/lib/python3.10/site-packages/control_motor-0.0.0-py3.10.egg-info
[0.452s] running install_scripts
[0.464s] Installing Twist2Speed script to /home/jimmy/work/docker/DynamixelSDK/control_motor/install/control_motor/lib/control_motor
[0.464s] Installing control_dual script to /home/jimmy/work/docker/DynamixelSDK/control_motor/install/control_motor/lib/control_motor
[0.464s] writing list of installed files to '/home/jimmy/work/docker/DynamixelSDK/control_motor/build/control_motor/install.log'
[0.479s] Invoked command in '/home/jimmy/work/docker/DynamixelSDK/control_motor' returned '0': PYTHONPATH=/home/jimmy/work/docker/DynamixelSDK/control_motor/build/control_motor/prefix_override:/usr/lib/python3/dist-packages/colcon_core/task/python/colcon_distutils_commands:/home/jimmy/work/docker/DynamixelSDK/control_motor/install/control_motor/lib/python3.10/site-packages:${PYTHONPATH} /usr/bin/python3 -W ignore:setup.py install is deprecated setup.py egg_info --egg-base build/control_motor build --build-base /home/jimmy/work/docker/DynamixelSDK/control_motor/build/control_motor/build install --record /home/jimmy/work/docker/DynamixelSDK/control_motor/build/control_motor/install.log --single-version-externally-managed install_data
