/workspace/install/ultrasonic/lib/python3.10/site-packages/ultrasonic/us_receiver.py
/workspace/install/ultrasonic/lib/python3.10/site-packages/ultrasonic/us_visualizer.py
/workspace/install/ultrasonic/lib/python3.10/site-packages/ultrasonic/us_checker.py
/workspace/install/ultrasonic/lib/python3.10/site-packages/ultrasonic/us_obstacle.py
/workspace/install/ultrasonic/lib/python3.10/site-packages/ultrasonic/range.py
/workspace/install/ultrasonic/lib/python3.10/site-packages/ultrasonic/__init__.py
/workspace/install/ultrasonic/lib/python3.10/site-packages/ultrasonic/__pycache__/us_receiver.cpython-310.pyc
/workspace/install/ultrasonic/lib/python3.10/site-packages/ultrasonic/__pycache__/us_visualizer.cpython-310.pyc
/workspace/install/ultrasonic/lib/python3.10/site-packages/ultrasonic/__pycache__/us_checker.cpython-310.pyc
/workspace/install/ultrasonic/lib/python3.10/site-packages/ultrasonic/__pycache__/us_obstacle.cpython-310.pyc
/workspace/install/ultrasonic/lib/python3.10/site-packages/ultrasonic/__pycache__/range.cpython-310.pyc
/workspace/install/ultrasonic/lib/python3.10/site-packages/ultrasonic/__pycache__/__init__.cpython-310.pyc
/workspace/install/ultrasonic/share/ament_index/resource_index/packages/ultrasonic
/workspace/install/ultrasonic/share/ultrasonic/package.xml
/workspace/install/ultrasonic/lib/python3.10/site-packages/ultrasonic-0.0.0-py3.10.egg-info/SOURCES.txt
/workspace/install/ultrasonic/lib/python3.10/site-packages/ultrasonic-0.0.0-py3.10.egg-info/top_level.txt
/workspace/install/ultrasonic/lib/python3.10/site-packages/ultrasonic-0.0.0-py3.10.egg-info/requires.txt
/workspace/install/ultrasonic/lib/python3.10/site-packages/ultrasonic-0.0.0-py3.10.egg-info/zip-safe
/workspace/install/ultrasonic/lib/python3.10/site-packages/ultrasonic-0.0.0-py3.10.egg-info/entry_points.txt
/workspace/install/ultrasonic/lib/python3.10/site-packages/ultrasonic-0.0.0-py3.10.egg-info/dependency_links.txt
/workspace/install/ultrasonic/lib/python3.10/site-packages/ultrasonic-0.0.0-py3.10.egg-info/PKG-INFO
/workspace/install/ultrasonic/lib/ultrasonic/checker
/workspace/install/ultrasonic/lib/ultrasonic/obstacle
/workspace/install/ultrasonic/lib/ultrasonic/receiver
/workspace/install/ultrasonic/lib/ultrasonic/visualizer
