[2.505s] Invoking command in '/workspace/src/ultrasonic': PYTHONPATH=/workspace/build/ultrasonic/prefix_override:/usr/lib/python3/dist-packages/colcon_core/task/python/colcon_distutils_commands:/workspace/install/ultrasonic/lib/python3.10/site-packages:${PYTHONPATH} /usr/bin/python3 -W ignore:setup.py install is deprecated setup.py egg_info --egg-base ../../build/ultrasonic build --build-base /workspace/build/ultrasonic/build install --record /workspace/build/ultrasonic/install.log --single-version-externally-managed install_data
[2.567s] /usr/local/lib/python3.10/dist-packages/_distutils_hack/__init__.py:53: UserWarning: Reliance on distutils from stdlib is deprecated. Users must rely on setuptools to provide the distutils module. Avoid importing distutils or import setuptools first, and avoid setting SETUPTOOLS_USE_DISTUTILS=stdlib. Register concerns at https://github.com/pypa/setuptools/issues/new?template=distutils-deprecation.yml
[2.567s]   warnings.warn(
[2.831s] /usr/lib/python3.10/distutils/dist.py:274: UserWarning: Unknown distribution option: 'tests_require'
[2.832s]   warnings.warn(msg)
[3.035s] running egg_info
[3.066s] writing ../../build/ultrasonic/ultrasonic.egg-info/PKG-INFO
[3.068s] writing dependency_links to ../../build/ultrasonic/ultrasonic.egg-info/dependency_links.txt
[3.069s] writing entry points to ../../build/ultrasonic/ultrasonic.egg-info/entry_points.txt
[3.070s] writing requirements to ../../build/ultrasonic/ultrasonic.egg-info/requires.txt
[3.071s] writing top-level names to ../../build/ultrasonic/ultrasonic.egg-info/top_level.txt
[3.138s] reading manifest file '../../build/ultrasonic/ultrasonic.egg-info/SOURCES.txt'
[3.141s] writing manifest file '../../build/ultrasonic/ultrasonic.egg-info/SOURCES.txt'
[3.141s] running build
[3.141s] running build_py
[3.142s] running install
[3.144s] running install_lib
[3.182s] running install_data
[3.183s] running install_egg_info
[3.220s] removing '/workspace/install/ultrasonic/lib/python3.10/site-packages/ultrasonic-0.0.0-py3.10.egg-info' (and everything under it)
[3.220s] Copying ../../build/ultrasonic/ultrasonic.egg-info to /workspace/install/ultrasonic/lib/python3.10/site-packages/ultrasonic-0.0.0-py3.10.egg-info
[3.222s] running install_scripts
[3.295s] Installing checker script to /workspace/install/ultrasonic/lib/ultrasonic
[3.296s] Installing obstacle script to /workspace/install/ultrasonic/lib/ultrasonic
[3.296s] Installing receiver script to /workspace/install/ultrasonic/lib/ultrasonic
[3.297s] Installing visualizer script to /workspace/install/ultrasonic/lib/ultrasonic
[3.297s] writing list of installed files to '/workspace/build/ultrasonic/install.log'
[3.380s] Invoked command in '/workspace/src/ultrasonic' returned '0': PYTHONPATH=/workspace/build/ultrasonic/prefix_override:/usr/lib/python3/dist-packages/colcon_core/task/python/colcon_distutils_commands:/workspace/install/ultrasonic/lib/python3.10/site-packages:${PYTHONPATH} /usr/bin/python3 -W ignore:setup.py install is deprecated setup.py egg_info --egg-base ../../build/ultrasonic build --build-base /workspace/build/ultrasonic/build install --record /workspace/build/ultrasonic/install.log --single-version-externally-managed install_data
