running egg_info
creating ../../../build/control_motor/control_motor.egg-info
writing ../../../build/control_motor/control_motor.egg-info/PKG-INFO
writing dependency_links to ../../../build/control_motor/control_motor.egg-info/dependency_links.txt
writing entry points to ../../../build/control_motor/control_motor.egg-info/entry_points.txt
writing requirements to ../../../build/control_motor/control_motor.egg-info/requires.txt
writing top-level names to ../../../build/control_motor/control_motor.egg-info/top_level.txt
writing manifest file '../../../build/control_motor/control_motor.egg-info/SOURCES.txt'
reading manifest file '../../../build/control_motor/control_motor.egg-info/SOURCES.txt'
writing manifest file '../../../build/control_motor/control_motor.egg-info/SOURCES.txt'
running build
running build_py
creating /home/jimmy/work/build/control_motor/build
creating /home/jimmy/work/build/control_motor/build/lib
creating /home/jimmy/work/build/control_motor/build/lib/control_motor
copying control_motor/Twist2Speed.py -> /home/jimmy/work/build/control_motor/build/lib/control_motor
copying control_motor/motor_control.py -> /home/jimmy/work/build/control_motor/build/lib/control_motor
copying control_motor/control_dual.py -> /home/jimmy/work/build/control_motor/build/lib/control_motor
copying control_motor/__init__.py -> /home/jimmy/work/build/control_motor/build/lib/control_motor
running install
running install_lib
creating /home/jimmy/work/install/control_motor/lib/python3.10/site-packages/control_motor
copying /home/jimmy/work/build/control_motor/build/lib/control_motor/Twist2Speed.py -> /home/jimmy/work/install/control_motor/lib/python3.10/site-packages/control_motor
copying /home/jimmy/work/build/control_motor/build/lib/control_motor/motor_control.py -> /home/jimmy/work/install/control_motor/lib/python3.10/site-packages/control_motor
copying /home/jimmy/work/build/control_motor/build/lib/control_motor/control_dual.py -> /home/jimmy/work/install/control_motor/lib/python3.10/site-packages/control_motor
copying /home/jimmy/work/build/control_motor/build/lib/control_motor/__init__.py -> /home/jimmy/work/install/control_motor/lib/python3.10/site-packages/control_motor
byte-compiling /home/jimmy/work/install/control_motor/lib/python3.10/site-packages/control_motor/Twist2Speed.py to Twist2Speed.cpython-310.pyc
byte-compiling /home/jimmy/work/install/control_motor/lib/python3.10/site-packages/control_motor/motor_control.py to motor_control.cpython-310.pyc
byte-compiling /home/jimmy/work/install/control_motor/lib/python3.10/site-packages/control_motor/control_dual.py to control_dual.cpython-310.pyc
Sorry: IndentationError: expected an indented block after function definition on line 33 (motor_control.py, line 36)
byte-compiling /home/jimmy/work/install/control_motor/lib/python3.10/site-packages/control_motor/__init__.py to __init__.cpython-310.pyc
running install_data
creating /home/jimmy/work/install/control_motor/share/ament_index
creating /home/jimmy/work/install/control_motor/share/ament_index/resource_index
creating /home/jimmy/work/install/control_motor/share/ament_index/resource_index/packages
copying resource/control_motor -> /home/jimmy/work/install/control_motor/share/ament_index/resource_index/packages
copying package.xml -> /home/jimmy/work/install/control_motor/share/control_motor
creating /home/jimmy/work/install/control_motor/share/control_motor/launch
copying launch/control_dual_launch.py -> /home/jimmy/work/install/control_motor/share/control_motor/launch
creating /home/jimmy/work/install/control_motor/share/control_motor/config
running install_egg_info
Copying ../../../build/control_motor/control_motor.egg-info to /home/jimmy/work/install/control_motor/lib/python3.10/site-packages/control_motor-0.0.0-py3.10.egg-info
running install_scripts
Installing Twist2Speed script to /home/jimmy/work/install/control_motor/lib/control_motor
Installing control_dual script to /home/jimmy/work/install/control_motor/lib/control_motor
writing list of installed files to '/home/jimmy/work/build/control_motor/install.log'
