[0.810s] Invoking command in '/workspace/src/visualization': PYTHONPATH=/workspace/build/visualization/prefix_override:/usr/lib/python3/dist-packages/colcon_core/task/python/colcon_distutils_commands:/workspace/install/visualization/lib/python3.10/site-packages:${PYTHONPATH} /usr/bin/python3 -W ignore:setup.py install is deprecated -W ignore:easy_install command is deprecated setup.py egg_info --egg-base ../../build/visualization build --build-base /workspace/build/visualization/build install --record /workspace/build/visualization/install.log --single-version-externally-managed install_data
[0.903s] running egg_info
[0.904s] writing ../../build/visualization/visualization.egg-info/PKG-INFO
[0.904s] writing dependency_links to ../../build/visualization/visualization.egg-info/dependency_links.txt
[0.904s] writing entry points to ../../build/visualization/visualization.egg-info/entry_points.txt
[0.904s] writing requirements to ../../build/visualization/visualization.egg-info/requires.txt
[0.904s] writing top-level names to ../../build/visualization/visualization.egg-info/top_level.txt
[0.904s] reading manifest file '../../build/visualization/visualization.egg-info/SOURCES.txt'
[0.905s] writing manifest file '../../build/visualization/visualization.egg-info/SOURCES.txt'
[0.905s] running build
[0.905s] running build_py
[0.905s] running install
[0.906s] running install_lib
[0.906s] running install_data
[0.906s] running install_egg_info
[0.906s] removing '/workspace/install/visualization/lib/python3.10/site-packages/visualization-0.0.0-py3.10.egg-info' (and everything under it)
[0.907s] Copying ../../build/visualization/visualization.egg-info to /workspace/install/visualization/lib/python3.10/site-packages/visualization-0.0.0-py3.10.egg-info
[0.907s] running install_scripts
[0.917s] Installing visual script to /workspace/install/visualization/lib/visualization
[0.917s] writing list of installed files to '/workspace/build/visualization/install.log'
[0.939s] Invoked command in '/workspace/src/visualization' returned '0': PYTHONPATH=/workspace/build/visualization/prefix_override:/usr/lib/python3/dist-packages/colcon_core/task/python/colcon_distutils_commands:/workspace/install/visualization/lib/python3.10/site-packages:${PYTHONPATH} /usr/bin/python3 -W ignore:setup.py install is deprecated -W ignore:easy_install command is deprecated setup.py egg_info --egg-base ../../build/visualization build --build-base /workspace/build/visualization/build install --record /workspace/build/visualization/install.log --single-version-externally-managed install_data
