[0.229s] Invoking command in '/workspace/build/rc_receiver_if': CMAKE_PREFIX_PATH=${CMAKE_PREFIX_PATH}:/workspace/install/visualization:/workspace/install/uwb_nls:/workspace/install/ultrasonic:/workspace/install/track:/workspace/install/record:/workspace/install/rc_receiver:/workspace/install/pixhawk_control:/workspace/install/motor:/workspace/install/camera /usr/local/bin/cmake --build /workspace/build/rc_receiver_if -- -j8 -l8
[2.464s] [  9%] Built target rc_receiver_if__rosidl_generator_c
[2.466s] [ 12%] Built target rc_receiver_if__cpp
[2.467s] [ 12%] Built target ament_cmake_python_copy_rc_receiver_if
[2.468s] [ 22%] Built target rc_receiver_if__rosidl_typesupport_c
[2.468s] [ 32%] Built target rc_receiver_if__rosidl_typesupport_introspection_c
[2.469s] [ 41%] Built target rc_receiver_if__rosidl_typesupport_fastrtps_cpp
[2.470s] [ 51%] Built target rc_receiver_if__rosidl_typesupport_fastrtps_c
[2.471s] [ 61%] Built target rc_receiver_if__rosidl_typesupport_introspection_cpp
[2.472s] [ 70%] Built target rc_receiver_if__rosidl_typesupport_cpp
[2.473s] [ 70%] Built target rc_receiver_if
[2.474s] [ 74%] Built target rc_receiver_if__py
[2.475s] [ 80%] Built target rc_receiver_if__rosidl_generator_py
[2.476s] [ 87%] Built target rc_receiver_if__rosidl_typesupport_fastrtps_c__pyext
[2.477s] [ 93%] Built target rc_receiver_if__rosidl_typesupport_introspection_c__pyext
[2.478s] [100%] Built target rc_receiver_if__rosidl_typesupport_c__pyext
[2.479s] running egg_info
[2.480s] writing rc_receiver_if.egg-info/PKG-INFO
[2.481s] writing dependency_links to rc_receiver_if.egg-info/dependency_links.txt
[2.481s] writing top-level names to rc_receiver_if.egg-info/top_level.txt
[2.481s] reading manifest file 'rc_receiver_if.egg-info/SOURCES.txt'
[2.481s] writing manifest file 'rc_receiver_if.egg-info/SOURCES.txt'
[2.481s] [100%] Built target ament_cmake_python_build_rc_receiver_if_egg
[2.482s] /usr/local/lib/python3.10/dist-packages/_distutils_hack/__init__.py:53: UserWarning: Reliance on distutils from stdlib is deprecated. Users must rely on setuptools to provide the distutils module. Avoid importing distutils or import setuptools first, and avoid setting SETUPTOOLS_USE_DISTUTILS=stdlib. Register concerns at https://github.com/pypa/setuptools/issues/new?template=distutils-deprecation.yml
[2.482s]   warnings.warn(
[2.488s] Invoked command in '/workspace/build/rc_receiver_if' returned '0': CMAKE_PREFIX_PATH=${CMAKE_PREFIX_PATH}:/workspace/install/visualization:/workspace/install/uwb_nls:/workspace/install/ultrasonic:/workspace/install/track:/workspace/install/record:/workspace/install/rc_receiver:/workspace/install/pixhawk_control:/workspace/install/motor:/workspace/install/camera /usr/local/bin/cmake --build /workspace/build/rc_receiver_if -- -j8 -l8
[3.320s] Invoking command in '/workspace/build/rc_receiver_if': CMAKE_PREFIX_PATH=${CMAKE_PREFIX_PATH}:/workspace/install/visualization:/workspace/install/uwb_nls:/workspace/install/ultrasonic:/workspace/install/track:/workspace/install/record:/workspace/install/rc_receiver:/workspace/install/pixhawk_control:/workspace/install/motor:/workspace/install/camera /usr/local/bin/cmake --install /workspace/build/rc_receiver_if
[3.526s] -- Install configuration: ""
[3.528s] -- Up-to-date: /workspace/install/rc_receiver_if/share/ament_index/resource_index/rosidl_interfaces/rc_receiver_if
[3.529s] -- Up-to-date: /workspace/install/rc_receiver_if/include/rc_receiver_if/rc_receiver_if
[3.530s] -- Up-to-date: /workspace/install/rc_receiver_if/include/rc_receiver_if/rc_receiver_if/msg
[3.531s] -- Up-to-date: /workspace/install/rc_receiver_if/include/rc_receiver_if/rc_receiver_if/msg/rosidl_generator_c__visibility_control.h
[3.532s] -- Up-to-date: /workspace/install/rc_receiver_if/include/rc_receiver_if/rc_receiver_if/msg/detail
[3.533s] -- Up-to-date: /workspace/install/rc_receiver_if/include/rc_receiver_if/rc_receiver_if/msg/detail/receiver_data__functions.c
[3.534s] -- Up-to-date: /workspace/install/rc_receiver_if/include/rc_receiver_if/rc_receiver_if/msg/detail/receiver_data__type_support.h
[3.534s] -- Up-to-date: /workspace/install/rc_receiver_if/include/rc_receiver_if/rc_receiver_if/msg/detail/receiver_data__struct.h
[3.535s] -- Up-to-date: /workspace/install/rc_receiver_if/include/rc_receiver_if/rc_receiver_if/msg/detail/receiver_data__functions.h
[3.536s] -- Up-to-date: /workspace/install/rc_receiver_if/include/rc_receiver_if/rc_receiver_if/msg/receiver_data.h
[3.537s] -- Up-to-date: /workspace/install/rc_receiver_if/share/rc_receiver_if/environment/library_path.sh
[3.538s] -- Up-to-date: /workspace/install/rc_receiver_if/share/rc_receiver_if/environment/library_path.dsv
[3.539s] -- Up-to-date: /workspace/install/rc_receiver_if/lib/librc_receiver_if__rosidl_generator_c.so
[3.540s] -- Up-to-date: /workspace/install/rc_receiver_if/include/rc_receiver_if/rc_receiver_if
[3.542s] -- Up-to-date: /workspace/install/rc_receiver_if/include/rc_receiver_if/rc_receiver_if/msg
[3.542s] -- Up-to-date: /workspace/install/rc_receiver_if/include/rc_receiver_if/rc_receiver_if/msg/detail
[3.543s] -- Up-to-date: /workspace/install/rc_receiver_if/include/rc_receiver_if/rc_receiver_if/msg/detail/receiver_data__rosidl_typesupport_fastrtps_c.h
[3.544s] -- Up-to-date: /workspace/install/rc_receiver_if/include/rc_receiver_if/rc_receiver_if/msg/rosidl_typesupport_fastrtps_c__visibility_control.h
[3.545s] -- Up-to-date: /workspace/install/rc_receiver_if/lib/librc_receiver_if__rosidl_typesupport_fastrtps_c.so
[3.546s] -- Up-to-date: /workspace/install/rc_receiver_if/include/rc_receiver_if/rc_receiver_if
[3.547s] -- Up-to-date: /workspace/install/rc_receiver_if/include/rc_receiver_if/rc_receiver_if/msg
[3.548s] -- Up-to-date: /workspace/install/rc_receiver_if/include/rc_receiver_if/rc_receiver_if/msg/detail
[3.549s] -- Up-to-date: /workspace/install/rc_receiver_if/include/rc_receiver_if/rc_receiver_if/msg/detail/receiver_data__rosidl_typesupport_introspection_c.h
[3.550s] -- Up-to-date: /workspace/install/rc_receiver_if/include/rc_receiver_if/rc_receiver_if/msg/detail/receiver_data__type_support.c
[3.552s] -- Up-to-date: /workspace/install/rc_receiver_if/include/rc_receiver_if/rc_receiver_if/msg/rosidl_typesupport_introspection_c__visibility_control.h
[3.556s] -- Up-to-date: /workspace/install/rc_receiver_if/lib/librc_receiver_if__rosidl_typesupport_introspection_c.so
[3.557s] -- Up-to-date: /workspace/install/rc_receiver_if/lib/librc_receiver_if__rosidl_typesupport_c.so
[3.558s] -- Up-to-date: /workspace/install/rc_receiver_if/include/rc_receiver_if/rc_receiver_if
[3.559s] -- Up-to-date: /workspace/install/rc_receiver_if/include/rc_receiver_if/rc_receiver_if/msg
[3.560s] -- Up-to-date: /workspace/install/rc_receiver_if/include/rc_receiver_if/rc_receiver_if/msg/detail
[3.561s] -- Up-to-date: /workspace/install/rc_receiver_if/include/rc_receiver_if/rc_receiver_if/msg/detail/receiver_data__struct.hpp
[3.562s] -- Up-to-date: /workspace/install/rc_receiver_if/include/rc_receiver_if/rc_receiver_if/msg/detail/receiver_data__type_support.hpp
[3.570s] -- Up-to-date: /workspace/install/rc_receiver_if/include/rc_receiver_if/rc_receiver_if/msg/detail/receiver_data__traits.hpp
[3.571s] -- Up-to-date: /workspace/install/rc_receiver_if/include/rc_receiver_if/rc_receiver_if/msg/detail/receiver_data__builder.hpp
[3.571s] -- Up-to-date: /workspace/install/rc_receiver_if/include/rc_receiver_if/rc_receiver_if/msg/receiver_data.hpp
[3.571s] -- Up-to-date: /workspace/install/rc_receiver_if/include/rc_receiver_if/rc_receiver_if/msg/rosidl_generator_cpp__visibility_control.hpp
[3.571s] -- Up-to-date: /workspace/install/rc_receiver_if/include/rc_receiver_if/rc_receiver_if
[3.571s] -- Up-to-date: /workspace/install/rc_receiver_if/include/rc_receiver_if/rc_receiver_if/msg
[3.572s] -- Up-to-date: /workspace/install/rc_receiver_if/include/rc_receiver_if/rc_receiver_if/msg/rosidl_typesupport_fastrtps_cpp__visibility_control.h
[3.572s] -- Up-to-date: /workspace/install/rc_receiver_if/include/rc_receiver_if/rc_receiver_if/msg/detail
[3.572s] -- Up-to-date: /workspace/install/rc_receiver_if/include/rc_receiver_if/rc_receiver_if/msg/detail/receiver_data__rosidl_typesupport_fastrtps_cpp.hpp
[3.572s] -- Up-to-date: /workspace/install/rc_receiver_if/include/rc_receiver_if/rc_receiver_if/msg/detail/dds_fastrtps
[3.572s] -- Up-to-date: /workspace/install/rc_receiver_if/lib/librc_receiver_if__rosidl_typesupport_fastrtps_cpp.so
[3.572s] -- Up-to-date: /workspace/install/rc_receiver_if/include/rc_receiver_if/rc_receiver_if
[3.572s] -- Up-to-date: /workspace/install/rc_receiver_if/include/rc_receiver_if/rc_receiver_if/msg
[3.573s] -- Up-to-date: /workspace/install/rc_receiver_if/include/rc_receiver_if/rc_receiver_if/msg/detail
[3.573s] -- Up-to-date: /workspace/install/rc_receiver_if/include/rc_receiver_if/rc_receiver_if/msg/detail/receiver_data__type_support.cpp
[3.573s] -- Up-to-date: /workspace/install/rc_receiver_if/include/rc_receiver_if/rc_receiver_if/msg/detail/receiver_data__rosidl_typesupport_introspection_cpp.hpp
[3.573s] -- Up-to-date: /workspace/install/rc_receiver_if/lib/librc_receiver_if__rosidl_typesupport_introspection_cpp.so
[3.583s] -- Up-to-date: /workspace/install/rc_receiver_if/lib/librc_receiver_if__rosidl_typesupport_cpp.so
[3.583s] -- Up-to-date: /workspace/install/rc_receiver_if/share/rc_receiver_if/environment/pythonpath.sh
[3.583s] -- Up-to-date: /workspace/install/rc_receiver_if/share/rc_receiver_if/environment/pythonpath.dsv
[3.584s] -- Up-to-date: /workspace/install/rc_receiver_if/local/lib/python3.10/dist-packages/rc_receiver_if-0.0.0-py3.10.egg-info
[3.584s] -- Installing: /workspace/install/rc_receiver_if/local/lib/python3.10/dist-packages/rc_receiver_if-0.0.0-py3.10.egg-info/SOURCES.txt
[3.584s] -- Installing: /workspace/install/rc_receiver_if/local/lib/python3.10/dist-packages/rc_receiver_if-0.0.0-py3.10.egg-info/top_level.txt
[3.584s] -- Installing: /workspace/install/rc_receiver_if/local/lib/python3.10/dist-packages/rc_receiver_if-0.0.0-py3.10.egg-info/dependency_links.txt
[3.584s] -- Installing: /workspace/install/rc_receiver_if/local/lib/python3.10/dist-packages/rc_receiver_if-0.0.0-py3.10.egg-info/PKG-INFO
[3.584s] -- Up-to-date: /workspace/install/rc_receiver_if/local/lib/python3.10/dist-packages/rc_receiver_if
[3.584s] -- Up-to-date: /workspace/install/rc_receiver_if/local/lib/python3.10/dist-packages/rc_receiver_if/_rc_receiver_if_s.ep.rosidl_typesupport_fastrtps_c.c
[3.586s] -- Up-to-date: /workspace/install/rc_receiver_if/local/lib/python3.10/dist-packages/rc_receiver_if/rc_receiver_if_s__rosidl_typesupport_c.cpython-310-aarch64-linux-gnu.so
[3.586s] -- Up-to-date: /workspace/install/rc_receiver_if/local/lib/python3.10/dist-packages/rc_receiver_if/librc_receiver_if__rosidl_generator_py.so
[3.586s] -- Up-to-date: /workspace/install/rc_receiver_if/local/lib/python3.10/dist-packages/rc_receiver_if/msg
[3.587s] -- Up-to-date: /workspace/install/rc_receiver_if/local/lib/python3.10/dist-packages/rc_receiver_if/msg/_receiver_data.py
[3.587s] -- Up-to-date: /workspace/install/rc_receiver_if/local/lib/python3.10/dist-packages/rc_receiver_if/msg/_receiver_data_s.c
[3.587s] -- Up-to-date: /workspace/install/rc_receiver_if/local/lib/python3.10/dist-packages/rc_receiver_if/msg/__init__.py
[3.587s] -- Up-to-date: /workspace/install/rc_receiver_if/local/lib/python3.10/dist-packages/rc_receiver_if/rc_receiver_if_s__rosidl_typesupport_fastrtps_c.cpython-310-aarch64-linux-gnu.so
[3.587s] -- Up-to-date: /workspace/install/rc_receiver_if/local/lib/python3.10/dist-packages/rc_receiver_if/_rc_receiver_if_s.ep.rosidl_typesupport_c.c
[3.587s] -- Up-to-date: /workspace/install/rc_receiver_if/local/lib/python3.10/dist-packages/rc_receiver_if/__init__.py
[3.587s] -- Up-to-date: /workspace/install/rc_receiver_if/local/lib/python3.10/dist-packages/rc_receiver_if/_rc_receiver_if_s.ep.rosidl_typesupport_introspection_c.c
[3.588s] -- Up-to-date: /workspace/install/rc_receiver_if/local/lib/python3.10/dist-packages/rc_receiver_if/rc_receiver_if_s__rosidl_typesupport_introspection_c.cpython-310-aarch64-linux-gnu.so
[3.729s] Listing '/workspace/install/rc_receiver_if/local/lib/python3.10/dist-packages/rc_receiver_if'...
[3.730s] Listing '/workspace/install/rc_receiver_if/local/lib/python3.10/dist-packages/rc_receiver_if/msg'...
[3.744s] -- Up-to-date: /workspace/install/rc_receiver_if/local/lib/python3.10/dist-packages/rc_receiver_if/rc_receiver_if_s__rosidl_typesupport_fastrtps_c.cpython-310-aarch64-linux-gnu.so
[3.745s] -- Up-to-date: /workspace/install/rc_receiver_if/local/lib/python3.10/dist-packages/rc_receiver_if/rc_receiver_if_s__rosidl_typesupport_introspection_c.cpython-310-aarch64-linux-gnu.so
[3.746s] -- Up-to-date: /workspace/install/rc_receiver_if/local/lib/python3.10/dist-packages/rc_receiver_if/rc_receiver_if_s__rosidl_typesupport_c.cpython-310-aarch64-linux-gnu.so
[3.746s] -- Up-to-date: /workspace/install/rc_receiver_if/lib/librc_receiver_if__rosidl_generator_py.so
[3.747s] -- Up-to-date: /workspace/install/rc_receiver_if/share/rc_receiver_if/msg/ReceiverData.idl
[3.747s] -- Up-to-date: /workspace/install/rc_receiver_if/share/rc_receiver_if/msg/ReceiverData.msg
[3.748s] -- Up-to-date: /workspace/install/rc_receiver_if/share/ament_index/resource_index/package_run_dependencies/rc_receiver_if
[3.748s] -- Up-to-date: /workspace/install/rc_receiver_if/share/ament_index/resource_index/parent_prefix_path/rc_receiver_if
[3.748s] -- Up-to-date: /workspace/install/rc_receiver_if/share/rc_receiver_if/environment/ament_prefix_path.sh
[3.748s] -- Up-to-date: /workspace/install/rc_receiver_if/share/rc_receiver_if/environment/ament_prefix_path.dsv
[3.750s] -- Up-to-date: /workspace/install/rc_receiver_if/share/rc_receiver_if/environment/path.sh
[3.750s] -- Up-to-date: /workspace/install/rc_receiver_if/share/rc_receiver_if/environment/path.dsv
[3.750s] -- Up-to-date: /workspace/install/rc_receiver_if/share/rc_receiver_if/local_setup.bash
[3.750s] -- Up-to-date: /workspace/install/rc_receiver_if/share/rc_receiver_if/local_setup.sh
[3.750s] -- Up-to-date: /workspace/install/rc_receiver_if/share/rc_receiver_if/local_setup.zsh
[3.751s] -- Up-to-date: /workspace/install/rc_receiver_if/share/rc_receiver_if/local_setup.dsv
[3.751s] -- Installing: /workspace/install/rc_receiver_if/share/rc_receiver_if/package.dsv
[3.751s] -- Up-to-date: /workspace/install/rc_receiver_if/share/ament_index/resource_index/packages/rc_receiver_if
[3.751s] -- Up-to-date: /workspace/install/rc_receiver_if/share/rc_receiver_if/cmake/export_rc_receiver_if__rosidl_generator_cExport.cmake
[3.752s] -- Up-to-date: /workspace/install/rc_receiver_if/share/rc_receiver_if/cmake/export_rc_receiver_if__rosidl_generator_cExport-noconfig.cmake
[3.752s] -- Up-to-date: /workspace/install/rc_receiver_if/share/rc_receiver_if/cmake/export_rc_receiver_if__rosidl_typesupport_fastrtps_cExport.cmake
[3.752s] -- Up-to-date: /workspace/install/rc_receiver_if/share/rc_receiver_if/cmake/export_rc_receiver_if__rosidl_typesupport_fastrtps_cExport-noconfig.cmake
[3.752s] -- Up-to-date: /workspace/install/rc_receiver_if/share/rc_receiver_if/cmake/rc_receiver_if__rosidl_typesupport_introspection_cExport.cmake
[3.752s] -- Up-to-date: /workspace/install/rc_receiver_if/share/rc_receiver_if/cmake/rc_receiver_if__rosidl_typesupport_introspection_cExport-noconfig.cmake
[3.753s] -- Up-to-date: /workspace/install/rc_receiver_if/share/rc_receiver_if/cmake/rc_receiver_if__rosidl_typesupport_cExport.cmake
[3.753s] -- Up-to-date: /workspace/install/rc_receiver_if/share/rc_receiver_if/cmake/rc_receiver_if__rosidl_typesupport_cExport-noconfig.cmake
[3.753s] -- Up-to-date: /workspace/install/rc_receiver_if/share/rc_receiver_if/cmake/export_rc_receiver_if__rosidl_generator_cppExport.cmake
[3.753s] -- Up-to-date: /workspace/install/rc_receiver_if/share/rc_receiver_if/cmake/export_rc_receiver_if__rosidl_typesupport_fastrtps_cppExport.cmake
[3.754s] -- Up-to-date: /workspace/install/rc_receiver_if/share/rc_receiver_if/cmake/export_rc_receiver_if__rosidl_typesupport_fastrtps_cppExport-noconfig.cmake
[3.754s] -- Up-to-date: /workspace/install/rc_receiver_if/share/rc_receiver_if/cmake/rc_receiver_if__rosidl_typesupport_introspection_cppExport.cmake
[3.754s] -- Up-to-date: /workspace/install/rc_receiver_if/share/rc_receiver_if/cmake/rc_receiver_if__rosidl_typesupport_introspection_cppExport-noconfig.cmake
[3.755s] -- Up-to-date: /workspace/install/rc_receiver_if/share/rc_receiver_if/cmake/rc_receiver_if__rosidl_typesupport_cppExport.cmake
[3.755s] -- Up-to-date: /workspace/install/rc_receiver_if/share/rc_receiver_if/cmake/rc_receiver_if__rosidl_typesupport_cppExport-noconfig.cmake
[3.758s] -- Up-to-date: /workspace/install/rc_receiver_if/share/rc_receiver_if/cmake/export_rc_receiver_if__rosidl_generator_pyExport.cmake
[3.758s] -- Up-to-date: /workspace/install/rc_receiver_if/share/rc_receiver_if/cmake/export_rc_receiver_if__rosidl_generator_pyExport-noconfig.cmake
[3.758s] -- Up-to-date: /workspace/install/rc_receiver_if/share/rc_receiver_if/cmake/rosidl_cmake-extras.cmake
[3.758s] -- Up-to-date: /workspace/install/rc_receiver_if/share/rc_receiver_if/cmake/ament_cmake_export_include_directories-extras.cmake
[3.759s] -- Up-to-date: /workspace/install/rc_receiver_if/share/rc_receiver_if/cmake/ament_cmake_export_libraries-extras.cmake
[3.759s] -- Up-to-date: /workspace/install/rc_receiver_if/share/rc_receiver_if/cmake/ament_cmake_export_targets-extras.cmake
[3.759s] -- Up-to-date: /workspace/install/rc_receiver_if/share/rc_receiver_if/cmake/rosidl_cmake_export_typesupport_targets-extras.cmake
[3.759s] -- Up-to-date: /workspace/install/rc_receiver_if/share/rc_receiver_if/cmake/ament_cmake_export_dependencies-extras.cmake
[3.760s] -- Up-to-date: /workspace/install/rc_receiver_if/share/rc_receiver_if/cmake/rosidl_cmake_export_typesupport_libraries-extras.cmake
[3.760s] -- Up-to-date: /workspace/install/rc_receiver_if/share/rc_receiver_if/cmake/rc_receiver_ifConfig.cmake
[3.760s] -- Up-to-date: /workspace/install/rc_receiver_if/share/rc_receiver_if/cmake/rc_receiver_ifConfig-version.cmake
[3.760s] -- Up-to-date: /workspace/install/rc_receiver_if/share/rc_receiver_if/package.xml
[3.848s] Invoked command in '/workspace/build/rc_receiver_if' returned '0': CMAKE_PREFIX_PATH=${CMAKE_PREFIX_PATH}:/workspace/install/visualization:/workspace/install/uwb_nls:/workspace/install/ultrasonic:/workspace/install/track:/workspace/install/record:/workspace/install/rc_receiver:/workspace/install/pixhawk_control:/workspace/install/motor:/workspace/install/camera /usr/local/bin/cmake --install /workspace/build/rc_receiver_if
