running egg_info
writing ../../build/my_robot_package/my_robot_package.egg-info/PKG-INFO
writing dependency_links to ../../build/my_robot_package/my_robot_package.egg-info/dependency_links.txt
writing entry points to ../../build/my_robot_package/my_robot_package.egg-info/entry_points.txt
writing requirements to ../../build/my_robot_package/my_robot_package.egg-info/requires.txt
writing top-level names to ../../build/my_robot_package/my_robot_package.egg-info/top_level.txt
reading manifest file '../../build/my_robot_package/my_robot_package.egg-info/SOURCES.txt'
writing manifest file '../../build/my_robot_package/my_robot_package.egg-info/SOURCES.txt'
running build
running build_py
copying my_robot_package/control_motor.py -> /home/jimmy/work/build/my_robot_package/build/lib/my_robot_package
running install
running install_lib
copying /home/jimmy/work/build/my_robot_package/build/lib/my_robot_package/control_motor.py -> /home/jimmy/work/install/my_robot_package/lib/python3.10/site-packages/my_robot_package
byte-compiling /home/jimmy/work/install/my_robot_package/lib/python3.10/site-packages/my_robot_package/motor_control.py to motor_control.cpython-310.pyc
byte-compiling /home/jimmy/work/install/my_robot_package/lib/python3.10/site-packages/my_robot_package/control_motor.py to control_motor.cpython-310.pyc
running install_data
running install_egg_info
removing '/home/jimmy/work/install/my_robot_package/lib/python3.10/site-packages/my_robot_package-0.0.0-py3.10.egg-info' (and everything under it)
Copying ../../build/my_robot_package/my_robot_package.egg-info to /home/jimmy/work/install/my_robot_package/lib/python3.10/site-packages/my_robot_package-0.0.0-py3.10.egg-info
running install_scripts
Installing control_motor script to /home/jimmy/work/install/my_robot_package/lib/my_robot_package
Installing ros2_publisher script to /home/jimmy/work/install/my_robot_package/lib/my_robot_package
Installing ros2_subsciber script to /home/jimmy/work/install/my_robot_package/lib/my_robot_package
writing list of installed files to '/home/jimmy/work/build/my_robot_package/install.log'
