[0.007s] Invoking command in '/home/jimmy/work/docker/build/dynamixel_sdk_examples': AMENT_PREFIX_PATH=/home/jimmy/work/docker/install/dynamixel_sdk_custom_interfaces:/home/jimmy/work/docker/install/dynamixel_sdk:${AMENT_PREFIX_PATH} CMAKE_PREFIX_PATH=/home/jimmy/work/docker/install/dynamixel_sdk_custom_interfaces:/home/jimmy/work/docker/install/dynamixel_sdk:/opt/ros/humble LD_LIBRARY_PATH=/home/jimmy/work/docker/install/dynamixel_sdk_custom_interfaces/lib:/home/jimmy/work/docker/install/dynamixel_sdk/lib:${LD_LIBRARY_PATH} PYTHONPATH=/home/jimmy/work/docker/install/dynamixel_sdk_custom_interfaces/local/lib/python3.10/dist-packages:${PYTHONPATH} /usr/bin/cmake /home/jimmy/work/docker/DynamixelSDK/dynamixel_sdk_examples -DCMAKE_INSTALL_PREFIX=/home/jimmy/work/docker/install/dynamixel_sdk_examples
[0.036s] -- The C compiler identification is GNU 11.4.0
[0.068s] -- The CXX compiler identification is GNU 11.4.0
[0.073s] -- Detecting C compiler ABI info
[0.110s] -- Detecting C compiler ABI info - done
[0.114s] -- Check for working C compiler: /usr/bin/cc - skipped
[0.115s] -- Detecting C compile features
[0.115s] -- Detecting C compile features - done
[0.117s] -- Detecting CXX compiler ABI info
[0.162s] -- Detecting CXX compiler ABI info - done
[0.167s] -- Check for working CXX compiler: /usr/bin/c++ - skipped
[0.167s] -- Detecting CXX compile features
[0.167s] -- Detecting CXX compile features - done
[0.169s] -- Found ament_cmake: 1.3.10 (/opt/ros/humble/share/ament_cmake/cmake)
[0.260s] -- Found Python3: /usr/bin/python3 (found version "3.10.12") found components: Interpreter 
[0.313s] -- Found dynamixel_sdk: 3.7.60 (/home/jimmy/work/docker/install/dynamixel_sdk/share/dynamixel_sdk/cmake)
[0.314s] -- Found dynamixel_sdk_custom_interfaces: 3.7.60 (/home/jimmy/work/docker/install/dynamixel_sdk_custom_interfaces/share/dynamixel_sdk_custom_interfaces/cmake)
[0.335s] -- Found rosidl_generator_c: 3.1.5 (/opt/ros/humble/share/rosidl_generator_c/cmake)
[0.339s] -- Found rosidl_adapter: 3.1.5 (/opt/ros/humble/share/rosidl_adapter/cmake)
[0.344s] -- Found rosidl_generator_cpp: 3.1.5 (/opt/ros/humble/share/rosidl_generator_cpp/cmake)
[0.351s] -- Using all available rosidl_typesupport_c: rosidl_typesupport_fastrtps_c;rosidl_typesupport_introspection_c
[0.362s] -- Using all available rosidl_typesupport_cpp: rosidl_typesupport_fastrtps_cpp;rosidl_typesupport_introspection_cpp
[0.379s] -- Found rclcpp: 16.0.10 (/opt/ros/humble/share/rclcpp/cmake)
[0.412s] -- Found rmw_implementation_cmake: 6.1.2 (/opt/ros/humble/share/rmw_implementation_cmake/cmake)
[0.415s] -- Found rmw_cyclonedds_cpp: 1.3.4 (/opt/ros/humble/share/rmw_cyclonedds_cpp/cmake)
[0.436s] -- Using RMW implementation 'rmw_cyclonedds_cpp' as default
[0.444s] -- Looking for pthread.h
[0.485s] -- Looking for pthread.h - found
[0.485s] -- Performing Test CMAKE_HAVE_LIBC_PTHREAD
[0.526s] -- Performing Test CMAKE_HAVE_LIBC_PTHREAD - Success
[0.527s] -- Found Threads: TRUE  
[0.568s] -- Found ament_lint_auto: 0.12.11 (/opt/ros/humble/share/ament_lint_auto/cmake)
[0.623s] -- Added test 'copyright' to check source files copyright and LICENSE
[0.624s] -- Added test 'cppcheck' to perform static code analysis on C / C++ code
[0.624s] -- Configured cppcheck include dirs: /home/jimmy/work/docker/DynamixelSDK/dynamixel_sdk_examples/include
[0.624s] -- Configured cppcheck exclude dirs and/or files: 
[0.625s] -- Added test 'cpplint' to check C / C++ code against the Google style
[0.625s] -- Configured cpplint exclude dirs and/or files: 
[0.625s] -- Added test 'lint_cmake' to check CMake code style
[0.626s] -- Added test 'uncrustify' to check C / C++ code style
[0.626s] -- Configured uncrustify additional arguments: 
[0.626s] -- Added test 'xmllint' to check XML markup files
[0.627s] -- Configuring done
[0.632s] -- Generating done
[0.633s] -- Build files have been written to: /home/jimmy/work/docker/build/dynamixel_sdk_examples
[0.640s] Invoked command in '/home/jimmy/work/docker/build/dynamixel_sdk_examples' returned '0': AMENT_PREFIX_PATH=/home/jimmy/work/docker/install/dynamixel_sdk_custom_interfaces:/home/jimmy/work/docker/install/dynamixel_sdk:${AMENT_PREFIX_PATH} CMAKE_PREFIX_PATH=/home/jimmy/work/docker/install/dynamixel_sdk_custom_interfaces:/home/jimmy/work/docker/install/dynamixel_sdk:/opt/ros/humble LD_LIBRARY_PATH=/home/jimmy/work/docker/install/dynamixel_sdk_custom_interfaces/lib:/home/jimmy/work/docker/install/dynamixel_sdk/lib:${LD_LIBRARY_PATH} PYTHONPATH=/home/jimmy/work/docker/install/dynamixel_sdk_custom_interfaces/local/lib/python3.10/dist-packages:${PYTHONPATH} /usr/bin/cmake /home/jimmy/work/docker/DynamixelSDK/dynamixel_sdk_examples -DCMAKE_INSTALL_PREFIX=/home/jimmy/work/docker/install/dynamixel_sdk_examples
[0.640s] Invoking command in '/home/jimmy/work/docker/build/dynamixel_sdk_examples': AMENT_PREFIX_PATH=/home/jimmy/work/docker/install/dynamixel_sdk_custom_interfaces:/home/jimmy/work/docker/install/dynamixel_sdk:${AMENT_PREFIX_PATH} CMAKE_PREFIX_PATH=/home/jimmy/work/docker/install/dynamixel_sdk_custom_interfaces:/home/jimmy/work/docker/install/dynamixel_sdk:/opt/ros/humble LD_LIBRARY_PATH=/home/jimmy/work/docker/install/dynamixel_sdk_custom_interfaces/lib:/home/jimmy/work/docker/install/dynamixel_sdk/lib:${LD_LIBRARY_PATH} PYTHONPATH=/home/jimmy/work/docker/install/dynamixel_sdk_custom_interfaces/local/lib/python3.10/dist-packages:${PYTHONPATH} /usr/bin/cmake --build /home/jimmy/work/docker/build/dynamixel_sdk_examples -- -j20 -l20
[0.666s] [ 50%] [32mBuilding CXX object CMakeFiles/read_write_node.dir/src/read_write_node.cpp.o[0m
[5.185s] [100%] [32m[1mLinking CXX executable read_write_node[0m
[5.398s] [100%] Built target read_write_node
[5.409s] Invoked command in '/home/jimmy/work/docker/build/dynamixel_sdk_examples' returned '0': AMENT_PREFIX_PATH=/home/jimmy/work/docker/install/dynamixel_sdk_custom_interfaces:/home/jimmy/work/docker/install/dynamixel_sdk:${AMENT_PREFIX_PATH} CMAKE_PREFIX_PATH=/home/jimmy/work/docker/install/dynamixel_sdk_custom_interfaces:/home/jimmy/work/docker/install/dynamixel_sdk:/opt/ros/humble LD_LIBRARY_PATH=/home/jimmy/work/docker/install/dynamixel_sdk_custom_interfaces/lib:/home/jimmy/work/docker/install/dynamixel_sdk/lib:${LD_LIBRARY_PATH} PYTHONPATH=/home/jimmy/work/docker/install/dynamixel_sdk_custom_interfaces/local/lib/python3.10/dist-packages:${PYTHONPATH} /usr/bin/cmake --build /home/jimmy/work/docker/build/dynamixel_sdk_examples -- -j20 -l20
[5.422s] Invoking command in '/home/jimmy/work/docker/build/dynamixel_sdk_examples': AMENT_PREFIX_PATH=/home/jimmy/work/docker/install/dynamixel_sdk_custom_interfaces:/home/jimmy/work/docker/install/dynamixel_sdk:${AMENT_PREFIX_PATH} CMAKE_PREFIX_PATH=/home/jimmy/work/docker/install/dynamixel_sdk_custom_interfaces:/home/jimmy/work/docker/install/dynamixel_sdk:/opt/ros/humble LD_LIBRARY_PATH=/home/jimmy/work/docker/install/dynamixel_sdk_custom_interfaces/lib:/home/jimmy/work/docker/install/dynamixel_sdk/lib:${LD_LIBRARY_PATH} PYTHONPATH=/home/jimmy/work/docker/install/dynamixel_sdk_custom_interfaces/local/lib/python3.10/dist-packages:${PYTHONPATH} /usr/bin/cmake --install /home/jimmy/work/docker/build/dynamixel_sdk_examples
[5.426s] -- Install configuration: ""
[5.426s] -- Installing: /home/jimmy/work/docker/install/dynamixel_sdk_examples/lib/dynamixel_sdk_examples/read_write_node
[5.428s] -- Set runtime path of "/home/jimmy/work/docker/install/dynamixel_sdk_examples/lib/dynamixel_sdk_examples/read_write_node" to ""
[5.428s] -- Installing: /home/jimmy/work/docker/install/dynamixel_sdk_examples/share/ament_index/resource_index/package_run_dependencies/dynamixel_sdk_examples
[5.428s] -- Installing: /home/jimmy/work/docker/install/dynamixel_sdk_examples/share/ament_index/resource_index/parent_prefix_path/dynamixel_sdk_examples
[5.428s] -- Installing: /home/jimmy/work/docker/install/dynamixel_sdk_examples/share/dynamixel_sdk_examples/environment/ament_prefix_path.sh
[5.428s] -- Installing: /home/jimmy/work/docker/install/dynamixel_sdk_examples/share/dynamixel_sdk_examples/environment/ament_prefix_path.dsv
[5.428s] -- Installing: /home/jimmy/work/docker/install/dynamixel_sdk_examples/share/dynamixel_sdk_examples/environment/path.sh
[5.428s] -- Installing: /home/jimmy/work/docker/install/dynamixel_sdk_examples/share/dynamixel_sdk_examples/environment/path.dsv
[5.428s] -- Installing: /home/jimmy/work/docker/install/dynamixel_sdk_examples/share/dynamixel_sdk_examples/local_setup.bash
[5.428s] -- Installing: /home/jimmy/work/docker/install/dynamixel_sdk_examples/share/dynamixel_sdk_examples/local_setup.sh
[5.428s] -- Installing: /home/jimmy/work/docker/install/dynamixel_sdk_examples/share/dynamixel_sdk_examples/local_setup.zsh
[5.428s] -- Installing: /home/jimmy/work/docker/install/dynamixel_sdk_examples/share/dynamixel_sdk_examples/local_setup.dsv
[5.428s] -- Installing: /home/jimmy/work/docker/install/dynamixel_sdk_examples/share/dynamixel_sdk_examples/package.dsv
[5.428s] -- Installing: /home/jimmy/work/docker/install/dynamixel_sdk_examples/share/ament_index/resource_index/packages/dynamixel_sdk_examples
[5.429s] -- Installing: /home/jimmy/work/docker/install/dynamixel_sdk_examples/share/dynamixel_sdk_examples/cmake/dynamixel_sdk_examplesConfig.cmake
[5.429s] -- Installing: /home/jimmy/work/docker/install/dynamixel_sdk_examples/share/dynamixel_sdk_examples/cmake/dynamixel_sdk_examplesConfig-version.cmake
[5.429s] -- Installing: /home/jimmy/work/docker/install/dynamixel_sdk_examples/share/dynamixel_sdk_examples/package.xml
[5.429s] Invoked command in '/home/jimmy/work/docker/build/dynamixel_sdk_examples' returned '0': AMENT_PREFIX_PATH=/home/jimmy/work/docker/install/dynamixel_sdk_custom_interfaces:/home/jimmy/work/docker/install/dynamixel_sdk:${AMENT_PREFIX_PATH} CMAKE_PREFIX_PATH=/home/jimmy/work/docker/install/dynamixel_sdk_custom_interfaces:/home/jimmy/work/docker/install/dynamixel_sdk:/opt/ros/humble LD_LIBRARY_PATH=/home/jimmy/work/docker/install/dynamixel_sdk_custom_interfaces/lib:/home/jimmy/work/docker/install/dynamixel_sdk/lib:${LD_LIBRARY_PATH} PYTHONPATH=/home/jimmy/work/docker/install/dynamixel_sdk_custom_interfaces/local/lib/python3.10/dist-packages:${PYTHONPATH} /usr/bin/cmake --install /home/jimmy/work/docker/build/dynamixel_sdk_examples
