[0.677s] Invoking command in '/home/jimmy/work/docker/my_robot_package': PYTHONPATH=/home/jimmy/work/build/my_robot_package/prefix_override:/usr/lib/python3/dist-packages/colcon_core/task/python/colcon_distutils_commands:/home/jimmy/work/install/my_robot_package/lib/python3.10/site-packages:${PYTHONPATH} /usr/bin/python3 -W ignore:setup.py install is deprecated setup.py egg_info --egg-base ../../build/my_robot_package build --build-base /home/jimmy/work/build/my_robot_package/build install --record /home/jimmy/work/build/my_robot_package/install.log --single-version-externally-managed install_data
[0.838s] running egg_info
[0.838s] writing ../../build/my_robot_package/my_robot_package.egg-info/PKG-INFO
[0.838s] writing dependency_links to ../../build/my_robot_package/my_robot_package.egg-info/dependency_links.txt
[0.838s] writing entry points to ../../build/my_robot_package/my_robot_package.egg-info/entry_points.txt
[0.839s] writing requirements to ../../build/my_robot_package/my_robot_package.egg-info/requires.txt
[0.839s] writing top-level names to ../../build/my_robot_package/my_robot_package.egg-info/top_level.txt
[0.840s] reading manifest file '../../build/my_robot_package/my_robot_package.egg-info/SOURCES.txt'
[0.841s] writing manifest file '../../build/my_robot_package/my_robot_package.egg-info/SOURCES.txt'
[0.841s] running build
[0.841s] running build_py
[0.841s] running install
[0.841s] running install_lib
[0.842s] byte-compiling /home/jimmy/work/install/my_robot_package/lib/python3.10/site-packages/my_robot_package/motor_control.py to motor_control.cpython-310.pyc
[0.843s] Sorry: IndentationError: expected an indented block after function definition on line 33 (motor_control.py, line 36)
[0.843s] running install_data
[0.843s] running install_egg_info
[0.844s] removing '/home/jimmy/work/install/my_robot_package/lib/python3.10/site-packages/my_robot_package-0.0.0-py3.10.egg-info' (and everything under it)
[0.844s] Copying ../../build/my_robot_package/my_robot_package.egg-info to /home/jimmy/work/install/my_robot_package/lib/python3.10/site-packages/my_robot_package-0.0.0-py3.10.egg-info
[0.845s] running install_scripts
[0.858s] Installing control_motor script to /home/jimmy/work/install/my_robot_package/lib/my_robot_package
[0.859s] Installing ros2_publisher script to /home/jimmy/work/install/my_robot_package/lib/my_robot_package
[0.859s] Installing ros2_subsciber script to /home/jimmy/work/install/my_robot_package/lib/my_robot_package
[0.859s] writing list of installed files to '/home/jimmy/work/build/my_robot_package/install.log'
[0.877s] Invoked command in '/home/jimmy/work/docker/my_robot_package' returned '0': PYTHONPATH=/home/jimmy/work/build/my_robot_package/prefix_override:/usr/lib/python3/dist-packages/colcon_core/task/python/colcon_distutils_commands:/home/jimmy/work/install/my_robot_package/lib/python3.10/site-packages:${PYTHONPATH} /usr/bin/python3 -W ignore:setup.py install is deprecated setup.py egg_info --egg-base ../../build/my_robot_package build --build-base /home/jimmy/work/build/my_robot_package/build install --record /home/jimmy/work/build/my_robot_package/install.log --single-version-externally-managed install_data
