[5.061s] Invoking command in '/workspace/src/motor_control/motor': PYTHONPATH=/workspace/build/motor/prefix_override:/usr/lib/python3/dist-packages/colcon_core/task/python/colcon_distutils_commands:/workspace/install/motor/lib/python3.10/site-packages:${PYTHONPATH} /usr/bin/python3 -W ignore:setup.py install is deprecated setup.py egg_info --egg-base ../../../build/motor build --build-base /workspace/build/motor/build install --record /workspace/build/motor/install.log --single-version-externally-managed install_data
[6.524s] running egg_info
[6.524s] writing ../../../build/motor/motor.egg-info/PKG-INFO
[6.525s] writing dependency_links to ../../../build/motor/motor.egg-info/dependency_links.txt
[6.525s] writing entry points to ../../../build/motor/motor.egg-info/entry_points.txt
[6.525s] writing requirements to ../../../build/motor/motor.egg-info/requires.txt
[6.525s] writing top-level names to ../../../build/motor/motor.egg-info/top_level.txt
[6.525s] reading manifest file '../../../build/motor/motor.egg-info/SOURCES.txt'
[6.525s] writing manifest file '../../../build/motor/motor.egg-info/SOURCES.txt'
[6.525s] running build
[6.525s] running build_py
[6.525s] copying motor/motor.py -> /workspace/build/motor/build/lib/motor
[6.525s] copying motor/find_motor.py -> /workspace/build/motor/build/lib/motor
[6.526s] copying motor/__init__.py -> /workspace/build/motor/build/lib/motor
[6.526s] running install
[6.526s] running install_lib
[6.526s] running install_data
[6.526s] copying resource/motor -> /workspace/install/motor/share/ament_index/resource_index/packages
[6.526s] copying package.xml -> /workspace/install/motor/share/motor
[6.536s] running install_egg_info
[6.536s] removing '/workspace/install/motor/lib/python3.10/site-packages/motor-0.0.0-py3.10.egg-info' (and everything under it)
[6.536s] Copying ../../../build/motor/motor.egg-info to /workspace/install/motor/lib/python3.10/site-packages/motor-0.0.0-py3.10.egg-info
[6.536s] running install_scripts
[6.537s] /usr/local/lib/python3.10/dist-packages/setuptools/_distutils/dist.py:261: UserWarning: Unknown distribution option: 'tests_require'
[6.537s]   warnings.warn(msg)
[6.613s] Installing find_motor script to /workspace/install/motor/lib/motor
[6.613s] Installing motor_drive_node script to /workspace/install/motor/lib/motor
[6.614s] writing list of installed files to '/workspace/build/motor/install.log'
[8.847s] Invoked command in '/workspace/src/motor_control/motor' returned '0': PYTHONPATH=/workspace/build/motor/prefix_override:/usr/lib/python3/dist-packages/colcon_core/task/python/colcon_distutils_commands:/workspace/install/motor/lib/python3.10/site-packages:${PYTHONPATH} /usr/bin/python3 -W ignore:setup.py install is deprecated setup.py egg_info --egg-base ../../../build/motor build --build-base /workspace/build/motor/build install --record /workspace/build/motor/install.log --single-version-externally-managed install_data
