/usr/local/lib/python3.10/dist-packages/setuptools/_distutils/dist.py:261: UserWarning: Unknown distribution option: 'tests_require'
  warnings.warn(msg)
running egg_info
writing ../../build/visualization/visualization.egg-info/PKG-INFO
writing dependency_links to ../../build/visualization/visualization.egg-info/dependency_links.txt
writing entry points to ../../build/visualization/visualization.egg-info/entry_points.txt
writing requirements to ../../build/visualization/visualization.egg-info/requires.txt
writing top-level names to ../../build/visualization/visualization.egg-info/top_level.txt
reading manifest file '../../build/visualization/visualization.egg-info/SOURCES.txt'
writing manifest file '../../build/visualization/visualization.egg-info/SOURCES.txt'
running build
running build_py
copying visualization/visual.py -> /workspace/build/visualization/build/lib/visualization
copying visualization/__init__.py -> /workspace/build/visualization/build/lib/visualization
copying visualization/sim_node.py -> /workspace/build/visualization/build/lib/visualization
running install
running install_lib
running install_data
copying resource/visualization -> /workspace/install/visualization/share/ament_index/resource_index/packages
copying package.xml -> /workspace/install/visualization/share/visualization
copying launch/main_launch.py -> /workspace/install/visualization/share/visualization/launch
running install_egg_info
removing '/workspace/install/visualization/lib/python3.10/site-packages/visualization-0.0.0-py3.10.egg-info' (and everything under it)
Copying ../../build/visualization/visualization.egg-info to /workspace/install/visualization/lib/python3.10/site-packages/visualization-0.0.0-py3.10.egg-info
running install_scripts
Installing sim_node script to /workspace/install/visualization/lib/visualization
Installing visual script to /workspace/install/visualization/lib/visualization
writing list of installed files to '/workspace/build/visualization/install.log'
