[2.694s] Invoking command in '/workspace/src/visualization': PYTHONPATH=/workspace/build/visualization/prefix_override:/usr/lib/python3/dist-packages/colcon_core/task/python/colcon_distutils_commands:/workspace/install/visualization/lib/python3.10/site-packages:${PYTHONPATH} /usr/bin/python3 -W ignore:setup.py install is deprecated -W ignore:easy_install command is deprecated setup.py egg_info --egg-base ../../build/visualization build --build-base /workspace/build/visualization/build install --record /workspace/build/visualization/install.log --single-version-externally-managed install_data
[3.022s] running egg_info
[3.022s] writing ../../build/visualization/visualization.egg-info/PKG-INFO
[3.023s] writing dependency_links to ../../build/visualization/visualization.egg-info/dependency_links.txt
[3.026s] writing entry points to ../../build/visualization/visualization.egg-info/entry_points.txt
[3.027s] writing requirements to ../../build/visualization/visualization.egg-info/requires.txt
[3.027s] writing top-level names to ../../build/visualization/visualization.egg-info/top_level.txt
[3.027s] reading manifest file '../../build/visualization/visualization.egg-info/SOURCES.txt'
[3.027s] writing manifest file '../../build/visualization/visualization.egg-info/SOURCES.txt'
[3.027s] running build
[3.027s] running build_py
[3.028s] running install
[3.028s] running install_lib
[3.030s] running install_data
[3.030s] running install_egg_info
[3.033s] removing '/workspace/install/visualization/lib/python3.10/site-packages/visualization-0.0.0-py3.10.egg-info' (and everything under it)
[3.033s] Copying ../../build/visualization/visualization.egg-info to /workspace/install/visualization/lib/python3.10/site-packages/visualization-0.0.0-py3.10.egg-info
[3.036s] running install_scripts
[3.069s] Installing sim_node script to /workspace/install/visualization/lib/visualization
[3.069s] Installing visual script to /workspace/install/visualization/lib/visualization
[3.069s] writing list of installed files to '/workspace/build/visualization/install.log'
[3.106s] Invoked command in '/workspace/src/visualization' returned '0': PYTHONPATH=/workspace/build/visualization/prefix_override:/usr/lib/python3/dist-packages/colcon_core/task/python/colcon_distutils_commands:/workspace/install/visualization/lib/python3.10/site-packages:${PYTHONPATH} /usr/bin/python3 -W ignore:setup.py install is deprecated -W ignore:easy_install command is deprecated setup.py egg_info --egg-base ../../build/visualization build --build-base /workspace/build/visualization/build install --record /workspace/build/visualization/install.log --single-version-externally-managed install_data
