running egg_info
writing ../../build/obstacle_detect_last/obstacle_detect_last.egg-info/PKG-INFO
writing dependency_links to ../../build/obstacle_detect_last/obstacle_detect_last.egg-info/dependency_links.txt
writing entry points to ../../build/obstacle_detect_last/obstacle_detect_last.egg-info/entry_points.txt
writing requirements to ../../build/obstacle_detect_last/obstacle_detect_last.egg-info/requires.txt
writing top-level names to ../../build/obstacle_detect_last/obstacle_detect_last.egg-info/top_level.txt
reading manifest file '../../build/obstacle_detect_last/obstacle_detect_last.egg-info/SOURCES.txt'
writing manifest file '../../build/obstacle_detect_last/obstacle_detect_last.egg-info/SOURCES.txt'
running build
running build_py
running install
running install_lib
running install_data
running install_egg_info
removing '/workspace/install/obstacle_detect_last/lib/python3.10/site-packages/obstacle_detect_last-0.0.0-py3.10.egg-info' (and everything under it)
Copying ../../build/obstacle_detect_last/obstacle_detect_last.egg-info to /workspace/install/obstacle_detect_last/lib/python3.10/site-packages/obstacle_detect_last-0.0.0-py3.10.egg-info
running install_scripts
Installing obs_detect script to /workspace/install/obstacle_detect_last/lib/obstacle_detect_last
Installing obs_draw script to /workspace/install/obstacle_detect_last/lib/obstacle_detect_last
Installing open_rs script to /workspace/install/obstacle_detect_last/lib/obstacle_detect_last
writing list of installed files to '/workspace/build/obstacle_detect_last/install.log'
