running egg_info
creating ../../build/uwb_nls/uwb_nls.egg-info
writing ../../build/uwb_nls/uwb_nls.egg-info/PKG-INFO
writing dependency_links to ../../build/uwb_nls/uwb_nls.egg-info/dependency_links.txt
writing entry points to ../../build/uwb_nls/uwb_nls.egg-info/entry_points.txt
writing requirements to ../../build/uwb_nls/uwb_nls.egg-info/requires.txt
writing top-level names to ../../build/uwb_nls/uwb_nls.egg-info/top_level.txt
writing manifest file '../../build/uwb_nls/uwb_nls.egg-info/SOURCES.txt'
reading manifest file '../../build/uwb_nls/uwb_nls.egg-info/SOURCES.txt'
writing manifest file '../../build/uwb_nls/uwb_nls.egg-info/SOURCES.txt'
running build
running build_py
creating /workspace/build/uwb_nls/build
creating /workspace/build/uwb_nls/build/lib
creating /workspace/build/uwb_nls/build/lib/uwb_nls
copying uwb_nls/uwb_last_filter_nls.py -> /workspace/build/uwb_nls/build/lib/uwb_nls
copying uwb_nls/position_nls.py -> /workspace/build/uwb_nls/build/lib/uwb_nls
copying uwb_nls/__init__.py -> /workspace/build/uwb_nls/build/lib/uwb_nls
copying uwb_nls/uwb_visualization.py -> /workspace/build/uwb_nls/build/lib/uwb_nls
running install
running install_lib
creating /workspace/install/uwb_nls/lib/python3.10/site-packages/uwb_nls
copying /workspace/build/uwb_nls/build/lib/uwb_nls/uwb_last_filter_nls.py -> /workspace/install/uwb_nls/lib/python3.10/site-packages/uwb_nls
copying /workspace/build/uwb_nls/build/lib/uwb_nls/position_nls.py -> /workspace/install/uwb_nls/lib/python3.10/site-packages/uwb_nls
copying /workspace/build/uwb_nls/build/lib/uwb_nls/__init__.py -> /workspace/install/uwb_nls/lib/python3.10/site-packages/uwb_nls
copying /workspace/build/uwb_nls/build/lib/uwb_nls/uwb_visualization.py -> /workspace/install/uwb_nls/lib/python3.10/site-packages/uwb_nls
byte-compiling /workspace/install/uwb_nls/lib/python3.10/site-packages/uwb_nls/uwb_last_filter_nls.py to uwb_last_filter_nls.cpython-310.pyc
byte-compiling /workspace/install/uwb_nls/lib/python3.10/site-packages/uwb_nls/position_nls.py to position_nls.cpython-310.pyc
byte-compiling /workspace/install/uwb_nls/lib/python3.10/site-packages/uwb_nls/__init__.py to __init__.cpython-310.pyc
byte-compiling /workspace/install/uwb_nls/lib/python3.10/site-packages/uwb_nls/uwb_visualization.py to uwb_visualization.cpython-310.pyc
running install_data
creating /workspace/install/uwb_nls/share/ament_index
creating /workspace/install/uwb_nls/share/ament_index/resource_index
creating /workspace/install/uwb_nls/share/ament_index/resource_index/packages
copying resource/uwb_nls -> /workspace/install/uwb_nls/share/ament_index/resource_index/packages
copying package.xml -> /workspace/install/uwb_nls/share/uwb_nls
running install_egg_info
Copying ../../build/uwb_nls/uwb_nls.egg-info to /workspace/install/uwb_nls/lib/python3.10/site-packages/uwb_nls-0.0.0-py3.10.egg-info
running install_scripts
Installing filter_node_nls script to /workspace/install/uwb_nls/lib/uwb_nls
Installing position_nls script to /workspace/install/uwb_nls/lib/uwb_nls
Installing visualization_all script to /workspace/install/uwb_nls/lib/uwb_nls
writing list of installed files to '/workspace/build/uwb_nls/install.log'
