[1.906s] Invoking command in '/workspace/src/uwb_nls': PYTHONPATH=/workspace/build/uwb_nls/prefix_override:/usr/lib/python3/dist-packages/colcon_core/task/python/colcon_distutils_commands:/workspace/install/uwb_nls/lib/python3.10/site-packages:${PYTHONPATH} /usr/bin/python3 -W ignore:setup.py install is deprecated -W ignore:easy_install command is deprecated setup.py egg_info --egg-base ../../build/uwb_nls build --build-base /workspace/build/uwb_nls/build install --record /workspace/build/uwb_nls/install.log --single-version-externally-managed install_data
[2.125s] running egg_info
[2.125s] creating ../../build/uwb_nls/uwb_nls.egg-info
[2.126s] writing ../../build/uwb_nls/uwb_nls.egg-info/PKG-INFO
[2.126s] writing dependency_links to ../../build/uwb_nls/uwb_nls.egg-info/dependency_links.txt
[2.126s] writing entry points to ../../build/uwb_nls/uwb_nls.egg-info/entry_points.txt
[2.126s] writing requirements to ../../build/uwb_nls/uwb_nls.egg-info/requires.txt
[2.126s] writing top-level names to ../../build/uwb_nls/uwb_nls.egg-info/top_level.txt
[2.127s] writing manifest file '../../build/uwb_nls/uwb_nls.egg-info/SOURCES.txt'
[2.129s] reading manifest file '../../build/uwb_nls/uwb_nls.egg-info/SOURCES.txt'
[2.130s] writing manifest file '../../build/uwb_nls/uwb_nls.egg-info/SOURCES.txt'
[2.130s] running build
[2.130s] running build_py
[2.130s] creating /workspace/build/uwb_nls/build
[2.130s] creating /workspace/build/uwb_nls/build/lib
[2.131s] creating /workspace/build/uwb_nls/build/lib/uwb_nls
[2.131s] copying uwb_nls/uwb_last_filter_nls.py -> /workspace/build/uwb_nls/build/lib/uwb_nls
[2.131s] copying uwb_nls/position_nls.py -> /workspace/build/uwb_nls/build/lib/uwb_nls
[2.131s] copying uwb_nls/__init__.py -> /workspace/build/uwb_nls/build/lib/uwb_nls
[2.131s] copying uwb_nls/uwb_visualization.py -> /workspace/build/uwb_nls/build/lib/uwb_nls
[2.131s] running install
[2.132s] running install_lib
[2.133s] creating /workspace/install/uwb_nls/lib/python3.10/site-packages/uwb_nls
[2.133s] copying /workspace/build/uwb_nls/build/lib/uwb_nls/uwb_last_filter_nls.py -> /workspace/install/uwb_nls/lib/python3.10/site-packages/uwb_nls
[2.133s] copying /workspace/build/uwb_nls/build/lib/uwb_nls/position_nls.py -> /workspace/install/uwb_nls/lib/python3.10/site-packages/uwb_nls
[2.133s] copying /workspace/build/uwb_nls/build/lib/uwb_nls/__init__.py -> /workspace/install/uwb_nls/lib/python3.10/site-packages/uwb_nls
[2.133s] copying /workspace/build/uwb_nls/build/lib/uwb_nls/uwb_visualization.py -> /workspace/install/uwb_nls/lib/python3.10/site-packages/uwb_nls
[2.134s] byte-compiling /workspace/install/uwb_nls/lib/python3.10/site-packages/uwb_nls/uwb_last_filter_nls.py to uwb_last_filter_nls.cpython-310.pyc
[2.135s] byte-compiling /workspace/install/uwb_nls/lib/python3.10/site-packages/uwb_nls/position_nls.py to position_nls.cpython-310.pyc
[2.136s] byte-compiling /workspace/install/uwb_nls/lib/python3.10/site-packages/uwb_nls/__init__.py to __init__.cpython-310.pyc
[2.136s] byte-compiling /workspace/install/uwb_nls/lib/python3.10/site-packages/uwb_nls/uwb_visualization.py to uwb_visualization.cpython-310.pyc
[2.137s] running install_data
[2.137s] creating /workspace/install/uwb_nls/share/ament_index
[2.137s] creating /workspace/install/uwb_nls/share/ament_index/resource_index
[2.137s] creating /workspace/install/uwb_nls/share/ament_index/resource_index/packages
[2.138s] copying resource/uwb_nls -> /workspace/install/uwb_nls/share/ament_index/resource_index/packages
[2.138s] copying package.xml -> /workspace/install/uwb_nls/share/uwb_nls
[2.138s] running install_egg_info
[2.140s] Copying ../../build/uwb_nls/uwb_nls.egg-info to /workspace/install/uwb_nls/lib/python3.10/site-packages/uwb_nls-0.0.0-py3.10.egg-info
[2.141s] running install_scripts
[2.174s] Installing filter_node_nls script to /workspace/install/uwb_nls/lib/uwb_nls
[2.174s] Installing position_nls script to /workspace/install/uwb_nls/lib/uwb_nls
[2.174s] Installing visualization_all script to /workspace/install/uwb_nls/lib/uwb_nls
[2.175s] writing list of installed files to '/workspace/build/uwb_nls/install.log'
[2.216s] Invoked command in '/workspace/src/uwb_nls' returned '0': PYTHONPATH=/workspace/build/uwb_nls/prefix_override:/usr/lib/python3/dist-packages/colcon_core/task/python/colcon_distutils_commands:/workspace/install/uwb_nls/lib/python3.10/site-packages:${PYTHONPATH} /usr/bin/python3 -W ignore:setup.py install is deprecated -W ignore:easy_install command is deprecated setup.py egg_info --egg-base ../../build/uwb_nls build --build-base /workspace/build/uwb_nls/build install --record /workspace/build/uwb_nls/install.log --single-version-externally-managed install_data
