[4.286s] Invoking command in '/workspace/src/record': PYTHONPATH=/workspace/build/record/prefix_override:/usr/lib/python3/dist-packages/colcon_core/task/python/colcon_distutils_commands:/workspace/install/record/lib/python3.10/site-packages:${PYTHONPATH} /usr/bin/python3 -W ignore:setup.py install is deprecated setup.py egg_info --egg-base ../../build/record build --build-base /workspace/build/record/build install --record /workspace/build/record/install.log --single-version-externally-managed install_data
[4.691s] /usr/local/lib/python3.10/dist-packages/setuptools/_distutils/dist.py:261: UserWarning: Unknown distribution option: 'tests_require'
[4.692s]   warnings.warn(msg)
[4.974s] running egg_info
[5.030s] writing ../../build/record/record.egg-info/PKG-INFO
[5.031s] writing dependency_links to ../../build/record/record.egg-info/dependency_links.txt
[5.031s] writing entry points to ../../build/record/record.egg-info/entry_points.txt
[5.031s] writing requirements to ../../build/record/record.egg-info/requires.txt
[5.032s] writing top-level names to ../../build/record/record.egg-info/top_level.txt
[5.122s] reading manifest file '../../build/record/record.egg-info/SOURCES.txt'
[5.124s] writing manifest file '../../build/record/record.egg-info/SOURCES.txt'
[5.125s] running build
[5.125s] running build_py
[5.125s] copying record/record_node.py -> /workspace/build/record/build/lib/record
[5.126s] copying record/__init__.py -> /workspace/build/record/build/lib/record
[5.126s] running install
[5.135s] running install_lib
[5.191s] running install_data
[5.192s] copying resource/record -> /workspace/install/record/share/ament_index/resource_index/packages
[5.192s] copying package.xml -> /workspace/install/record/share/record
[5.193s] running install_egg_info
[5.240s] removing '/workspace/install/record/lib/python3.10/site-packages/record-0.0.0-py3.10.egg-info' (and everything under it)
[5.241s] Copying ../../build/record/record.egg-info to /workspace/install/record/lib/python3.10/site-packages/record-0.0.0-py3.10.egg-info
[5.243s] running install_scripts
[5.530s] Installing record_node script to /workspace/install/record/lib/record
[5.531s] writing list of installed files to '/workspace/build/record/install.log'
[5.672s] Invoked command in '/workspace/src/record' returned '0': PYTHONPATH=/workspace/build/record/prefix_override:/usr/lib/python3/dist-packages/colcon_core/task/python/colcon_distutils_commands:/workspace/install/record/lib/python3.10/site-packages:${PYTHONPATH} /usr/bin/python3 -W ignore:setup.py install is deprecated setup.py egg_info --egg-base ../../build/record build --build-base /workspace/build/record/build install --record /workspace/build/record/install.log --single-version-externally-managed install_data
