[0.545s] Invoking command in '/home/jimmy/work/docker/my_robot_package': PYTHONPATH=/home/jimmy/work/build/my_robot_package/prefix_override:/usr/lib/python3/dist-packages/colcon_core/task/python/colcon_distutils_commands:/home/jimmy/work/install/my_robot_package/lib/python3.10/site-packages:${PYTHONPATH} /usr/bin/python3 -W ignore:setup.py install is deprecated setup.py egg_info --egg-base ../../build/my_robot_package build --build-base /home/jimmy/work/build/my_robot_package/build install --record /home/jimmy/work/build/my_robot_package/install.log --single-version-externally-managed install_data
[0.693s] running egg_info
[0.693s] writing ../../build/my_robot_package/my_robot_package.egg-info/PKG-INFO
[0.694s] writing dependency_links to ../../build/my_robot_package/my_robot_package.egg-info/dependency_links.txt
[0.694s] writing entry points to ../../build/my_robot_package/my_robot_package.egg-info/entry_points.txt
[0.694s] writing requirements to ../../build/my_robot_package/my_robot_package.egg-info/requires.txt
[0.694s] writing top-level names to ../../build/my_robot_package/my_robot_package.egg-info/top_level.txt
[0.695s] reading manifest file '../../build/my_robot_package/my_robot_package.egg-info/SOURCES.txt'
[0.696s] writing manifest file '../../build/my_robot_package/my_robot_package.egg-info/SOURCES.txt'
[0.696s] running build
[0.696s] running build_py
[0.696s] copying my_robot_package/control_motor.py -> /home/jimmy/work/build/my_robot_package/build/lib/my_robot_package
[0.696s] running install
[0.697s] running install_lib
[0.697s] copying /home/jimmy/work/build/my_robot_package/build/lib/my_robot_package/control_motor.py -> /home/jimmy/work/install/my_robot_package/lib/python3.10/site-packages/my_robot_package
[0.697s] byte-compiling /home/jimmy/work/install/my_robot_package/lib/python3.10/site-packages/my_robot_package/control_motor.py to control_motor.cpython-310.pyc
[0.697s] running install_data
[0.697s] running install_egg_info
[0.699s] removing '/home/jimmy/work/install/my_robot_package/lib/python3.10/site-packages/my_robot_package-0.0.0-py3.10.egg-info' (and everything under it)
[0.699s] Copying ../../build/my_robot_package/my_robot_package.egg-info to /home/jimmy/work/install/my_robot_package/lib/python3.10/site-packages/my_robot_package-0.0.0-py3.10.egg-info
[0.699s] running install_scripts
[0.713s] Installing control_speed script to /home/jimmy/work/install/my_robot_package/lib/my_robot_package
[0.713s] Installing ros2_publisher script to /home/jimmy/work/install/my_robot_package/lib/my_robot_package
[0.713s] Installing ros2_subsciber script to /home/jimmy/work/install/my_robot_package/lib/my_robot_package
[0.713s] writing list of installed files to '/home/jimmy/work/build/my_robot_package/install.log'
[0.732s] Invoked command in '/home/jimmy/work/docker/my_robot_package' returned '0': PYTHONPATH=/home/jimmy/work/build/my_robot_package/prefix_override:/usr/lib/python3/dist-packages/colcon_core/task/python/colcon_distutils_commands:/home/jimmy/work/install/my_robot_package/lib/python3.10/site-packages:${PYTHONPATH} /usr/bin/python3 -W ignore:setup.py install is deprecated setup.py egg_info --egg-base ../../build/my_robot_package build --build-base /home/jimmy/work/build/my_robot_package/build install --record /home/jimmy/work/build/my_robot_package/install.log --single-version-externally-managed install_data
