running egg_info
writing ../../build/record/record.egg-info/PKG-INFO
writing dependency_links to ../../build/record/record.egg-info/dependency_links.txt
writing entry points to ../../build/record/record.egg-info/entry_points.txt
writing requirements to ../../build/record/record.egg-info/requires.txt
writing top-level names to ../../build/record/record.egg-info/top_level.txt
reading manifest file '../../build/record/record.egg-info/SOURCES.txt'
writing manifest file '../../build/record/record.egg-info/SOURCES.txt'
running build
running build_py
copying record/record_node.py -> /workspace/build/record/build/lib/record
copying record/__init__.py -> /workspace/build/record/build/lib/record
running install
running install_lib
running install_data
copying resource/record -> /workspace/install/record/share/ament_index/resource_index/packages
copying package.xml -> /workspace/install/record/share/record
running install_egg_info
removing '/workspace/install/record/lib/python3.10/site-packages/record-0.0.0-py3.10.egg-info' (and everything under it)
Copying ../../build/record/record.egg-info to /workspace/install/record/lib/python3.10/site-packages/record-0.0.0-py3.10.egg-info
running install_scripts
Installing record_node script to /workspace/install/record/lib/record
writing list of installed files to '/workspace/build/record/install.log'
