[0.010s] Invoking command in '/home/jimmy/work/docker/build/dynamixel_sdk': CMAKE_PREFIX_PATH=/opt/ros/humble /usr/bin/cmake /home/jimmy/work/docker/DynamixelSDK/dynamixel_sdk -DCMAKE_INSTALL_PREFIX=/home/jimmy/work/docker/install/dynamixel_sdk
[0.040s] -- The C compiler identification is GNU 11.4.0
[0.072s] -- The CXX compiler identification is GNU 11.4.0
[0.077s] -- Detecting C compiler ABI info
[0.114s] -- Detecting C compiler ABI info - done
[0.120s] -- Check for working C compiler: /usr/bin/cc - skipped
[0.120s] -- Detecting C compile features
[0.121s] -- Detecting C compile features - done
[0.123s] -- Detecting CXX compiler ABI info
[0.165s] -- Detecting CXX compiler ABI info - done
[0.169s] -- Check for working CXX compiler: /usr/bin/c++ - skipped
[0.169s] -- Detecting CXX compile features
[0.169s] -- Detecting CXX compile features - done
[0.171s] -- Found ament_cmake: 1.3.10 (/opt/ros/humble/share/ament_cmake/cmake)
[0.262s] -- Found Python3: /usr/bin/python3 (found version "3.10.12") found components: Interpreter 
[0.355s] -- Configuring done
[0.358s] -- Generating done
[0.358s] -- Build files have been written to: /home/jimmy/work/docker/build/dynamixel_sdk
[0.361s] Invoked command in '/home/jimmy/work/docker/build/dynamixel_sdk' returned '0': CMAKE_PREFIX_PATH=/opt/ros/humble /usr/bin/cmake /home/jimmy/work/docker/DynamixelSDK/dynamixel_sdk -DCMAKE_INSTALL_PREFIX=/home/jimmy/work/docker/install/dynamixel_sdk
[0.363s] Invoking command in '/home/jimmy/work/docker/build/dynamixel_sdk': CMAKE_PREFIX_PATH=/opt/ros/humble /usr/bin/cmake --build /home/jimmy/work/docker/build/dynamixel_sdk -- -j20 -l20
[0.389s] [ 20%] [32mBuilding CXX object CMakeFiles/dynamixel_sdk.dir/src/dynamixel_sdk/packet_handler.cpp.o[0m
[0.390s] [ 20%] [32mBuilding CXX object CMakeFiles/dynamixel_sdk.dir/src/dynamixel_sdk/protocol1_packet_handler.cpp.o[0m
[0.390s] [ 30%] [32mBuilding CXX object CMakeFiles/dynamixel_sdk.dir/src/dynamixel_sdk/group_sync_write.cpp.o[0m
[0.391s] [ 40%] [32mBuilding CXX object CMakeFiles/dynamixel_sdk.dir/src/dynamixel_sdk/protocol2_packet_handler.cpp.o[0m
[0.391s] [ 50%] [32mBuilding CXX object CMakeFiles/dynamixel_sdk.dir/src/dynamixel_sdk/group_sync_read.cpp.o[0m
[0.392s] [ 60%] [32mBuilding CXX object CMakeFiles/dynamixel_sdk.dir/src/dynamixel_sdk/group_bulk_read.cpp.o[0m
[0.392s] [ 70%] [32mBuilding CXX object CMakeFiles/dynamixel_sdk.dir/src/dynamixel_sdk/group_bulk_write.cpp.o[0m
[0.392s] [ 80%] [32mBuilding CXX object CMakeFiles/dynamixel_sdk.dir/src/dynamixel_sdk/port_handler.cpp.o[0m
[0.392s] [ 90%] [32mBuilding CXX object CMakeFiles/dynamixel_sdk.dir/src/dynamixel_sdk/port_handler_linux.cpp.o[0m
[0.718s] [100%] [32m[1mLinking CXX shared library libdynamixel_sdk.so[0m
[0.767s] [100%] Built target dynamixel_sdk
[0.774s] Invoked command in '/home/jimmy/work/docker/build/dynamixel_sdk' returned '0': CMAKE_PREFIX_PATH=/opt/ros/humble /usr/bin/cmake --build /home/jimmy/work/docker/build/dynamixel_sdk -- -j20 -l20
[0.798s] Invoking command in '/home/jimmy/work/docker/build/dynamixel_sdk': CMAKE_PREFIX_PATH=/opt/ros/humble /usr/bin/cmake --install /home/jimmy/work/docker/build/dynamixel_sdk
[0.802s] -- Install configuration: ""
[0.802s] -- Installing: /home/jimmy/work/docker/install/dynamixel_sdk/include/
[0.802s] -- Installing: /home/jimmy/work/docker/install/dynamixel_sdk/include//dynamixel_sdk
[0.802s] -- Installing: /home/jimmy/work/docker/install/dynamixel_sdk/include//dynamixel_sdk/protocol1_packet_handler.h
[0.802s] -- Installing: /home/jimmy/work/docker/install/dynamixel_sdk/include//dynamixel_sdk/port_handler_windows.h
[0.802s] -- Installing: /home/jimmy/work/docker/install/dynamixel_sdk/include//dynamixel_sdk/port_handler_arduino.h
[0.802s] -- Installing: /home/jimmy/work/docker/install/dynamixel_sdk/include//dynamixel_sdk/port_handler_linux.h
[0.802s] -- Installing: /home/jimmy/work/docker/install/dynamixel_sdk/include//dynamixel_sdk/group_bulk_read.h
[0.802s] -- Installing: /home/jimmy/work/docker/install/dynamixel_sdk/include//dynamixel_sdk/protocol2_packet_handler.h
[0.802s] -- Installing: /home/jimmy/work/docker/install/dynamixel_sdk/include//dynamixel_sdk/group_sync_write.h
[0.802s] -- Installing: /home/jimmy/work/docker/install/dynamixel_sdk/include//dynamixel_sdk/group_bulk_write.h
[0.803s] -- Installing: /home/jimmy/work/docker/install/dynamixel_sdk/include//dynamixel_sdk/dynamixel_sdk.h
[0.803s] -- Installing: /home/jimmy/work/docker/install/dynamixel_sdk/include//dynamixel_sdk/group_sync_read.h
[0.803s] -- Installing: /home/jimmy/work/docker/install/dynamixel_sdk/include//dynamixel_sdk/port_handler.h
[0.803s] -- Installing: /home/jimmy/work/docker/install/dynamixel_sdk/include//dynamixel_sdk/packet_handler.h
[0.803s] -- Installing: /home/jimmy/work/docker/install/dynamixel_sdk/include//dynamixel_sdk/port_handler_mac.h
[0.803s] -- Installing: /home/jimmy/work/docker/install/dynamixel_sdk/lib/libdynamixel_sdk.so
[0.803s] -- Installing: /home/jimmy/work/docker/install/dynamixel_sdk/share/dynamixel_sdk/environment/library_path.sh
[0.803s] -- Installing: /home/jimmy/work/docker/install/dynamixel_sdk/share/dynamixel_sdk/environment/library_path.dsv
[0.803s] -- Installing: /home/jimmy/work/docker/install/dynamixel_sdk/share/ament_index/resource_index/package_run_dependencies/dynamixel_sdk
[0.803s] -- Installing: /home/jimmy/work/docker/install/dynamixel_sdk/share/ament_index/resource_index/parent_prefix_path/dynamixel_sdk
[0.803s] -- Installing: /home/jimmy/work/docker/install/dynamixel_sdk/share/dynamixel_sdk/environment/ament_prefix_path.sh
[0.803s] -- Installing: /home/jimmy/work/docker/install/dynamixel_sdk/share/dynamixel_sdk/environment/ament_prefix_path.dsv
[0.803s] -- Installing: /home/jimmy/work/docker/install/dynamixel_sdk/share/dynamixel_sdk/environment/path.sh
[0.803s] -- Installing: /home/jimmy/work/docker/install/dynamixel_sdk/share/dynamixel_sdk/environment/path.dsv
[0.804s] -- Installing: /home/jimmy/work/docker/install/dynamixel_sdk/share/dynamixel_sdk/local_setup.bash
[0.804s] -- Installing: /home/jimmy/work/docker/install/dynamixel_sdk/share/dynamixel_sdk/local_setup.sh
[0.804s] -- Installing: /home/jimmy/work/docker/install/dynamixel_sdk/share/dynamixel_sdk/local_setup.zsh
[0.804s] -- Installing: /home/jimmy/work/docker/install/dynamixel_sdk/share/dynamixel_sdk/local_setup.dsv
[0.804s] -- Installing: /home/jimmy/work/docker/install/dynamixel_sdk/share/dynamixel_sdk/package.dsv
[0.804s] -- Installing: /home/jimmy/work/docker/install/dynamixel_sdk/share/ament_index/resource_index/packages/dynamixel_sdk
[0.804s] -- Installing: /home/jimmy/work/docker/install/dynamixel_sdk/share/dynamixel_sdk/cmake/ament_cmake_export_include_directories-extras.cmake
[0.805s] -- Installing: /home/jimmy/work/docker/install/dynamixel_sdk/share/dynamixel_sdk/cmake/ament_cmake_export_libraries-extras.cmake
[0.805s] -- Installing: /home/jimmy/work/docker/install/dynamixel_sdk/share/dynamixel_sdk/cmake/dynamixel_sdkConfig.cmake
[0.805s] -- Installing: /home/jimmy/work/docker/install/dynamixel_sdk/share/dynamixel_sdk/cmake/dynamixel_sdkConfig-version.cmake
[0.805s] -- Installing: /home/jimmy/work/docker/install/dynamixel_sdk/share/dynamixel_sdk/package.xml
[0.806s] Invoked command in '/home/jimmy/work/docker/build/dynamixel_sdk' returned '0': CMAKE_PREFIX_PATH=/opt/ros/humble /usr/bin/cmake --install /home/jimmy/work/docker/build/dynamixel_sdk
